[1.365s] Invoking command in '/home/ethan/crimp_ws/src/crimp_python': DEBUGINFOD_URLS=https://debuginfod.ubuntu.com PYTHONPATH=/home/ethan/crimp_ws/build/crimp_python/prefix_override:/usr/lib/python3/dist-packages/colcon_core/task/python/colcon_distutils_commands:/home/ethan/crimp_ws/install/crimp_python/lib/python3.12/site-packages:${PYTHONPATH} /usr/bin/python3 -W ignore:setup.py install is deprecated -W ignore:easy_install command is deprecated setup.py egg_info --egg-base ../../build/crimp_python build --build-base /home/ethan/crimp_ws/build/crimp_python/build install --record /home/ethan/crimp_ws/build/crimp_python/install.log --single-version-externally-managed install_data
[1.760s] running egg_info
[1.789s] writing ../../build/crimp_python/crimp_python.egg-info/PKG-INFO
[1.789s] writing dependency_links to ../../build/crimp_python/crimp_python.egg-info/dependency_links.txt
[1.790s] writing entry points to ../../build/crimp_python/crimp_python.egg-info/entry_points.txt
[1.790s] writing requirements to ../../build/crimp_python/crimp_python.egg-info/requires.txt
[1.790s] writing top-level names to ../../build/crimp_python/crimp_python.egg-info/top_level.txt
[1.856s] reading manifest file '../../build/crimp_python/crimp_python.egg-info/SOURCES.txt'
[1.857s] adding license file 'LICENSE'
[1.857s] writing manifest file '../../build/crimp_python/crimp_python.egg-info/SOURCES.txt'
[1.858s] running build
[1.858s] running build_py
[1.858s] running install
[1.866s] running install_lib
[1.896s] running install_data
[1.897s] running install_egg_info
[1.929s] removing '/home/ethan/crimp_ws/install/crimp_python/lib/python3.12/site-packages/crimp_python-0.0.0-py3.12.egg-info' (and everything under it)
[1.930s] Copying ../../build/crimp_python/crimp_python.egg-info to /home/ethan/crimp_ws/install/crimp_python/lib/python3.12/site-packages/crimp_python-0.0.0-py3.12.egg-info
[1.931s] running install_scripts
[2.134s] Installing lidar script to /home/ethan/crimp_ws/install/crimp_python/lib/crimp_python
[2.134s] writing list of installed files to '/home/ethan/crimp_ws/build/crimp_python/install.log'
[2.188s] Invoked command in '/home/ethan/crimp_ws/src/crimp_python' returned '0': DEBUGINFOD_URLS=https://debuginfod.ubuntu.com PYTHONPATH=/home/ethan/crimp_ws/build/crimp_python/prefix_override:/usr/lib/python3/dist-packages/colcon_core/task/python/colcon_distutils_commands:/home/ethan/crimp_ws/install/crimp_python/lib/python3.12/site-packages:${PYTHONPATH} /usr/bin/python3 -W ignore:setup.py install is deprecated -W ignore:easy_install command is deprecated setup.py egg_info --egg-base ../../build/crimp_python build --build-base /home/ethan/crimp_ws/build/crimp_python/build install --record /home/ethan/crimp_ws/build/crimp_python/install.log --single-version-externally-managed install_data
