[ 33%] Built target talker
[ 66%] Built target listener
[ 83%] [32mBuilding CXX object CMakeFiles/pubsub.dir/src/simple_pubsub.cpp.o[0m
[100%] [32m[1mLinking CXX executable pubsub[0m
[100%] Built target pubsub
-- Install configuration: ""
-- Installing: /home/ethan/crimp_ws/install/crimp_cpp/lib/crimp_cpp/talker
-- Set non-toolchain portion of runtime path of "/home/ethan/crimp_ws/install/crimp_cpp/lib/crimp_cpp/talker" to ""
-- Installing: /home/ethan/crimp_ws/install/crimp_cpp/lib/crimp_cpp/listener
-- Set non-toolchain portion of runtime path of "/home/ethan/crimp_ws/install/crimp_cpp/lib/crimp_cpp/listener" to ""
-- Installing: /home/ethan/crimp_ws/install/crimp_cpp/lib/crimp_cpp/pubsub
-- Set non-toolchain portion of runtime path of "/home/ethan/crimp_ws/install/crimp_cpp/lib/crimp_cpp/pubsub" to ""
-- Installing: /home/ethan/crimp_ws/install/crimp_cpp/share/ament_index/resource_index/package_run_dependencies/crimp_cpp
-- Installing: /home/ethan/crimp_ws/install/crimp_cpp/share/ament_index/resource_index/parent_prefix_path/crimp_cpp
-- Installing: /home/ethan/crimp_ws/install/crimp_cpp/share/crimp_cpp/environment/ament_prefix_path.sh
-- Installing: /home/ethan/crimp_ws/install/crimp_cpp/share/crimp_cpp/environment/ament_prefix_path.dsv
-- Installing: /home/ethan/crimp_ws/install/crimp_cpp/share/crimp_cpp/environment/path.sh
-- Installing: /home/ethan/crimp_ws/install/crimp_cpp/share/crimp_cpp/environment/path.dsv
-- Installing: /home/ethan/crimp_ws/install/crimp_cpp/share/crimp_cpp/local_setup.bash
-- Installing: /home/ethan/crimp_ws/install/crimp_cpp/share/crimp_cpp/local_setup.sh
-- Installing: /home/ethan/crimp_ws/install/crimp_cpp/share/crimp_cpp/local_setup.zsh
-- Installing: /home/ethan/crimp_ws/install/crimp_cpp/share/crimp_cpp/local_setup.dsv
-- Installing: /home/ethan/crimp_ws/install/crimp_cpp/share/crimp_cpp/package.dsv
-- Installing: /home/ethan/crimp_ws/install/crimp_cpp/share/ament_index/resource_index/packages/crimp_cpp
-- Installing: /home/ethan/crimp_ws/install/crimp_cpp/share/crimp_cpp/cmake/crimp_cppConfig.cmake
-- Installing: /home/ethan/crimp_ws/install/crimp_cpp/share/crimp_cpp/cmake/crimp_cppConfig-version.cmake
-- Installing: /home/ethan/crimp_ws/install/crimp_cpp/share/crimp_cpp/package.xml
