[0.018s] Invoking command in '/home/ethan/crimp_ws/build/crimp_cpp': CMAKE_PREFIX_PATH=${CMAKE_PREFIX_PATH}:/opt/ros/jazzy DEBUGINFOD_URLS=https://debuginfod.ubuntu.com /usr/bin/cmake --build /home/ethan/crimp_ws/build/crimp_cpp -- -j8 -l8
[0.120s] [ 33%] Built target talker
[0.121s] [ 66%] Built target listener
[0.130s] [ 83%] [32mBuilding CXX object CMakeFiles/pubsub.dir/src/simple_pubsub.cpp.o[0m
[8.745s] [100%] [32m[1mLinking CXX executable pubsub[0m
[9.137s] [100%] Built target pubsub
[9.167s] Invoked command in '/home/ethan/crimp_ws/build/crimp_cpp' returned '0': CMAKE_PREFIX_PATH=${CMAKE_PREFIX_PATH}:/opt/ros/jazzy DEBUGINFOD_URLS=https://debuginfod.ubuntu.com /usr/bin/cmake --build /home/ethan/crimp_ws/build/crimp_cpp -- -j8 -l8
[9.187s] Invoking command in '/home/ethan/crimp_ws/build/crimp_cpp': CMAKE_PREFIX_PATH=${CMAKE_PREFIX_PATH}:/opt/ros/jazzy DEBUGINFOD_URLS=https://debuginfod.ubuntu.com /usr/bin/cmake --install /home/ethan/crimp_ws/build/crimp_cpp
[9.199s] -- Install configuration: ""
[9.199s] -- Installing: /home/ethan/crimp_ws/install/crimp_cpp/lib/crimp_cpp/talker
[9.201s] -- Set non-toolchain portion of runtime path of "/home/ethan/crimp_ws/install/crimp_cpp/lib/crimp_cpp/talker" to ""
[9.201s] -- Installing: /home/ethan/crimp_ws/install/crimp_cpp/lib/crimp_cpp/listener
[9.207s] -- Set non-toolchain portion of runtime path of "/home/ethan/crimp_ws/install/crimp_cpp/lib/crimp_cpp/listener" to ""
[9.207s] -- Installing: /home/ethan/crimp_ws/install/crimp_cpp/lib/crimp_cpp/pubsub
[9.213s] -- Set non-toolchain portion of runtime path of "/home/ethan/crimp_ws/install/crimp_cpp/lib/crimp_cpp/pubsub" to ""
[9.213s] -- Installing: /home/ethan/crimp_ws/install/crimp_cpp/share/ament_index/resource_index/package_run_dependencies/crimp_cpp
[9.213s] -- Installing: /home/ethan/crimp_ws/install/crimp_cpp/share/ament_index/resource_index/parent_prefix_path/crimp_cpp
[9.214s] -- Installing: /home/ethan/crimp_ws/install/crimp_cpp/share/crimp_cpp/environment/ament_prefix_path.sh
[9.215s] -- Installing: /home/ethan/crimp_ws/install/crimp_cpp/share/crimp_cpp/environment/ament_prefix_path.dsv
[9.215s] -- Installing: /home/ethan/crimp_ws/install/crimp_cpp/share/crimp_cpp/environment/path.sh
[9.216s] -- Installing: /home/ethan/crimp_ws/install/crimp_cpp/share/crimp_cpp/environment/path.dsv
[9.216s] -- Installing: /home/ethan/crimp_ws/install/crimp_cpp/share/crimp_cpp/local_setup.bash
[9.216s] -- Installing: /home/ethan/crimp_ws/install/crimp_cpp/share/crimp_cpp/local_setup.sh
[9.217s] -- Installing: /home/ethan/crimp_ws/install/crimp_cpp/share/crimp_cpp/local_setup.zsh
[9.217s] -- Installing: /home/ethan/crimp_ws/install/crimp_cpp/share/crimp_cpp/local_setup.dsv
[9.218s] -- Installing: /home/ethan/crimp_ws/install/crimp_cpp/share/crimp_cpp/package.dsv
[9.218s] -- Installing: /home/ethan/crimp_ws/install/crimp_cpp/share/ament_index/resource_index/packages/crimp_cpp
[9.219s] -- Installing: /home/ethan/crimp_ws/install/crimp_cpp/share/crimp_cpp/cmake/crimp_cppConfig.cmake
[9.219s] -- Installing: /home/ethan/crimp_ws/install/crimp_cpp/share/crimp_cpp/cmake/crimp_cppConfig-version.cmake
[9.219s] -- Installing: /home/ethan/crimp_ws/install/crimp_cpp/share/crimp_cpp/package.xml
[9.223s] Invoked command in '/home/ethan/crimp_ws/build/crimp_cpp' returned '0': CMAKE_PREFIX_PATH=${CMAKE_PREFIX_PATH}:/opt/ros/jazzy DEBUGINFOD_URLS=https://debuginfod.ubuntu.com /usr/bin/cmake --install /home/ethan/crimp_ws/build/crimp_cpp
