[1.118s] Invoking command in '/home/ethan/crimp_ws/src/examples_python': DEBUGINFOD_URLS=https://debuginfod.ubuntu.com PYTHONPATH=/home/ethan/crimp_ws/build/examples_python/prefix_override:/usr/lib/python3/dist-packages/colcon_core/task/python/colcon_distutils_commands:/home/ethan/crimp_ws/install/examples_python/lib/python3.12/site-packages:${PYTHONPATH} /usr/bin/python3 -W ignore:setup.py install is deprecated -W ignore:easy_install command is deprecated setup.py egg_info --egg-base ../../build/examples_python build --build-base /home/ethan/crimp_ws/build/examples_python/build install --record /home/ethan/crimp_ws/build/examples_python/install.log --single-version-externally-managed install_data
[1.489s] running egg_info
[1.517s] writing ../../build/examples_python/examples_python.egg-info/PKG-INFO
[1.518s] writing dependency_links to ../../build/examples_python/examples_python.egg-info/dependency_links.txt
[1.518s] writing entry points to ../../build/examples_python/examples_python.egg-info/entry_points.txt
[1.518s] writing requirements to ../../build/examples_python/examples_python.egg-info/requires.txt
[1.518s] writing top-level names to ../../build/examples_python/examples_python.egg-info/top_level.txt
[1.578s] reading manifest file '../../build/examples_python/examples_python.egg-info/SOURCES.txt'
[1.578s] adding license file 'LICENSE'
[1.581s] writing manifest file '../../build/examples_python/examples_python.egg-info/SOURCES.txt'
[1.581s] running build
[1.581s] running build_py
[1.582s] copying examples_python/simple_pubsub.py -> /home/ethan/crimp_ws/build/examples_python/build/lib/examples_python
[1.582s] running install
[1.590s] running install_lib
[1.624s] copying /home/ethan/crimp_ws/build/examples_python/build/lib/examples_python/simple_pubsub.py -> /home/ethan/crimp_ws/install/examples_python/lib/python3.12/site-packages/examples_python
[1.625s] byte-compiling /home/ethan/crimp_ws/install/examples_python/lib/python3.12/site-packages/examples_python/simple_pubsub.py to simple_pubsub.cpython-312.pyc
[1.626s] running install_data
[1.626s] running install_egg_info
[1.657s] removing '/home/ethan/crimp_ws/install/examples_python/lib/python3.12/site-packages/examples_python-0.0.0-py3.12.egg-info' (and everything under it)
[1.657s] Copying ../../build/examples_python/examples_python.egg-info to /home/ethan/crimp_ws/install/examples_python/lib/python3.12/site-packages/examples_python-0.0.0-py3.12.egg-info
[1.659s] running install_scripts
[1.858s] Installing listener script to /home/ethan/crimp_ws/install/examples_python/lib/examples_python
[1.858s] Installing pubsub script to /home/ethan/crimp_ws/install/examples_python/lib/examples_python
[1.859s] Installing talker script to /home/ethan/crimp_ws/install/examples_python/lib/examples_python
[1.859s] writing list of installed files to '/home/ethan/crimp_ws/build/examples_python/install.log'
[1.901s] Invoked command in '/home/ethan/crimp_ws/src/examples_python' returned '0': DEBUGINFOD_URLS=https://debuginfod.ubuntu.com PYTHONPATH=/home/ethan/crimp_ws/build/examples_python/prefix_override:/usr/lib/python3/dist-packages/colcon_core/task/python/colcon_distutils_commands:/home/ethan/crimp_ws/install/examples_python/lib/python3.12/site-packages:${PYTHONPATH} /usr/bin/python3 -W ignore:setup.py install is deprecated -W ignore:easy_install command is deprecated setup.py egg_info --egg-base ../../build/examples_python build --build-base /home/ethan/crimp_ws/build/examples_python/build install --record /home/ethan/crimp_ws/build/examples_python/install.log --single-version-externally-managed install_data
