[0.027s] Invoking command in '/home/andy/CRIMP/build/custom_msgs': CMAKE_PREFIX_PATH=${CMAKE_PREFIX_PATH}:/home/andy/CRIMP/install/crimp_python:/opt/ros/jazzy /usr/bin/cmake --build /home/andy/CRIMP/build/custom_msgs -- -j4 -l4
[0.134s] [  2%] Built target custom_msgs__rosidl_generator_type_description
[0.157s] [  2%] Built target ament_cmake_python_copy_custom_msgs
[0.179s] [  4%] Built target custom_msgs__cpp
[0.188s] [ 22%] Built target custom_msgs__rosidl_generator_c
[0.260s] [ 31%] Built target custom_msgs__rosidl_typesupport_introspection_cpp
[0.274s] [ 40%] Built target custom_msgs__rosidl_typesupport_fastrtps_cpp
[0.301s] [ 50%] Built target custom_msgs__rosidl_typesupport_cpp
[0.350s] [ 59%] Built target custom_msgs__rosidl_typesupport_fastrtps_c
[0.356s] [ 68%] Built target custom_msgs__rosidl_typesupport_introspection_c
[0.361s] [ 77%] Built target custom_msgs__rosidl_typesupport_c
[0.404s] [ 77%] Built target custom_msgs
[0.452s] [ 79%] Built target custom_msgs__py
[0.511s] [ 86%] Built target custom_msgs__rosidl_generator_py
[0.568s] [ 90%] Built target custom_msgs_s__rosidl_typesupport_fastrtps_c
[0.568s] [ 95%] Built target custom_msgs_s__rosidl_typesupport_introspection_c
[0.577s] [100%] Built target custom_msgs_s__rosidl_typesupport_c
[0.627s] running egg_info
[0.655s] writing custom_msgs.egg-info/PKG-INFO
[0.656s] writing dependency_links to custom_msgs.egg-info/dependency_links.txt
[0.656s] writing top-level names to custom_msgs.egg-info/top_level.txt
[0.731s] reading manifest file 'custom_msgs.egg-info/SOURCES.txt'
[0.732s] writing manifest file 'custom_msgs.egg-info/SOURCES.txt'
[0.813s] [100%] Built target ament_cmake_python_build_custom_msgs_egg
[0.837s] Invoked command in '/home/andy/CRIMP/build/custom_msgs' returned '0': CMAKE_PREFIX_PATH=${CMAKE_PREFIX_PATH}:/home/andy/CRIMP/install/crimp_python:/opt/ros/jazzy /usr/bin/cmake --build /home/andy/CRIMP/build/custom_msgs -- -j4 -l4
[0.857s] Invoking command in '/home/andy/CRIMP/build/custom_msgs': CMAKE_PREFIX_PATH=${CMAKE_PREFIX_PATH}:/home/andy/CRIMP/install/crimp_python:/opt/ros/jazzy /usr/bin/cmake --install /home/andy/CRIMP/build/custom_msgs
[0.873s] -- Install configuration: ""
[0.874s] -- Up-to-date: /home/andy/CRIMP/install/custom_msgs/share/ament_index/resource_index/rosidl_interfaces/custom_msgs
[0.874s] -- Up-to-date: /home/andy/CRIMP/install/custom_msgs/share/custom_msgs/msg/SuctionForce.json
[0.874s] -- Up-to-date: /home/andy/CRIMP/install/custom_msgs/share/custom_msgs/msg/SuctionRequest.json
[0.874s] -- Up-to-date: /home/andy/CRIMP/install/custom_msgs/include/custom_msgs/custom_msgs
[0.874s] -- Up-to-date: /home/andy/CRIMP/install/custom_msgs/include/custom_msgs/custom_msgs/msg
[0.875s] -- Up-to-date: /home/andy/CRIMP/install/custom_msgs/include/custom_msgs/custom_msgs/msg/detail
[0.875s] -- Up-to-date: /home/andy/CRIMP/install/custom_msgs/include/custom_msgs/custom_msgs/msg/detail/suction_force__description.c
[0.875s] -- Up-to-date: /home/andy/CRIMP/install/custom_msgs/include/custom_msgs/custom_msgs/msg/detail/suction_request__functions.h
[0.875s] -- Up-to-date: /home/andy/CRIMP/install/custom_msgs/include/custom_msgs/custom_msgs/msg/detail/suction_request__type_support.h
[0.875s] -- Up-to-date: /home/andy/CRIMP/install/custom_msgs/include/custom_msgs/custom_msgs/msg/detail/suction_request__description.c
[0.875s] -- Up-to-date: /home/andy/CRIMP/install/custom_msgs/include/custom_msgs/custom_msgs/msg/detail/suction_request__functions.c
[0.875s] -- Up-to-date: /home/andy/CRIMP/install/custom_msgs/include/custom_msgs/custom_msgs/msg/detail/suction_force__functions.c
[0.875s] -- Up-to-date: /home/andy/CRIMP/install/custom_msgs/include/custom_msgs/custom_msgs/msg/detail/suction_force__functions.h
[0.875s] -- Up-to-date: /home/andy/CRIMP/install/custom_msgs/include/custom_msgs/custom_msgs/msg/detail/suction_request__struct.h
[0.876s] -- Up-to-date: /home/andy/CRIMP/install/custom_msgs/include/custom_msgs/custom_msgs/msg/detail/suction_force__type_support.h
[0.876s] -- Up-to-date: /home/andy/CRIMP/install/custom_msgs/include/custom_msgs/custom_msgs/msg/detail/suction_force__struct.h
[0.876s] -- Installing: /home/andy/CRIMP/install/custom_msgs/include/custom_msgs/custom_msgs/msg/detail/suction_request__type_support.c
[0.876s] -- Installing: /home/andy/CRIMP/install/custom_msgs/include/custom_msgs/custom_msgs/msg/detail/suction_force__type_support.c
[0.876s] -- Up-to-date: /home/andy/CRIMP/install/custom_msgs/include/custom_msgs/custom_msgs/msg/suction_force.h
[0.876s] -- Up-to-date: /home/andy/CRIMP/install/custom_msgs/include/custom_msgs/custom_msgs/msg/suction_request.h
[0.877s] -- Up-to-date: /home/andy/CRIMP/install/custom_msgs/include/custom_msgs/custom_msgs/msg/rosidl_generator_c__visibility_control.h
[0.877s] -- Up-to-date: /home/andy/CRIMP/install/custom_msgs/share/custom_msgs/environment/library_path.sh
[0.877s] -- Up-to-date: /home/andy/CRIMP/install/custom_msgs/share/custom_msgs/environment/library_path.dsv
[0.877s] -- Up-to-date: /home/andy/CRIMP/install/custom_msgs/lib/libcustom_msgs__rosidl_generator_c.so
[0.877s] -- Up-to-date: /home/andy/CRIMP/install/custom_msgs/include/custom_msgs/custom_msgs
[0.877s] -- Up-to-date: /home/andy/CRIMP/install/custom_msgs/include/custom_msgs/custom_msgs/msg
[0.877s] -- Up-to-date: /home/andy/CRIMP/install/custom_msgs/include/custom_msgs/custom_msgs/msg/detail
[0.878s] -- Up-to-date: /home/andy/CRIMP/install/custom_msgs/include/custom_msgs/custom_msgs/msg/detail/suction_force__rosidl_typesupport_fastrtps_c.h
[0.878s] -- Up-to-date: /home/andy/CRIMP/install/custom_msgs/include/custom_msgs/custom_msgs/msg/detail/suction_request__rosidl_typesupport_fastrtps_c.h
[0.878s] -- Up-to-date: /home/andy/CRIMP/install/custom_msgs/include/custom_msgs/custom_msgs/msg/rosidl_typesupport_fastrtps_c__visibility_control.h
[0.878s] -- Up-to-date: /home/andy/CRIMP/install/custom_msgs/lib/libcustom_msgs__rosidl_typesupport_fastrtps_c.so
[0.878s] -- Up-to-date: /home/andy/CRIMP/install/custom_msgs/include/custom_msgs/custom_msgs
[0.878s] -- Up-to-date: /home/andy/CRIMP/install/custom_msgs/include/custom_msgs/custom_msgs/msg
[0.878s] -- Up-to-date: /home/andy/CRIMP/install/custom_msgs/include/custom_msgs/custom_msgs/msg/rosidl_typesupport_introspection_c__visibility_control.h
[0.879s] -- Up-to-date: /home/andy/CRIMP/install/custom_msgs/include/custom_msgs/custom_msgs/msg/detail
[0.879s] -- Up-to-date: /home/andy/CRIMP/install/custom_msgs/include/custom_msgs/custom_msgs/msg/detail/suction_request__rosidl_typesupport_introspection_c.h
[0.879s] -- Up-to-date: /home/andy/CRIMP/install/custom_msgs/include/custom_msgs/custom_msgs/msg/detail/suction_force__rosidl_typesupport_introspection_c.h
[0.879s] -- Installing: /home/andy/CRIMP/install/custom_msgs/include/custom_msgs/custom_msgs/msg/detail/suction_request__type_support.c
[0.879s] -- Installing: /home/andy/CRIMP/install/custom_msgs/include/custom_msgs/custom_msgs/msg/detail/suction_force__type_support.c
[0.879s] -- Up-to-date: /home/andy/CRIMP/install/custom_msgs/lib/libcustom_msgs__rosidl_typesupport_introspection_c.so
[0.879s] -- Up-to-date: /home/andy/CRIMP/install/custom_msgs/lib/libcustom_msgs__rosidl_typesupport_c.so
[0.880s] -- Up-to-date: /home/andy/CRIMP/install/custom_msgs/include/custom_msgs/custom_msgs
[0.880s] -- Up-to-date: /home/andy/CRIMP/install/custom_msgs/include/custom_msgs/custom_msgs/msg
[0.880s] -- Up-to-date: /home/andy/CRIMP/install/custom_msgs/include/custom_msgs/custom_msgs/msg/suction_request.hpp
[0.880s] -- Up-to-date: /home/andy/CRIMP/install/custom_msgs/include/custom_msgs/custom_msgs/msg/rosidl_generator_cpp__visibility_control.hpp
[0.880s] -- Up-to-date: /home/andy/CRIMP/install/custom_msgs/include/custom_msgs/custom_msgs/msg/detail
[0.880s] -- Up-to-date: /home/andy/CRIMP/install/custom_msgs/include/custom_msgs/custom_msgs/msg/detail/suction_force__type_support.hpp
[0.881s] -- Up-to-date: /home/andy/CRIMP/install/custom_msgs/include/custom_msgs/custom_msgs/msg/detail/suction_request__type_support.hpp
[0.881s] -- Up-to-date: /home/andy/CRIMP/install/custom_msgs/include/custom_msgs/custom_msgs/msg/detail/suction_request__builder.hpp
[0.881s] -- Up-to-date: /home/andy/CRIMP/install/custom_msgs/include/custom_msgs/custom_msgs/msg/detail/suction_force__struct.hpp
[0.881s] -- Up-to-date: /home/andy/CRIMP/install/custom_msgs/include/custom_msgs/custom_msgs/msg/detail/suction_force__builder.hpp
[0.881s] -- Up-to-date: /home/andy/CRIMP/install/custom_msgs/include/custom_msgs/custom_msgs/msg/detail/suction_force__traits.hpp
[0.881s] -- Up-to-date: /home/andy/CRIMP/install/custom_msgs/include/custom_msgs/custom_msgs/msg/detail/suction_request__traits.hpp
[0.881s] -- Up-to-date: /home/andy/CRIMP/install/custom_msgs/include/custom_msgs/custom_msgs/msg/detail/suction_request__struct.hpp
[0.882s] -- Up-to-date: /home/andy/CRIMP/install/custom_msgs/include/custom_msgs/custom_msgs/msg/suction_force.hpp
[0.882s] -- Up-to-date: /home/andy/CRIMP/install/custom_msgs/include/custom_msgs/custom_msgs
[0.882s] -- Up-to-date: /home/andy/CRIMP/install/custom_msgs/include/custom_msgs/custom_msgs/msg
[0.882s] -- Up-to-date: /home/andy/CRIMP/install/custom_msgs/include/custom_msgs/custom_msgs/msg/detail
[0.882s] -- Up-to-date: /home/andy/CRIMP/install/custom_msgs/include/custom_msgs/custom_msgs/msg/detail/dds_fastrtps
[0.882s] -- Up-to-date: /home/andy/CRIMP/install/custom_msgs/include/custom_msgs/custom_msgs/msg/detail/suction_force__rosidl_typesupport_fastrtps_cpp.hpp
[0.882s] -- Up-to-date: /home/andy/CRIMP/install/custom_msgs/include/custom_msgs/custom_msgs/msg/detail/suction_request__rosidl_typesupport_fastrtps_cpp.hpp
[0.882s] -- Up-to-date: /home/andy/CRIMP/install/custom_msgs/include/custom_msgs/custom_msgs/msg/rosidl_typesupport_fastrtps_cpp__visibility_control.h
[0.883s] -- Up-to-date: /home/andy/CRIMP/install/custom_msgs/lib/libcustom_msgs__rosidl_typesupport_fastrtps_cpp.so
[0.883s] -- Up-to-date: /home/andy/CRIMP/install/custom_msgs/include/custom_msgs/custom_msgs
[0.883s] -- Up-to-date: /home/andy/CRIMP/install/custom_msgs/include/custom_msgs/custom_msgs/msg
[0.883s] -- Up-to-date: /home/andy/CRIMP/install/custom_msgs/include/custom_msgs/custom_msgs/msg/detail
[0.883s] -- Up-to-date: /home/andy/CRIMP/install/custom_msgs/include/custom_msgs/custom_msgs/msg/detail/suction_request__rosidl_typesupport_introspection_cpp.hpp
[0.883s] -- Up-to-date: /home/andy/CRIMP/install/custom_msgs/include/custom_msgs/custom_msgs/msg/detail/suction_force__type_support.cpp
[0.884s] -- Up-to-date: /home/andy/CRIMP/install/custom_msgs/include/custom_msgs/custom_msgs/msg/detail/suction_request__type_support.cpp
[0.884s] -- Up-to-date: /home/andy/CRIMP/install/custom_msgs/include/custom_msgs/custom_msgs/msg/detail/suction_force__rosidl_typesupport_introspection_cpp.hpp
[0.884s] -- Up-to-date: /home/andy/CRIMP/install/custom_msgs/lib/libcustom_msgs__rosidl_typesupport_introspection_cpp.so
[0.884s] -- Up-to-date: /home/andy/CRIMP/install/custom_msgs/lib/libcustom_msgs__rosidl_typesupport_cpp.so
[0.884s] -- Up-to-date: /home/andy/CRIMP/install/custom_msgs/share/custom_msgs/environment/pythonpath.sh
[0.884s] -- Up-to-date: /home/andy/CRIMP/install/custom_msgs/share/custom_msgs/environment/pythonpath.dsv
[0.884s] -- Up-to-date: /home/andy/CRIMP/install/custom_msgs/lib/python3.12/site-packages/custom_msgs-0.0.0-py3.12.egg-info
[0.885s] -- Installing: /home/andy/CRIMP/install/custom_msgs/lib/python3.12/site-packages/custom_msgs-0.0.0-py3.12.egg-info/SOURCES.txt
[0.885s] -- Installing: /home/andy/CRIMP/install/custom_msgs/lib/python3.12/site-packages/custom_msgs-0.0.0-py3.12.egg-info/PKG-INFO
[0.885s] -- Installing: /home/andy/CRIMP/install/custom_msgs/lib/python3.12/site-packages/custom_msgs-0.0.0-py3.12.egg-info/dependency_links.txt
[0.885s] -- Installing: /home/andy/CRIMP/install/custom_msgs/lib/python3.12/site-packages/custom_msgs-0.0.0-py3.12.egg-info/top_level.txt
[0.885s] -- Up-to-date: /home/andy/CRIMP/install/custom_msgs/lib/python3.12/site-packages/custom_msgs
[0.885s] -- Up-to-date: /home/andy/CRIMP/install/custom_msgs/lib/python3.12/site-packages/custom_msgs/_custom_msgs_s.ep.rosidl_typesupport_fastrtps_c.c
[0.885s] -- Up-to-date: /home/andy/CRIMP/install/custom_msgs/lib/python3.12/site-packages/custom_msgs/custom_msgs_s__rosidl_typesupport_introspection_c.so
[0.885s] -- Up-to-date: /home/andy/CRIMP/install/custom_msgs/lib/python3.12/site-packages/custom_msgs/custom_msgs_s__rosidl_typesupport_fastrtps_c.so
[0.886s] -- Up-to-date: /home/andy/CRIMP/install/custom_msgs/lib/python3.12/site-packages/custom_msgs/_custom_msgs_s.ep.rosidl_typesupport_c.c
[0.886s] -- Up-to-date: /home/andy/CRIMP/install/custom_msgs/lib/python3.12/site-packages/custom_msgs/_custom_msgs_s.ep.rosidl_typesupport_introspection_c.c
[0.886s] -- Up-to-date: /home/andy/CRIMP/install/custom_msgs/lib/python3.12/site-packages/custom_msgs/custom_msgs_s__rosidl_typesupport_c.so
[0.886s] -- Up-to-date: /home/andy/CRIMP/install/custom_msgs/lib/python3.12/site-packages/custom_msgs/__init__.py
[0.886s] -- Up-to-date: /home/andy/CRIMP/install/custom_msgs/lib/python3.12/site-packages/custom_msgs/msg
[0.886s] -- Up-to-date: /home/andy/CRIMP/install/custom_msgs/lib/python3.12/site-packages/custom_msgs/msg/_suction_request_s.c
[0.886s] -- Up-to-date: /home/andy/CRIMP/install/custom_msgs/lib/python3.12/site-packages/custom_msgs/msg/_suction_force_s.c
[0.886s] -- Up-to-date: /home/andy/CRIMP/install/custom_msgs/lib/python3.12/site-packages/custom_msgs/msg/_suction_request.py
[0.887s] -- Up-to-date: /home/andy/CRIMP/install/custom_msgs/lib/python3.12/site-packages/custom_msgs/msg/__init__.py
[0.887s] -- Up-to-date: /home/andy/CRIMP/install/custom_msgs/lib/python3.12/site-packages/custom_msgs/msg/_suction_force.py
[0.959s] Listing '/home/andy/CRIMP/install/custom_msgs/lib/python3.12/site-packages/custom_msgs'...
[0.959s] Listing '/home/andy/CRIMP/install/custom_msgs/lib/python3.12/site-packages/custom_msgs/msg'...
[0.972s] -- Up-to-date: /home/andy/CRIMP/install/custom_msgs/lib/python3.12/site-packages/custom_msgs/custom_msgs_s__rosidl_typesupport_fastrtps_c.so
[0.972s] -- Up-to-date: /home/andy/CRIMP/install/custom_msgs/lib/python3.12/site-packages/custom_msgs/custom_msgs_s__rosidl_typesupport_introspection_c.so
[0.973s] -- Up-to-date: /home/andy/CRIMP/install/custom_msgs/lib/python3.12/site-packages/custom_msgs/custom_msgs_s__rosidl_typesupport_c.so
[0.974s] -- Up-to-date: /home/andy/CRIMP/install/custom_msgs/lib/libcustom_msgs__rosidl_generator_py.so
[0.974s] -- Up-to-date: /home/andy/CRIMP/install/custom_msgs/share/custom_msgs/msg/SuctionForce.idl
[0.974s] -- Up-to-date: /home/andy/CRIMP/install/custom_msgs/share/custom_msgs/msg/SuctionRequest.idl
[0.974s] -- Up-to-date: /home/andy/CRIMP/install/custom_msgs/share/custom_msgs/msg/SuctionForce.msg
[0.974s] -- Up-to-date: /home/andy/CRIMP/install/custom_msgs/share/custom_msgs/msg/SuctionRequest.msg
[0.975s] -- Up-to-date: /home/andy/CRIMP/install/custom_msgs/share/ament_index/resource_index/package_run_dependencies/custom_msgs
[0.975s] -- Up-to-date: /home/andy/CRIMP/install/custom_msgs/share/ament_index/resource_index/parent_prefix_path/custom_msgs
[0.975s] -- Up-to-date: /home/andy/CRIMP/install/custom_msgs/share/custom_msgs/environment/ament_prefix_path.sh
[0.975s] -- Up-to-date: /home/andy/CRIMP/install/custom_msgs/share/custom_msgs/environment/ament_prefix_path.dsv
[0.975s] -- Up-to-date: /home/andy/CRIMP/install/custom_msgs/share/custom_msgs/environment/path.sh
[0.975s] -- Up-to-date: /home/andy/CRIMP/install/custom_msgs/share/custom_msgs/environment/path.dsv
[0.975s] -- Up-to-date: /home/andy/CRIMP/install/custom_msgs/share/custom_msgs/local_setup.bash
[0.976s] -- Up-to-date: /home/andy/CRIMP/install/custom_msgs/share/custom_msgs/local_setup.sh
[0.976s] -- Up-to-date: /home/andy/CRIMP/install/custom_msgs/share/custom_msgs/local_setup.zsh
[0.976s] -- Up-to-date: /home/andy/CRIMP/install/custom_msgs/share/custom_msgs/local_setup.dsv
[0.976s] -- Installing: /home/andy/CRIMP/install/custom_msgs/share/custom_msgs/package.dsv
[0.976s] -- Up-to-date: /home/andy/CRIMP/install/custom_msgs/share/ament_index/resource_index/packages/custom_msgs
[0.976s] -- Up-to-date: /home/andy/CRIMP/install/custom_msgs/share/custom_msgs/cmake/export_custom_msgs__rosidl_generator_cExport.cmake
[0.977s] -- Up-to-date: /home/andy/CRIMP/install/custom_msgs/share/custom_msgs/cmake/export_custom_msgs__rosidl_generator_cExport-noconfig.cmake
[0.977s] -- Up-to-date: /home/andy/CRIMP/install/custom_msgs/share/custom_msgs/cmake/export_custom_msgs__rosidl_typesupport_fastrtps_cExport.cmake
[0.977s] -- Up-to-date: /home/andy/CRIMP/install/custom_msgs/share/custom_msgs/cmake/export_custom_msgs__rosidl_typesupport_fastrtps_cExport-noconfig.cmake
[0.977s] -- Up-to-date: /home/andy/CRIMP/install/custom_msgs/share/custom_msgs/cmake/custom_msgs__rosidl_typesupport_introspection_cExport.cmake
[0.977s] -- Up-to-date: /home/andy/CRIMP/install/custom_msgs/share/custom_msgs/cmake/custom_msgs__rosidl_typesupport_introspection_cExport-noconfig.cmake
[0.977s] -- Up-to-date: /home/andy/CRIMP/install/custom_msgs/share/custom_msgs/cmake/custom_msgs__rosidl_typesupport_cExport.cmake
[0.977s] -- Up-to-date: /home/andy/CRIMP/install/custom_msgs/share/custom_msgs/cmake/custom_msgs__rosidl_typesupport_cExport-noconfig.cmake
[0.978s] -- Up-to-date: /home/andy/CRIMP/install/custom_msgs/share/custom_msgs/cmake/export_custom_msgs__rosidl_generator_cppExport.cmake
[0.978s] -- Up-to-date: /home/andy/CRIMP/install/custom_msgs/share/custom_msgs/cmake/export_custom_msgs__rosidl_typesupport_fastrtps_cppExport.cmake
[0.978s] -- Up-to-date: /home/andy/CRIMP/install/custom_msgs/share/custom_msgs/cmake/export_custom_msgs__rosidl_typesupport_fastrtps_cppExport-noconfig.cmake
[0.978s] -- Up-to-date: /home/andy/CRIMP/install/custom_msgs/share/custom_msgs/cmake/custom_msgs__rosidl_typesupport_introspection_cppExport.cmake
[0.978s] -- Up-to-date: /home/andy/CRIMP/install/custom_msgs/share/custom_msgs/cmake/custom_msgs__rosidl_typesupport_introspection_cppExport-noconfig.cmake
[0.978s] -- Up-to-date: /home/andy/CRIMP/install/custom_msgs/share/custom_msgs/cmake/custom_msgs__rosidl_typesupport_cppExport.cmake
[0.978s] -- Up-to-date: /home/andy/CRIMP/install/custom_msgs/share/custom_msgs/cmake/custom_msgs__rosidl_typesupport_cppExport-noconfig.cmake
[0.978s] -- Up-to-date: /home/andy/CRIMP/install/custom_msgs/share/custom_msgs/cmake/export_custom_msgs__rosidl_generator_pyExport.cmake
[0.979s] -- Up-to-date: /home/andy/CRIMP/install/custom_msgs/share/custom_msgs/cmake/export_custom_msgs__rosidl_generator_pyExport-noconfig.cmake
[0.979s] -- Up-to-date: /home/andy/CRIMP/install/custom_msgs/share/custom_msgs/cmake/rosidl_cmake-extras.cmake
[0.979s] -- Up-to-date: /home/andy/CRIMP/install/custom_msgs/share/custom_msgs/cmake/ament_cmake_export_include_directories-extras.cmake
[0.979s] -- Up-to-date: /home/andy/CRIMP/install/custom_msgs/share/custom_msgs/cmake/ament_cmake_export_libraries-extras.cmake
[0.979s] -- Up-to-date: /home/andy/CRIMP/install/custom_msgs/share/custom_msgs/cmake/ament_cmake_export_targets-extras.cmake
[0.979s] -- Up-to-date: /home/andy/CRIMP/install/custom_msgs/share/custom_msgs/cmake/rosidl_cmake_export_typesupport_targets-extras.cmake
[0.979s] -- Up-to-date: /home/andy/CRIMP/install/custom_msgs/share/custom_msgs/cmake/ament_cmake_export_dependencies-extras.cmake
[0.980s] -- Up-to-date: /home/andy/CRIMP/install/custom_msgs/share/custom_msgs/cmake/rosidl_cmake_export_typesupport_libraries-extras.cmake
[0.980s] -- Up-to-date: /home/andy/CRIMP/install/custom_msgs/share/custom_msgs/cmake/custom_msgsConfig.cmake
[0.980s] -- Up-to-date: /home/andy/CRIMP/install/custom_msgs/share/custom_msgs/cmake/custom_msgsConfig-version.cmake
[0.980s] -- Up-to-date: /home/andy/CRIMP/install/custom_msgs/share/custom_msgs/package.xml
[0.983s] Invoked command in '/home/andy/CRIMP/build/custom_msgs' returned '0': CMAKE_PREFIX_PATH=${CMAKE_PREFIX_PATH}:/home/andy/CRIMP/install/crimp_python:/opt/ros/jazzy /usr/bin/cmake --install /home/andy/CRIMP/build/custom_msgs
