[1.463s] Invoking command in '/home/andy/CRIMP/src/crimp_python': PYTHONPATH=/home/andy/CRIMP/build/crimp_python/prefix_override:/usr/local/lib/python3.12/dist-packages/colcon_core/task/python/colcon_distutils_commands:/home/andy/CRIMP/install/crimp_python/lib/python3.12/site-packages:${PYTHONPATH} /usr/bin/python3 -W ignore:setup.py install is deprecated -W ignore:easy_install command is deprecated setup.py egg_info --egg-base ../../build/crimp_python build --build-base /home/andy/CRIMP/build/crimp_python/build install --record /home/andy/CRIMP/build/crimp_python/install.log --single-version-externally-managed install_data
[1.861s] running egg_info
[1.885s] writing ../../build/crimp_python/crimp_python.egg-info/PKG-INFO
[1.885s] writing dependency_links to ../../build/crimp_python/crimp_python.egg-info/dependency_links.txt
[1.886s] writing entry points to ../../build/crimp_python/crimp_python.egg-info/entry_points.txt
[1.886s] writing requirements to ../../build/crimp_python/crimp_python.egg-info/requires.txt
[1.886s] writing top-level names to ../../build/crimp_python/crimp_python.egg-info/top_level.txt
[1.935s] reading manifest file '../../build/crimp_python/crimp_python.egg-info/SOURCES.txt'
[1.935s] adding license file 'LICENSE'
[1.936s] writing manifest file '../../build/crimp_python/crimp_python.egg-info/SOURCES.txt'
[1.937s] running build
[1.937s] running build_py
[1.937s] running install
[1.950s] running install_lib
[1.976s] running install_data
[1.976s] running install_egg_info
[2.002s] removing '/home/andy/CRIMP/install/crimp_python/lib/python3.12/site-packages/crimp_python-0.0.0-py3.12.egg-info' (and everything under it)
[2.003s] Copying ../../build/crimp_python/crimp_python.egg-info to /home/andy/CRIMP/install/crimp_python/lib/python3.12/site-packages/crimp_python-0.0.0-py3.12.egg-info
[2.004s] running install_scripts
[2.151s] Installing lidar script to /home/andy/CRIMP/install/crimp_python/lib/crimp_python
[2.151s] writing list of installed files to '/home/andy/CRIMP/build/crimp_python/install.log'
[2.226s] Invoked command in '/home/andy/CRIMP/src/crimp_python' returned '0': PYTHONPATH=/home/andy/CRIMP/build/crimp_python/prefix_override:/usr/local/lib/python3.12/dist-packages/colcon_core/task/python/colcon_distutils_commands:/home/andy/CRIMP/install/crimp_python/lib/python3.12/site-packages:${PYTHONPATH} /usr/bin/python3 -W ignore:setup.py install is deprecated -W ignore:easy_install command is deprecated setup.py egg_info --egg-base ../../build/crimp_python build --build-base /home/andy/CRIMP/build/crimp_python/build install --record /home/andy/CRIMP/build/crimp_python/install.log --single-version-externally-managed install_data
