[0.016s] Invoking command in '/home/andy/CRIMP/build/crimp_cpp': CMAKE_PREFIX_PATH=/home/andy/CRIMP/install/custom_msgs:/home/andy/CRIMP/install/crimp_cpp:/home/andy/CRIMP/install/crimp_python:/opt/ros/jazzy /usr/bin/cmake --build /home/andy/CRIMP/build/crimp_cpp -- -j4 -l4
[0.125s] [ 53%] Built target servo_lib
[0.139s] [ 69%] Built target motion_planner
[0.181s] [ 92%] Built target joint_mover
[0.182s] [ 92%] [32mBuilding CXX object CMakeFiles/suction_cups.dir/src/suction_cups.cpp.o[0m
[12.634s] [100%] [32m[1mLinking CXX executable suction_cups[0m
[13.282s] [100%] Built target suction_cups
[13.298s] Invoked command in '/home/andy/CRIMP/build/crimp_cpp' returned '0': CMAKE_PREFIX_PATH=/home/andy/CRIMP/install/custom_msgs:/home/andy/CRIMP/install/crimp_cpp:/home/andy/CRIMP/install/crimp_python:/opt/ros/jazzy /usr/bin/cmake --build /home/andy/CRIMP/build/crimp_cpp -- -j4 -l4
[13.299s] Invoking command in '/home/andy/CRIMP/build/crimp_cpp': CMAKE_PREFIX_PATH=/home/andy/CRIMP/install/custom_msgs:/home/andy/CRIMP/install/crimp_cpp:/home/andy/CRIMP/install/crimp_python:/opt/ros/jazzy /usr/bin/cmake --install /home/andy/CRIMP/build/crimp_cpp
[13.311s] -- Install configuration: ""
[13.311s] -- Up-to-date: /home/andy/CRIMP/install/crimp_cpp/lib/crimp_cpp/joint_mover
[13.311s] -- Up-to-date: /home/andy/CRIMP/install/crimp_cpp/lib/crimp_cpp/motion_planner
[13.312s] -- Installing: /home/andy/CRIMP/install/crimp_cpp/lib/crimp_cpp/suction_cups
[13.322s] -- Set non-toolchain portion of runtime path of "/home/andy/CRIMP/install/crimp_cpp/lib/crimp_cpp/suction_cups" to ""
[13.322s] -- Up-to-date: /home/andy/CRIMP/install/crimp_cpp/share/ament_index/resource_index/package_run_dependencies/crimp_cpp
[13.322s] -- Up-to-date: /home/andy/CRIMP/install/crimp_cpp/share/ament_index/resource_index/parent_prefix_path/crimp_cpp
[13.322s] -- Up-to-date: /home/andy/CRIMP/install/crimp_cpp/share/crimp_cpp/environment/ament_prefix_path.sh
[13.322s] -- Up-to-date: /home/andy/CRIMP/install/crimp_cpp/share/crimp_cpp/environment/ament_prefix_path.dsv
[13.322s] -- Up-to-date: /home/andy/CRIMP/install/crimp_cpp/share/crimp_cpp/environment/path.sh
[13.322s] -- Up-to-date: /home/andy/CRIMP/install/crimp_cpp/share/crimp_cpp/environment/path.dsv
[13.322s] -- Up-to-date: /home/andy/CRIMP/install/crimp_cpp/share/crimp_cpp/local_setup.bash
[13.323s] -- Up-to-date: /home/andy/CRIMP/install/crimp_cpp/share/crimp_cpp/local_setup.sh
[13.323s] -- Up-to-date: /home/andy/CRIMP/install/crimp_cpp/share/crimp_cpp/local_setup.zsh
[13.323s] -- Up-to-date: /home/andy/CRIMP/install/crimp_cpp/share/crimp_cpp/local_setup.dsv
[13.323s] -- Installing: /home/andy/CRIMP/install/crimp_cpp/share/crimp_cpp/package.dsv
[13.323s] -- Up-to-date: /home/andy/CRIMP/install/crimp_cpp/share/ament_index/resource_index/packages/crimp_cpp
[13.323s] -- Up-to-date: /home/andy/CRIMP/install/crimp_cpp/share/crimp_cpp/cmake/crimp_cppConfig.cmake
[13.323s] -- Up-to-date: /home/andy/CRIMP/install/crimp_cpp/share/crimp_cpp/cmake/crimp_cppConfig-version.cmake
[13.323s] -- Up-to-date: /home/andy/CRIMP/install/crimp_cpp/share/crimp_cpp/package.xml
[13.326s] Invoked command in '/home/andy/CRIMP/build/crimp_cpp' returned '0': CMAKE_PREFIX_PATH=/home/andy/CRIMP/install/custom_msgs:/home/andy/CRIMP/install/crimp_cpp:/home/andy/CRIMP/install/crimp_python:/opt/ros/jazzy /usr/bin/cmake --install /home/andy/CRIMP/build/crimp_cpp
