[0.024s] Invoking command in '/home/ethan/crimp_ws/build/custom_msgs': CMAKE_PREFIX_PATH=${CMAKE_PREFIX_PATH}:/home/ethan/crimp_ws/install/crimp_python:/opt/ros/jazzy DEBUGINFOD_URLS=https://debuginfod.ubuntu.com /usr/bin/cmake --build /home/ethan/crimp_ws/build/custom_msgs -- -j8 -l8
[0.126s] [  2%] Built target custom_msgs__rosidl_generator_type_description
[0.144s] [  2%] Built target ament_cmake_python_copy_custom_msgs
[0.163s] [  6%] Built target custom_msgs__cpp
[0.163s] [ 22%] Built target custom_msgs__rosidl_generator_c
[0.209s] [ 40%] Built target custom_msgs__rosidl_typesupport_cpp
[0.209s] [ 40%] Built target custom_msgs__rosidl_typesupport_c
[0.212s] [ 50%] Built target custom_msgs__rosidl_typesupport_introspection_c
[0.219s] [ 61%] Built target custom_msgs__rosidl_typesupport_fastrtps_cpp
[0.220s] [ 68%] Built target custom_msgs__rosidl_typesupport_fastrtps_c
[0.225s] [ 77%] Built target custom_msgs__rosidl_typesupport_introspection_cpp
[0.263s] [ 77%] Built target custom_msgs
[0.306s] [ 79%] Built target custom_msgs__py
[0.350s] [ 86%] Built target custom_msgs__rosidl_generator_py
[0.390s] [ 90%] Built target custom_msgs_s__rosidl_typesupport_introspection_c
[0.394s] [ 95%] Built target custom_msgs_s__rosidl_typesupport_fastrtps_c
[0.407s] [100%] Built target custom_msgs_s__rosidl_typesupport_c
[0.520s] running egg_info
[0.550s] writing custom_msgs.egg-info/PKG-INFO
[0.550s] writing dependency_links to custom_msgs.egg-info/dependency_links.txt
[0.551s] writing top-level names to custom_msgs.egg-info/top_level.txt
[0.643s] reading manifest file 'custom_msgs.egg-info/SOURCES.txt'
[0.643s] writing manifest file 'custom_msgs.egg-info/SOURCES.txt'
[0.698s] [100%] Built target ament_cmake_python_build_custom_msgs_egg
[0.729s] Invoked command in '/home/ethan/crimp_ws/build/custom_msgs' returned '0': CMAKE_PREFIX_PATH=${CMAKE_PREFIX_PATH}:/home/ethan/crimp_ws/install/crimp_python:/opt/ros/jazzy DEBUGINFOD_URLS=https://debuginfod.ubuntu.com /usr/bin/cmake --build /home/ethan/crimp_ws/build/custom_msgs -- -j8 -l8
[0.747s] Invoking command in '/home/ethan/crimp_ws/build/custom_msgs': CMAKE_PREFIX_PATH=${CMAKE_PREFIX_PATH}:/home/ethan/crimp_ws/install/crimp_python:/opt/ros/jazzy DEBUGINFOD_URLS=https://debuginfod.ubuntu.com /usr/bin/cmake --install /home/ethan/crimp_ws/build/custom_msgs
[0.760s] -- Install configuration: ""
[0.760s] -- Up-to-date: /home/ethan/crimp_ws/install/custom_msgs/share/ament_index/resource_index/rosidl_interfaces/custom_msgs
[0.761s] -- Up-to-date: /home/ethan/crimp_ws/install/custom_msgs/share/custom_msgs/msg/SuctionForce.json
[0.761s] -- Up-to-date: /home/ethan/crimp_ws/install/custom_msgs/share/custom_msgs/msg/SuctionRequest.json
[0.762s] -- Up-to-date: /home/ethan/crimp_ws/install/custom_msgs/include/custom_msgs/custom_msgs
[0.762s] -- Up-to-date: /home/ethan/crimp_ws/install/custom_msgs/include/custom_msgs/custom_msgs/msg
[0.762s] -- Up-to-date: /home/ethan/crimp_ws/install/custom_msgs/include/custom_msgs/custom_msgs/msg/rosidl_generator_c__visibility_control.h
[0.763s] -- Up-to-date: /home/ethan/crimp_ws/install/custom_msgs/include/custom_msgs/custom_msgs/msg/suction_force.h
[0.763s] -- Up-to-date: /home/ethan/crimp_ws/install/custom_msgs/include/custom_msgs/custom_msgs/msg/detail
[0.763s] -- Up-to-date: /home/ethan/crimp_ws/install/custom_msgs/include/custom_msgs/custom_msgs/msg/detail/suction_request__functions.h
[0.764s] -- Up-to-date: /home/ethan/crimp_ws/install/custom_msgs/include/custom_msgs/custom_msgs/msg/detail/suction_force__struct.h
[0.764s] -- Up-to-date: /home/ethan/crimp_ws/install/custom_msgs/include/custom_msgs/custom_msgs/msg/detail/suction_request__type_support.c
[0.765s] -- Up-to-date: /home/ethan/crimp_ws/install/custom_msgs/include/custom_msgs/custom_msgs/msg/detail/suction_force__type_support.h
[0.765s] -- Up-to-date: /home/ethan/crimp_ws/install/custom_msgs/include/custom_msgs/custom_msgs/msg/detail/suction_request__struct.h
[0.765s] -- Up-to-date: /home/ethan/crimp_ws/install/custom_msgs/include/custom_msgs/custom_msgs/msg/detail/suction_force__functions.h
[0.765s] -- Up-to-date: /home/ethan/crimp_ws/install/custom_msgs/include/custom_msgs/custom_msgs/msg/detail/suction_force__functions.c
[0.766s] -- Up-to-date: /home/ethan/crimp_ws/install/custom_msgs/include/custom_msgs/custom_msgs/msg/detail/suction_force__description.c
[0.766s] -- Up-to-date: /home/ethan/crimp_ws/install/custom_msgs/include/custom_msgs/custom_msgs/msg/detail/suction_force__type_support.c
[0.766s] -- Up-to-date: /home/ethan/crimp_ws/install/custom_msgs/include/custom_msgs/custom_msgs/msg/detail/suction_request__functions.c
[0.767s] -- Up-to-date: /home/ethan/crimp_ws/install/custom_msgs/include/custom_msgs/custom_msgs/msg/detail/suction_request__description.c
[0.767s] -- Up-to-date: /home/ethan/crimp_ws/install/custom_msgs/include/custom_msgs/custom_msgs/msg/detail/suction_request__type_support.h
[0.767s] -- Up-to-date: /home/ethan/crimp_ws/install/custom_msgs/include/custom_msgs/custom_msgs/msg/suction_request.h
[0.768s] -- Up-to-date: /home/ethan/crimp_ws/install/custom_msgs/share/custom_msgs/environment/library_path.sh
[0.768s] -- Up-to-date: /home/ethan/crimp_ws/install/custom_msgs/share/custom_msgs/environment/library_path.dsv
[0.768s] -- Up-to-date: /home/ethan/crimp_ws/install/custom_msgs/lib/libcustom_msgs__rosidl_generator_c.so
[0.768s] -- Up-to-date: /home/ethan/crimp_ws/install/custom_msgs/include/custom_msgs/custom_msgs
[0.769s] -- Up-to-date: /home/ethan/crimp_ws/install/custom_msgs/include/custom_msgs/custom_msgs/msg
[0.769s] -- Up-to-date: /home/ethan/crimp_ws/install/custom_msgs/include/custom_msgs/custom_msgs/msg/rosidl_typesupport_fastrtps_c__visibility_control.h
[0.769s] -- Up-to-date: /home/ethan/crimp_ws/install/custom_msgs/include/custom_msgs/custom_msgs/msg/detail
[0.770s] -- Up-to-date: /home/ethan/crimp_ws/install/custom_msgs/include/custom_msgs/custom_msgs/msg/detail/suction_force__rosidl_typesupport_fastrtps_c.h
[0.770s] -- Up-to-date: /home/ethan/crimp_ws/install/custom_msgs/include/custom_msgs/custom_msgs/msg/detail/suction_request__rosidl_typesupport_fastrtps_c.h
[0.770s] -- Up-to-date: /home/ethan/crimp_ws/install/custom_msgs/lib/libcustom_msgs__rosidl_typesupport_fastrtps_c.so
[0.770s] -- Up-to-date: /home/ethan/crimp_ws/install/custom_msgs/include/custom_msgs/custom_msgs
[0.771s] -- Up-to-date: /home/ethan/crimp_ws/install/custom_msgs/include/custom_msgs/custom_msgs/msg
[0.771s] -- Up-to-date: /home/ethan/crimp_ws/install/custom_msgs/include/custom_msgs/custom_msgs/msg/rosidl_typesupport_introspection_c__visibility_control.h
[0.771s] -- Up-to-date: /home/ethan/crimp_ws/install/custom_msgs/include/custom_msgs/custom_msgs/msg/detail
[0.771s] -- Up-to-date: /home/ethan/crimp_ws/install/custom_msgs/include/custom_msgs/custom_msgs/msg/detail/suction_force__rosidl_typesupport_introspection_c.h
[0.772s] -- Up-to-date: /home/ethan/crimp_ws/install/custom_msgs/include/custom_msgs/custom_msgs/msg/detail/suction_request__type_support.c
[0.772s] -- Up-to-date: /home/ethan/crimp_ws/install/custom_msgs/include/custom_msgs/custom_msgs/msg/detail/suction_force__type_support.c
[0.772s] -- Up-to-date: /home/ethan/crimp_ws/install/custom_msgs/include/custom_msgs/custom_msgs/msg/detail/suction_request__rosidl_typesupport_introspection_c.h
[0.773s] -- Up-to-date: /home/ethan/crimp_ws/install/custom_msgs/lib/libcustom_msgs__rosidl_typesupport_introspection_c.so
[0.773s] -- Up-to-date: /home/ethan/crimp_ws/install/custom_msgs/lib/libcustom_msgs__rosidl_typesupport_c.so
[0.773s] -- Up-to-date: /home/ethan/crimp_ws/install/custom_msgs/include/custom_msgs/custom_msgs
[0.773s] -- Up-to-date: /home/ethan/crimp_ws/install/custom_msgs/include/custom_msgs/custom_msgs/msg
[0.774s] -- Up-to-date: /home/ethan/crimp_ws/install/custom_msgs/include/custom_msgs/custom_msgs/msg/rosidl_generator_cpp__visibility_control.hpp
[0.774s] -- Up-to-date: /home/ethan/crimp_ws/install/custom_msgs/include/custom_msgs/custom_msgs/msg/suction_force.hpp
[0.774s] -- Up-to-date: /home/ethan/crimp_ws/install/custom_msgs/include/custom_msgs/custom_msgs/msg/detail
[0.774s] -- Up-to-date: /home/ethan/crimp_ws/install/custom_msgs/include/custom_msgs/custom_msgs/msg/detail/suction_request__traits.hpp
[0.775s] -- Up-to-date: /home/ethan/crimp_ws/install/custom_msgs/include/custom_msgs/custom_msgs/msg/detail/suction_force__struct.hpp
[0.775s] -- Up-to-date: /home/ethan/crimp_ws/install/custom_msgs/include/custom_msgs/custom_msgs/msg/detail/suction_request__type_support.hpp
[0.775s] -- Up-to-date: /home/ethan/crimp_ws/install/custom_msgs/include/custom_msgs/custom_msgs/msg/detail/suction_request__struct.hpp
[0.776s] -- Up-to-date: /home/ethan/crimp_ws/install/custom_msgs/include/custom_msgs/custom_msgs/msg/detail/suction_force__type_support.hpp
[0.776s] -- Up-to-date: /home/ethan/crimp_ws/install/custom_msgs/include/custom_msgs/custom_msgs/msg/detail/suction_force__traits.hpp
[0.776s] -- Up-to-date: /home/ethan/crimp_ws/install/custom_msgs/include/custom_msgs/custom_msgs/msg/detail/suction_request__builder.hpp
[0.776s] -- Up-to-date: /home/ethan/crimp_ws/install/custom_msgs/include/custom_msgs/custom_msgs/msg/detail/suction_force__builder.hpp
[0.777s] -- Up-to-date: /home/ethan/crimp_ws/install/custom_msgs/include/custom_msgs/custom_msgs/msg/suction_request.hpp
[0.777s] -- Up-to-date: /home/ethan/crimp_ws/install/custom_msgs/include/custom_msgs/custom_msgs
[0.777s] -- Up-to-date: /home/ethan/crimp_ws/install/custom_msgs/include/custom_msgs/custom_msgs/msg
[0.777s] -- Up-to-date: /home/ethan/crimp_ws/install/custom_msgs/include/custom_msgs/custom_msgs/msg/rosidl_typesupport_fastrtps_cpp__visibility_control.h
[0.778s] -- Up-to-date: /home/ethan/crimp_ws/install/custom_msgs/include/custom_msgs/custom_msgs/msg/detail
[0.778s] -- Up-to-date: /home/ethan/crimp_ws/install/custom_msgs/include/custom_msgs/custom_msgs/msg/detail/dds_fastrtps
[0.778s] -- Up-to-date: /home/ethan/crimp_ws/install/custom_msgs/include/custom_msgs/custom_msgs/msg/detail/suction_force__rosidl_typesupport_fastrtps_cpp.hpp
[0.779s] -- Up-to-date: /home/ethan/crimp_ws/install/custom_msgs/include/custom_msgs/custom_msgs/msg/detail/suction_request__rosidl_typesupport_fastrtps_cpp.hpp
[0.779s] -- Up-to-date: /home/ethan/crimp_ws/install/custom_msgs/lib/libcustom_msgs__rosidl_typesupport_fastrtps_cpp.so
[0.779s] -- Up-to-date: /home/ethan/crimp_ws/install/custom_msgs/include/custom_msgs/custom_msgs
[0.779s] -- Up-to-date: /home/ethan/crimp_ws/install/custom_msgs/include/custom_msgs/custom_msgs/msg
[0.780s] -- Up-to-date: /home/ethan/crimp_ws/install/custom_msgs/include/custom_msgs/custom_msgs/msg/detail
[0.780s] -- Up-to-date: /home/ethan/crimp_ws/install/custom_msgs/include/custom_msgs/custom_msgs/msg/detail/suction_request__type_support.cpp
[0.780s] -- Up-to-date: /home/ethan/crimp_ws/install/custom_msgs/include/custom_msgs/custom_msgs/msg/detail/suction_force__rosidl_typesupport_introspection_cpp.hpp
[0.780s] -- Up-to-date: /home/ethan/crimp_ws/install/custom_msgs/include/custom_msgs/custom_msgs/msg/detail/suction_force__type_support.cpp
[0.781s] -- Up-to-date: /home/ethan/crimp_ws/install/custom_msgs/include/custom_msgs/custom_msgs/msg/detail/suction_request__rosidl_typesupport_introspection_cpp.hpp
[0.781s] -- Up-to-date: /home/ethan/crimp_ws/install/custom_msgs/lib/libcustom_msgs__rosidl_typesupport_introspection_cpp.so
[0.781s] -- Up-to-date: /home/ethan/crimp_ws/install/custom_msgs/lib/libcustom_msgs__rosidl_typesupport_cpp.so
[0.782s] -- Up-to-date: /home/ethan/crimp_ws/install/custom_msgs/share/custom_msgs/environment/pythonpath.sh
[0.782s] -- Up-to-date: /home/ethan/crimp_ws/install/custom_msgs/share/custom_msgs/environment/pythonpath.dsv
[0.782s] -- Up-to-date: /home/ethan/crimp_ws/install/custom_msgs/lib/python3.12/site-packages/custom_msgs-0.0.0-py3.12.egg-info
[0.782s] -- Installing: /home/ethan/crimp_ws/install/custom_msgs/lib/python3.12/site-packages/custom_msgs-0.0.0-py3.12.egg-info/PKG-INFO
[0.783s] -- Installing: /home/ethan/crimp_ws/install/custom_msgs/lib/python3.12/site-packages/custom_msgs-0.0.0-py3.12.egg-info/dependency_links.txt
[0.783s] -- Installing: /home/ethan/crimp_ws/install/custom_msgs/lib/python3.12/site-packages/custom_msgs-0.0.0-py3.12.egg-info/SOURCES.txt
[0.783s] -- Installing: /home/ethan/crimp_ws/install/custom_msgs/lib/python3.12/site-packages/custom_msgs-0.0.0-py3.12.egg-info/top_level.txt
[0.784s] -- Up-to-date: /home/ethan/crimp_ws/install/custom_msgs/lib/python3.12/site-packages/custom_msgs
[0.784s] -- Up-to-date: /home/ethan/crimp_ws/install/custom_msgs/lib/python3.12/site-packages/custom_msgs/custom_msgs_s__rosidl_typesupport_c.so
[0.784s] -- Up-to-date: /home/ethan/crimp_ws/install/custom_msgs/lib/python3.12/site-packages/custom_msgs/_custom_msgs_s.ep.rosidl_typesupport_introspection_c.c
[0.784s] -- Up-to-date: /home/ethan/crimp_ws/install/custom_msgs/lib/python3.12/site-packages/custom_msgs/__init__.py
[0.785s] -- Up-to-date: /home/ethan/crimp_ws/install/custom_msgs/lib/python3.12/site-packages/custom_msgs/_custom_msgs_s.ep.rosidl_typesupport_fastrtps_c.c
[0.785s] -- Up-to-date: /home/ethan/crimp_ws/install/custom_msgs/lib/python3.12/site-packages/custom_msgs/msg
[0.785s] -- Up-to-date: /home/ethan/crimp_ws/install/custom_msgs/lib/python3.12/site-packages/custom_msgs/msg/__init__.py
[0.785s] -- Up-to-date: /home/ethan/crimp_ws/install/custom_msgs/lib/python3.12/site-packages/custom_msgs/msg/_suction_force_s.c
[0.786s] -- Up-to-date: /home/ethan/crimp_ws/install/custom_msgs/lib/python3.12/site-packages/custom_msgs/msg/_suction_request.py
[0.786s] -- Up-to-date: /home/ethan/crimp_ws/install/custom_msgs/lib/python3.12/site-packages/custom_msgs/msg/_suction_request_s.c
[0.786s] -- Up-to-date: /home/ethan/crimp_ws/install/custom_msgs/lib/python3.12/site-packages/custom_msgs/msg/_suction_force.py
[0.787s] -- Up-to-date: /home/ethan/crimp_ws/install/custom_msgs/lib/python3.12/site-packages/custom_msgs/custom_msgs_s__rosidl_typesupport_fastrtps_c.so
[0.787s] -- Up-to-date: /home/ethan/crimp_ws/install/custom_msgs/lib/python3.12/site-packages/custom_msgs/custom_msgs_s__rosidl_typesupport_introspection_c.so
[0.787s] -- Up-to-date: /home/ethan/crimp_ws/install/custom_msgs/lib/python3.12/site-packages/custom_msgs/_custom_msgs_s.ep.rosidl_typesupport_c.c
[0.822s] Listing '/home/ethan/crimp_ws/install/custom_msgs/lib/python3.12/site-packages/custom_msgs'...
[0.823s] Listing '/home/ethan/crimp_ws/install/custom_msgs/lib/python3.12/site-packages/custom_msgs/msg'...
[0.831s] -- Up-to-date: /home/ethan/crimp_ws/install/custom_msgs/lib/python3.12/site-packages/custom_msgs/custom_msgs_s__rosidl_typesupport_fastrtps_c.so
[0.832s] -- Up-to-date: /home/ethan/crimp_ws/install/custom_msgs/lib/python3.12/site-packages/custom_msgs/custom_msgs_s__rosidl_typesupport_introspection_c.so
[0.832s] -- Up-to-date: /home/ethan/crimp_ws/install/custom_msgs/lib/python3.12/site-packages/custom_msgs/custom_msgs_s__rosidl_typesupport_c.so
[0.833s] -- Up-to-date: /home/ethan/crimp_ws/install/custom_msgs/lib/libcustom_msgs__rosidl_generator_py.so
[0.834s] -- Up-to-date: /home/ethan/crimp_ws/install/custom_msgs/share/custom_msgs/msg/SuctionForce.idl
[0.834s] -- Up-to-date: /home/ethan/crimp_ws/install/custom_msgs/share/custom_msgs/msg/SuctionRequest.idl
[0.834s] -- Up-to-date: /home/ethan/crimp_ws/install/custom_msgs/share/custom_msgs/msg/SuctionForce.msg
[0.835s] -- Up-to-date: /home/ethan/crimp_ws/install/custom_msgs/share/custom_msgs/msg/SuctionRequest.msg
[0.835s] -- Up-to-date: /home/ethan/crimp_ws/install/custom_msgs/share/ament_index/resource_index/package_run_dependencies/custom_msgs
[0.836s] -- Up-to-date: /home/ethan/crimp_ws/install/custom_msgs/share/ament_index/resource_index/parent_prefix_path/custom_msgs
[0.836s] -- Up-to-date: /home/ethan/crimp_ws/install/custom_msgs/share/custom_msgs/environment/ament_prefix_path.sh
[0.836s] -- Up-to-date: /home/ethan/crimp_ws/install/custom_msgs/share/custom_msgs/environment/ament_prefix_path.dsv
[0.837s] -- Up-to-date: /home/ethan/crimp_ws/install/custom_msgs/share/custom_msgs/environment/path.sh
[0.837s] -- Up-to-date: /home/ethan/crimp_ws/install/custom_msgs/share/custom_msgs/environment/path.dsv
[0.837s] -- Up-to-date: /home/ethan/crimp_ws/install/custom_msgs/share/custom_msgs/local_setup.bash
[0.838s] -- Up-to-date: /home/ethan/crimp_ws/install/custom_msgs/share/custom_msgs/local_setup.sh
[0.838s] -- Up-to-date: /home/ethan/crimp_ws/install/custom_msgs/share/custom_msgs/local_setup.zsh
[0.838s] -- Up-to-date: /home/ethan/crimp_ws/install/custom_msgs/share/custom_msgs/local_setup.dsv
[0.839s] -- Installing: /home/ethan/crimp_ws/install/custom_msgs/share/custom_msgs/package.dsv
[0.839s] -- Up-to-date: /home/ethan/crimp_ws/install/custom_msgs/share/ament_index/resource_index/packages/custom_msgs
[0.839s] -- Up-to-date: /home/ethan/crimp_ws/install/custom_msgs/share/custom_msgs/cmake/export_custom_msgs__rosidl_generator_cExport.cmake
[0.840s] -- Up-to-date: /home/ethan/crimp_ws/install/custom_msgs/share/custom_msgs/cmake/export_custom_msgs__rosidl_generator_cExport-noconfig.cmake
[0.840s] -- Up-to-date: /home/ethan/crimp_ws/install/custom_msgs/share/custom_msgs/cmake/export_custom_msgs__rosidl_typesupport_fastrtps_cExport.cmake
[0.840s] -- Up-to-date: /home/ethan/crimp_ws/install/custom_msgs/share/custom_msgs/cmake/export_custom_msgs__rosidl_typesupport_fastrtps_cExport-noconfig.cmake
[0.841s] -- Up-to-date: /home/ethan/crimp_ws/install/custom_msgs/share/custom_msgs/cmake/custom_msgs__rosidl_typesupport_introspection_cExport.cmake
[0.841s] -- Up-to-date: /home/ethan/crimp_ws/install/custom_msgs/share/custom_msgs/cmake/custom_msgs__rosidl_typesupport_introspection_cExport-noconfig.cmake
[0.841s] -- Up-to-date: /home/ethan/crimp_ws/install/custom_msgs/share/custom_msgs/cmake/custom_msgs__rosidl_typesupport_cExport.cmake
[0.842s] -- Up-to-date: /home/ethan/crimp_ws/install/custom_msgs/share/custom_msgs/cmake/custom_msgs__rosidl_typesupport_cExport-noconfig.cmake
[0.842s] -- Up-to-date: /home/ethan/crimp_ws/install/custom_msgs/share/custom_msgs/cmake/export_custom_msgs__rosidl_generator_cppExport.cmake
[0.842s] -- Up-to-date: /home/ethan/crimp_ws/install/custom_msgs/share/custom_msgs/cmake/export_custom_msgs__rosidl_typesupport_fastrtps_cppExport.cmake
[0.842s] -- Up-to-date: /home/ethan/crimp_ws/install/custom_msgs/share/custom_msgs/cmake/export_custom_msgs__rosidl_typesupport_fastrtps_cppExport-noconfig.cmake
[0.843s] -- Up-to-date: /home/ethan/crimp_ws/install/custom_msgs/share/custom_msgs/cmake/custom_msgs__rosidl_typesupport_introspection_cppExport.cmake
[0.843s] -- Up-to-date: /home/ethan/crimp_ws/install/custom_msgs/share/custom_msgs/cmake/custom_msgs__rosidl_typesupport_introspection_cppExport-noconfig.cmake
[0.843s] -- Up-to-date: /home/ethan/crimp_ws/install/custom_msgs/share/custom_msgs/cmake/custom_msgs__rosidl_typesupport_cppExport.cmake
[0.843s] -- Up-to-date: /home/ethan/crimp_ws/install/custom_msgs/share/custom_msgs/cmake/custom_msgs__rosidl_typesupport_cppExport-noconfig.cmake
[0.844s] -- Up-to-date: /home/ethan/crimp_ws/install/custom_msgs/share/custom_msgs/cmake/export_custom_msgs__rosidl_generator_pyExport.cmake
[0.844s] -- Up-to-date: /home/ethan/crimp_ws/install/custom_msgs/share/custom_msgs/cmake/export_custom_msgs__rosidl_generator_pyExport-noconfig.cmake
[0.844s] -- Up-to-date: /home/ethan/crimp_ws/install/custom_msgs/share/custom_msgs/cmake/rosidl_cmake-extras.cmake
[0.844s] -- Up-to-date: /home/ethan/crimp_ws/install/custom_msgs/share/custom_msgs/cmake/ament_cmake_export_include_directories-extras.cmake
[0.845s] -- Up-to-date: /home/ethan/crimp_ws/install/custom_msgs/share/custom_msgs/cmake/ament_cmake_export_libraries-extras.cmake
[0.845s] -- Up-to-date: /home/ethan/crimp_ws/install/custom_msgs/share/custom_msgs/cmake/ament_cmake_export_targets-extras.cmake
[0.845s] -- Up-to-date: /home/ethan/crimp_ws/install/custom_msgs/share/custom_msgs/cmake/rosidl_cmake_export_typesupport_targets-extras.cmake
[0.845s] -- Up-to-date: /home/ethan/crimp_ws/install/custom_msgs/share/custom_msgs/cmake/ament_cmake_export_dependencies-extras.cmake
[0.846s] -- Up-to-date: /home/ethan/crimp_ws/install/custom_msgs/share/custom_msgs/cmake/rosidl_cmake_export_typesupport_libraries-extras.cmake
[0.846s] -- Up-to-date: /home/ethan/crimp_ws/install/custom_msgs/share/custom_msgs/cmake/custom_msgsConfig.cmake
[0.846s] -- Up-to-date: /home/ethan/crimp_ws/install/custom_msgs/share/custom_msgs/cmake/custom_msgsConfig-version.cmake
[0.847s] -- Up-to-date: /home/ethan/crimp_ws/install/custom_msgs/share/custom_msgs/package.xml
[0.849s] Invoked command in '/home/ethan/crimp_ws/build/custom_msgs' returned '0': CMAKE_PREFIX_PATH=${CMAKE_PREFIX_PATH}:/home/ethan/crimp_ws/install/crimp_python:/opt/ros/jazzy DEBUGINFOD_URLS=https://debuginfod.ubuntu.com /usr/bin/cmake --install /home/ethan/crimp_ws/build/custom_msgs
