[0.145s] DEBUG:colcon:Command line arguments: ['/usr/bin/colcon', 'build']
[0.145s] DEBUG:colcon:Parsed command line arguments: Namespace(log_base=None, log_level=None, verb_name='build', build_base='build', install_base='install', merge_install=False, symlink_install=False, test_result_base=None, continue_on_error=False, executor='parallel', parallel_workers=8, event_handlers=None, ignore_user_meta=False, metas=['./colcon.meta'], base_paths=['.'], packages_ignore=None, packages_ignore_regex=None, paths=None, packages_up_to=None, packages_up_to_regex=None, packages_above=None, packages_above_and_dependencies=None, packages_above_depth=None, packages_select_by_dep=None, packages_skip_by_dep=None, packages_skip_up_to=None, packages_select_build_failed=False, packages_skip_build_finished=False, packages_select_test_failures=False, packages_skip_test_passed=False, packages_select=None, packages_skip=None, packages_select_regex=None, packages_skip_regex=None, packages_start=None, packages_end=None, allow_overriding=[], cmake_args=None, cmake_target=None, cmake_target_skip_unavailable=False, cmake_clean_cache=False, cmake_clean_first=False, cmake_force_configure=False, ament_cmake_args=None, catkin_cmake_args=None, catkin_skip_building_tests=False, mixin_files=None, mixin=None, verb_parser=<colcon_mixin.mixin.mixin_argument.MixinArgumentDecorator object at 0x741f7eb77f50>, verb_extension=<colcon_core.verb.build.BuildVerb object at 0x741f7ecc40b0>, main=<bound method BuildVerb.main of <colcon_core.verb.build.BuildVerb object at 0x741f7ecc40b0>>, mixin_verb=('build',))
[0.191s] Level 1:colcon.colcon_core.package_discovery:discover_packages(colcon_meta) check parameters
[0.191s] Level 1:colcon.colcon_core.package_discovery:discover_packages(recursive) check parameters
[0.191s] Level 1:colcon.colcon_core.package_discovery:discover_packages(ignore) check parameters
[0.191s] Level 1:colcon.colcon_core.package_discovery:discover_packages(path) check parameters
[0.191s] Level 1:colcon.colcon_core.package_discovery:discover_packages(colcon_meta) discover
[0.192s] Level 1:colcon.colcon_core.package_discovery:discover_packages(recursive) discover
[0.192s] INFO:colcon.colcon_core.package_discovery:Crawling recursively for packages in '/home/ethan/crimp_ws'
[0.192s] Level 1:colcon.colcon_core.package_identification:_identify(.) by extensions ['ignore', 'ignore_ament_install']
[0.192s] Level 1:colcon.colcon_core.package_identification:_identify(.) by extension 'ignore'
[0.192s] Level 1:colcon.colcon_core.package_identification:_identify(.) by extension 'ignore_ament_install'
[0.192s] Level 1:colcon.colcon_core.package_identification:_identify(.) by extensions ['colcon_pkg']
[0.192s] Level 1:colcon.colcon_core.package_identification:_identify(.) by extension 'colcon_pkg'
[0.192s] Level 1:colcon.colcon_core.package_identification:_identify(.) by extensions ['colcon_meta']
[0.192s] Level 1:colcon.colcon_core.package_identification:_identify(.) by extension 'colcon_meta'
[0.192s] Level 1:colcon.colcon_core.package_identification:_identify(.) by extensions ['ros']
[0.192s] Level 1:colcon.colcon_core.package_identification:_identify(.) by extension 'ros'
[0.221s] Level 1:colcon.colcon_core.package_identification:_identify(.) by extensions ['cmake', 'python']
[0.221s] Level 1:colcon.colcon_core.package_identification:_identify(.) by extension 'cmake'
[0.221s] Level 1:colcon.colcon_core.package_identification:_identify(.) by extension 'python'
[0.221s] Level 1:colcon.colcon_core.package_identification:_identify(.) by extensions ['python_setup_py']
[0.221s] Level 1:colcon.colcon_core.package_identification:_identify(.) by extension 'python_setup_py'
[0.221s] Level 1:colcon.colcon_core.package_identification:_identify(build) by extensions ['ignore', 'ignore_ament_install']
[0.221s] Level 1:colcon.colcon_core.package_identification:_identify(build) by extension 'ignore'
[0.222s] Level 1:colcon.colcon_core.package_identification:_identify(build) ignored
[0.222s] Level 1:colcon.colcon_core.package_identification:_identify(install) by extensions ['ignore', 'ignore_ament_install']
[0.222s] Level 1:colcon.colcon_core.package_identification:_identify(install) by extension 'ignore'
[0.222s] Level 1:colcon.colcon_core.package_identification:_identify(install) ignored
[0.222s] Level 1:colcon.colcon_core.package_identification:_identify(log) by extensions ['ignore', 'ignore_ament_install']
[0.222s] Level 1:colcon.colcon_core.package_identification:_identify(log) by extension 'ignore'
[0.222s] Level 1:colcon.colcon_core.package_identification:_identify(log) ignored
[0.222s] Level 1:colcon.colcon_core.package_identification:_identify(src) by extensions ['ignore', 'ignore_ament_install']
[0.222s] Level 1:colcon.colcon_core.package_identification:_identify(src) by extension 'ignore'
[0.222s] Level 1:colcon.colcon_core.package_identification:_identify(src) by extension 'ignore_ament_install'
[0.222s] Level 1:colcon.colcon_core.package_identification:_identify(src) by extensions ['colcon_pkg']
[0.222s] Level 1:colcon.colcon_core.package_identification:_identify(src) by extension 'colcon_pkg'
[0.222s] Level 1:colcon.colcon_core.package_identification:_identify(src) by extensions ['colcon_meta']
[0.223s] Level 1:colcon.colcon_core.package_identification:_identify(src) by extension 'colcon_meta'
[0.223s] Level 1:colcon.colcon_core.package_identification:_identify(src) by extensions ['ros']
[0.223s] Level 1:colcon.colcon_core.package_identification:_identify(src) by extension 'ros'
[0.223s] Level 1:colcon.colcon_core.package_identification:_identify(src) by extensions ['cmake', 'python']
[0.223s] Level 1:colcon.colcon_core.package_identification:_identify(src) by extension 'cmake'
[0.223s] Level 1:colcon.colcon_core.package_identification:_identify(src) by extension 'python'
[0.223s] Level 1:colcon.colcon_core.package_identification:_identify(src) by extensions ['python_setup_py']
[0.223s] Level 1:colcon.colcon_core.package_identification:_identify(src) by extension 'python_setup_py'
[0.223s] Level 1:colcon.colcon_core.package_identification:_identify(src/examples) by extensions ['ignore', 'ignore_ament_install']
[0.223s] Level 1:colcon.colcon_core.package_identification:_identify(src/examples) by extension 'ignore'
[0.223s] Level 1:colcon.colcon_core.package_identification:_identify(src/examples) by extension 'ignore_ament_install'
[0.223s] Level 1:colcon.colcon_core.package_identification:_identify(src/examples) by extensions ['colcon_pkg']
[0.223s] Level 1:colcon.colcon_core.package_identification:_identify(src/examples) by extension 'colcon_pkg'
[0.223s] Level 1:colcon.colcon_core.package_identification:_identify(src/examples) by extensions ['colcon_meta']
[0.223s] Level 1:colcon.colcon_core.package_identification:_identify(src/examples) by extension 'colcon_meta'
[0.223s] Level 1:colcon.colcon_core.package_identification:_identify(src/examples) by extensions ['ros']
[0.223s] Level 1:colcon.colcon_core.package_identification:_identify(src/examples) by extension 'ros'
[0.226s] DEBUG:colcon.colcon_core.package_identification:Package 'src/examples' with type 'ros.ament_cmake' and name 'examples'
[0.226s] Level 1:colcon.colcon_core.package_discovery:discover_packages(recursive) using defaults
[0.226s] Level 1:colcon.colcon_core.package_discovery:discover_packages(ignore) discover
[0.226s] Level 1:colcon.colcon_core.package_discovery:discover_packages(ignore) using defaults
[0.226s] Level 1:colcon.colcon_core.package_discovery:discover_packages(path) discover
[0.226s] Level 1:colcon.colcon_core.package_discovery:discover_packages(path) using defaults
[0.245s] Level 1:colcon.colcon_core.package_discovery:discover_packages(prefix_path) check parameters
[0.245s] Level 1:colcon.colcon_core.package_discovery:discover_packages(prefix_path) discover
[0.246s] WARNING:colcon.colcon_core.prefix_path.colcon:The path '/home/ethan/ros2_ws/install' in the environment variable COLCON_PREFIX_PATH doesn't exist
[0.247s] WARNING:colcon.colcon_ros.prefix_path.ament:The path '/home/ethan/ros2_ws/install/turtlesim' in the environment variable AMENT_PREFIX_PATH doesn't exist
[0.247s] WARNING:colcon.colcon_ros.prefix_path.catkin:The path '/home/ethan/ros2_ws/install/turtlesim' in the environment variable CMAKE_PREFIX_PATH doesn't exist
[0.248s] DEBUG:colcon.colcon_installed_package_information.package_discovery:Found 1 installed packages in /home/ethan/crimp_ws/install
[0.249s] DEBUG:colcon.colcon_installed_package_information.package_discovery:Found 3 installed packages in /home/ethan/ros2_tutorial_ws/install
[0.253s] DEBUG:colcon.colcon_installed_package_information.package_discovery:Found 318 installed packages in /opt/ros/jazzy
[0.255s] Level 1:colcon.colcon_core.package_discovery:discover_packages(prefix_path) using defaults
[0.315s] Level 5:colcon.colcon_core.verb:set package 'examples' build argument 'cmake_args' from command line to 'None'
[0.315s] Level 5:colcon.colcon_core.verb:set package 'examples' build argument 'cmake_target' from command line to 'None'
[0.315s] Level 5:colcon.colcon_core.verb:set package 'examples' build argument 'cmake_target_skip_unavailable' from command line to 'False'
[0.315s] Level 5:colcon.colcon_core.verb:set package 'examples' build argument 'cmake_clean_cache' from command line to 'False'
[0.315s] Level 5:colcon.colcon_core.verb:set package 'examples' build argument 'cmake_clean_first' from command line to 'False'
[0.315s] Level 5:colcon.colcon_core.verb:set package 'examples' build argument 'cmake_force_configure' from command line to 'False'
[0.315s] Level 5:colcon.colcon_core.verb:set package 'examples' build argument 'ament_cmake_args' from command line to 'None'
[0.315s] Level 5:colcon.colcon_core.verb:set package 'examples' build argument 'catkin_cmake_args' from command line to 'None'
[0.315s] Level 5:colcon.colcon_core.verb:set package 'examples' build argument 'catkin_skip_building_tests' from command line to 'False'
[0.315s] DEBUG:colcon.colcon_core.verb:Building package 'examples' with the following arguments: {'ament_cmake_args': None, 'build_base': '/home/ethan/crimp_ws/build/examples', 'catkin_cmake_args': None, 'catkin_skip_building_tests': False, 'cmake_args': None, 'cmake_clean_cache': False, 'cmake_clean_first': False, 'cmake_force_configure': False, 'cmake_target': None, 'cmake_target_skip_unavailable': False, 'install_base': '/home/ethan/crimp_ws/install/examples', 'merge_install': False, 'path': '/home/ethan/crimp_ws/src/examples', 'symlink_install': False, 'test_result_base': None}
[0.315s] INFO:colcon.colcon_core.executor:Executing jobs using 'parallel' executor
[0.317s] DEBUG:colcon.colcon_parallel_executor.executor.parallel:run_until_complete
[0.317s] INFO:colcon.colcon_ros.task.ament_cmake.build:Building ROS package in '/home/ethan/crimp_ws/src/examples' with build type 'ament_cmake'
[0.317s] INFO:colcon.colcon_cmake.task.cmake.build:Building CMake package in '/home/ethan/crimp_ws/src/examples'
[0.321s] INFO:colcon.colcon_core.plugin_system:Skipping extension 'colcon_core.shell.bat': Not used on non-Windows systems
[0.321s] INFO:colcon.colcon_core.shell:Skip shell extension 'powershell' for command environment: Not usable outside of PowerShell
[0.321s] DEBUG:colcon.colcon_core.shell:Skip shell extension 'dsv' for command environment
[0.336s] DEBUG:colcon.colcon_core.event_handler.log_command:Invoking command in '/home/ethan/crimp_ws/build/examples': CMAKE_PREFIX_PATH=${CMAKE_PREFIX_PATH}:/opt/ros/jazzy DEBUGINFOD_URLS=https://debuginfod.ubuntu.com /usr/bin/cmake /home/ethan/crimp_ws/src/examples -DCMAKE_INSTALL_PREFIX=/home/ethan/crimp_ws/install/examples
[2.247s] DEBUG:colcon.colcon_core.event_handler.log_command:Invoked command in '/home/ethan/crimp_ws/build/examples' returned '0': CMAKE_PREFIX_PATH=${CMAKE_PREFIX_PATH}:/opt/ros/jazzy DEBUGINFOD_URLS=https://debuginfod.ubuntu.com /usr/bin/cmake /home/ethan/crimp_ws/src/examples -DCMAKE_INSTALL_PREFIX=/home/ethan/crimp_ws/install/examples
[2.250s] DEBUG:colcon.colcon_core.event_handler.log_command:Invoking command in '/home/ethan/crimp_ws/build/examples': CMAKE_PREFIX_PATH=${CMAKE_PREFIX_PATH}:/opt/ros/jazzy DEBUGINFOD_URLS=https://debuginfod.ubuntu.com /usr/bin/cmake --build /home/ethan/crimp_ws/build/examples -- -j8 -l8
[13.247s] DEBUG:colcon.colcon_core.event_handler.log_command:Invoked command in '/home/ethan/crimp_ws/build/examples' returned '0': CMAKE_PREFIX_PATH=${CMAKE_PREFIX_PATH}:/opt/ros/jazzy DEBUGINFOD_URLS=https://debuginfod.ubuntu.com /usr/bin/cmake --build /home/ethan/crimp_ws/build/examples -- -j8 -l8
[13.276s] DEBUG:colcon.colcon_core.event_handler.log_command:Invoking command in '/home/ethan/crimp_ws/build/examples': CMAKE_PREFIX_PATH=${CMAKE_PREFIX_PATH}:/opt/ros/jazzy DEBUGINFOD_URLS=https://debuginfod.ubuntu.com /usr/bin/cmake --install /home/ethan/crimp_ws/build/examples
[13.307s] Level 1:colcon.colcon_core.environment:create_environment_scripts_only(examples)
[13.308s] DEBUG:colcon.colcon_core.event_handler.log_command:Invoked command in '/home/ethan/crimp_ws/build/examples' returned '0': CMAKE_PREFIX_PATH=${CMAKE_PREFIX_PATH}:/opt/ros/jazzy DEBUGINFOD_URLS=https://debuginfod.ubuntu.com /usr/bin/cmake --install /home/ethan/crimp_ws/build/examples
[13.315s] Level 1:colcon.colcon_core.environment:checking '/home/ethan/crimp_ws/install/examples' for CMake module files
[13.317s] Level 1:colcon.colcon_core.environment:checking '/home/ethan/crimp_ws/install/examples' for CMake config files
[13.318s] Level 1:colcon.colcon_core.shell:create_environment_hook('examples', 'cmake_prefix_path')
[13.318s] INFO:colcon.colcon_core.shell:Creating environment hook '/home/ethan/crimp_ws/install/examples/share/examples/hook/cmake_prefix_path.ps1'
[13.320s] INFO:colcon.colcon_core.shell:Creating environment descriptor '/home/ethan/crimp_ws/install/examples/share/examples/hook/cmake_prefix_path.dsv'
[13.322s] INFO:colcon.colcon_core.shell:Creating environment hook '/home/ethan/crimp_ws/install/examples/share/examples/hook/cmake_prefix_path.sh'
[13.324s] Level 1:colcon.colcon_core.environment:checking '/home/ethan/crimp_ws/install/examples/lib'
[13.324s] Level 1:colcon.colcon_core.environment:checking '/home/ethan/crimp_ws/install/examples/bin'
[13.325s] Level 1:colcon.colcon_core.environment:checking '/home/ethan/crimp_ws/install/examples/lib/pkgconfig/examples.pc'
[13.325s] Level 1:colcon.colcon_core.environment:checking '/home/ethan/crimp_ws/install/examples/lib/python3.12/site-packages'
[13.326s] Level 1:colcon.colcon_core.environment:checking '/home/ethan/crimp_ws/install/examples/bin'
[13.327s] INFO:colcon.colcon_core.shell:Creating package script '/home/ethan/crimp_ws/install/examples/share/examples/package.ps1'
[13.329s] INFO:colcon.colcon_core.shell:Creating package descriptor '/home/ethan/crimp_ws/install/examples/share/examples/package.dsv'
[13.330s] INFO:colcon.colcon_core.shell:Creating package script '/home/ethan/crimp_ws/install/examples/share/examples/package.sh'
[13.332s] INFO:colcon.colcon_core.shell:Creating package script '/home/ethan/crimp_ws/install/examples/share/examples/package.bash'
[13.334s] INFO:colcon.colcon_core.shell:Creating package script '/home/ethan/crimp_ws/install/examples/share/examples/package.zsh'
[13.336s] Level 1:colcon.colcon_core.environment:create_file_with_runtime_dependencies(/home/ethan/crimp_ws/install/examples/share/colcon-core/packages/examples)
[13.338s] Level 1:colcon.colcon_core.environment:create_environment_scripts_only(examples)
[13.339s] Level 1:colcon.colcon_core.environment:checking '/home/ethan/crimp_ws/install/examples' for CMake module files
[13.341s] Level 1:colcon.colcon_core.environment:checking '/home/ethan/crimp_ws/install/examples' for CMake config files
[13.342s] Level 1:colcon.colcon_core.shell:create_environment_hook('examples', 'cmake_prefix_path')
[13.342s] INFO:colcon.colcon_core.shell:Creating environment hook '/home/ethan/crimp_ws/install/examples/share/examples/hook/cmake_prefix_path.ps1'
[13.343s] INFO:colcon.colcon_core.shell:Creating environment descriptor '/home/ethan/crimp_ws/install/examples/share/examples/hook/cmake_prefix_path.dsv'
[13.344s] INFO:colcon.colcon_core.shell:Creating environment hook '/home/ethan/crimp_ws/install/examples/share/examples/hook/cmake_prefix_path.sh'
[13.346s] Level 1:colcon.colcon_core.environment:checking '/home/ethan/crimp_ws/install/examples/lib'
[13.346s] Level 1:colcon.colcon_core.environment:checking '/home/ethan/crimp_ws/install/examples/bin'
[13.347s] Level 1:colcon.colcon_core.environment:checking '/home/ethan/crimp_ws/install/examples/lib/pkgconfig/examples.pc'
[13.347s] Level 1:colcon.colcon_core.environment:checking '/home/ethan/crimp_ws/install/examples/lib/python3.12/site-packages'
[13.348s] Level 1:colcon.colcon_core.environment:checking '/home/ethan/crimp_ws/install/examples/bin'
[13.348s] INFO:colcon.colcon_core.shell:Creating package script '/home/ethan/crimp_ws/install/examples/share/examples/package.ps1'
[13.350s] INFO:colcon.colcon_core.shell:Creating package descriptor '/home/ethan/crimp_ws/install/examples/share/examples/package.dsv'
[13.351s] INFO:colcon.colcon_core.shell:Creating package script '/home/ethan/crimp_ws/install/examples/share/examples/package.sh'
[13.353s] INFO:colcon.colcon_core.shell:Creating package script '/home/ethan/crimp_ws/install/examples/share/examples/package.bash'
[13.354s] INFO:colcon.colcon_core.shell:Creating package script '/home/ethan/crimp_ws/install/examples/share/examples/package.zsh'
[13.355s] Level 1:colcon.colcon_core.environment:create_file_with_runtime_dependencies(/home/ethan/crimp_ws/install/examples/share/colcon-core/packages/examples)
[13.356s] DEBUG:colcon.colcon_parallel_executor.executor.parallel:closing loop
[13.357s] DEBUG:colcon.colcon_parallel_executor.executor.parallel:loop closed
[13.357s] DEBUG:colcon.colcon_parallel_executor.executor.parallel:run_until_complete finished with '0'
[13.357s] DEBUG:colcon.colcon_core.event_reactor:joining thread
[13.371s] INFO:colcon.colcon_core.plugin_system:Skipping extension 'colcon_notification.desktop_notification.terminal_notifier': Not used on non-Darwin systems
[13.372s] INFO:colcon.colcon_core.plugin_system:Skipping extension 'colcon_notification.desktop_notification.win32': Not used on non-Windows systems
[13.372s] INFO:colcon.colcon_notification.desktop_notification:Sending desktop notification using 'notify2'
[13.412s] DEBUG:colcon.colcon_core.event_reactor:joined thread
[13.412s] INFO:colcon.colcon_core.shell:Creating prefix script '/home/ethan/crimp_ws/install/local_setup.ps1'
[13.414s] INFO:colcon.colcon_core.shell:Creating prefix util module '/home/ethan/crimp_ws/install/_local_setup_util_ps1.py'
[13.416s] INFO:colcon.colcon_core.shell:Creating prefix chain script '/home/ethan/crimp_ws/install/setup.ps1'
[13.418s] INFO:colcon.colcon_core.shell:Creating prefix script '/home/ethan/crimp_ws/install/local_setup.sh'
[13.419s] INFO:colcon.colcon_core.shell:Creating prefix util module '/home/ethan/crimp_ws/install/_local_setup_util_sh.py'
[13.420s] INFO:colcon.colcon_core.shell:Creating prefix chain script '/home/ethan/crimp_ws/install/setup.sh'
[13.422s] INFO:colcon.colcon_core.shell:Creating prefix script '/home/ethan/crimp_ws/install/local_setup.bash'
[13.423s] INFO:colcon.colcon_core.shell:Creating prefix chain script '/home/ethan/crimp_ws/install/setup.bash'
[13.424s] INFO:colcon.colcon_core.shell:Creating prefix script '/home/ethan/crimp_ws/install/local_setup.zsh'
[13.424s] INFO:colcon.colcon_core.shell:Creating prefix chain script '/home/ethan/crimp_ws/install/setup.zsh'
