[0.018s] Invoking command in '/home/ethan/crimp_ws/build/examples': CMAKE_PREFIX_PATH=${CMAKE_PREFIX_PATH}:/opt/ros/jazzy DEBUGINFOD_URLS=https://debuginfod.ubuntu.com /usr/bin/cmake /home/ethan/crimp_ws/src/examples -DCMAKE_INSTALL_PREFIX=/home/ethan/crimp_ws/install/examples
[0.133s] -- The C compiler identification is GNU 13.3.0
[0.261s] -- The CXX compiler identification is GNU 13.3.0
[0.305s] -- Detecting C compiler ABI info
[0.483s] -- Detecting C compiler ABI info - done
[0.496s] -- Check for working C compiler: /usr/bin/cc - skipped
[0.496s] -- Detecting C compile features
[0.497s] -- Detecting C compile features - done
[0.516s] -- Detecting CXX compiler ABI info
[0.697s] -- Detecting CXX compiler ABI info - done
[0.710s] -- Check for working CXX compiler: /usr/bin/c++ - skipped
[0.711s] -- Detecting CXX compile features
[0.711s] -- Detecting CXX compile features - done
[0.726s] -- Found ament_cmake: 2.5.3 (/opt/ros/jazzy/share/ament_cmake/cmake)
[0.953s] -- Found Python3: /usr/bin/python3 (found version "3.12.3") found components: Interpreter 
[1.132s] -- Found rclcpp: 28.1.8 (/opt/ros/jazzy/share/rclcpp/cmake)
[1.189s] -- Found rosidl_generator_c: 4.6.5 (/opt/ros/jazzy/share/rosidl_generator_c/cmake)
[1.210s] -- Found rosidl_generator_cpp: 4.6.5 (/opt/ros/jazzy/share/rosidl_generator_cpp/cmake)
[1.234s] -- Using all available rosidl_typesupport_c: rosidl_typesupport_fastrtps_c;rosidl_typesupport_introspection_c
[1.260s] -- Using all available rosidl_typesupport_cpp: rosidl_typesupport_fastrtps_cpp;rosidl_typesupport_introspection_cpp
[1.368s] -- Found rmw_implementation_cmake: 7.3.2 (/opt/ros/jazzy/share/rmw_implementation_cmake/cmake)
[1.373s] -- Found rmw_fastrtps_cpp: 8.4.2 (/opt/ros/jazzy/share/rmw_fastrtps_cpp/cmake)
[1.526s] -- Found OpenSSL: /usr/lib/x86_64-linux-gnu/libcrypto.so (found version "3.0.13")  
[1.552s] -- Found FastRTPS: /opt/ros/jazzy/include (Required is at least version "2.13") 
[1.584s] -- Using RMW implementation 'rmw_fastrtps_cpp' as default
[1.684s] -- Found std_msgs: 5.3.6 (/opt/ros/jazzy/share/std_msgs/cmake)
[1.709s] -- Found ament_lint_auto: 0.17.2 (/opt/ros/jazzy/share/ament_lint_auto/cmake)
[1.876s] -- Added test 'cppcheck' to perform static code analysis on C / C++ code
[1.876s] -- Configured cppcheck include dirs: 
[1.877s] -- Configured cppcheck exclude dirs and/or files: 
[1.877s] -- Added test 'lint_cmake' to check CMake code style
[1.879s] -- Added test 'uncrustify' to check C / C++ code style
[1.880s] -- Configured uncrustify additional arguments: 
[1.880s] -- Added test 'xmllint' to check XML markup files
[1.883s] -- Configuring done (1.9s)
[1.905s] -- Generating done (0.0s)
[1.915s] -- Build files have been written to: /home/ethan/crimp_ws/build/examples
[1.928s] Invoked command in '/home/ethan/crimp_ws/build/examples' returned '0': CMAKE_PREFIX_PATH=${CMAKE_PREFIX_PATH}:/opt/ros/jazzy DEBUGINFOD_URLS=https://debuginfod.ubuntu.com /usr/bin/cmake /home/ethan/crimp_ws/src/examples -DCMAKE_INSTALL_PREFIX=/home/ethan/crimp_ws/install/examples
[1.931s] Invoking command in '/home/ethan/crimp_ws/build/examples': CMAKE_PREFIX_PATH=${CMAKE_PREFIX_PATH}:/opt/ros/jazzy DEBUGINFOD_URLS=https://debuginfod.ubuntu.com /usr/bin/cmake --build /home/ethan/crimp_ws/build/examples -- -j8 -l8
[2.033s] [ 16%] [32mBuilding CXX object CMakeFiles/listener.dir/src/simple_sub.cpp.o[0m
[2.034s] [ 33%] [32mBuilding CXX object CMakeFiles/talker.dir/src/simple_pub.cpp.o[0m
[2.036s] [ 50%] [32mBuilding CXX object CMakeFiles/pubsub.dir/src/simple_pubsub.cpp.o[0m
[8.088s] [ 66%] [32m[1mLinking CXX executable talker[0m
[8.388s] [ 66%] Built target talker
[12.148s] [ 83%] [32m[1mLinking CXX executable listener[0m
[12.522s] [100%] [32m[1mLinking CXX executable pubsub[0m
[12.584s] [100%] Built target listener
[12.910s] [100%] Built target pubsub
[12.929s] Invoked command in '/home/ethan/crimp_ws/build/examples' returned '0': CMAKE_PREFIX_PATH=${CMAKE_PREFIX_PATH}:/opt/ros/jazzy DEBUGINFOD_URLS=https://debuginfod.ubuntu.com /usr/bin/cmake --build /home/ethan/crimp_ws/build/examples -- -j8 -l8
[12.957s] Invoking command in '/home/ethan/crimp_ws/build/examples': CMAKE_PREFIX_PATH=${CMAKE_PREFIX_PATH}:/opt/ros/jazzy DEBUGINFOD_URLS=https://debuginfod.ubuntu.com /usr/bin/cmake --install /home/ethan/crimp_ws/build/examples
[12.968s] -- Install configuration: ""
[12.969s] -- Installing: /home/ethan/crimp_ws/install/examples/lib/examples/talker
[12.970s] -- Set non-toolchain portion of runtime path of "/home/ethan/crimp_ws/install/examples/lib/examples/talker" to ""
[12.971s] -- Installing: /home/ethan/crimp_ws/install/examples/lib/examples/listener
[12.976s] -- Set non-toolchain portion of runtime path of "/home/ethan/crimp_ws/install/examples/lib/examples/listener" to ""
[12.977s] -- Installing: /home/ethan/crimp_ws/install/examples/lib/examples/pubsub
[12.982s] -- Set non-toolchain portion of runtime path of "/home/ethan/crimp_ws/install/examples/lib/examples/pubsub" to ""
[12.983s] -- Installing: /home/ethan/crimp_ws/install/examples/share/ament_index/resource_index/package_run_dependencies/examples
[12.983s] -- Installing: /home/ethan/crimp_ws/install/examples/share/ament_index/resource_index/parent_prefix_path/examples
[12.984s] -- Installing: /home/ethan/crimp_ws/install/examples/share/examples/environment/ament_prefix_path.sh
[12.984s] -- Installing: /home/ethan/crimp_ws/install/examples/share/examples/environment/ament_prefix_path.dsv
[12.984s] -- Installing: /home/ethan/crimp_ws/install/examples/share/examples/environment/path.sh
[12.985s] -- Installing: /home/ethan/crimp_ws/install/examples/share/examples/environment/path.dsv
[12.985s] -- Installing: /home/ethan/crimp_ws/install/examples/share/examples/local_setup.bash
[12.986s] -- Installing: /home/ethan/crimp_ws/install/examples/share/examples/local_setup.sh
[12.986s] -- Installing: /home/ethan/crimp_ws/install/examples/share/examples/local_setup.zsh
[12.986s] -- Installing: /home/ethan/crimp_ws/install/examples/share/examples/local_setup.dsv
[12.986s] -- Installing: /home/ethan/crimp_ws/install/examples/share/examples/package.dsv
[12.987s] -- Installing: /home/ethan/crimp_ws/install/examples/share/ament_index/resource_index/packages/examples
[12.987s] -- Installing: /home/ethan/crimp_ws/install/examples/share/examples/cmake/examplesConfig.cmake
[12.987s] -- Installing: /home/ethan/crimp_ws/install/examples/share/examples/cmake/examplesConfig-version.cmake
[12.988s] -- Installing: /home/ethan/crimp_ws/install/examples/share/examples/package.xml
[12.989s] Invoked command in '/home/ethan/crimp_ws/build/examples' returned '0': CMAKE_PREFIX_PATH=${CMAKE_PREFIX_PATH}:/opt/ros/jazzy DEBUGINFOD_URLS=https://debuginfod.ubuntu.com /usr/bin/cmake --install /home/ethan/crimp_ws/build/examples
