[1.526s] Invoking command in '/home/andy/CRIMP/src/crimp_python': PYTHONPATH=/home/andy/CRIMP/build/crimp_python/prefix_override:/usr/local/lib/python3.12/dist-packages/colcon_core/task/python/colcon_distutils_commands:/home/andy/CRIMP/install/crimp_python/lib/python3.12/site-packages:${PYTHONPATH} /usr/bin/python3 -W ignore:setup.py install is deprecated -W ignore:easy_install command is deprecated setup.py egg_info --egg-base ../../build/crimp_python build --build-base /home/andy/CRIMP/build/crimp_python/build install --record /home/andy/CRIMP/build/crimp_python/install.log --single-version-externally-managed install_data
[1.952s] running egg_info
[1.977s] writing ../../build/crimp_python/crimp_python.egg-info/PKG-INFO
[1.977s] writing dependency_links to ../../build/crimp_python/crimp_python.egg-info/dependency_links.txt
[1.978s] writing entry points to ../../build/crimp_python/crimp_python.egg-info/entry_points.txt
[1.978s] writing requirements to ../../build/crimp_python/crimp_python.egg-info/requires.txt
[1.979s] writing top-level names to ../../build/crimp_python/crimp_python.egg-info/top_level.txt
[2.031s] reading manifest file '../../build/crimp_python/crimp_python.egg-info/SOURCES.txt'
[2.031s] adding license file 'LICENSE'
[2.032s] writing manifest file '../../build/crimp_python/crimp_python.egg-info/SOURCES.txt'
[2.033s] running build
[2.033s] running build_py
[2.033s] running install
[2.047s] running install_lib
[2.074s] running install_data
[2.075s] running install_egg_info
[2.103s] removing '/home/andy/CRIMP/install/crimp_python/lib/python3.12/site-packages/crimp_python-0.0.0-py3.12.egg-info' (and everything under it)
[2.104s] Copying ../../build/crimp_python/crimp_python.egg-info to /home/andy/CRIMP/install/crimp_python/lib/python3.12/site-packages/crimp_python-0.0.0-py3.12.egg-info
[2.106s] running install_scripts
[2.296s] Installing lidar script to /home/andy/CRIMP/install/crimp_python/lib/crimp_python
[2.297s] writing list of installed files to '/home/andy/CRIMP/build/crimp_python/install.log'
[2.397s] Invoked command in '/home/andy/CRIMP/src/crimp_python' returned '0': PYTHONPATH=/home/andy/CRIMP/build/crimp_python/prefix_override:/usr/local/lib/python3.12/dist-packages/colcon_core/task/python/colcon_distutils_commands:/home/andy/CRIMP/install/crimp_python/lib/python3.12/site-packages:${PYTHONPATH} /usr/bin/python3 -W ignore:setup.py install is deprecated -W ignore:easy_install command is deprecated setup.py egg_info --egg-base ../../build/crimp_python build --build-base /home/andy/CRIMP/build/crimp_python/build install --record /home/andy/CRIMP/build/crimp_python/install.log --single-version-externally-managed install_data
