[1.513s] Invoking command in '/home/ethan/crimp_ws/src/crimp_python': DEBUGINFOD_URLS=https://debuginfod.ubuntu.com PYTHONPATH=/home/ethan/crimp_ws/build/crimp_python/prefix_override:/usr/lib/python3/dist-packages/colcon_core/task/python/colcon_distutils_commands:/home/ethan/crimp_ws/install/crimp_python/lib/python3.12/site-packages:${PYTHONPATH} /usr/bin/python3 -W ignore:setup.py install is deprecated -W ignore:easy_install command is deprecated setup.py egg_info --egg-base ../../build/crimp_python build --build-base /home/ethan/crimp_ws/build/crimp_python/build install --record /home/ethan/crimp_ws/build/crimp_python/install.log --single-version-externally-managed install_data
[1.963s] running egg_info
[1.997s] writing ../../build/crimp_python/crimp_python.egg-info/PKG-INFO
[1.998s] writing dependency_links to ../../build/crimp_python/crimp_python.egg-info/dependency_links.txt
[1.998s] writing entry points to ../../build/crimp_python/crimp_python.egg-info/entry_points.txt
[1.999s] writing requirements to ../../build/crimp_python/crimp_python.egg-info/requires.txt
[1.999s] writing top-level names to ../../build/crimp_python/crimp_python.egg-info/top_level.txt
[2.067s] reading manifest file '../../build/crimp_python/crimp_python.egg-info/SOURCES.txt'
[2.067s] adding license file 'LICENSE'
[2.068s] writing manifest file '../../build/crimp_python/crimp_python.egg-info/SOURCES.txt'
[2.069s] running build
[2.069s] running build_py
[2.069s] running install
[2.078s] running install_lib
[2.114s] running install_data
[2.114s] running install_egg_info
[2.151s] removing '/home/ethan/crimp_ws/install/crimp_python/lib/python3.12/site-packages/crimp_python-0.0.0-py3.12.egg-info' (and everything under it)
[2.151s] Copying ../../build/crimp_python/crimp_python.egg-info to /home/ethan/crimp_ws/install/crimp_python/lib/python3.12/site-packages/crimp_python-0.0.0-py3.12.egg-info
[2.153s] running install_scripts
[2.380s] Installing lidar script to /home/ethan/crimp_ws/install/crimp_python/lib/crimp_python
[2.385s] writing list of installed files to '/home/ethan/crimp_ws/build/crimp_python/install.log'
[2.451s] Invoked command in '/home/ethan/crimp_ws/src/crimp_python' returned '0': DEBUGINFOD_URLS=https://debuginfod.ubuntu.com PYTHONPATH=/home/ethan/crimp_ws/build/crimp_python/prefix_override:/usr/lib/python3/dist-packages/colcon_core/task/python/colcon_distutils_commands:/home/ethan/crimp_ws/install/crimp_python/lib/python3.12/site-packages:${PYTHONPATH} /usr/bin/python3 -W ignore:setup.py install is deprecated -W ignore:easy_install command is deprecated setup.py egg_info --egg-base ../../build/crimp_python build --build-base /home/ethan/crimp_ws/build/crimp_python/build install --record /home/ethan/crimp_ws/build/crimp_python/install.log --single-version-externally-managed install_data
