[1.459s] Invoking command in '/home/andy/CRIMP/src/crimp_python': PYTHONPATH=/home/andy/CRIMP/build/crimp_python/prefix_override:/usr/local/lib/python3.12/dist-packages/colcon_core/task/python/colcon_distutils_commands:/home/andy/CRIMP/install/crimp_python/lib/python3.12/site-packages:${PYTHONPATH} /usr/bin/python3 -W ignore:setup.py install is deprecated -W ignore:easy_install command is deprecated setup.py egg_info --egg-base ../../build/crimp_python build --build-base /home/andy/CRIMP/build/crimp_python/build install --record /home/andy/CRIMP/build/crimp_python/install.log --single-version-externally-managed install_data
[1.874s] running egg_info
[1.900s] writing ../../build/crimp_python/crimp_python.egg-info/PKG-INFO
[1.900s] writing dependency_links to ../../build/crimp_python/crimp_python.egg-info/dependency_links.txt
[1.900s] writing entry points to ../../build/crimp_python/crimp_python.egg-info/entry_points.txt
[1.901s] writing requirements to ../../build/crimp_python/crimp_python.egg-info/requires.txt
[1.901s] writing top-level names to ../../build/crimp_python/crimp_python.egg-info/top_level.txt
[1.953s] reading manifest file '../../build/crimp_python/crimp_python.egg-info/SOURCES.txt'
[1.953s] adding license file 'LICENSE'
[1.954s] writing manifest file '../../build/crimp_python/crimp_python.egg-info/SOURCES.txt'
[1.955s] running build
[1.955s] running build_py
[1.955s] running install
[1.969s] running install_lib
[1.996s] running install_data
[1.996s] running install_egg_info
[2.024s] removing '/home/andy/CRIMP/install/crimp_python/lib/python3.12/site-packages/crimp_python-0.0.0-py3.12.egg-info' (and everything under it)
[2.025s] Copying ../../build/crimp_python/crimp_python.egg-info to /home/andy/CRIMP/install/crimp_python/lib/python3.12/site-packages/crimp_python-0.0.0-py3.12.egg-info
[2.027s] running install_scripts
[2.210s] Installing lidar script to /home/andy/CRIMP/install/crimp_python/lib/crimp_python
[2.210s] writing list of installed files to '/home/andy/CRIMP/build/crimp_python/install.log'
[2.297s] Invoked command in '/home/andy/CRIMP/src/crimp_python' returned '0': PYTHONPATH=/home/andy/CRIMP/build/crimp_python/prefix_override:/usr/local/lib/python3.12/dist-packages/colcon_core/task/python/colcon_distutils_commands:/home/andy/CRIMP/install/crimp_python/lib/python3.12/site-packages:${PYTHONPATH} /usr/bin/python3 -W ignore:setup.py install is deprecated -W ignore:easy_install command is deprecated setup.py egg_info --egg-base ../../build/crimp_python build --build-base /home/andy/CRIMP/build/crimp_python/build install --record /home/andy/CRIMP/build/crimp_python/install.log --single-version-externally-managed install_data
