[0.196s] DEBUG:colcon:Command line arguments: ['/usr/bin/colcon', 'build']
[0.196s] DEBUG:colcon:Parsed command line arguments: Namespace(log_base=None, log_level=None, verb_name='build', build_base='build', install_base='install', merge_install=False, symlink_install=False, test_result_base=None, continue_on_error=False, executor='parallel', parallel_workers=8, event_handlers=None, ignore_user_meta=False, metas=['./colcon.meta'], base_paths=['.'], packages_ignore=None, packages_ignore_regex=None, paths=None, packages_up_to=None, packages_up_to_regex=None, packages_above=None, packages_above_and_dependencies=None, packages_above_depth=None, packages_select_by_dep=None, packages_skip_by_dep=None, packages_skip_up_to=None, packages_select_build_failed=False, packages_skip_build_finished=False, packages_select_test_failures=False, packages_skip_test_passed=False, packages_select=None, packages_skip=None, packages_select_regex=None, packages_skip_regex=None, packages_start=None, packages_end=None, allow_overriding=[], cmake_args=None, cmake_target=None, cmake_target_skip_unavailable=False, cmake_clean_cache=False, cmake_clean_first=False, cmake_force_configure=False, ament_cmake_args=None, catkin_cmake_args=None, catkin_skip_building_tests=False, mixin_files=None, mixin=None, verb_parser=<colcon_mixin.mixin.mixin_argument.MixinArgumentDecorator object at 0x7c8a0b5a4260>, verb_extension=<colcon_core.verb.build.BuildVerb object at 0x7c8a0b6cc380>, main=<bound method BuildVerb.main of <colcon_core.verb.build.BuildVerb object at 0x7c8a0b6cc380>>, mixin_verb=('build',))
[0.246s] Level 1:colcon.colcon_core.package_discovery:discover_packages(colcon_meta) check parameters
[0.246s] Level 1:colcon.colcon_core.package_discovery:discover_packages(recursive) check parameters
[0.246s] Level 1:colcon.colcon_core.package_discovery:discover_packages(ignore) check parameters
[0.246s] Level 1:colcon.colcon_core.package_discovery:discover_packages(path) check parameters
[0.246s] Level 1:colcon.colcon_core.package_discovery:discover_packages(colcon_meta) discover
[0.246s] Level 1:colcon.colcon_core.package_discovery:discover_packages(recursive) discover
[0.246s] INFO:colcon.colcon_core.package_discovery:Crawling recursively for packages in '/home/ethan/crimp_ws'
[0.246s] Level 1:colcon.colcon_core.package_identification:_identify(.) by extensions ['ignore', 'ignore_ament_install']
[0.246s] Level 1:colcon.colcon_core.package_identification:_identify(.) by extension 'ignore'
[0.246s] Level 1:colcon.colcon_core.package_identification:_identify(.) by extension 'ignore_ament_install'
[0.246s] Level 1:colcon.colcon_core.package_identification:_identify(.) by extensions ['colcon_pkg']
[0.246s] Level 1:colcon.colcon_core.package_identification:_identify(.) by extension 'colcon_pkg'
[0.247s] Level 1:colcon.colcon_core.package_identification:_identify(.) by extensions ['colcon_meta']
[0.247s] Level 1:colcon.colcon_core.package_identification:_identify(.) by extension 'colcon_meta'
[0.247s] Level 1:colcon.colcon_core.package_identification:_identify(.) by extensions ['ros']
[0.247s] Level 1:colcon.colcon_core.package_identification:_identify(.) by extension 'ros'
[0.287s] Level 1:colcon.colcon_core.package_identification:_identify(.) by extensions ['cmake', 'python']
[0.287s] Level 1:colcon.colcon_core.package_identification:_identify(.) by extension 'cmake'
[0.288s] Level 1:colcon.colcon_core.package_identification:_identify(.) by extension 'python'
[0.288s] Level 1:colcon.colcon_core.package_identification:_identify(.) by extensions ['python_setup_py']
[0.288s] Level 1:colcon.colcon_core.package_identification:_identify(.) by extension 'python_setup_py'
[0.288s] Level 1:colcon.colcon_core.package_identification:_identify(build) by extensions ['ignore', 'ignore_ament_install']
[0.288s] Level 1:colcon.colcon_core.package_identification:_identify(build) by extension 'ignore'
[0.288s] Level 1:colcon.colcon_core.package_identification:_identify(build) ignored
[0.289s] Level 1:colcon.colcon_core.package_identification:_identify(install) by extensions ['ignore', 'ignore_ament_install']
[0.289s] Level 1:colcon.colcon_core.package_identification:_identify(install) by extension 'ignore'
[0.289s] Level 1:colcon.colcon_core.package_identification:_identify(install) ignored
[0.289s] Level 1:colcon.colcon_core.package_identification:_identify(log) by extensions ['ignore', 'ignore_ament_install']
[0.289s] Level 1:colcon.colcon_core.package_identification:_identify(log) by extension 'ignore'
[0.289s] Level 1:colcon.colcon_core.package_identification:_identify(log) ignored
[0.289s] Level 1:colcon.colcon_core.package_identification:_identify(src) by extensions ['ignore', 'ignore_ament_install']
[0.290s] Level 1:colcon.colcon_core.package_identification:_identify(src) by extension 'ignore'
[0.290s] Level 1:colcon.colcon_core.package_identification:_identify(src) by extension 'ignore_ament_install'
[0.290s] Level 1:colcon.colcon_core.package_identification:_identify(src) by extensions ['colcon_pkg']
[0.290s] Level 1:colcon.colcon_core.package_identification:_identify(src) by extension 'colcon_pkg'
[0.290s] Level 1:colcon.colcon_core.package_identification:_identify(src) by extensions ['colcon_meta']
[0.290s] Level 1:colcon.colcon_core.package_identification:_identify(src) by extension 'colcon_meta'
[0.290s] Level 1:colcon.colcon_core.package_identification:_identify(src) by extensions ['ros']
[0.290s] Level 1:colcon.colcon_core.package_identification:_identify(src) by extension 'ros'
[0.290s] Level 1:colcon.colcon_core.package_identification:_identify(src) by extensions ['cmake', 'python']
[0.290s] Level 1:colcon.colcon_core.package_identification:_identify(src) by extension 'cmake'
[0.290s] Level 1:colcon.colcon_core.package_identification:_identify(src) by extension 'python'
[0.290s] Level 1:colcon.colcon_core.package_identification:_identify(src) by extensions ['python_setup_py']
[0.290s] Level 1:colcon.colcon_core.package_identification:_identify(src) by extension 'python_setup_py'
[0.291s] Level 1:colcon.colcon_core.package_identification:_identify(src/crimp_cpp) by extensions ['ignore', 'ignore_ament_install']
[0.291s] Level 1:colcon.colcon_core.package_identification:_identify(src/crimp_cpp) by extension 'ignore'
[0.291s] Level 1:colcon.colcon_core.package_identification:_identify(src/crimp_cpp) by extension 'ignore_ament_install'
[0.291s] Level 1:colcon.colcon_core.package_identification:_identify(src/crimp_cpp) by extensions ['colcon_pkg']
[0.291s] Level 1:colcon.colcon_core.package_identification:_identify(src/crimp_cpp) by extension 'colcon_pkg'
[0.291s] Level 1:colcon.colcon_core.package_identification:_identify(src/crimp_cpp) by extensions ['colcon_meta']
[0.291s] Level 1:colcon.colcon_core.package_identification:_identify(src/crimp_cpp) by extension 'colcon_meta'
[0.291s] Level 1:colcon.colcon_core.package_identification:_identify(src/crimp_cpp) by extensions ['ros']
[0.291s] Level 1:colcon.colcon_core.package_identification:_identify(src/crimp_cpp) by extension 'ros'
[0.296s] DEBUG:colcon.colcon_core.package_identification:Package 'src/crimp_cpp' with type 'ros.ament_cmake' and name 'crimp_cpp'
[0.296s] Level 1:colcon.colcon_core.package_identification:_identify(src/crimp_python) by extensions ['ignore', 'ignore_ament_install']
[0.296s] Level 1:colcon.colcon_core.package_identification:_identify(src/crimp_python) by extension 'ignore'
[0.296s] Level 1:colcon.colcon_core.package_identification:_identify(src/crimp_python) by extension 'ignore_ament_install'
[0.296s] Level 1:colcon.colcon_core.package_identification:_identify(src/crimp_python) by extensions ['colcon_pkg']
[0.296s] Level 1:colcon.colcon_core.package_identification:_identify(src/crimp_python) by extension 'colcon_pkg'
[0.296s] Level 1:colcon.colcon_core.package_identification:_identify(src/crimp_python) by extensions ['colcon_meta']
[0.296s] Level 1:colcon.colcon_core.package_identification:_identify(src/crimp_python) by extension 'colcon_meta'
[0.296s] Level 1:colcon.colcon_core.package_identification:_identify(src/crimp_python) by extensions ['ros']
[0.296s] Level 1:colcon.colcon_core.package_identification:_identify(src/crimp_python) by extension 'ros'
[0.297s] DEBUG:colcon.colcon_core.package_identification:Package 'src/crimp_python' with type 'ros.ament_python' and name 'crimp_python'
[0.298s] Level 1:colcon.colcon_core.package_identification:_identify(src/custom_msgs) by extensions ['ignore', 'ignore_ament_install']
[0.298s] Level 1:colcon.colcon_core.package_identification:_identify(src/custom_msgs) by extension 'ignore'
[0.298s] Level 1:colcon.colcon_core.package_identification:_identify(src/custom_msgs) by extension 'ignore_ament_install'
[0.298s] Level 1:colcon.colcon_core.package_identification:_identify(src/custom_msgs) by extensions ['colcon_pkg']
[0.298s] Level 1:colcon.colcon_core.package_identification:_identify(src/custom_msgs) by extension 'colcon_pkg'
[0.298s] Level 1:colcon.colcon_core.package_identification:_identify(src/custom_msgs) by extensions ['colcon_meta']
[0.298s] Level 1:colcon.colcon_core.package_identification:_identify(src/custom_msgs) by extension 'colcon_meta'
[0.298s] Level 1:colcon.colcon_core.package_identification:_identify(src/custom_msgs) by extensions ['ros']
[0.298s] Level 1:colcon.colcon_core.package_identification:_identify(src/custom_msgs) by extension 'ros'
[0.299s] DEBUG:colcon.colcon_core.package_identification:Package 'src/custom_msgs' with type 'ros.ament_cmake' and name 'custom_msgs'
[0.299s] Level 1:colcon.colcon_core.package_identification:_identify(src/examples_cpp) by extensions ['ignore', 'ignore_ament_install']
[0.299s] Level 1:colcon.colcon_core.package_identification:_identify(src/examples_cpp) by extension 'ignore'
[0.299s] Level 1:colcon.colcon_core.package_identification:_identify(src/examples_cpp) ignored
[0.300s] Level 1:colcon.colcon_core.package_identification:_identify(src/examples_python) by extensions ['ignore', 'ignore_ament_install']
[0.300s] Level 1:colcon.colcon_core.package_identification:_identify(src/examples_python) by extension 'ignore'
[0.300s] Level 1:colcon.colcon_core.package_identification:_identify(src/examples_python) ignored
[0.300s] Level 1:colcon.colcon_core.package_discovery:discover_packages(recursive) using defaults
[0.300s] Level 1:colcon.colcon_core.package_discovery:discover_packages(ignore) discover
[0.300s] Level 1:colcon.colcon_core.package_discovery:discover_packages(ignore) using defaults
[0.300s] Level 1:colcon.colcon_core.package_discovery:discover_packages(path) discover
[0.300s] Level 1:colcon.colcon_core.package_discovery:discover_packages(path) using defaults
[0.334s] Level 1:colcon.colcon_core.package_discovery:discover_packages(prefix_path) check parameters
[0.335s] Level 1:colcon.colcon_core.package_discovery:discover_packages(prefix_path) discover
[0.338s] DEBUG:colcon.colcon_installed_package_information.package_discovery:Found 3 installed packages in /home/ethan/crimp_ws/install
[0.340s] DEBUG:colcon.colcon_installed_package_information.package_discovery:Found 318 installed packages in /opt/ros/jazzy
[0.342s] Level 1:colcon.colcon_core.package_discovery:discover_packages(prefix_path) using defaults
[0.435s] Level 5:colcon.colcon_core.verb:set package 'crimp_python' build argument 'cmake_args' from command line to 'None'
[0.435s] Level 5:colcon.colcon_core.verb:set package 'crimp_python' build argument 'cmake_target' from command line to 'None'
[0.435s] Level 5:colcon.colcon_core.verb:set package 'crimp_python' build argument 'cmake_target_skip_unavailable' from command line to 'False'
[0.436s] Level 5:colcon.colcon_core.verb:set package 'crimp_python' build argument 'cmake_clean_cache' from command line to 'False'
[0.436s] Level 5:colcon.colcon_core.verb:set package 'crimp_python' build argument 'cmake_clean_first' from command line to 'False'
[0.436s] Level 5:colcon.colcon_core.verb:set package 'crimp_python' build argument 'cmake_force_configure' from command line to 'False'
[0.436s] Level 5:colcon.colcon_core.verb:set package 'crimp_python' build argument 'ament_cmake_args' from command line to 'None'
[0.436s] Level 5:colcon.colcon_core.verb:set package 'crimp_python' build argument 'catkin_cmake_args' from command line to 'None'
[0.436s] Level 5:colcon.colcon_core.verb:set package 'crimp_python' build argument 'catkin_skip_building_tests' from command line to 'False'
[0.436s] DEBUG:colcon.colcon_core.verb:Building package 'crimp_python' with the following arguments: {'ament_cmake_args': None, 'build_base': '/home/ethan/crimp_ws/build/crimp_python', 'catkin_cmake_args': None, 'catkin_skip_building_tests': False, 'cmake_args': None, 'cmake_clean_cache': False, 'cmake_clean_first': False, 'cmake_force_configure': False, 'cmake_target': None, 'cmake_target_skip_unavailable': False, 'install_base': '/home/ethan/crimp_ws/install/crimp_python', 'merge_install': False, 'path': '/home/ethan/crimp_ws/src/crimp_python', 'symlink_install': False, 'test_result_base': None}
[0.436s] Level 5:colcon.colcon_core.verb:set package 'custom_msgs' build argument 'cmake_args' from command line to 'None'
[0.436s] Level 5:colcon.colcon_core.verb:set package 'custom_msgs' build argument 'cmake_target' from command line to 'None'
[0.436s] Level 5:colcon.colcon_core.verb:set package 'custom_msgs' build argument 'cmake_target_skip_unavailable' from command line to 'False'
[0.436s] Level 5:colcon.colcon_core.verb:set package 'custom_msgs' build argument 'cmake_clean_cache' from command line to 'False'
[0.436s] Level 5:colcon.colcon_core.verb:set package 'custom_msgs' build argument 'cmake_clean_first' from command line to 'False'
[0.436s] Level 5:colcon.colcon_core.verb:set package 'custom_msgs' build argument 'cmake_force_configure' from command line to 'False'
[0.436s] Level 5:colcon.colcon_core.verb:set package 'custom_msgs' build argument 'ament_cmake_args' from command line to 'None'
[0.436s] Level 5:colcon.colcon_core.verb:set package 'custom_msgs' build argument 'catkin_cmake_args' from command line to 'None'
[0.436s] Level 5:colcon.colcon_core.verb:set package 'custom_msgs' build argument 'catkin_skip_building_tests' from command line to 'False'
[0.436s] DEBUG:colcon.colcon_core.verb:Building package 'custom_msgs' with the following arguments: {'ament_cmake_args': None, 'build_base': '/home/ethan/crimp_ws/build/custom_msgs', 'catkin_cmake_args': None, 'catkin_skip_building_tests': False, 'cmake_args': None, 'cmake_clean_cache': False, 'cmake_clean_first': False, 'cmake_force_configure': False, 'cmake_target': None, 'cmake_target_skip_unavailable': False, 'install_base': '/home/ethan/crimp_ws/install/custom_msgs', 'merge_install': False, 'path': '/home/ethan/crimp_ws/src/custom_msgs', 'symlink_install': False, 'test_result_base': None}
[0.437s] Level 5:colcon.colcon_core.verb:set package 'crimp_cpp' build argument 'cmake_args' from command line to 'None'
[0.437s] Level 5:colcon.colcon_core.verb:set package 'crimp_cpp' build argument 'cmake_target' from command line to 'None'
[0.437s] Level 5:colcon.colcon_core.verb:set package 'crimp_cpp' build argument 'cmake_target_skip_unavailable' from command line to 'False'
[0.437s] Level 5:colcon.colcon_core.verb:set package 'crimp_cpp' build argument 'cmake_clean_cache' from command line to 'False'
[0.437s] Level 5:colcon.colcon_core.verb:set package 'crimp_cpp' build argument 'cmake_clean_first' from command line to 'False'
[0.437s] Level 5:colcon.colcon_core.verb:set package 'crimp_cpp' build argument 'cmake_force_configure' from command line to 'False'
[0.437s] Level 5:colcon.colcon_core.verb:set package 'crimp_cpp' build argument 'ament_cmake_args' from command line to 'None'
[0.437s] Level 5:colcon.colcon_core.verb:set package 'crimp_cpp' build argument 'catkin_cmake_args' from command line to 'None'
[0.437s] Level 5:colcon.colcon_core.verb:set package 'crimp_cpp' build argument 'catkin_skip_building_tests' from command line to 'False'
[0.437s] DEBUG:colcon.colcon_core.verb:Building package 'crimp_cpp' with the following arguments: {'ament_cmake_args': None, 'build_base': '/home/ethan/crimp_ws/build/crimp_cpp', 'catkin_cmake_args': None, 'catkin_skip_building_tests': False, 'cmake_args': None, 'cmake_clean_cache': False, 'cmake_clean_first': False, 'cmake_force_configure': False, 'cmake_target': None, 'cmake_target_skip_unavailable': False, 'install_base': '/home/ethan/crimp_ws/install/crimp_cpp', 'merge_install': False, 'path': '/home/ethan/crimp_ws/src/crimp_cpp', 'symlink_install': False, 'test_result_base': None}
[0.437s] INFO:colcon.colcon_core.executor:Executing jobs using 'parallel' executor
[0.438s] DEBUG:colcon.colcon_parallel_executor.executor.parallel:run_until_complete
[0.439s] INFO:colcon.colcon_ros.task.ament_cmake.build:Building ROS package in '/home/ethan/crimp_ws/src/custom_msgs' with build type 'ament_cmake'
[0.439s] INFO:colcon.colcon_cmake.task.cmake.build:Building CMake package in '/home/ethan/crimp_ws/src/custom_msgs'
[0.444s] INFO:colcon.colcon_core.plugin_system:Skipping extension 'colcon_core.shell.bat': Not used on non-Windows systems
[0.444s] INFO:colcon.colcon_core.shell:Skip shell extension 'powershell' for command environment: Not usable outside of PowerShell
[0.444s] DEBUG:colcon.colcon_core.shell:Skip shell extension 'dsv' for command environment
[0.450s] INFO:colcon.colcon_ros.task.ament_python.build:Building ROS package in '/home/ethan/crimp_ws/src/crimp_python' with build type 'ament_python'
[0.450s] Level 1:colcon.colcon_core.shell:create_environment_hook('crimp_python', 'ament_prefix_path')
[0.450s] INFO:colcon.colcon_core.shell:Creating environment hook '/home/ethan/crimp_ws/install/crimp_python/share/crimp_python/hook/ament_prefix_path.ps1'
[0.451s] INFO:colcon.colcon_core.shell:Creating environment descriptor '/home/ethan/crimp_ws/install/crimp_python/share/crimp_python/hook/ament_prefix_path.dsv'
[0.452s] INFO:colcon.colcon_core.shell:Creating environment hook '/home/ethan/crimp_ws/install/crimp_python/share/crimp_python/hook/ament_prefix_path.sh'
[0.453s] INFO:colcon.colcon_core.shell:Skip shell extension 'powershell' for command environment: Not usable outside of PowerShell
[0.453s] DEBUG:colcon.colcon_core.shell:Skip shell extension 'dsv' for command environment
[0.466s] DEBUG:colcon.colcon_core.event_handler.log_command:Invoking command in '/home/ethan/crimp_ws/build/custom_msgs': CMAKE_PREFIX_PATH=${CMAKE_PREFIX_PATH}:/home/ethan/crimp_ws/install/crimp_python:/opt/ros/jazzy DEBUGINFOD_URLS=https://debuginfod.ubuntu.com /usr/bin/cmake --build /home/ethan/crimp_ws/build/custom_msgs -- -j8 -l8
[0.835s] INFO:colcon.colcon_core.task.python.build:Building Python package in '/home/ethan/crimp_ws/src/crimp_python'
[0.836s] INFO:colcon.colcon_core.shell:Skip shell extension 'powershell' for command environment: Not usable outside of PowerShell
[0.836s] DEBUG:colcon.colcon_core.shell:Skip shell extension 'dsv' for command environment
[1.166s] DEBUG:colcon.colcon_core.event_handler.log_command:Invoked command in '/home/ethan/crimp_ws/build/custom_msgs' returned '0': CMAKE_PREFIX_PATH=${CMAKE_PREFIX_PATH}:/home/ethan/crimp_ws/install/crimp_python:/opt/ros/jazzy DEBUGINFOD_URLS=https://debuginfod.ubuntu.com /usr/bin/cmake --build /home/ethan/crimp_ws/build/custom_msgs -- -j8 -l8
[1.185s] DEBUG:colcon.colcon_core.event_handler.log_command:Invoking command in '/home/ethan/crimp_ws/build/custom_msgs': CMAKE_PREFIX_PATH=${CMAKE_PREFIX_PATH}:/home/ethan/crimp_ws/install/crimp_python:/opt/ros/jazzy DEBUGINFOD_URLS=https://debuginfod.ubuntu.com /usr/bin/cmake --install /home/ethan/crimp_ws/build/custom_msgs
[1.288s] Level 1:colcon.colcon_core.environment:create_environment_scripts_only(custom_msgs)
[1.289s] DEBUG:colcon.colcon_core.event_handler.log_command:Invoked command in '/home/ethan/crimp_ws/build/custom_msgs' returned '0': CMAKE_PREFIX_PATH=${CMAKE_PREFIX_PATH}:/home/ethan/crimp_ws/install/crimp_python:/opt/ros/jazzy DEBUGINFOD_URLS=https://debuginfod.ubuntu.com /usr/bin/cmake --install /home/ethan/crimp_ws/build/custom_msgs
[1.294s] Level 1:colcon.colcon_core.environment:checking '/home/ethan/crimp_ws/install/custom_msgs' for CMake module files
[1.295s] Level 1:colcon.colcon_core.environment:checking '/home/ethan/crimp_ws/install/custom_msgs' for CMake config files
[1.297s] Level 1:colcon.colcon_core.shell:create_environment_hook('custom_msgs', 'cmake_prefix_path')
[1.297s] INFO:colcon.colcon_core.shell:Creating environment hook '/home/ethan/crimp_ws/install/custom_msgs/share/custom_msgs/hook/cmake_prefix_path.ps1'
[1.298s] INFO:colcon.colcon_core.shell:Creating environment descriptor '/home/ethan/crimp_ws/install/custom_msgs/share/custom_msgs/hook/cmake_prefix_path.dsv'
[1.298s] INFO:colcon.colcon_core.shell:Creating environment hook '/home/ethan/crimp_ws/install/custom_msgs/share/custom_msgs/hook/cmake_prefix_path.sh'
[1.299s] Level 1:colcon.colcon_core.environment:checking '/home/ethan/crimp_ws/install/custom_msgs/lib'
[1.299s] Level 1:colcon.colcon_core.shell:create_environment_hook('custom_msgs', 'ld_library_path_lib')
[1.299s] INFO:colcon.colcon_core.shell:Creating environment hook '/home/ethan/crimp_ws/install/custom_msgs/share/custom_msgs/hook/ld_library_path_lib.ps1'
[1.300s] INFO:colcon.colcon_core.shell:Creating environment descriptor '/home/ethan/crimp_ws/install/custom_msgs/share/custom_msgs/hook/ld_library_path_lib.dsv'
[1.300s] INFO:colcon.colcon_core.shell:Creating environment hook '/home/ethan/crimp_ws/install/custom_msgs/share/custom_msgs/hook/ld_library_path_lib.sh'
[1.300s] Level 1:colcon.colcon_core.environment:checking '/home/ethan/crimp_ws/install/custom_msgs/bin'
[1.301s] Level 1:colcon.colcon_core.environment:checking '/home/ethan/crimp_ws/install/custom_msgs/lib/pkgconfig/custom_msgs.pc'
[1.301s] Level 1:colcon.colcon_core.environment:checking '/home/ethan/crimp_ws/install/custom_msgs/lib/python3.12/site-packages'
[1.301s] Level 1:colcon.colcon_core.shell:create_environment_hook('custom_msgs', 'pythonpath')
[1.301s] INFO:colcon.colcon_core.shell:Creating environment hook '/home/ethan/crimp_ws/install/custom_msgs/share/custom_msgs/hook/pythonpath.ps1'
[1.302s] INFO:colcon.colcon_core.shell:Creating environment descriptor '/home/ethan/crimp_ws/install/custom_msgs/share/custom_msgs/hook/pythonpath.dsv'
[1.302s] INFO:colcon.colcon_core.shell:Creating environment hook '/home/ethan/crimp_ws/install/custom_msgs/share/custom_msgs/hook/pythonpath.sh'
[1.303s] Level 1:colcon.colcon_core.environment:checking '/home/ethan/crimp_ws/install/custom_msgs/bin'
[1.303s] INFO:colcon.colcon_core.shell:Creating package script '/home/ethan/crimp_ws/install/custom_msgs/share/custom_msgs/package.ps1'
[1.304s] INFO:colcon.colcon_core.shell:Creating package descriptor '/home/ethan/crimp_ws/install/custom_msgs/share/custom_msgs/package.dsv'
[1.305s] INFO:colcon.colcon_core.shell:Creating package script '/home/ethan/crimp_ws/install/custom_msgs/share/custom_msgs/package.sh'
[1.306s] INFO:colcon.colcon_core.shell:Creating package script '/home/ethan/crimp_ws/install/custom_msgs/share/custom_msgs/package.bash'
[1.306s] INFO:colcon.colcon_core.shell:Creating package script '/home/ethan/crimp_ws/install/custom_msgs/share/custom_msgs/package.zsh'
[1.307s] Level 1:colcon.colcon_core.environment:create_file_with_runtime_dependencies(/home/ethan/crimp_ws/install/custom_msgs/share/colcon-core/packages/custom_msgs)
[1.308s] Level 1:colcon.colcon_core.environment:create_environment_scripts_only(custom_msgs)
[1.308s] Level 1:colcon.colcon_core.environment:checking '/home/ethan/crimp_ws/install/custom_msgs' for CMake module files
[1.309s] Level 1:colcon.colcon_core.environment:checking '/home/ethan/crimp_ws/install/custom_msgs' for CMake config files
[1.309s] Level 1:colcon.colcon_core.shell:create_environment_hook('custom_msgs', 'cmake_prefix_path')
[1.310s] INFO:colcon.colcon_core.shell:Creating environment hook '/home/ethan/crimp_ws/install/custom_msgs/share/custom_msgs/hook/cmake_prefix_path.ps1'
[1.310s] INFO:colcon.colcon_core.shell:Creating environment descriptor '/home/ethan/crimp_ws/install/custom_msgs/share/custom_msgs/hook/cmake_prefix_path.dsv'
[1.310s] INFO:colcon.colcon_core.shell:Creating environment hook '/home/ethan/crimp_ws/install/custom_msgs/share/custom_msgs/hook/cmake_prefix_path.sh'
[1.311s] Level 1:colcon.colcon_core.environment:checking '/home/ethan/crimp_ws/install/custom_msgs/lib'
[1.311s] Level 1:colcon.colcon_core.shell:create_environment_hook('custom_msgs', 'ld_library_path_lib')
[1.311s] INFO:colcon.colcon_core.shell:Creating environment hook '/home/ethan/crimp_ws/install/custom_msgs/share/custom_msgs/hook/ld_library_path_lib.ps1'
[1.312s] INFO:colcon.colcon_core.shell:Creating environment descriptor '/home/ethan/crimp_ws/install/custom_msgs/share/custom_msgs/hook/ld_library_path_lib.dsv'
[1.312s] INFO:colcon.colcon_core.shell:Creating environment hook '/home/ethan/crimp_ws/install/custom_msgs/share/custom_msgs/hook/ld_library_path_lib.sh'
[1.313s] Level 1:colcon.colcon_core.environment:checking '/home/ethan/crimp_ws/install/custom_msgs/bin'
[1.313s] Level 1:colcon.colcon_core.environment:checking '/home/ethan/crimp_ws/install/custom_msgs/lib/pkgconfig/custom_msgs.pc'
[1.313s] Level 1:colcon.colcon_core.environment:checking '/home/ethan/crimp_ws/install/custom_msgs/lib/python3.12/site-packages'
[1.313s] Level 1:colcon.colcon_core.shell:create_environment_hook('custom_msgs', 'pythonpath')
[1.313s] INFO:colcon.colcon_core.shell:Creating environment hook '/home/ethan/crimp_ws/install/custom_msgs/share/custom_msgs/hook/pythonpath.ps1'
[1.314s] INFO:colcon.colcon_core.shell:Creating environment descriptor '/home/ethan/crimp_ws/install/custom_msgs/share/custom_msgs/hook/pythonpath.dsv'
[1.314s] INFO:colcon.colcon_core.shell:Creating environment hook '/home/ethan/crimp_ws/install/custom_msgs/share/custom_msgs/hook/pythonpath.sh'
[1.315s] Level 1:colcon.colcon_core.environment:checking '/home/ethan/crimp_ws/install/custom_msgs/bin'
[1.315s] INFO:colcon.colcon_core.shell:Creating package script '/home/ethan/crimp_ws/install/custom_msgs/share/custom_msgs/package.ps1'
[1.316s] INFO:colcon.colcon_core.shell:Creating package descriptor '/home/ethan/crimp_ws/install/custom_msgs/share/custom_msgs/package.dsv'
[1.316s] INFO:colcon.colcon_core.shell:Creating package script '/home/ethan/crimp_ws/install/custom_msgs/share/custom_msgs/package.sh'
[1.317s] INFO:colcon.colcon_core.shell:Creating package script '/home/ethan/crimp_ws/install/custom_msgs/share/custom_msgs/package.bash'
[1.317s] INFO:colcon.colcon_core.shell:Creating package script '/home/ethan/crimp_ws/install/custom_msgs/share/custom_msgs/package.zsh'
[1.318s] Level 1:colcon.colcon_core.environment:create_file_with_runtime_dependencies(/home/ethan/crimp_ws/install/custom_msgs/share/colcon-core/packages/custom_msgs)
[1.318s] INFO:colcon.colcon_ros.task.ament_cmake.build:Building ROS package in '/home/ethan/crimp_ws/src/crimp_cpp' with build type 'ament_cmake'
[1.318s] INFO:colcon.colcon_cmake.task.cmake.build:Building CMake package in '/home/ethan/crimp_ws/src/crimp_cpp'
[1.319s] INFO:colcon.colcon_core.shell:Skip shell extension 'powershell' for command environment: Not usable outside of PowerShell
[1.319s] DEBUG:colcon.colcon_core.shell:Skip shell extension 'dsv' for command environment
[1.347s] DEBUG:colcon.colcon_core.event_handler.log_command:Invoking command in '/home/ethan/crimp_ws/build/crimp_cpp': CMAKE_PREFIX_PATH=/home/ethan/crimp_ws/install/custom_msgs:/home/ethan/crimp_ws/install/crimp_cpp:/opt/ros/jazzy/opt/sdformat_vendor:/opt/ros/jazzy/opt/gz_math_vendor:/opt/ros/jazzy/opt/gz_utils_vendor:/opt/ros/jazzy/opt/gz_tools_vendor:/opt/ros/jazzy/opt/gz_cmake_vendor:/home/ethan/crimp_ws/install/crimp_python:/opt/ros/jazzy DEBUGINFOD_URLS=https://debuginfod.ubuntu.com /usr/bin/cmake --build /home/ethan/crimp_ws/build/crimp_cpp -- -j8 -l8
[1.885s] DEBUG:colcon.colcon_core.event_handler.log_command:Invoking command in '/home/ethan/crimp_ws/src/crimp_python': DEBUGINFOD_URLS=https://debuginfod.ubuntu.com PYTHONPATH=/home/ethan/crimp_ws/build/crimp_python/prefix_override:/usr/lib/python3/dist-packages/colcon_core/task/python/colcon_distutils_commands:/home/ethan/crimp_ws/install/crimp_python/lib/python3.12/site-packages:${PYTHONPATH} /usr/bin/python3 -W ignore:setup.py install is deprecated -W ignore:easy_install command is deprecated setup.py egg_info --egg-base ../../build/crimp_python build --build-base /home/ethan/crimp_ws/build/crimp_python/build install --record /home/ethan/crimp_ws/build/crimp_python/install.log --single-version-externally-managed install_data
[2.703s] Level 1:colcon.colcon_core.environment:checking '/home/ethan/crimp_ws/install/crimp_python' for CMake module files
[2.704s] DEBUG:colcon.colcon_core.event_handler.log_command:Invoked command in '/home/ethan/crimp_ws/src/crimp_python' returned '0': DEBUGINFOD_URLS=https://debuginfod.ubuntu.com PYTHONPATH=/home/ethan/crimp_ws/build/crimp_python/prefix_override:/usr/lib/python3/dist-packages/colcon_core/task/python/colcon_distutils_commands:/home/ethan/crimp_ws/install/crimp_python/lib/python3.12/site-packages:${PYTHONPATH} /usr/bin/python3 -W ignore:setup.py install is deprecated -W ignore:easy_install command is deprecated setup.py egg_info --egg-base ../../build/crimp_python build --build-base /home/ethan/crimp_ws/build/crimp_python/build install --record /home/ethan/crimp_ws/build/crimp_python/install.log --single-version-externally-managed install_data
[2.706s] Level 1:colcon.colcon_core.environment:checking '/home/ethan/crimp_ws/install/crimp_python' for CMake config files
[2.708s] Level 1:colcon.colcon_core.environment:checking '/home/ethan/crimp_ws/install/crimp_python/lib'
[2.708s] Level 1:colcon.colcon_core.environment:checking '/home/ethan/crimp_ws/install/crimp_python/bin'
[2.708s] Level 1:colcon.colcon_core.environment:checking '/home/ethan/crimp_ws/install/crimp_python/lib/pkgconfig/crimp_python.pc'
[2.709s] Level 1:colcon.colcon_core.environment:checking '/home/ethan/crimp_ws/install/crimp_python/lib/python3.12/site-packages'
[2.709s] Level 1:colcon.colcon_core.shell:create_environment_hook('crimp_python', 'pythonpath')
[2.710s] INFO:colcon.colcon_core.shell:Creating environment hook '/home/ethan/crimp_ws/install/crimp_python/share/crimp_python/hook/pythonpath.ps1'
[2.711s] INFO:colcon.colcon_core.shell:Creating environment descriptor '/home/ethan/crimp_ws/install/crimp_python/share/crimp_python/hook/pythonpath.dsv'
[2.712s] INFO:colcon.colcon_core.shell:Creating environment hook '/home/ethan/crimp_ws/install/crimp_python/share/crimp_python/hook/pythonpath.sh'
[2.713s] Level 1:colcon.colcon_core.environment:checking '/home/ethan/crimp_ws/install/crimp_python/bin'
[2.713s] Level 1:colcon.colcon_core.environment:create_environment_scripts_only(crimp_python)
[2.714s] INFO:colcon.colcon_core.shell:Creating package script '/home/ethan/crimp_ws/install/crimp_python/share/crimp_python/package.ps1'
[2.715s] INFO:colcon.colcon_core.shell:Creating package descriptor '/home/ethan/crimp_ws/install/crimp_python/share/crimp_python/package.dsv'
[2.716s] INFO:colcon.colcon_core.shell:Creating package script '/home/ethan/crimp_ws/install/crimp_python/share/crimp_python/package.sh'
[2.717s] INFO:colcon.colcon_core.shell:Creating package script '/home/ethan/crimp_ws/install/crimp_python/share/crimp_python/package.bash'
[2.718s] INFO:colcon.colcon_core.shell:Creating package script '/home/ethan/crimp_ws/install/crimp_python/share/crimp_python/package.zsh'
[2.719s] Level 1:colcon.colcon_core.environment:create_file_with_runtime_dependencies(/home/ethan/crimp_ws/install/crimp_python/share/colcon-core/packages/crimp_python)
[15.817s] DEBUG:colcon.colcon_core.event_handler.log_command:Invoked command in '/home/ethan/crimp_ws/build/crimp_cpp' returned '0': CMAKE_PREFIX_PATH=/home/ethan/crimp_ws/install/custom_msgs:/home/ethan/crimp_ws/install/crimp_cpp:/opt/ros/jazzy/opt/sdformat_vendor:/opt/ros/jazzy/opt/gz_math_vendor:/opt/ros/jazzy/opt/gz_utils_vendor:/opt/ros/jazzy/opt/gz_tools_vendor:/opt/ros/jazzy/opt/gz_cmake_vendor:/home/ethan/crimp_ws/install/crimp_python:/opt/ros/jazzy DEBUGINFOD_URLS=https://debuginfod.ubuntu.com /usr/bin/cmake --build /home/ethan/crimp_ws/build/crimp_cpp -- -j8 -l8
[15.819s] DEBUG:colcon.colcon_core.event_handler.log_command:Invoking command in '/home/ethan/crimp_ws/build/crimp_cpp': CMAKE_PREFIX_PATH=/home/ethan/crimp_ws/install/custom_msgs:/home/ethan/crimp_ws/install/crimp_cpp:/opt/ros/jazzy/opt/sdformat_vendor:/opt/ros/jazzy/opt/gz_math_vendor:/opt/ros/jazzy/opt/gz_utils_vendor:/opt/ros/jazzy/opt/gz_tools_vendor:/opt/ros/jazzy/opt/gz_cmake_vendor:/home/ethan/crimp_ws/install/crimp_python:/opt/ros/jazzy DEBUGINFOD_URLS=https://debuginfod.ubuntu.com /usr/bin/cmake --install /home/ethan/crimp_ws/build/crimp_cpp
[15.863s] Level 1:colcon.colcon_core.environment:create_environment_scripts_only(crimp_cpp)
[15.864s] DEBUG:colcon.colcon_core.event_handler.log_command:Invoked command in '/home/ethan/crimp_ws/build/crimp_cpp' returned '0': CMAKE_PREFIX_PATH=/home/ethan/crimp_ws/install/custom_msgs:/home/ethan/crimp_ws/install/crimp_cpp:/opt/ros/jazzy/opt/sdformat_vendor:/opt/ros/jazzy/opt/gz_math_vendor:/opt/ros/jazzy/opt/gz_utils_vendor:/opt/ros/jazzy/opt/gz_tools_vendor:/opt/ros/jazzy/opt/gz_cmake_vendor:/home/ethan/crimp_ws/install/crimp_python:/opt/ros/jazzy DEBUGINFOD_URLS=https://debuginfod.ubuntu.com /usr/bin/cmake --install /home/ethan/crimp_ws/build/crimp_cpp
[15.865s] Level 1:colcon.colcon_core.environment:checking '/home/ethan/crimp_ws/install/crimp_cpp' for CMake module files
[15.867s] Level 1:colcon.colcon_core.environment:checking '/home/ethan/crimp_ws/install/crimp_cpp' for CMake config files
[15.867s] Level 1:colcon.colcon_core.shell:create_environment_hook('crimp_cpp', 'cmake_prefix_path')
[15.868s] INFO:colcon.colcon_core.shell:Creating environment hook '/home/ethan/crimp_ws/install/crimp_cpp/share/crimp_cpp/hook/cmake_prefix_path.ps1'
[15.869s] INFO:colcon.colcon_core.shell:Creating environment descriptor '/home/ethan/crimp_ws/install/crimp_cpp/share/crimp_cpp/hook/cmake_prefix_path.dsv'
[15.870s] INFO:colcon.colcon_core.shell:Creating environment hook '/home/ethan/crimp_ws/install/crimp_cpp/share/crimp_cpp/hook/cmake_prefix_path.sh'
[15.872s] Level 1:colcon.colcon_core.environment:checking '/home/ethan/crimp_ws/install/crimp_cpp/lib'
[15.872s] Level 1:colcon.colcon_core.environment:checking '/home/ethan/crimp_ws/install/crimp_cpp/bin'
[15.872s] Level 1:colcon.colcon_core.environment:checking '/home/ethan/crimp_ws/install/crimp_cpp/lib/pkgconfig/crimp_cpp.pc'
[15.873s] Level 1:colcon.colcon_core.environment:checking '/home/ethan/crimp_ws/install/crimp_cpp/lib/python3.12/site-packages'
[15.873s] Level 1:colcon.colcon_core.environment:checking '/home/ethan/crimp_ws/install/crimp_cpp/bin'
[15.874s] INFO:colcon.colcon_core.shell:Creating package script '/home/ethan/crimp_ws/install/crimp_cpp/share/crimp_cpp/package.ps1'
[15.875s] INFO:colcon.colcon_core.shell:Creating package descriptor '/home/ethan/crimp_ws/install/crimp_cpp/share/crimp_cpp/package.dsv'
[15.877s] INFO:colcon.colcon_core.shell:Creating package script '/home/ethan/crimp_ws/install/crimp_cpp/share/crimp_cpp/package.sh'
[15.878s] INFO:colcon.colcon_core.shell:Creating package script '/home/ethan/crimp_ws/install/crimp_cpp/share/crimp_cpp/package.bash'
[15.879s] INFO:colcon.colcon_core.shell:Creating package script '/home/ethan/crimp_ws/install/crimp_cpp/share/crimp_cpp/package.zsh'
[15.880s] Level 1:colcon.colcon_core.environment:create_file_with_runtime_dependencies(/home/ethan/crimp_ws/install/crimp_cpp/share/colcon-core/packages/crimp_cpp)
[15.881s] Level 1:colcon.colcon_core.environment:create_environment_scripts_only(crimp_cpp)
[15.882s] Level 1:colcon.colcon_core.environment:checking '/home/ethan/crimp_ws/install/crimp_cpp' for CMake module files
[15.884s] Level 1:colcon.colcon_core.environment:checking '/home/ethan/crimp_ws/install/crimp_cpp' for CMake config files
[15.885s] Level 1:colcon.colcon_core.shell:create_environment_hook('crimp_cpp', 'cmake_prefix_path')
[15.885s] INFO:colcon.colcon_core.shell:Creating environment hook '/home/ethan/crimp_ws/install/crimp_cpp/share/crimp_cpp/hook/cmake_prefix_path.ps1'
[15.886s] INFO:colcon.colcon_core.shell:Creating environment descriptor '/home/ethan/crimp_ws/install/crimp_cpp/share/crimp_cpp/hook/cmake_prefix_path.dsv'
[15.887s] INFO:colcon.colcon_core.shell:Creating environment hook '/home/ethan/crimp_ws/install/crimp_cpp/share/crimp_cpp/hook/cmake_prefix_path.sh'
[15.889s] Level 1:colcon.colcon_core.environment:checking '/home/ethan/crimp_ws/install/crimp_cpp/lib'
[15.889s] Level 1:colcon.colcon_core.environment:checking '/home/ethan/crimp_ws/install/crimp_cpp/bin'
[15.889s] Level 1:colcon.colcon_core.environment:checking '/home/ethan/crimp_ws/install/crimp_cpp/lib/pkgconfig/crimp_cpp.pc'
[15.890s] Level 1:colcon.colcon_core.environment:checking '/home/ethan/crimp_ws/install/crimp_cpp/lib/python3.12/site-packages'
[15.891s] Level 1:colcon.colcon_core.environment:checking '/home/ethan/crimp_ws/install/crimp_cpp/bin'
[15.891s] INFO:colcon.colcon_core.shell:Creating package script '/home/ethan/crimp_ws/install/crimp_cpp/share/crimp_cpp/package.ps1'
[15.893s] INFO:colcon.colcon_core.shell:Creating package descriptor '/home/ethan/crimp_ws/install/crimp_cpp/share/crimp_cpp/package.dsv'
[15.894s] INFO:colcon.colcon_core.shell:Creating package script '/home/ethan/crimp_ws/install/crimp_cpp/share/crimp_cpp/package.sh'
[15.896s] INFO:colcon.colcon_core.shell:Creating package script '/home/ethan/crimp_ws/install/crimp_cpp/share/crimp_cpp/package.bash'
[15.897s] INFO:colcon.colcon_core.shell:Creating package script '/home/ethan/crimp_ws/install/crimp_cpp/share/crimp_cpp/package.zsh'
[15.899s] Level 1:colcon.colcon_core.environment:create_file_with_runtime_dependencies(/home/ethan/crimp_ws/install/crimp_cpp/share/colcon-core/packages/crimp_cpp)
[15.900s] DEBUG:colcon.colcon_parallel_executor.executor.parallel:closing loop
[15.901s] DEBUG:colcon.colcon_parallel_executor.executor.parallel:loop closed
[15.901s] DEBUG:colcon.colcon_parallel_executor.executor.parallel:run_until_complete finished with '0'
[15.901s] DEBUG:colcon.colcon_core.event_reactor:joining thread
[15.918s] INFO:colcon.colcon_core.plugin_system:Skipping extension 'colcon_notification.desktop_notification.terminal_notifier': Not used on non-Darwin systems
[15.919s] INFO:colcon.colcon_core.plugin_system:Skipping extension 'colcon_notification.desktop_notification.win32': Not used on non-Windows systems
[15.919s] INFO:colcon.colcon_notification.desktop_notification:Sending desktop notification using 'notify2'
[15.962s] DEBUG:colcon.colcon_core.event_reactor:joined thread
[15.963s] INFO:colcon.colcon_core.shell:Creating prefix script '/home/ethan/crimp_ws/install/local_setup.ps1'
[15.966s] INFO:colcon.colcon_core.shell:Creating prefix util module '/home/ethan/crimp_ws/install/_local_setup_util_ps1.py'
[15.971s] INFO:colcon.colcon_core.shell:Creating prefix chain script '/home/ethan/crimp_ws/install/setup.ps1'
[15.972s] INFO:colcon.colcon_core.shell:Creating prefix script '/home/ethan/crimp_ws/install/local_setup.sh'
[15.973s] INFO:colcon.colcon_core.shell:Creating prefix util module '/home/ethan/crimp_ws/install/_local_setup_util_sh.py'
[15.974s] INFO:colcon.colcon_core.shell:Creating prefix chain script '/home/ethan/crimp_ws/install/setup.sh'
[15.975s] INFO:colcon.colcon_core.shell:Creating prefix script '/home/ethan/crimp_ws/install/local_setup.bash'
[15.976s] INFO:colcon.colcon_core.shell:Creating prefix chain script '/home/ethan/crimp_ws/install/setup.bash'
[15.978s] INFO:colcon.colcon_core.shell:Creating prefix script '/home/ethan/crimp_ws/install/local_setup.zsh'
[15.978s] INFO:colcon.colcon_core.shell:Creating prefix chain script '/home/ethan/crimp_ws/install/setup.zsh'
