[ 53%] Built target servo_lib
[ 69%] Built target motion_planner
[100%] Built target suction_cups
[100%] Built target joint_mover
-- Install configuration: ""
-- Up-to-date: /home/andy/CRIMP/install/crimp_cpp/lib/crimp_cpp/joint_mover
-- Up-to-date: /home/andy/CRIMP/install/crimp_cpp/lib/crimp_cpp/motion_planner
-- Up-to-date: /home/andy/CRIMP/install/crimp_cpp/lib/crimp_cpp/suction_cups
-- Up-to-date: /home/andy/CRIMP/install/crimp_cpp/share/ament_index/resource_index/package_run_dependencies/crimp_cpp
-- Up-to-date: /home/andy/CRIMP/install/crimp_cpp/share/ament_index/resource_index/parent_prefix_path/crimp_cpp
-- Up-to-date: /home/andy/CRIMP/install/crimp_cpp/share/crimp_cpp/environment/ament_prefix_path.sh
-- Up-to-date: /home/andy/CRIMP/install/crimp_cpp/share/crimp_cpp/environment/ament_prefix_path.dsv
-- Up-to-date: /home/andy/CRIMP/install/crimp_cpp/share/crimp_cpp/environment/path.sh
-- Up-to-date: /home/andy/CRIMP/install/crimp_cpp/share/crimp_cpp/environment/path.dsv
-- Up-to-date: /home/andy/CRIMP/install/crimp_cpp/share/crimp_cpp/local_setup.bash
-- Up-to-date: /home/andy/CRIMP/install/crimp_cpp/share/crimp_cpp/local_setup.sh
-- Up-to-date: /home/andy/CRIMP/install/crimp_cpp/share/crimp_cpp/local_setup.zsh
-- Up-to-date: /home/andy/CRIMP/install/crimp_cpp/share/crimp_cpp/local_setup.dsv
-- Installing: /home/andy/CRIMP/install/crimp_cpp/share/crimp_cpp/package.dsv
-- Up-to-date: /home/andy/CRIMP/install/crimp_cpp/share/ament_index/resource_index/packages/crimp_cpp
-- Up-to-date: /home/andy/CRIMP/install/crimp_cpp/share/crimp_cpp/cmake/crimp_cppConfig.cmake
-- Up-to-date: /home/andy/CRIMP/install/crimp_cpp/share/crimp_cpp/cmake/crimp_cppConfig-version.cmake
-- Up-to-date: /home/andy/CRIMP/install/crimp_cpp/share/crimp_cpp/package.xml
