[1.597s] Invoking command in '/home/andy/CRIMP/src/crimp_python': PYTHONPATH=/home/andy/CRIMP/build/crimp_python/prefix_override:/usr/local/lib/python3.12/dist-packages/colcon_core/task/python/colcon_distutils_commands:/home/andy/CRIMP/install/crimp_python/lib/python3.12/site-packages:${PYTHONPATH} /usr/bin/python3 -W ignore:setup.py install is deprecated -W ignore:easy_install command is deprecated setup.py egg_info --egg-base ../../build/crimp_python build --build-base /home/andy/CRIMP/build/crimp_python/build install --record /home/andy/CRIMP/build/crimp_python/install.log --single-version-externally-managed install_data
[2.011s] running egg_info
[2.035s] writing ../../build/crimp_python/crimp_python.egg-info/PKG-INFO
[2.036s] writing dependency_links to ../../build/crimp_python/crimp_python.egg-info/dependency_links.txt
[2.036s] writing entry points to ../../build/crimp_python/crimp_python.egg-info/entry_points.txt
[2.036s] writing requirements to ../../build/crimp_python/crimp_python.egg-info/requires.txt
[2.037s] writing top-level names to ../../build/crimp_python/crimp_python.egg-info/top_level.txt
[2.088s] reading manifest file '../../build/crimp_python/crimp_python.egg-info/SOURCES.txt'
[2.089s] adding license file 'LICENSE'
[2.090s] writing manifest file '../../build/crimp_python/crimp_python.egg-info/SOURCES.txt'
[2.090s] running build
[2.090s] running build_py
[2.092s] running install
[2.105s] running install_lib
[2.132s] running install_data
[2.132s] running install_egg_info
[2.159s] removing '/home/andy/CRIMP/install/crimp_python/lib/python3.12/site-packages/crimp_python-0.0.0-py3.12.egg-info' (and everything under it)
[2.160s] Copying ../../build/crimp_python/crimp_python.egg-info to /home/andy/CRIMP/install/crimp_python/lib/python3.12/site-packages/crimp_python-0.0.0-py3.12.egg-info
[2.162s] running install_scripts
[2.342s] Installing lidar script to /home/andy/CRIMP/install/crimp_python/lib/crimp_python
[2.343s] writing list of installed files to '/home/andy/CRIMP/build/crimp_python/install.log'
[2.438s] Invoked command in '/home/andy/CRIMP/src/crimp_python' returned '0': PYTHONPATH=/home/andy/CRIMP/build/crimp_python/prefix_override:/usr/local/lib/python3.12/dist-packages/colcon_core/task/python/colcon_distutils_commands:/home/andy/CRIMP/install/crimp_python/lib/python3.12/site-packages:${PYTHONPATH} /usr/bin/python3 -W ignore:setup.py install is deprecated -W ignore:easy_install command is deprecated setup.py egg_info --egg-base ../../build/crimp_python build --build-base /home/andy/CRIMP/build/crimp_python/build install --record /home/andy/CRIMP/build/crimp_python/install.log --single-version-externally-managed install_data
