[0.025s] Invoking command in '/home/ethan/crimp_ws/build/crimp_cpp': CMAKE_PREFIX_PATH=${CMAKE_PREFIX_PATH}:/opt/ros/jazzy DEBUGINFOD_URLS=https://debuginfod.ubuntu.com /usr/bin/cmake --build /home/ethan/crimp_ws/build/crimp_cpp -- -j8 -l8
[0.124s] [ 33%] Built target joint_mover
[0.130s] [ 66%] Built target suction_cups
[0.132s] [ 83%] [32mBuilding CXX object CMakeFiles/motion_planner.dir/src/motion_planner.cpp.o[0m
[9.347s] [100%] [32m[1mLinking CXX executable motion_planner[0m
[9.763s] [100%] Built target motion_planner
[9.784s] Invoked command in '/home/ethan/crimp_ws/build/crimp_cpp' returned '0': CMAKE_PREFIX_PATH=${CMAKE_PREFIX_PATH}:/opt/ros/jazzy DEBUGINFOD_URLS=https://debuginfod.ubuntu.com /usr/bin/cmake --build /home/ethan/crimp_ws/build/crimp_cpp -- -j8 -l8
[9.802s] Invoking command in '/home/ethan/crimp_ws/build/crimp_cpp': CMAKE_PREFIX_PATH=${CMAKE_PREFIX_PATH}:/opt/ros/jazzy DEBUGINFOD_URLS=https://debuginfod.ubuntu.com /usr/bin/cmake --install /home/ethan/crimp_ws/build/crimp_cpp
[9.825s] -- Install configuration: ""
[9.825s] -- Installing: /home/ethan/crimp_ws/install/crimp_cpp/lib/crimp_cpp/joint_mover
[9.831s] -- Set non-toolchain portion of runtime path of "/home/ethan/crimp_ws/install/crimp_cpp/lib/crimp_cpp/joint_mover" to ""
[9.832s] -- Installing: /home/ethan/crimp_ws/install/crimp_cpp/lib/crimp_cpp/motion_planner
[9.837s] -- Set non-toolchain portion of runtime path of "/home/ethan/crimp_ws/install/crimp_cpp/lib/crimp_cpp/motion_planner" to ""
[9.838s] -- Installing: /home/ethan/crimp_ws/install/crimp_cpp/lib/crimp_cpp/suction_cups
[9.843s] -- Set non-toolchain portion of runtime path of "/home/ethan/crimp_ws/install/crimp_cpp/lib/crimp_cpp/suction_cups" to ""
[9.843s] -- Installing: /home/ethan/crimp_ws/install/crimp_cpp/share/ament_index/resource_index/package_run_dependencies/crimp_cpp
[9.844s] -- Installing: /home/ethan/crimp_ws/install/crimp_cpp/share/ament_index/resource_index/parent_prefix_path/crimp_cpp
[9.844s] -- Installing: /home/ethan/crimp_ws/install/crimp_cpp/share/crimp_cpp/environment/ament_prefix_path.sh
[9.845s] -- Installing: /home/ethan/crimp_ws/install/crimp_cpp/share/crimp_cpp/environment/ament_prefix_path.dsv
[9.845s] -- Installing: /home/ethan/crimp_ws/install/crimp_cpp/share/crimp_cpp/environment/path.sh
[9.845s] -- Installing: /home/ethan/crimp_ws/install/crimp_cpp/share/crimp_cpp/environment/path.dsv
[9.846s] -- Installing: /home/ethan/crimp_ws/install/crimp_cpp/share/crimp_cpp/local_setup.bash
[9.846s] -- Installing: /home/ethan/crimp_ws/install/crimp_cpp/share/crimp_cpp/local_setup.sh
[9.846s] -- Installing: /home/ethan/crimp_ws/install/crimp_cpp/share/crimp_cpp/local_setup.zsh
[9.847s] -- Installing: /home/ethan/crimp_ws/install/crimp_cpp/share/crimp_cpp/local_setup.dsv
[9.847s] -- Installing: /home/ethan/crimp_ws/install/crimp_cpp/share/crimp_cpp/package.dsv
[9.847s] -- Installing: /home/ethan/crimp_ws/install/crimp_cpp/share/ament_index/resource_index/packages/crimp_cpp
[9.848s] -- Installing: /home/ethan/crimp_ws/install/crimp_cpp/share/crimp_cpp/cmake/crimp_cppConfig.cmake
[9.848s] -- Installing: /home/ethan/crimp_ws/install/crimp_cpp/share/crimp_cpp/cmake/crimp_cppConfig-version.cmake
[9.848s] -- Installing: /home/ethan/crimp_ws/install/crimp_cpp/share/crimp_cpp/package.xml
[9.852s] Invoked command in '/home/ethan/crimp_ws/build/crimp_cpp' returned '0': CMAKE_PREFIX_PATH=${CMAKE_PREFIX_PATH}:/opt/ros/jazzy DEBUGINFOD_URLS=https://debuginfod.ubuntu.com /usr/bin/cmake --install /home/ethan/crimp_ws/build/crimp_cpp
