[0.037s] Invoking command in '/home/andy/CRIMP/build/custom_msgs': CMAKE_PREFIX_PATH=${CMAKE_PREFIX_PATH}:/home/andy/CRIMP/install/crimp_python:/opt/ros/jazzy /usr/bin/cmake --build /home/andy/CRIMP/build/custom_msgs -- -j4 -l4
[0.288s] [  2%] Built target custom_msgs__rosidl_generator_type_description
[0.314s] [  2%] Built target ament_cmake_python_copy_custom_msgs
[0.342s] [  4%] Built target custom_msgs__cpp
[0.357s] [ 22%] Built target custom_msgs__rosidl_generator_c
[0.438s] [ 31%] Built target custom_msgs__rosidl_typesupport_introspection_cpp
[0.448s] [ 40%] Built target custom_msgs__rosidl_typesupport_fastrtps_cpp
[0.474s] [ 50%] Built target custom_msgs__rosidl_typesupport_cpp
[0.519s] [ 59%] Built target custom_msgs__rosidl_typesupport_introspection_c
[0.543s] [ 68%] Built target custom_msgs__rosidl_typesupport_fastrtps_c
[0.561s] [ 77%] Built target custom_msgs__rosidl_typesupport_c
[0.613s] [ 77%] Built target custom_msgs
[0.663s] [ 79%] Built target custom_msgs__py
[0.723s] [ 86%] Built target custom_msgs__rosidl_generator_py
[0.789s] [ 90%] Built target custom_msgs_s__rosidl_typesupport_introspection_c
[0.808s] [ 95%] Built target custom_msgs_s__rosidl_typesupport_c
[0.812s] [100%] Built target custom_msgs_s__rosidl_typesupport_fastrtps_c
[0.817s] running egg_info
[0.846s] writing custom_msgs.egg-info/PKG-INFO
[0.846s] writing dependency_links to custom_msgs.egg-info/dependency_links.txt
[0.847s] writing top-level names to custom_msgs.egg-info/top_level.txt
[0.925s] reading manifest file 'custom_msgs.egg-info/SOURCES.txt'
[0.926s] writing manifest file 'custom_msgs.egg-info/SOURCES.txt'
[1.007s] [100%] Built target ament_cmake_python_build_custom_msgs_egg
[1.033s] Invoked command in '/home/andy/CRIMP/build/custom_msgs' returned '0': CMAKE_PREFIX_PATH=${CMAKE_PREFIX_PATH}:/home/andy/CRIMP/install/crimp_python:/opt/ros/jazzy /usr/bin/cmake --build /home/andy/CRIMP/build/custom_msgs -- -j4 -l4
[1.057s] Invoking command in '/home/andy/CRIMP/build/custom_msgs': CMAKE_PREFIX_PATH=${CMAKE_PREFIX_PATH}:/home/andy/CRIMP/install/crimp_python:/opt/ros/jazzy /usr/bin/cmake --install /home/andy/CRIMP/build/custom_msgs
[1.076s] -- Install configuration: ""
[1.077s] -- Up-to-date: /home/andy/CRIMP/install/custom_msgs/share/ament_index/resource_index/rosidl_interfaces/custom_msgs
[1.078s] -- Up-to-date: /home/andy/CRIMP/install/custom_msgs/share/custom_msgs/msg/SuctionForce.json
[1.078s] -- Up-to-date: /home/andy/CRIMP/install/custom_msgs/share/custom_msgs/msg/SuctionRequest.json
[1.078s] -- Up-to-date: /home/andy/CRIMP/install/custom_msgs/include/custom_msgs/custom_msgs
[1.078s] -- Up-to-date: /home/andy/CRIMP/install/custom_msgs/include/custom_msgs/custom_msgs/msg
[1.079s] -- Up-to-date: /home/andy/CRIMP/install/custom_msgs/include/custom_msgs/custom_msgs/msg/detail
[1.079s] -- Up-to-date: /home/andy/CRIMP/install/custom_msgs/include/custom_msgs/custom_msgs/msg/detail/suction_force__description.c
[1.079s] -- Up-to-date: /home/andy/CRIMP/install/custom_msgs/include/custom_msgs/custom_msgs/msg/detail/suction_request__functions.h
[1.079s] -- Up-to-date: /home/andy/CRIMP/install/custom_msgs/include/custom_msgs/custom_msgs/msg/detail/suction_request__type_support.h
[1.080s] -- Up-to-date: /home/andy/CRIMP/install/custom_msgs/include/custom_msgs/custom_msgs/msg/detail/suction_request__description.c
[1.080s] -- Up-to-date: /home/andy/CRIMP/install/custom_msgs/include/custom_msgs/custom_msgs/msg/detail/suction_request__functions.c
[1.080s] -- Up-to-date: /home/andy/CRIMP/install/custom_msgs/include/custom_msgs/custom_msgs/msg/detail/suction_force__functions.c
[1.080s] -- Up-to-date: /home/andy/CRIMP/install/custom_msgs/include/custom_msgs/custom_msgs/msg/detail/suction_force__functions.h
[1.080s] -- Up-to-date: /home/andy/CRIMP/install/custom_msgs/include/custom_msgs/custom_msgs/msg/detail/suction_request__struct.h
[1.080s] -- Up-to-date: /home/andy/CRIMP/install/custom_msgs/include/custom_msgs/custom_msgs/msg/detail/suction_force__type_support.h
[1.080s] -- Up-to-date: /home/andy/CRIMP/install/custom_msgs/include/custom_msgs/custom_msgs/msg/detail/suction_force__struct.h
[1.080s] -- Installing: /home/andy/CRIMP/install/custom_msgs/include/custom_msgs/custom_msgs/msg/detail/suction_request__type_support.c
[1.081s] -- Installing: /home/andy/CRIMP/install/custom_msgs/include/custom_msgs/custom_msgs/msg/detail/suction_force__type_support.c
[1.081s] -- Up-to-date: /home/andy/CRIMP/install/custom_msgs/include/custom_msgs/custom_msgs/msg/suction_force.h
[1.081s] -- Up-to-date: /home/andy/CRIMP/install/custom_msgs/include/custom_msgs/custom_msgs/msg/suction_request.h
[1.081s] -- Up-to-date: /home/andy/CRIMP/install/custom_msgs/include/custom_msgs/custom_msgs/msg/rosidl_generator_c__visibility_control.h
[1.081s] -- Up-to-date: /home/andy/CRIMP/install/custom_msgs/share/custom_msgs/environment/library_path.sh
[1.081s] -- Up-to-date: /home/andy/CRIMP/install/custom_msgs/share/custom_msgs/environment/library_path.dsv
[1.083s] -- Up-to-date: /home/andy/CRIMP/install/custom_msgs/lib/libcustom_msgs__rosidl_generator_c.so
[1.083s] -- Up-to-date: /home/andy/CRIMP/install/custom_msgs/include/custom_msgs/custom_msgs
[1.083s] -- Up-to-date: /home/andy/CRIMP/install/custom_msgs/include/custom_msgs/custom_msgs/msg
[1.083s] -- Up-to-date: /home/andy/CRIMP/install/custom_msgs/include/custom_msgs/custom_msgs/msg/detail
[1.084s] -- Up-to-date: /home/andy/CRIMP/install/custom_msgs/include/custom_msgs/custom_msgs/msg/detail/suction_force__rosidl_typesupport_fastrtps_c.h
[1.084s] -- Up-to-date: /home/andy/CRIMP/install/custom_msgs/include/custom_msgs/custom_msgs/msg/detail/suction_request__rosidl_typesupport_fastrtps_c.h
[1.084s] -- Up-to-date: /home/andy/CRIMP/install/custom_msgs/include/custom_msgs/custom_msgs/msg/rosidl_typesupport_fastrtps_c__visibility_control.h
[1.084s] -- Up-to-date: /home/andy/CRIMP/install/custom_msgs/lib/libcustom_msgs__rosidl_typesupport_fastrtps_c.so
[1.085s] -- Up-to-date: /home/andy/CRIMP/install/custom_msgs/include/custom_msgs/custom_msgs
[1.085s] -- Up-to-date: /home/andy/CRIMP/install/custom_msgs/include/custom_msgs/custom_msgs/msg
[1.085s] -- Up-to-date: /home/andy/CRIMP/install/custom_msgs/include/custom_msgs/custom_msgs/msg/rosidl_typesupport_introspection_c__visibility_control.h
[1.085s] -- Up-to-date: /home/andy/CRIMP/install/custom_msgs/include/custom_msgs/custom_msgs/msg/detail
[1.085s] -- Up-to-date: /home/andy/CRIMP/install/custom_msgs/include/custom_msgs/custom_msgs/msg/detail/suction_request__rosidl_typesupport_introspection_c.h
[1.086s] -- Up-to-date: /home/andy/CRIMP/install/custom_msgs/include/custom_msgs/custom_msgs/msg/detail/suction_force__rosidl_typesupport_introspection_c.h
[1.086s] -- Installing: /home/andy/CRIMP/install/custom_msgs/include/custom_msgs/custom_msgs/msg/detail/suction_request__type_support.c
[1.086s] -- Installing: /home/andy/CRIMP/install/custom_msgs/include/custom_msgs/custom_msgs/msg/detail/suction_force__type_support.c
[1.087s] -- Up-to-date: /home/andy/CRIMP/install/custom_msgs/lib/libcustom_msgs__rosidl_typesupport_introspection_c.so
[1.088s] -- Up-to-date: /home/andy/CRIMP/install/custom_msgs/lib/libcustom_msgs__rosidl_typesupport_c.so
[1.089s] -- Up-to-date: /home/andy/CRIMP/install/custom_msgs/include/custom_msgs/custom_msgs
[1.089s] -- Up-to-date: /home/andy/CRIMP/install/custom_msgs/include/custom_msgs/custom_msgs/msg
[1.089s] -- Up-to-date: /home/andy/CRIMP/install/custom_msgs/include/custom_msgs/custom_msgs/msg/suction_request.hpp
[1.089s] -- Up-to-date: /home/andy/CRIMP/install/custom_msgs/include/custom_msgs/custom_msgs/msg/rosidl_generator_cpp__visibility_control.hpp
[1.089s] -- Up-to-date: /home/andy/CRIMP/install/custom_msgs/include/custom_msgs/custom_msgs/msg/detail
[1.090s] -- Up-to-date: /home/andy/CRIMP/install/custom_msgs/include/custom_msgs/custom_msgs/msg/detail/suction_force__type_support.hpp
[1.090s] -- Up-to-date: /home/andy/CRIMP/install/custom_msgs/include/custom_msgs/custom_msgs/msg/detail/suction_request__type_support.hpp
[1.090s] -- Up-to-date: /home/andy/CRIMP/install/custom_msgs/include/custom_msgs/custom_msgs/msg/detail/suction_request__builder.hpp
[1.090s] -- Up-to-date: /home/andy/CRIMP/install/custom_msgs/include/custom_msgs/custom_msgs/msg/detail/suction_force__struct.hpp
[1.090s] -- Up-to-date: /home/andy/CRIMP/install/custom_msgs/include/custom_msgs/custom_msgs/msg/detail/suction_force__builder.hpp
[1.090s] -- Up-to-date: /home/andy/CRIMP/install/custom_msgs/include/custom_msgs/custom_msgs/msg/detail/suction_force__traits.hpp
[1.090s] -- Up-to-date: /home/andy/CRIMP/install/custom_msgs/include/custom_msgs/custom_msgs/msg/detail/suction_request__traits.hpp
[1.091s] -- Up-to-date: /home/andy/CRIMP/install/custom_msgs/include/custom_msgs/custom_msgs/msg/detail/suction_request__struct.hpp
[1.091s] -- Up-to-date: /home/andy/CRIMP/install/custom_msgs/include/custom_msgs/custom_msgs/msg/suction_force.hpp
[1.091s] -- Up-to-date: /home/andy/CRIMP/install/custom_msgs/include/custom_msgs/custom_msgs
[1.091s] -- Up-to-date: /home/andy/CRIMP/install/custom_msgs/include/custom_msgs/custom_msgs/msg
[1.091s] -- Up-to-date: /home/andy/CRIMP/install/custom_msgs/include/custom_msgs/custom_msgs/msg/detail
[1.091s] -- Up-to-date: /home/andy/CRIMP/install/custom_msgs/include/custom_msgs/custom_msgs/msg/detail/dds_fastrtps
[1.091s] -- Up-to-date: /home/andy/CRIMP/install/custom_msgs/include/custom_msgs/custom_msgs/msg/detail/suction_force__rosidl_typesupport_fastrtps_cpp.hpp
[1.092s] -- Up-to-date: /home/andy/CRIMP/install/custom_msgs/include/custom_msgs/custom_msgs/msg/detail/suction_request__rosidl_typesupport_fastrtps_cpp.hpp
[1.092s] -- Up-to-date: /home/andy/CRIMP/install/custom_msgs/include/custom_msgs/custom_msgs/msg/rosidl_typesupport_fastrtps_cpp__visibility_control.h
[1.092s] -- Up-to-date: /home/andy/CRIMP/install/custom_msgs/lib/libcustom_msgs__rosidl_typesupport_fastrtps_cpp.so
[1.092s] -- Up-to-date: /home/andy/CRIMP/install/custom_msgs/include/custom_msgs/custom_msgs
[1.092s] -- Up-to-date: /home/andy/CRIMP/install/custom_msgs/include/custom_msgs/custom_msgs/msg
[1.092s] -- Up-to-date: /home/andy/CRIMP/install/custom_msgs/include/custom_msgs/custom_msgs/msg/detail
[1.092s] -- Up-to-date: /home/andy/CRIMP/install/custom_msgs/include/custom_msgs/custom_msgs/msg/detail/suction_request__rosidl_typesupport_introspection_cpp.hpp
[1.093s] -- Up-to-date: /home/andy/CRIMP/install/custom_msgs/include/custom_msgs/custom_msgs/msg/detail/suction_force__type_support.cpp
[1.093s] -- Up-to-date: /home/andy/CRIMP/install/custom_msgs/include/custom_msgs/custom_msgs/msg/detail/suction_request__type_support.cpp
[1.093s] -- Up-to-date: /home/andy/CRIMP/install/custom_msgs/include/custom_msgs/custom_msgs/msg/detail/suction_force__rosidl_typesupport_introspection_cpp.hpp
[1.093s] -- Up-to-date: /home/andy/CRIMP/install/custom_msgs/lib/libcustom_msgs__rosidl_typesupport_introspection_cpp.so
[1.094s] -- Up-to-date: /home/andy/CRIMP/install/custom_msgs/lib/libcustom_msgs__rosidl_typesupport_cpp.so
[1.094s] -- Up-to-date: /home/andy/CRIMP/install/custom_msgs/share/custom_msgs/environment/pythonpath.sh
[1.094s] -- Up-to-date: /home/andy/CRIMP/install/custom_msgs/share/custom_msgs/environment/pythonpath.dsv
[1.094s] -- Up-to-date: /home/andy/CRIMP/install/custom_msgs/lib/python3.12/site-packages/custom_msgs-0.0.0-py3.12.egg-info
[1.095s] -- Installing: /home/andy/CRIMP/install/custom_msgs/lib/python3.12/site-packages/custom_msgs-0.0.0-py3.12.egg-info/SOURCES.txt
[1.095s] -- Installing: /home/andy/CRIMP/install/custom_msgs/lib/python3.12/site-packages/custom_msgs-0.0.0-py3.12.egg-info/PKG-INFO
[1.095s] -- Installing: /home/andy/CRIMP/install/custom_msgs/lib/python3.12/site-packages/custom_msgs-0.0.0-py3.12.egg-info/dependency_links.txt
[1.095s] -- Installing: /home/andy/CRIMP/install/custom_msgs/lib/python3.12/site-packages/custom_msgs-0.0.0-py3.12.egg-info/top_level.txt
[1.096s] -- Up-to-date: /home/andy/CRIMP/install/custom_msgs/lib/python3.12/site-packages/custom_msgs
[1.096s] -- Up-to-date: /home/andy/CRIMP/install/custom_msgs/lib/python3.12/site-packages/custom_msgs/_custom_msgs_s.ep.rosidl_typesupport_fastrtps_c.c
[1.096s] -- Up-to-date: /home/andy/CRIMP/install/custom_msgs/lib/python3.12/site-packages/custom_msgs/custom_msgs_s__rosidl_typesupport_introspection_c.so
[1.096s] -- Up-to-date: /home/andy/CRIMP/install/custom_msgs/lib/python3.12/site-packages/custom_msgs/custom_msgs_s__rosidl_typesupport_fastrtps_c.so
[1.096s] -- Up-to-date: /home/andy/CRIMP/install/custom_msgs/lib/python3.12/site-packages/custom_msgs/_custom_msgs_s.ep.rosidl_typesupport_c.c
[1.097s] -- Up-to-date: /home/andy/CRIMP/install/custom_msgs/lib/python3.12/site-packages/custom_msgs/_custom_msgs_s.ep.rosidl_typesupport_introspection_c.c
[1.097s] -- Up-to-date: /home/andy/CRIMP/install/custom_msgs/lib/python3.12/site-packages/custom_msgs/custom_msgs_s__rosidl_typesupport_c.so
[1.097s] -- Up-to-date: /home/andy/CRIMP/install/custom_msgs/lib/python3.12/site-packages/custom_msgs/__init__.py
[1.097s] -- Up-to-date: /home/andy/CRIMP/install/custom_msgs/lib/python3.12/site-packages/custom_msgs/msg
[1.097s] -- Up-to-date: /home/andy/CRIMP/install/custom_msgs/lib/python3.12/site-packages/custom_msgs/msg/_suction_request_s.c
[1.097s] -- Up-to-date: /home/andy/CRIMP/install/custom_msgs/lib/python3.12/site-packages/custom_msgs/msg/_suction_force_s.c
[1.097s] -- Up-to-date: /home/andy/CRIMP/install/custom_msgs/lib/python3.12/site-packages/custom_msgs/msg/_suction_request.py
[1.098s] -- Up-to-date: /home/andy/CRIMP/install/custom_msgs/lib/python3.12/site-packages/custom_msgs/msg/__init__.py
[1.098s] -- Up-to-date: /home/andy/CRIMP/install/custom_msgs/lib/python3.12/site-packages/custom_msgs/msg/_suction_force.py
[1.173s] Listing '/home/andy/CRIMP/install/custom_msgs/lib/python3.12/site-packages/custom_msgs'...
[1.173s] Listing '/home/andy/CRIMP/install/custom_msgs/lib/python3.12/site-packages/custom_msgs/msg'...
[1.189s] -- Up-to-date: /home/andy/CRIMP/install/custom_msgs/lib/python3.12/site-packages/custom_msgs/custom_msgs_s__rosidl_typesupport_fastrtps_c.so
[1.190s] -- Up-to-date: /home/andy/CRIMP/install/custom_msgs/lib/python3.12/site-packages/custom_msgs/custom_msgs_s__rosidl_typesupport_introspection_c.so
[1.191s] -- Up-to-date: /home/andy/CRIMP/install/custom_msgs/lib/python3.12/site-packages/custom_msgs/custom_msgs_s__rosidl_typesupport_c.so
[1.192s] -- Up-to-date: /home/andy/CRIMP/install/custom_msgs/lib/libcustom_msgs__rosidl_generator_py.so
[1.192s] -- Up-to-date: /home/andy/CRIMP/install/custom_msgs/share/custom_msgs/msg/SuctionForce.idl
[1.192s] -- Up-to-date: /home/andy/CRIMP/install/custom_msgs/share/custom_msgs/msg/SuctionRequest.idl
[1.193s] -- Up-to-date: /home/andy/CRIMP/install/custom_msgs/share/custom_msgs/msg/SuctionForce.msg
[1.193s] -- Up-to-date: /home/andy/CRIMP/install/custom_msgs/share/custom_msgs/msg/SuctionRequest.msg
[1.193s] -- Up-to-date: /home/andy/CRIMP/install/custom_msgs/share/ament_index/resource_index/package_run_dependencies/custom_msgs
[1.193s] -- Up-to-date: /home/andy/CRIMP/install/custom_msgs/share/ament_index/resource_index/parent_prefix_path/custom_msgs
[1.193s] -- Up-to-date: /home/andy/CRIMP/install/custom_msgs/share/custom_msgs/environment/ament_prefix_path.sh
[1.194s] -- Up-to-date: /home/andy/CRIMP/install/custom_msgs/share/custom_msgs/environment/ament_prefix_path.dsv
[1.194s] -- Up-to-date: /home/andy/CRIMP/install/custom_msgs/share/custom_msgs/environment/path.sh
[1.194s] -- Up-to-date: /home/andy/CRIMP/install/custom_msgs/share/custom_msgs/environment/path.dsv
[1.194s] -- Up-to-date: /home/andy/CRIMP/install/custom_msgs/share/custom_msgs/local_setup.bash
[1.194s] -- Up-to-date: /home/andy/CRIMP/install/custom_msgs/share/custom_msgs/local_setup.sh
[1.194s] -- Up-to-date: /home/andy/CRIMP/install/custom_msgs/share/custom_msgs/local_setup.zsh
[1.194s] -- Up-to-date: /home/andy/CRIMP/install/custom_msgs/share/custom_msgs/local_setup.dsv
[1.195s] -- Installing: /home/andy/CRIMP/install/custom_msgs/share/custom_msgs/package.dsv
[1.195s] -- Up-to-date: /home/andy/CRIMP/install/custom_msgs/share/ament_index/resource_index/packages/custom_msgs
[1.196s] -- Up-to-date: /home/andy/CRIMP/install/custom_msgs/share/custom_msgs/cmake/export_custom_msgs__rosidl_generator_cExport.cmake
[1.196s] -- Up-to-date: /home/andy/CRIMP/install/custom_msgs/share/custom_msgs/cmake/export_custom_msgs__rosidl_generator_cExport-noconfig.cmake
[1.197s] -- Up-to-date: /home/andy/CRIMP/install/custom_msgs/share/custom_msgs/cmake/export_custom_msgs__rosidl_typesupport_fastrtps_cExport.cmake
[1.197s] -- Up-to-date: /home/andy/CRIMP/install/custom_msgs/share/custom_msgs/cmake/export_custom_msgs__rosidl_typesupport_fastrtps_cExport-noconfig.cmake
[1.197s] -- Up-to-date: /home/andy/CRIMP/install/custom_msgs/share/custom_msgs/cmake/custom_msgs__rosidl_typesupport_introspection_cExport.cmake
[1.197s] -- Up-to-date: /home/andy/CRIMP/install/custom_msgs/share/custom_msgs/cmake/custom_msgs__rosidl_typesupport_introspection_cExport-noconfig.cmake
[1.198s] -- Up-to-date: /home/andy/CRIMP/install/custom_msgs/share/custom_msgs/cmake/custom_msgs__rosidl_typesupport_cExport.cmake
[1.198s] -- Up-to-date: /home/andy/CRIMP/install/custom_msgs/share/custom_msgs/cmake/custom_msgs__rosidl_typesupport_cExport-noconfig.cmake
[1.198s] -- Up-to-date: /home/andy/CRIMP/install/custom_msgs/share/custom_msgs/cmake/export_custom_msgs__rosidl_generator_cppExport.cmake
[1.199s] -- Up-to-date: /home/andy/CRIMP/install/custom_msgs/share/custom_msgs/cmake/export_custom_msgs__rosidl_typesupport_fastrtps_cppExport.cmake
[1.199s] -- Up-to-date: /home/andy/CRIMP/install/custom_msgs/share/custom_msgs/cmake/export_custom_msgs__rosidl_typesupport_fastrtps_cppExport-noconfig.cmake
[1.200s] -- Up-to-date: /home/andy/CRIMP/install/custom_msgs/share/custom_msgs/cmake/custom_msgs__rosidl_typesupport_introspection_cppExport.cmake
[1.200s] -- Up-to-date: /home/andy/CRIMP/install/custom_msgs/share/custom_msgs/cmake/custom_msgs__rosidl_typesupport_introspection_cppExport-noconfig.cmake
[1.200s] -- Up-to-date: /home/andy/CRIMP/install/custom_msgs/share/custom_msgs/cmake/custom_msgs__rosidl_typesupport_cppExport.cmake
[1.200s] -- Up-to-date: /home/andy/CRIMP/install/custom_msgs/share/custom_msgs/cmake/custom_msgs__rosidl_typesupport_cppExport-noconfig.cmake
[1.201s] -- Up-to-date: /home/andy/CRIMP/install/custom_msgs/share/custom_msgs/cmake/export_custom_msgs__rosidl_generator_pyExport.cmake
[1.202s] -- Up-to-date: /home/andy/CRIMP/install/custom_msgs/share/custom_msgs/cmake/export_custom_msgs__rosidl_generator_pyExport-noconfig.cmake
[1.202s] -- Up-to-date: /home/andy/CRIMP/install/custom_msgs/share/custom_msgs/cmake/rosidl_cmake-extras.cmake
[1.202s] -- Up-to-date: /home/andy/CRIMP/install/custom_msgs/share/custom_msgs/cmake/ament_cmake_export_include_directories-extras.cmake
[1.202s] -- Up-to-date: /home/andy/CRIMP/install/custom_msgs/share/custom_msgs/cmake/ament_cmake_export_libraries-extras.cmake
[1.202s] -- Up-to-date: /home/andy/CRIMP/install/custom_msgs/share/custom_msgs/cmake/ament_cmake_export_targets-extras.cmake
[1.203s] -- Up-to-date: /home/andy/CRIMP/install/custom_msgs/share/custom_msgs/cmake/rosidl_cmake_export_typesupport_targets-extras.cmake
[1.203s] -- Up-to-date: /home/andy/CRIMP/install/custom_msgs/share/custom_msgs/cmake/ament_cmake_export_dependencies-extras.cmake
[1.203s] -- Up-to-date: /home/andy/CRIMP/install/custom_msgs/share/custom_msgs/cmake/rosidl_cmake_export_typesupport_libraries-extras.cmake
[1.203s] -- Up-to-date: /home/andy/CRIMP/install/custom_msgs/share/custom_msgs/cmake/custom_msgsConfig.cmake
[1.203s] -- Up-to-date: /home/andy/CRIMP/install/custom_msgs/share/custom_msgs/cmake/custom_msgsConfig-version.cmake
[1.203s] -- Up-to-date: /home/andy/CRIMP/install/custom_msgs/share/custom_msgs/package.xml
[1.207s] Invoked command in '/home/andy/CRIMP/build/custom_msgs' returned '0': CMAKE_PREFIX_PATH=${CMAKE_PREFIX_PATH}:/home/andy/CRIMP/install/crimp_python:/opt/ros/jazzy /usr/bin/cmake --install /home/andy/CRIMP/build/custom_msgs
