[1.434s] Invoking command in '/home/andy/CRIMP/src/crimp_python': PYTHONPATH=/home/andy/CRIMP/build/crimp_python/prefix_override:/usr/local/lib/python3.12/dist-packages/colcon_core/task/python/colcon_distutils_commands:/home/andy/CRIMP/install/crimp_python/lib/python3.12/site-packages:${PYTHONPATH} /usr/bin/python3 -W ignore:setup.py install is deprecated -W ignore:easy_install command is deprecated setup.py egg_info --egg-base ../../build/crimp_python build --build-base /home/andy/CRIMP/build/crimp_python/build install --record /home/andy/CRIMP/build/crimp_python/install.log --single-version-externally-managed install_data
[1.843s] running egg_info
[1.867s] writing ../../build/crimp_python/crimp_python.egg-info/PKG-INFO
[1.868s] writing dependency_links to ../../build/crimp_python/crimp_python.egg-info/dependency_links.txt
[1.868s] writing entry points to ../../build/crimp_python/crimp_python.egg-info/entry_points.txt
[1.868s] writing requirements to ../../build/crimp_python/crimp_python.egg-info/requires.txt
[1.869s] writing top-level names to ../../build/crimp_python/crimp_python.egg-info/top_level.txt
[1.919s] reading manifest file '../../build/crimp_python/crimp_python.egg-info/SOURCES.txt'
[1.920s] adding license file 'LICENSE'
[1.921s] writing manifest file '../../build/crimp_python/crimp_python.egg-info/SOURCES.txt'
[1.921s] running build
[1.921s] running build_py
[1.922s] running install
[1.936s] running install_lib
[1.962s] running install_data
[1.962s] running install_egg_info
[1.989s] removing '/home/andy/CRIMP/install/crimp_python/lib/python3.12/site-packages/crimp_python-0.0.0-py3.12.egg-info' (and everything under it)
[1.990s] Copying ../../build/crimp_python/crimp_python.egg-info to /home/andy/CRIMP/install/crimp_python/lib/python3.12/site-packages/crimp_python-0.0.0-py3.12.egg-info
[1.992s] running install_scripts
[2.175s] Installing lidar script to /home/andy/CRIMP/install/crimp_python/lib/crimp_python
[2.176s] writing list of installed files to '/home/andy/CRIMP/build/crimp_python/install.log'
[2.268s] Invoked command in '/home/andy/CRIMP/src/crimp_python' returned '0': PYTHONPATH=/home/andy/CRIMP/build/crimp_python/prefix_override:/usr/local/lib/python3.12/dist-packages/colcon_core/task/python/colcon_distutils_commands:/home/andy/CRIMP/install/crimp_python/lib/python3.12/site-packages:${PYTHONPATH} /usr/bin/python3 -W ignore:setup.py install is deprecated -W ignore:easy_install command is deprecated setup.py egg_info --egg-base ../../build/crimp_python build --build-base /home/andy/CRIMP/build/crimp_python/build install --record /home/andy/CRIMP/build/crimp_python/install.log --single-version-externally-managed install_data
