[1.443s] Invoking command in '/home/ethan/crimp_ws/src/crimp_python': DEBUGINFOD_URLS=https://debuginfod.ubuntu.com PYTHONPATH=/home/ethan/crimp_ws/build/crimp_python/prefix_override:/usr/lib/python3/dist-packages/colcon_core/task/python/colcon_distutils_commands:/home/ethan/crimp_ws/install/crimp_python/lib/python3.12/site-packages:${PYTHONPATH} /usr/bin/python3 -W ignore:setup.py install is deprecated -W ignore:easy_install command is deprecated setup.py egg_info --egg-base ../../build/crimp_python build --build-base /home/ethan/crimp_ws/build/crimp_python/build install --record /home/ethan/crimp_ws/build/crimp_python/install.log --single-version-externally-managed install_data
[2.250s] running egg_info
[2.340s] writing ../../build/crimp_python/crimp_python.egg-info/PKG-INFO
[2.341s] writing dependency_links to ../../build/crimp_python/crimp_python.egg-info/dependency_links.txt
[2.342s] writing entry points to ../../build/crimp_python/crimp_python.egg-info/entry_points.txt
[2.342s] writing requirements to ../../build/crimp_python/crimp_python.egg-info/requires.txt
[2.343s] writing top-level names to ../../build/crimp_python/crimp_python.egg-info/top_level.txt
[2.491s] reading manifest file '../../build/crimp_python/crimp_python.egg-info/SOURCES.txt'
[2.492s] adding license file 'LICENSE'
[2.494s] writing manifest file '../../build/crimp_python/crimp_python.egg-info/SOURCES.txt'
[2.495s] running build
[2.495s] running build_py
[2.496s] running install
[2.515s] running install_lib
[2.573s] running install_data
[2.574s] running install_egg_info
[2.636s] removing '/home/ethan/crimp_ws/install/crimp_python/lib/python3.12/site-packages/crimp_python-0.0.0-py3.12.egg-info' (and everything under it)
[2.636s] Copying ../../build/crimp_python/crimp_python.egg-info to /home/ethan/crimp_ws/install/crimp_python/lib/python3.12/site-packages/crimp_python-0.0.0-py3.12.egg-info
[2.639s] running install_scripts
[3.094s] Installing lidar script to /home/ethan/crimp_ws/install/crimp_python/lib/crimp_python
[3.094s] writing list of installed files to '/home/ethan/crimp_ws/build/crimp_python/install.log'
[3.191s] Invoked command in '/home/ethan/crimp_ws/src/crimp_python' returned '0': DEBUGINFOD_URLS=https://debuginfod.ubuntu.com PYTHONPATH=/home/ethan/crimp_ws/build/crimp_python/prefix_override:/usr/lib/python3/dist-packages/colcon_core/task/python/colcon_distutils_commands:/home/ethan/crimp_ws/install/crimp_python/lib/python3.12/site-packages:${PYTHONPATH} /usr/bin/python3 -W ignore:setup.py install is deprecated -W ignore:easy_install command is deprecated setup.py egg_info --egg-base ../../build/crimp_python build --build-base /home/ethan/crimp_ws/build/crimp_python/build install --record /home/ethan/crimp_ws/build/crimp_python/install.log --single-version-externally-managed install_data
