/home/ethan/crimp_ws/install/examples_python/lib/python3.12/site-packages/examples_python/__init__.py
/home/ethan/crimp_ws/install/examples_python/lib/python3.12/site-packages/examples_python/simple_pub.py
/home/ethan/crimp_ws/install/examples_python/lib/python3.12/site-packages/examples_python/simple_sub.py
/home/ethan/crimp_ws/install/examples_python/lib/python3.12/site-packages/examples_python/simple_pubsub.py
/home/ethan/crimp_ws/install/examples_python/lib/python3.12/site-packages/examples_python/__pycache__/__init__.cpython-312.pyc
/home/ethan/crimp_ws/install/examples_python/lib/python3.12/site-packages/examples_python/__pycache__/simple_pub.cpython-312.pyc
/home/ethan/crimp_ws/install/examples_python/lib/python3.12/site-packages/examples_python/__pycache__/simple_sub.cpython-312.pyc
/home/ethan/crimp_ws/install/examples_python/lib/python3.12/site-packages/examples_python/__pycache__/simple_pubsub.cpython-312.pyc
/home/ethan/crimp_ws/install/examples_python/share/ament_index/resource_index/packages/examples_python
/home/ethan/crimp_ws/install/examples_python/share/examples_python/package.xml
/home/ethan/crimp_ws/install/examples_python/lib/python3.12/site-packages/examples_python-0.0.0-py3.12.egg-info/PKG-INFO
/home/ethan/crimp_ws/install/examples_python/lib/python3.12/site-packages/examples_python-0.0.0-py3.12.egg-info/dependency_links.txt
/home/ethan/crimp_ws/install/examples_python/lib/python3.12/site-packages/examples_python-0.0.0-py3.12.egg-info/SOURCES.txt
/home/ethan/crimp_ws/install/examples_python/lib/python3.12/site-packages/examples_python-0.0.0-py3.12.egg-info/top_level.txt
/home/ethan/crimp_ws/install/examples_python/lib/python3.12/site-packages/examples_python-0.0.0-py3.12.egg-info/zip-safe
/home/ethan/crimp_ws/install/examples_python/lib/python3.12/site-packages/examples_python-0.0.0-py3.12.egg-info/requires.txt
/home/ethan/crimp_ws/install/examples_python/lib/python3.12/site-packages/examples_python-0.0.0-py3.12.egg-info/entry_points.txt
/home/ethan/crimp_ws/install/examples_python/lib/examples_python/listener
/home/ethan/crimp_ws/install/examples_python/lib/examples_python/pubsub
/home/ethan/crimp_ws/install/examples_python/lib/examples_python/talker
