[0.021s] Invoking command in '/home/ethan/crimp_ws/build/custom_msgs': CMAKE_PREFIX_PATH=${CMAKE_PREFIX_PATH}:/opt/ros/jazzy DEBUGINFOD_URLS=https://debuginfod.ubuntu.com /usr/bin/cmake /home/ethan/crimp_ws/src/custom_msgs -DCMAKE_INSTALL_PREFIX=/home/ethan/crimp_ws/install/custom_msgs
[0.121s] -- The C compiler identification is GNU 13.3.0
[0.219s] -- The CXX compiler identification is GNU 13.3.0
[0.254s] -- Detecting C compiler ABI info
[0.429s] -- Detecting C compiler ABI info - done
[0.444s] -- Check for working C compiler: /usr/bin/cc - skipped
[0.445s] -- Detecting C compile features
[0.445s] -- Detecting C compile features - done
[0.463s] -- Detecting CXX compiler ABI info
[0.636s] -- Detecting CXX compiler ABI info - done
[0.666s] -- Check for working CXX compiler: /usr/bin/c++ - skipped
[0.667s] -- Detecting CXX compile features
[0.669s] -- Detecting CXX compile features - done
[0.677s] -- Found ament_cmake: 2.5.3 (/opt/ros/jazzy/share/ament_cmake/cmake)
[0.907s] -- Found Python3: /usr/bin/python3 (found version "3.12.3") found components: Interpreter 
[1.086s] -- Found rosidl_default_generators: 1.6.0 (/opt/ros/jazzy/share/rosidl_default_generators/cmake)
[1.093s] -- Using all available rosidl_typesupport_c: rosidl_typesupport_fastrtps_c;rosidl_typesupport_introspection_c
[1.170s] -- Using all available rosidl_typesupport_cpp: rosidl_typesupport_fastrtps_cpp;rosidl_typesupport_introspection_cpp
[1.231s] -- Found rosidl_adapter: 4.6.5 (/opt/ros/jazzy/share/rosidl_adapter/cmake)
[2.105s] -- Found ament_cmake_ros: 0.12.0 (/opt/ros/jazzy/share/ament_cmake_ros/cmake)
[2.736s] -- Using all available rosidl_typesupport_c: rosidl_typesupport_fastrtps_c;rosidl_typesupport_introspection_c
[3.565s] -- Using all available rosidl_typesupport_cpp: rosidl_typesupport_fastrtps_cpp;rosidl_typesupport_introspection_cpp
[3.574s] -- Found python_cmake_module: 0.11.1 (/opt/ros/jazzy/share/python_cmake_module/cmake)
[3.770s] -- Found PythonExtra: /usr/bin/python3  
[4.377s] -- Found Python3: /usr/bin/python3 (found version "3.12.3") found components: Interpreter Development NumPy Development.Module Development.Embed 
[4.432s] -- Found ament_lint_auto: 0.17.2 (/opt/ros/jazzy/share/ament_lint_auto/cmake)
[4.476s] -- Added test 'lint_cmake' to check CMake code style
[4.478s] -- Added test 'xmllint' to check XML markup files
[4.482s] -- Configuring done (4.4s)
[4.524s] -- Generating done (0.0s)
[4.538s] -- Build files have been written to: /home/ethan/crimp_ws/build/custom_msgs
[4.551s] Invoked command in '/home/ethan/crimp_ws/build/custom_msgs' returned '0': CMAKE_PREFIX_PATH=${CMAKE_PREFIX_PATH}:/opt/ros/jazzy DEBUGINFOD_URLS=https://debuginfod.ubuntu.com /usr/bin/cmake /home/ethan/crimp_ws/src/custom_msgs -DCMAKE_INSTALL_PREFIX=/home/ethan/crimp_ws/install/custom_msgs
[4.553s] Invoking command in '/home/ethan/crimp_ws/build/custom_msgs': CMAKE_PREFIX_PATH=${CMAKE_PREFIX_PATH}:/opt/ros/jazzy DEBUGINFOD_URLS=https://debuginfod.ubuntu.com /usr/bin/cmake --build /home/ethan/crimp_ws/build/custom_msgs -- -j8 -l8
[4.658s] [  2%] [34m[1mGenerating type hashes for ROS interfaces[0m
[4.666s] [  2%] Built target ament_cmake_python_copy_custom_msgs
[4.934s] [  2%] Built target custom_msgs__rosidl_generator_type_description
[4.952s] [  4%] [34m[1mGenerating C code for ROS interfaces[0m
[4.971s] [  6%] [34m[1mGenerating C++ code for ROS interfaces[0m
[4.988s] running egg_info
[4.989s] creating custom_msgs.egg-info
[5.021s] writing custom_msgs.egg-info/PKG-INFO
[5.021s] writing dependency_links to custom_msgs.egg-info/dependency_links.txt
[5.021s] writing top-level names to custom_msgs.egg-info/top_level.txt
[5.022s] writing manifest file 'custom_msgs.egg-info/SOURCES.txt'
[5.113s] reading manifest file 'custom_msgs.egg-info/SOURCES.txt'
[5.113s] writing manifest file 'custom_msgs.egg-info/SOURCES.txt'
[5.174s] [  6%] Built target ament_cmake_python_build_custom_msgs_egg
[5.374s] [  6%] Built target custom_msgs__cpp
[5.437s] [  9%] [32mBuilding C object CMakeFiles/custom_msgs__rosidl_generator_c.dir/rosidl_generator_c/custom_msgs/msg/detail/suction_force__description.c.o[0m
[5.437s] [ 13%] [32mBuilding C object CMakeFiles/custom_msgs__rosidl_generator_c.dir/rosidl_generator_c/custom_msgs/msg/detail/suction_request__description.c.o[0m
[5.437s] [ 13%] [32mBuilding C object CMakeFiles/custom_msgs__rosidl_generator_c.dir/rosidl_generator_c/custom_msgs/msg/detail/suction_force__functions.c.o[0m
[5.437s] [ 15%] [32mBuilding C object CMakeFiles/custom_msgs__rosidl_generator_c.dir/rosidl_generator_c/custom_msgs/msg/detail/suction_request__type_support.c.o[0m
[5.438s] [ 18%] [32mBuilding C object CMakeFiles/custom_msgs__rosidl_generator_c.dir/rosidl_generator_c/custom_msgs/msg/detail/suction_force__type_support.c.o[0m
[5.438s] [ 20%] [32mBuilding C object CMakeFiles/custom_msgs__rosidl_generator_c.dir/rosidl_generator_c/custom_msgs/msg/detail/suction_request__functions.c.o[0m
[5.514s] [ 22%] [32m[1mLinking C shared library libcustom_msgs__rosidl_generator_c.so[0m
[5.591s] [ 22%] Built target custom_msgs__rosidl_generator_c
[5.608s] [ 25%] [34m[1mGenerating C type support dispatch for ROS interfaces[0m
[5.611s] [ 27%] [34m[1mGenerating C++ type support dispatch for ROS interfaces[0m
[5.613s] [ 36%] [34m[1mGenerating C++ introspection for ROS interfaces[0m
[5.613s] [ 36%] [34m[1mGenerating C type support for eProsima Fast-RTPS[0m
[5.613s] [ 36%] [34m[1mGenerating C introspection for ROS interfaces[0m
[5.613s] [ 36%] [34m[1mGenerating C++ type support for eProsima Fast-RTPS[0m
[6.076s] [ 38%] [32mBuilding CXX object CMakeFiles/custom_msgs__rosidl_typesupport_introspection_cpp.dir/rosidl_typesupport_introspection_cpp/custom_msgs/msg/detail/suction_force__type_support.cpp.o[0m
[6.077s] [ 40%] [32mBuilding CXX object CMakeFiles/custom_msgs__rosidl_typesupport_introspection_cpp.dir/rosidl_typesupport_introspection_cpp/custom_msgs/msg/detail/suction_request__type_support.cpp.o[0m
[6.151s] [ 43%] [32mBuilding CXX object CMakeFiles/custom_msgs__rosidl_typesupport_cpp.dir/rosidl_typesupport_cpp/custom_msgs/msg/suction_force__type_support.cpp.o[0m
[6.157s] [ 45%] [32mBuilding CXX object CMakeFiles/custom_msgs__rosidl_typesupport_cpp.dir/rosidl_typesupport_cpp/custom_msgs/msg/suction_request__type_support.cpp.o[0m
[6.167s] [ 47%] [32mBuilding CXX object CMakeFiles/custom_msgs__rosidl_typesupport_c.dir/rosidl_typesupport_c/custom_msgs/msg/suction_force__type_support.cpp.o[0m
[6.194s] [ 50%] [32mBuilding CXX object CMakeFiles/custom_msgs__rosidl_typesupport_fastrtps_c.dir/rosidl_typesupport_fastrtps_c/custom_msgs/msg/detail/suction_force__type_support_c.cpp.o[0m
[6.242s] [ 52%] [32mBuilding C object CMakeFiles/custom_msgs__rosidl_typesupport_introspection_c.dir/rosidl_typesupport_introspection_c/custom_msgs/msg/detail/suction_force__type_support.c.o[0m
[6.259s] [ 54%] [32mBuilding CXX object CMakeFiles/custom_msgs__rosidl_typesupport_c.dir/rosidl_typesupport_c/custom_msgs/msg/suction_request__type_support.cpp.o[0m
[6.280s] [ 56%] [32mBuilding CXX object CMakeFiles/custom_msgs__rosidl_typesupport_fastrtps_cpp.dir/rosidl_typesupport_fastrtps_cpp/custom_msgs/msg/detail/dds_fastrtps/suction_force__type_support.cpp.o[0m
[6.324s] [ 59%] [32mBuilding C object CMakeFiles/custom_msgs__rosidl_typesupport_introspection_c.dir/rosidl_typesupport_introspection_c/custom_msgs/msg/detail/suction_request__type_support.c.o[0m
[6.342s] [ 61%] [32m[1mLinking CXX shared library libcustom_msgs__rosidl_typesupport_c.so[0m
[6.408s] [ 63%] [32m[1mLinking C shared library libcustom_msgs__rosidl_typesupport_introspection_c.so[0m
[6.432s] [ 63%] Built target custom_msgs__rosidl_typesupport_c
[6.452s] [ 65%] [32mBuilding CXX object CMakeFiles/custom_msgs__rosidl_typesupport_fastrtps_cpp.dir/rosidl_typesupport_fastrtps_cpp/custom_msgs/msg/detail/dds_fastrtps/suction_request__type_support.cpp.o[0m
[6.495s] [ 65%] Built target custom_msgs__rosidl_typesupport_introspection_c
[6.521s] [ 68%] [32mBuilding CXX object CMakeFiles/custom_msgs__rosidl_typesupport_fastrtps_c.dir/rosidl_typesupport_fastrtps_c/custom_msgs/msg/detail/suction_request__type_support_c.cpp.o[0m
[6.780s] [ 70%] [32m[1mLinking CXX shared library libcustom_msgs__rosidl_typesupport_introspection_cpp.so[0m
[6.816s] [ 72%] [32m[1mLinking CXX shared library libcustom_msgs__rosidl_typesupport_cpp.so[0m
[6.874s] [ 72%] Built target custom_msgs__rosidl_typesupport_introspection_cpp
[6.906s] [ 72%] Built target custom_msgs__rosidl_typesupport_cpp
[7.274s] [ 75%] [32m[1mLinking CXX shared library libcustom_msgs__rosidl_typesupport_fastrtps_c.so[0m
[7.305s] [ 77%] [32m[1mLinking CXX shared library libcustom_msgs__rosidl_typesupport_fastrtps_cpp.so[0m
[7.362s] [ 77%] Built target custom_msgs__rosidl_typesupport_fastrtps_c
[7.379s] [ 77%] Built target custom_msgs__rosidl_typesupport_fastrtps_cpp
[7.414s] [ 77%] Built target custom_msgs
[7.456s] [ 79%] [34m[1mGenerating Python code for ROS interfaces[0m
[7.864s] [ 79%] Built target custom_msgs__py
[7.898s] [ 81%] [32mBuilding C object CMakeFiles/custom_msgs__rosidl_generator_py.dir/rosidl_generator_py/custom_msgs/msg/_suction_force_s.c.o[0m
[7.901s] [ 84%] [32mBuilding C object CMakeFiles/custom_msgs__rosidl_generator_py.dir/rosidl_generator_py/custom_msgs/msg/_suction_request_s.c.o[0m
[8.066s] [ 86%] [32m[1mLinking C shared library libcustom_msgs__rosidl_generator_py.so[0m
[8.143s] [ 86%] Built target custom_msgs__rosidl_generator_py
[8.175s] [ 90%] [32mBuilding C object CMakeFiles/custom_msgs_s__rosidl_typesupport_c.dir/rosidl_generator_py/custom_msgs/_custom_msgs_s.ep.rosidl_typesupport_c.c.o[0m
[8.175s] [ 90%] [32mBuilding C object CMakeFiles/custom_msgs_s__rosidl_typesupport_introspection_c.dir/rosidl_generator_py/custom_msgs/_custom_msgs_s.ep.rosidl_typesupport_introspection_c.c.o[0m
[8.176s] [ 93%] [32mBuilding C object CMakeFiles/custom_msgs_s__rosidl_typesupport_fastrtps_c.dir/rosidl_generator_py/custom_msgs/_custom_msgs_s.ep.rosidl_typesupport_fastrtps_c.c.o[0m
[8.318s] [ 95%] [32m[1mLinking C shared module rosidl_generator_py/custom_msgs/custom_msgs_s__rosidl_typesupport_c.so[0m
[8.326s] [ 97%] [32m[1mLinking C shared module rosidl_generator_py/custom_msgs/custom_msgs_s__rosidl_typesupport_introspection_c.so[0m
[8.328s] [100%] [32m[1mLinking C shared module rosidl_generator_py/custom_msgs/custom_msgs_s__rosidl_typesupport_fastrtps_c.so[0m
[8.373s] [100%] Built target custom_msgs_s__rosidl_typesupport_c
[8.380s] [100%] Built target custom_msgs_s__rosidl_typesupport_introspection_c
[8.385s] [100%] Built target custom_msgs_s__rosidl_typesupport_fastrtps_c
[8.406s] Invoked command in '/home/ethan/crimp_ws/build/custom_msgs' returned '0': CMAKE_PREFIX_PATH=${CMAKE_PREFIX_PATH}:/opt/ros/jazzy DEBUGINFOD_URLS=https://debuginfod.ubuntu.com /usr/bin/cmake --build /home/ethan/crimp_ws/build/custom_msgs -- -j8 -l8
[8.423s] Invoking command in '/home/ethan/crimp_ws/build/custom_msgs': CMAKE_PREFIX_PATH=${CMAKE_PREFIX_PATH}:/opt/ros/jazzy DEBUGINFOD_URLS=https://debuginfod.ubuntu.com /usr/bin/cmake --install /home/ethan/crimp_ws/build/custom_msgs
[8.435s] -- Install configuration: ""
[8.435s] -- Installing: /home/ethan/crimp_ws/install/custom_msgs/share/ament_index/resource_index/rosidl_interfaces/custom_msgs
[8.436s] -- Installing: /home/ethan/crimp_ws/install/custom_msgs/share/custom_msgs/msg/SuctionForce.json
[8.436s] -- Installing: /home/ethan/crimp_ws/install/custom_msgs/share/custom_msgs/msg/SuctionRequest.json
[8.436s] -- Installing: /home/ethan/crimp_ws/install/custom_msgs/include/custom_msgs/custom_msgs
[8.437s] -- Installing: /home/ethan/crimp_ws/install/custom_msgs/include/custom_msgs/custom_msgs/msg
[8.437s] -- Installing: /home/ethan/crimp_ws/install/custom_msgs/include/custom_msgs/custom_msgs/msg/rosidl_generator_c__visibility_control.h
[8.438s] -- Installing: /home/ethan/crimp_ws/install/custom_msgs/include/custom_msgs/custom_msgs/msg/suction_force.h
[8.438s] -- Installing: /home/ethan/crimp_ws/install/custom_msgs/include/custom_msgs/custom_msgs/msg/detail
[8.439s] -- Installing: /home/ethan/crimp_ws/install/custom_msgs/include/custom_msgs/custom_msgs/msg/detail/suction_request__functions.h
[8.439s] -- Installing: /home/ethan/crimp_ws/install/custom_msgs/include/custom_msgs/custom_msgs/msg/detail/suction_force__struct.h
[8.439s] -- Installing: /home/ethan/crimp_ws/install/custom_msgs/include/custom_msgs/custom_msgs/msg/detail/suction_request__type_support.c
[8.440s] -- Installing: /home/ethan/crimp_ws/install/custom_msgs/include/custom_msgs/custom_msgs/msg/detail/suction_force__type_support.h
[8.440s] -- Installing: /home/ethan/crimp_ws/install/custom_msgs/include/custom_msgs/custom_msgs/msg/detail/suction_request__struct.h
[8.441s] -- Installing: /home/ethan/crimp_ws/install/custom_msgs/include/custom_msgs/custom_msgs/msg/detail/suction_force__functions.h
[8.441s] -- Installing: /home/ethan/crimp_ws/install/custom_msgs/include/custom_msgs/custom_msgs/msg/detail/suction_force__functions.c
[8.441s] -- Installing: /home/ethan/crimp_ws/install/custom_msgs/include/custom_msgs/custom_msgs/msg/detail/suction_force__description.c
[8.441s] -- Installing: /home/ethan/crimp_ws/install/custom_msgs/include/custom_msgs/custom_msgs/msg/detail/suction_force__type_support.c
[8.442s] -- Installing: /home/ethan/crimp_ws/install/custom_msgs/include/custom_msgs/custom_msgs/msg/detail/suction_request__functions.c
[8.442s] -- Installing: /home/ethan/crimp_ws/install/custom_msgs/include/custom_msgs/custom_msgs/msg/detail/suction_request__description.c
[8.442s] -- Installing: /home/ethan/crimp_ws/install/custom_msgs/include/custom_msgs/custom_msgs/msg/detail/suction_request__type_support.h
[8.443s] -- Installing: /home/ethan/crimp_ws/install/custom_msgs/include/custom_msgs/custom_msgs/msg/suction_request.h
[8.443s] -- Installing: /home/ethan/crimp_ws/install/custom_msgs/share/custom_msgs/environment/library_path.sh
[8.443s] -- Installing: /home/ethan/crimp_ws/install/custom_msgs/share/custom_msgs/environment/library_path.dsv
[8.443s] -- Installing: /home/ethan/crimp_ws/install/custom_msgs/lib/libcustom_msgs__rosidl_generator_c.so
[8.443s] -- Set non-toolchain portion of runtime path of "/home/ethan/crimp_ws/install/custom_msgs/lib/libcustom_msgs__rosidl_generator_c.so" to ""
[8.444s] -- Up-to-date: /home/ethan/crimp_ws/install/custom_msgs/include/custom_msgs/custom_msgs
[8.444s] -- Up-to-date: /home/ethan/crimp_ws/install/custom_msgs/include/custom_msgs/custom_msgs/msg
[8.444s] -- Installing: /home/ethan/crimp_ws/install/custom_msgs/include/custom_msgs/custom_msgs/msg/rosidl_typesupport_fastrtps_c__visibility_control.h
[8.445s] -- Up-to-date: /home/ethan/crimp_ws/install/custom_msgs/include/custom_msgs/custom_msgs/msg/detail
[8.445s] -- Installing: /home/ethan/crimp_ws/install/custom_msgs/include/custom_msgs/custom_msgs/msg/detail/suction_force__rosidl_typesupport_fastrtps_c.h
[8.445s] -- Installing: /home/ethan/crimp_ws/install/custom_msgs/include/custom_msgs/custom_msgs/msg/detail/suction_request__rosidl_typesupport_fastrtps_c.h
[8.445s] -- Installing: /home/ethan/crimp_ws/install/custom_msgs/lib/libcustom_msgs__rosidl_typesupport_fastrtps_c.so
[8.446s] -- Set non-toolchain portion of runtime path of "/home/ethan/crimp_ws/install/custom_msgs/lib/libcustom_msgs__rosidl_typesupport_fastrtps_c.so" to ""
[8.446s] -- Up-to-date: /home/ethan/crimp_ws/install/custom_msgs/include/custom_msgs/custom_msgs
[8.446s] -- Up-to-date: /home/ethan/crimp_ws/install/custom_msgs/include/custom_msgs/custom_msgs/msg
[8.447s] -- Installing: /home/ethan/crimp_ws/install/custom_msgs/include/custom_msgs/custom_msgs/msg/rosidl_typesupport_introspection_c__visibility_control.h
[8.447s] -- Up-to-date: /home/ethan/crimp_ws/install/custom_msgs/include/custom_msgs/custom_msgs/msg/detail
[8.447s] -- Installing: /home/ethan/crimp_ws/install/custom_msgs/include/custom_msgs/custom_msgs/msg/detail/suction_force__rosidl_typesupport_introspection_c.h
[8.447s] -- Up-to-date: /home/ethan/crimp_ws/install/custom_msgs/include/custom_msgs/custom_msgs/msg/detail/suction_request__type_support.c
[8.447s] -- Up-to-date: /home/ethan/crimp_ws/install/custom_msgs/include/custom_msgs/custom_msgs/msg/detail/suction_force__type_support.c
[8.448s] -- Installing: /home/ethan/crimp_ws/install/custom_msgs/include/custom_msgs/custom_msgs/msg/detail/suction_request__rosidl_typesupport_introspection_c.h
[8.448s] -- Installing: /home/ethan/crimp_ws/install/custom_msgs/lib/libcustom_msgs__rosidl_typesupport_introspection_c.so
[8.448s] -- Set non-toolchain portion of runtime path of "/home/ethan/crimp_ws/install/custom_msgs/lib/libcustom_msgs__rosidl_typesupport_introspection_c.so" to ""
[8.449s] -- Installing: /home/ethan/crimp_ws/install/custom_msgs/lib/libcustom_msgs__rosidl_typesupport_c.so
[8.449s] -- Set non-toolchain portion of runtime path of "/home/ethan/crimp_ws/install/custom_msgs/lib/libcustom_msgs__rosidl_typesupport_c.so" to ""
[8.449s] -- Up-to-date: /home/ethan/crimp_ws/install/custom_msgs/include/custom_msgs/custom_msgs
[8.449s] -- Up-to-date: /home/ethan/crimp_ws/install/custom_msgs/include/custom_msgs/custom_msgs/msg
[8.450s] -- Installing: /home/ethan/crimp_ws/install/custom_msgs/include/custom_msgs/custom_msgs/msg/rosidl_generator_cpp__visibility_control.hpp
[8.450s] -- Installing: /home/ethan/crimp_ws/install/custom_msgs/include/custom_msgs/custom_msgs/msg/suction_force.hpp
[8.450s] -- Up-to-date: /home/ethan/crimp_ws/install/custom_msgs/include/custom_msgs/custom_msgs/msg/detail
[8.450s] -- Installing: /home/ethan/crimp_ws/install/custom_msgs/include/custom_msgs/custom_msgs/msg/detail/suction_request__traits.hpp
[8.451s] -- Installing: /home/ethan/crimp_ws/install/custom_msgs/include/custom_msgs/custom_msgs/msg/detail/suction_force__struct.hpp
[8.451s] -- Installing: /home/ethan/crimp_ws/install/custom_msgs/include/custom_msgs/custom_msgs/msg/detail/suction_request__type_support.hpp
[8.451s] -- Installing: /home/ethan/crimp_ws/install/custom_msgs/include/custom_msgs/custom_msgs/msg/detail/suction_request__struct.hpp
[8.451s] -- Installing: /home/ethan/crimp_ws/install/custom_msgs/include/custom_msgs/custom_msgs/msg/detail/suction_force__type_support.hpp
[8.451s] -- Installing: /home/ethan/crimp_ws/install/custom_msgs/include/custom_msgs/custom_msgs/msg/detail/suction_force__traits.hpp
[8.452s] -- Installing: /home/ethan/crimp_ws/install/custom_msgs/include/custom_msgs/custom_msgs/msg/detail/suction_request__builder.hpp
[8.452s] -- Installing: /home/ethan/crimp_ws/install/custom_msgs/include/custom_msgs/custom_msgs/msg/detail/suction_force__builder.hpp
[8.452s] -- Installing: /home/ethan/crimp_ws/install/custom_msgs/include/custom_msgs/custom_msgs/msg/suction_request.hpp
[8.452s] -- Up-to-date: /home/ethan/crimp_ws/install/custom_msgs/include/custom_msgs/custom_msgs
[8.453s] -- Up-to-date: /home/ethan/crimp_ws/install/custom_msgs/include/custom_msgs/custom_msgs/msg
[8.453s] -- Installing: /home/ethan/crimp_ws/install/custom_msgs/include/custom_msgs/custom_msgs/msg/rosidl_typesupport_fastrtps_cpp__visibility_control.h
[8.453s] -- Up-to-date: /home/ethan/crimp_ws/install/custom_msgs/include/custom_msgs/custom_msgs/msg/detail
[8.454s] -- Installing: /home/ethan/crimp_ws/install/custom_msgs/include/custom_msgs/custom_msgs/msg/detail/dds_fastrtps
[8.454s] -- Installing: /home/ethan/crimp_ws/install/custom_msgs/include/custom_msgs/custom_msgs/msg/detail/suction_force__rosidl_typesupport_fastrtps_cpp.hpp
[8.454s] -- Installing: /home/ethan/crimp_ws/install/custom_msgs/include/custom_msgs/custom_msgs/msg/detail/suction_request__rosidl_typesupport_fastrtps_cpp.hpp
[8.454s] -- Installing: /home/ethan/crimp_ws/install/custom_msgs/lib/libcustom_msgs__rosidl_typesupport_fastrtps_cpp.so
[8.455s] -- Set non-toolchain portion of runtime path of "/home/ethan/crimp_ws/install/custom_msgs/lib/libcustom_msgs__rosidl_typesupport_fastrtps_cpp.so" to ""
[8.455s] -- Up-to-date: /home/ethan/crimp_ws/install/custom_msgs/include/custom_msgs/custom_msgs
[8.455s] -- Up-to-date: /home/ethan/crimp_ws/install/custom_msgs/include/custom_msgs/custom_msgs/msg
[8.455s] -- Up-to-date: /home/ethan/crimp_ws/install/custom_msgs/include/custom_msgs/custom_msgs/msg/detail
[8.456s] -- Installing: /home/ethan/crimp_ws/install/custom_msgs/include/custom_msgs/custom_msgs/msg/detail/suction_request__type_support.cpp
[8.456s] -- Installing: /home/ethan/crimp_ws/install/custom_msgs/include/custom_msgs/custom_msgs/msg/detail/suction_force__rosidl_typesupport_introspection_cpp.hpp
[8.456s] -- Installing: /home/ethan/crimp_ws/install/custom_msgs/include/custom_msgs/custom_msgs/msg/detail/suction_force__type_support.cpp
[8.456s] -- Installing: /home/ethan/crimp_ws/install/custom_msgs/include/custom_msgs/custom_msgs/msg/detail/suction_request__rosidl_typesupport_introspection_cpp.hpp
[8.457s] -- Installing: /home/ethan/crimp_ws/install/custom_msgs/lib/libcustom_msgs__rosidl_typesupport_introspection_cpp.so
[8.457s] -- Set non-toolchain portion of runtime path of "/home/ethan/crimp_ws/install/custom_msgs/lib/libcustom_msgs__rosidl_typesupport_introspection_cpp.so" to ""
[8.457s] -- Installing: /home/ethan/crimp_ws/install/custom_msgs/lib/libcustom_msgs__rosidl_typesupport_cpp.so
[8.457s] -- Set non-toolchain portion of runtime path of "/home/ethan/crimp_ws/install/custom_msgs/lib/libcustom_msgs__rosidl_typesupport_cpp.so" to ""
[8.458s] -- Installing: /home/ethan/crimp_ws/install/custom_msgs/share/custom_msgs/environment/pythonpath.sh
[8.458s] -- Installing: /home/ethan/crimp_ws/install/custom_msgs/share/custom_msgs/environment/pythonpath.dsv
[8.458s] -- Installing: /home/ethan/crimp_ws/install/custom_msgs/lib/python3.12/site-packages/custom_msgs-0.0.0-py3.12.egg-info
[8.459s] -- Installing: /home/ethan/crimp_ws/install/custom_msgs/lib/python3.12/site-packages/custom_msgs-0.0.0-py3.12.egg-info/PKG-INFO
[8.459s] -- Installing: /home/ethan/crimp_ws/install/custom_msgs/lib/python3.12/site-packages/custom_msgs-0.0.0-py3.12.egg-info/dependency_links.txt
[8.459s] -- Installing: /home/ethan/crimp_ws/install/custom_msgs/lib/python3.12/site-packages/custom_msgs-0.0.0-py3.12.egg-info/SOURCES.txt
[8.459s] -- Installing: /home/ethan/crimp_ws/install/custom_msgs/lib/python3.12/site-packages/custom_msgs-0.0.0-py3.12.egg-info/top_level.txt
[8.459s] -- Installing: /home/ethan/crimp_ws/install/custom_msgs/lib/python3.12/site-packages/custom_msgs
[8.460s] -- Installing: /home/ethan/crimp_ws/install/custom_msgs/lib/python3.12/site-packages/custom_msgs/custom_msgs_s__rosidl_typesupport_c.so
[8.460s] -- Installing: /home/ethan/crimp_ws/install/custom_msgs/lib/python3.12/site-packages/custom_msgs/_custom_msgs_s.ep.rosidl_typesupport_introspection_c.c
[8.460s] -- Installing: /home/ethan/crimp_ws/install/custom_msgs/lib/python3.12/site-packages/custom_msgs/__init__.py
[8.460s] -- Installing: /home/ethan/crimp_ws/install/custom_msgs/lib/python3.12/site-packages/custom_msgs/_custom_msgs_s.ep.rosidl_typesupport_fastrtps_c.c
[8.461s] -- Installing: /home/ethan/crimp_ws/install/custom_msgs/lib/python3.12/site-packages/custom_msgs/msg
[8.461s] -- Installing: /home/ethan/crimp_ws/install/custom_msgs/lib/python3.12/site-packages/custom_msgs/msg/__init__.py
[8.461s] -- Installing: /home/ethan/crimp_ws/install/custom_msgs/lib/python3.12/site-packages/custom_msgs/msg/_suction_force_s.c
[8.461s] -- Installing: /home/ethan/crimp_ws/install/custom_msgs/lib/python3.12/site-packages/custom_msgs/msg/_suction_request.py
[8.462s] -- Installing: /home/ethan/crimp_ws/install/custom_msgs/lib/python3.12/site-packages/custom_msgs/msg/_suction_request_s.c
[8.462s] -- Installing: /home/ethan/crimp_ws/install/custom_msgs/lib/python3.12/site-packages/custom_msgs/msg/_suction_force.py
[8.462s] -- Installing: /home/ethan/crimp_ws/install/custom_msgs/lib/python3.12/site-packages/custom_msgs/custom_msgs_s__rosidl_typesupport_fastrtps_c.so
[8.463s] -- Installing: /home/ethan/crimp_ws/install/custom_msgs/lib/python3.12/site-packages/custom_msgs/custom_msgs_s__rosidl_typesupport_introspection_c.so
[8.463s] -- Installing: /home/ethan/crimp_ws/install/custom_msgs/lib/python3.12/site-packages/custom_msgs/_custom_msgs_s.ep.rosidl_typesupport_c.c
[8.509s] Listing '/home/ethan/crimp_ws/install/custom_msgs/lib/python3.12/site-packages/custom_msgs'...
[8.509s] Compiling '/home/ethan/crimp_ws/install/custom_msgs/lib/python3.12/site-packages/custom_msgs/__init__.py'...
[8.510s] Listing '/home/ethan/crimp_ws/install/custom_msgs/lib/python3.12/site-packages/custom_msgs/msg'...
[8.510s] Compiling '/home/ethan/crimp_ws/install/custom_msgs/lib/python3.12/site-packages/custom_msgs/msg/__init__.py'...
[8.510s] Compiling '/home/ethan/crimp_ws/install/custom_msgs/lib/python3.12/site-packages/custom_msgs/msg/_suction_force.py'...
[8.510s] Compiling '/home/ethan/crimp_ws/install/custom_msgs/lib/python3.12/site-packages/custom_msgs/msg/_suction_request.py'...
[8.517s] -- Installing: /home/ethan/crimp_ws/install/custom_msgs/lib/python3.12/site-packages/custom_msgs/custom_msgs_s__rosidl_typesupport_fastrtps_c.so
[8.517s] -- Set non-toolchain portion of runtime path of "/home/ethan/crimp_ws/install/custom_msgs/lib/python3.12/site-packages/custom_msgs/custom_msgs_s__rosidl_typesupport_fastrtps_c.so" to ""
[8.518s] -- Installing: /home/ethan/crimp_ws/install/custom_msgs/lib/python3.12/site-packages/custom_msgs/custom_msgs_s__rosidl_typesupport_introspection_c.so
[8.519s] -- Set non-toolchain portion of runtime path of "/home/ethan/crimp_ws/install/custom_msgs/lib/python3.12/site-packages/custom_msgs/custom_msgs_s__rosidl_typesupport_introspection_c.so" to ""
[8.520s] -- Installing: /home/ethan/crimp_ws/install/custom_msgs/lib/python3.12/site-packages/custom_msgs/custom_msgs_s__rosidl_typesupport_c.so
[8.521s] -- Set non-toolchain portion of runtime path of "/home/ethan/crimp_ws/install/custom_msgs/lib/python3.12/site-packages/custom_msgs/custom_msgs_s__rosidl_typesupport_c.so" to ""
[8.521s] -- Installing: /home/ethan/crimp_ws/install/custom_msgs/lib/libcustom_msgs__rosidl_generator_py.so
[8.522s] -- Set non-toolchain portion of runtime path of "/home/ethan/crimp_ws/install/custom_msgs/lib/libcustom_msgs__rosidl_generator_py.so" to ""
[8.522s] -- Installing: /home/ethan/crimp_ws/install/custom_msgs/share/custom_msgs/msg/SuctionForce.idl
[8.523s] -- Installing: /home/ethan/crimp_ws/install/custom_msgs/share/custom_msgs/msg/SuctionRequest.idl
[8.523s] -- Installing: /home/ethan/crimp_ws/install/custom_msgs/share/custom_msgs/msg/SuctionForce.msg
[8.523s] -- Installing: /home/ethan/crimp_ws/install/custom_msgs/share/custom_msgs/msg/SuctionRequest.msg
[8.524s] -- Installing: /home/ethan/crimp_ws/install/custom_msgs/share/ament_index/resource_index/package_run_dependencies/custom_msgs
[8.524s] -- Installing: /home/ethan/crimp_ws/install/custom_msgs/share/ament_index/resource_index/parent_prefix_path/custom_msgs
[8.525s] -- Installing: /home/ethan/crimp_ws/install/custom_msgs/share/custom_msgs/environment/ament_prefix_path.sh
[8.525s] -- Installing: /home/ethan/crimp_ws/install/custom_msgs/share/custom_msgs/environment/ament_prefix_path.dsv
[8.526s] -- Installing: /home/ethan/crimp_ws/install/custom_msgs/share/custom_msgs/environment/path.sh
[8.526s] -- Installing: /home/ethan/crimp_ws/install/custom_msgs/share/custom_msgs/environment/path.dsv
[8.527s] -- Installing: /home/ethan/crimp_ws/install/custom_msgs/share/custom_msgs/local_setup.bash
[8.527s] -- Installing: /home/ethan/crimp_ws/install/custom_msgs/share/custom_msgs/local_setup.sh
[8.528s] -- Installing: /home/ethan/crimp_ws/install/custom_msgs/share/custom_msgs/local_setup.zsh
[8.528s] -- Installing: /home/ethan/crimp_ws/install/custom_msgs/share/custom_msgs/local_setup.dsv
[8.529s] -- Installing: /home/ethan/crimp_ws/install/custom_msgs/share/custom_msgs/package.dsv
[8.529s] -- Installing: /home/ethan/crimp_ws/install/custom_msgs/share/ament_index/resource_index/packages/custom_msgs
[8.530s] -- Installing: /home/ethan/crimp_ws/install/custom_msgs/share/custom_msgs/cmake/export_custom_msgs__rosidl_generator_cExport.cmake
[8.531s] -- Installing: /home/ethan/crimp_ws/install/custom_msgs/share/custom_msgs/cmake/export_custom_msgs__rosidl_generator_cExport-noconfig.cmake
[8.531s] -- Installing: /home/ethan/crimp_ws/install/custom_msgs/share/custom_msgs/cmake/export_custom_msgs__rosidl_typesupport_fastrtps_cExport.cmake
[8.532s] -- Installing: /home/ethan/crimp_ws/install/custom_msgs/share/custom_msgs/cmake/export_custom_msgs__rosidl_typesupport_fastrtps_cExport-noconfig.cmake
[8.532s] -- Installing: /home/ethan/crimp_ws/install/custom_msgs/share/custom_msgs/cmake/custom_msgs__rosidl_typesupport_introspection_cExport.cmake
[8.533s] -- Installing: /home/ethan/crimp_ws/install/custom_msgs/share/custom_msgs/cmake/custom_msgs__rosidl_typesupport_introspection_cExport-noconfig.cmake
[8.534s] -- Installing: /home/ethan/crimp_ws/install/custom_msgs/share/custom_msgs/cmake/custom_msgs__rosidl_typesupport_cExport.cmake
[8.534s] -- Installing: /home/ethan/crimp_ws/install/custom_msgs/share/custom_msgs/cmake/custom_msgs__rosidl_typesupport_cExport-noconfig.cmake
[8.535s] -- Installing: /home/ethan/crimp_ws/install/custom_msgs/share/custom_msgs/cmake/export_custom_msgs__rosidl_generator_cppExport.cmake
[8.536s] -- Installing: /home/ethan/crimp_ws/install/custom_msgs/share/custom_msgs/cmake/export_custom_msgs__rosidl_typesupport_fastrtps_cppExport.cmake
[8.536s] -- Installing: /home/ethan/crimp_ws/install/custom_msgs/share/custom_msgs/cmake/export_custom_msgs__rosidl_typesupport_fastrtps_cppExport-noconfig.cmake
[8.537s] -- Installing: /home/ethan/crimp_ws/install/custom_msgs/share/custom_msgs/cmake/custom_msgs__rosidl_typesupport_introspection_cppExport.cmake
[8.538s] -- Installing: /home/ethan/crimp_ws/install/custom_msgs/share/custom_msgs/cmake/custom_msgs__rosidl_typesupport_introspection_cppExport-noconfig.cmake
[8.538s] -- Installing: /home/ethan/crimp_ws/install/custom_msgs/share/custom_msgs/cmake/custom_msgs__rosidl_typesupport_cppExport.cmake
[8.539s] -- Installing: /home/ethan/crimp_ws/install/custom_msgs/share/custom_msgs/cmake/custom_msgs__rosidl_typesupport_cppExport-noconfig.cmake
[8.539s] -- Installing: /home/ethan/crimp_ws/install/custom_msgs/share/custom_msgs/cmake/export_custom_msgs__rosidl_generator_pyExport.cmake
[8.540s] -- Installing: /home/ethan/crimp_ws/install/custom_msgs/share/custom_msgs/cmake/export_custom_msgs__rosidl_generator_pyExport-noconfig.cmake
[8.541s] -- Installing: /home/ethan/crimp_ws/install/custom_msgs/share/custom_msgs/cmake/rosidl_cmake-extras.cmake
[8.541s] -- Installing: /home/ethan/crimp_ws/install/custom_msgs/share/custom_msgs/cmake/ament_cmake_export_include_directories-extras.cmake
[8.542s] -- Installing: /home/ethan/crimp_ws/install/custom_msgs/share/custom_msgs/cmake/ament_cmake_export_libraries-extras.cmake
[8.542s] -- Installing: /home/ethan/crimp_ws/install/custom_msgs/share/custom_msgs/cmake/ament_cmake_export_targets-extras.cmake
[8.543s] -- Installing: /home/ethan/crimp_ws/install/custom_msgs/share/custom_msgs/cmake/rosidl_cmake_export_typesupport_targets-extras.cmake
[8.543s] -- Installing: /home/ethan/crimp_ws/install/custom_msgs/share/custom_msgs/cmake/ament_cmake_export_dependencies-extras.cmake
[8.544s] -- Installing: /home/ethan/crimp_ws/install/custom_msgs/share/custom_msgs/cmake/rosidl_cmake_export_typesupport_libraries-extras.cmake
[8.545s] -- Installing: /home/ethan/crimp_ws/install/custom_msgs/share/custom_msgs/cmake/custom_msgsConfig.cmake
[8.545s] -- Installing: /home/ethan/crimp_ws/install/custom_msgs/share/custom_msgs/cmake/custom_msgsConfig-version.cmake
[8.546s] -- Installing: /home/ethan/crimp_ws/install/custom_msgs/share/custom_msgs/package.xml
[8.554s] Invoked command in '/home/ethan/crimp_ws/build/custom_msgs' returned '0': CMAKE_PREFIX_PATH=${CMAKE_PREFIX_PATH}:/opt/ros/jazzy DEBUGINFOD_URLS=https://debuginfod.ubuntu.com /usr/bin/cmake --install /home/ethan/crimp_ws/build/custom_msgs
