[1.561s] Invoking command in '/home/andy/CRIMP/src/crimp_python': PYTHONPATH=/home/andy/CRIMP/build/crimp_python/prefix_override:/usr/local/lib/python3.12/dist-packages/colcon_core/task/python/colcon_distutils_commands:/home/andy/CRIMP/install/crimp_python/lib/python3.12/site-packages:${PYTHONPATH} /usr/bin/python3 -W ignore:setup.py install is deprecated -W ignore:easy_install command is deprecated setup.py egg_info --egg-base ../../build/crimp_python build --build-base /home/andy/CRIMP/build/crimp_python/build install --record /home/andy/CRIMP/build/crimp_python/install.log --single-version-externally-managed install_data
[2.006s] running egg_info
[2.006s] creating ../../build/crimp_python/crimp_python.egg-info
[2.028s] writing ../../build/crimp_python/crimp_python.egg-info/PKG-INFO
[2.029s] writing dependency_links to ../../build/crimp_python/crimp_python.egg-info/dependency_links.txt
[2.029s] writing entry points to ../../build/crimp_python/crimp_python.egg-info/entry_points.txt
[2.029s] writing requirements to ../../build/crimp_python/crimp_python.egg-info/requires.txt
[2.030s] writing top-level names to ../../build/crimp_python/crimp_python.egg-info/top_level.txt
[2.030s] writing manifest file '../../build/crimp_python/crimp_python.egg-info/SOURCES.txt'
[2.076s] reading manifest file '../../build/crimp_python/crimp_python.egg-info/SOURCES.txt'
[2.076s] adding license file 'LICENSE'
[2.077s] writing manifest file '../../build/crimp_python/crimp_python.egg-info/SOURCES.txt'
[2.078s] running build
[2.078s] running build_py
[2.078s] creating /home/andy/CRIMP/build/crimp_python/build
[2.078s] creating /home/andy/CRIMP/build/crimp_python/build/lib
[2.078s] creating /home/andy/CRIMP/build/crimp_python/build/lib/crimp_python
[2.079s] copying crimp_python/lidar.py -> /home/andy/CRIMP/build/crimp_python/build/lib/crimp_python
[2.079s] copying crimp_python/__init__.py -> /home/andy/CRIMP/build/crimp_python/build/lib/crimp_python
[2.079s] running install
[2.092s] running install_lib
[2.115s] creating /home/andy/CRIMP/install/crimp_python/lib/python3.12/site-packages/crimp_python
[2.116s] copying /home/andy/CRIMP/build/crimp_python/build/lib/crimp_python/lidar.py -> /home/andy/CRIMP/install/crimp_python/lib/python3.12/site-packages/crimp_python
[2.116s] copying /home/andy/CRIMP/build/crimp_python/build/lib/crimp_python/__init__.py -> /home/andy/CRIMP/install/crimp_python/lib/python3.12/site-packages/crimp_python
[2.117s] byte-compiling /home/andy/CRIMP/install/crimp_python/lib/python3.12/site-packages/crimp_python/lidar.py to lidar.cpython-312.pyc
[2.118s] byte-compiling /home/andy/CRIMP/install/crimp_python/lib/python3.12/site-packages/crimp_python/__init__.py to __init__.cpython-312.pyc
[2.118s] running install_data
[2.118s] creating /home/andy/CRIMP/install/crimp_python/share/ament_index
[2.119s] creating /home/andy/CRIMP/install/crimp_python/share/ament_index/resource_index
[2.119s] creating /home/andy/CRIMP/install/crimp_python/share/ament_index/resource_index/packages
[2.119s] copying resource/crimp_python -> /home/andy/CRIMP/install/crimp_python/share/ament_index/resource_index/packages
[2.119s] copying package.xml -> /home/andy/CRIMP/install/crimp_python/share/crimp_python
[2.119s] running install_egg_info
[2.145s] Copying ../../build/crimp_python/crimp_python.egg-info to /home/andy/CRIMP/install/crimp_python/lib/python3.12/site-packages/crimp_python-0.0.0-py3.12.egg-info
[2.147s] running install_scripts
[2.316s] Installing lidar script to /home/andy/CRIMP/install/crimp_python/lib/crimp_python
[2.317s] writing list of installed files to '/home/andy/CRIMP/build/crimp_python/install.log'
[2.412s] Invoked command in '/home/andy/CRIMP/src/crimp_python' returned '0': PYTHONPATH=/home/andy/CRIMP/build/crimp_python/prefix_override:/usr/local/lib/python3.12/dist-packages/colcon_core/task/python/colcon_distutils_commands:/home/andy/CRIMP/install/crimp_python/lib/python3.12/site-packages:${PYTHONPATH} /usr/bin/python3 -W ignore:setup.py install is deprecated -W ignore:easy_install command is deprecated setup.py egg_info --egg-base ../../build/crimp_python build --build-base /home/andy/CRIMP/build/crimp_python/build install --record /home/andy/CRIMP/build/crimp_python/install.log --single-version-externally-managed install_data
