[1.176s] Invoking command in '/home/ethan/crimp_ws/src/crimp_python': DEBUGINFOD_URLS=https://debuginfod.ubuntu.com PYTHONPATH=/home/ethan/crimp_ws/build/crimp_python/prefix_override:/usr/lib/python3/dist-packages/colcon_core/task/python/colcon_distutils_commands:/home/ethan/crimp_ws/install/crimp_python/lib/python3.12/site-packages:${PYTHONPATH} /usr/bin/python3 -W ignore:setup.py install is deprecated -W ignore:easy_install command is deprecated setup.py egg_info --egg-base ../../build/crimp_python build --build-base /home/ethan/crimp_ws/build/crimp_python/build install --record /home/ethan/crimp_ws/build/crimp_python/install.log --single-version-externally-managed install_data
[1.551s] running egg_info
[1.552s] creating ../../build/crimp_python/crimp_python.egg-info
[1.579s] writing ../../build/crimp_python/crimp_python.egg-info/PKG-INFO
[1.580s] writing dependency_links to ../../build/crimp_python/crimp_python.egg-info/dependency_links.txt
[1.580s] writing entry points to ../../build/crimp_python/crimp_python.egg-info/entry_points.txt
[1.580s] writing requirements to ../../build/crimp_python/crimp_python.egg-info/requires.txt
[1.580s] writing top-level names to ../../build/crimp_python/crimp_python.egg-info/top_level.txt
[1.581s] writing manifest file '../../build/crimp_python/crimp_python.egg-info/SOURCES.txt'
[1.639s] reading manifest file '../../build/crimp_python/crimp_python.egg-info/SOURCES.txt'
[1.640s] adding license file 'LICENSE'
[1.640s] writing manifest file '../../build/crimp_python/crimp_python.egg-info/SOURCES.txt'
[1.641s] running build
[1.642s] running build_py
[1.642s] creating /home/ethan/crimp_ws/build/crimp_python/build
[1.643s] creating /home/ethan/crimp_ws/build/crimp_python/build/lib
[1.643s] creating /home/ethan/crimp_ws/build/crimp_python/build/lib/crimp_python
[1.643s] copying crimp_python/lidar.py -> /home/ethan/crimp_ws/build/crimp_python/build/lib/crimp_python
[1.643s] copying crimp_python/__init__.py -> /home/ethan/crimp_ws/build/crimp_python/build/lib/crimp_python
[1.643s] running install
[1.650s] running install_lib
[1.678s] creating /home/ethan/crimp_ws/install/crimp_python/lib/python3.12/site-packages/crimp_python
[1.678s] copying /home/ethan/crimp_ws/build/crimp_python/build/lib/crimp_python/lidar.py -> /home/ethan/crimp_ws/install/crimp_python/lib/python3.12/site-packages/crimp_python
[1.679s] copying /home/ethan/crimp_ws/build/crimp_python/build/lib/crimp_python/__init__.py -> /home/ethan/crimp_ws/install/crimp_python/lib/python3.12/site-packages/crimp_python
[1.679s] byte-compiling /home/ethan/crimp_ws/install/crimp_python/lib/python3.12/site-packages/crimp_python/lidar.py to lidar.cpython-312.pyc
[1.680s] byte-compiling /home/ethan/crimp_ws/install/crimp_python/lib/python3.12/site-packages/crimp_python/__init__.py to __init__.cpython-312.pyc
[1.680s] running install_data
[1.680s] creating /home/ethan/crimp_ws/install/crimp_python/share/ament_index
[1.681s] creating /home/ethan/crimp_ws/install/crimp_python/share/ament_index/resource_index
[1.681s] creating /home/ethan/crimp_ws/install/crimp_python/share/ament_index/resource_index/packages
[1.681s] copying resource/crimp_python -> /home/ethan/crimp_ws/install/crimp_python/share/ament_index/resource_index/packages
[1.681s] copying package.xml -> /home/ethan/crimp_ws/install/crimp_python/share/crimp_python
[1.682s] running install_egg_info
[1.711s] Copying ../../build/crimp_python/crimp_python.egg-info to /home/ethan/crimp_ws/install/crimp_python/lib/python3.12/site-packages/crimp_python-0.0.0-py3.12.egg-info
[1.712s] running install_scripts
[1.902s] Installing lidar script to /home/ethan/crimp_ws/install/crimp_python/lib/crimp_python
[1.902s] writing list of installed files to '/home/ethan/crimp_ws/build/crimp_python/install.log'
[1.955s] Invoked command in '/home/ethan/crimp_ws/src/crimp_python' returned '0': DEBUGINFOD_URLS=https://debuginfod.ubuntu.com PYTHONPATH=/home/ethan/crimp_ws/build/crimp_python/prefix_override:/usr/lib/python3/dist-packages/colcon_core/task/python/colcon_distutils_commands:/home/ethan/crimp_ws/install/crimp_python/lib/python3.12/site-packages:${PYTHONPATH} /usr/bin/python3 -W ignore:setup.py install is deprecated -W ignore:easy_install command is deprecated setup.py egg_info --egg-base ../../build/crimp_python build --build-base /home/ethan/crimp_ws/build/crimp_python/build install --record /home/ethan/crimp_ws/build/crimp_python/install.log --single-version-externally-managed install_data
