[ 33%] [32mBuilding CXX object CMakeFiles/suction_cups.dir/src/suction_cups.cpp.o[0m
[ 50%] Built target motion_planner
[ 83%] Built target joint_mover
[100%] [32m[1mLinking CXX executable suction_cups[0m
[100%] Built target suction_cups
-- Install configuration: ""
-- Up-to-date: /home/ethan/crimp_ws/install/crimp_cpp/lib/crimp_cpp/joint_mover
-- Up-to-date: /home/ethan/crimp_ws/install/crimp_cpp/lib/crimp_cpp/motion_planner
-- Installing: /home/ethan/crimp_ws/install/crimp_cpp/lib/crimp_cpp/suction_cups
-- Set non-toolchain portion of runtime path of "/home/ethan/crimp_ws/install/crimp_cpp/lib/crimp_cpp/suction_cups" to ""
-- Up-to-date: /home/ethan/crimp_ws/install/crimp_cpp/share/ament_index/resource_index/package_run_dependencies/crimp_cpp
-- Up-to-date: /home/ethan/crimp_ws/install/crimp_cpp/share/ament_index/resource_index/parent_prefix_path/crimp_cpp
-- Up-to-date: /home/ethan/crimp_ws/install/crimp_cpp/share/crimp_cpp/environment/ament_prefix_path.sh
-- Up-to-date: /home/ethan/crimp_ws/install/crimp_cpp/share/crimp_cpp/environment/ament_prefix_path.dsv
-- Up-to-date: /home/ethan/crimp_ws/install/crimp_cpp/share/crimp_cpp/environment/path.sh
-- Up-to-date: /home/ethan/crimp_ws/install/crimp_cpp/share/crimp_cpp/environment/path.dsv
-- Up-to-date: /home/ethan/crimp_ws/install/crimp_cpp/share/crimp_cpp/local_setup.bash
-- Up-to-date: /home/ethan/crimp_ws/install/crimp_cpp/share/crimp_cpp/local_setup.sh
-- Up-to-date: /home/ethan/crimp_ws/install/crimp_cpp/share/crimp_cpp/local_setup.zsh
-- Up-to-date: /home/ethan/crimp_ws/install/crimp_cpp/share/crimp_cpp/local_setup.dsv
-- Installing: /home/ethan/crimp_ws/install/crimp_cpp/share/crimp_cpp/package.dsv
-- Up-to-date: /home/ethan/crimp_ws/install/crimp_cpp/share/ament_index/resource_index/packages/crimp_cpp
-- Up-to-date: /home/ethan/crimp_ws/install/crimp_cpp/share/crimp_cpp/cmake/crimp_cppConfig.cmake
-- Up-to-date: /home/ethan/crimp_ws/install/crimp_cpp/share/crimp_cpp/cmake/crimp_cppConfig-version.cmake
-- Up-to-date: /home/ethan/crimp_ws/install/crimp_cpp/share/crimp_cpp/package.xml
