[0.020s] Invoking command in '/home/ethan/crimp_ws/build/crimp_cpp': CMAKE_PREFIX_PATH=/home/ethan/crimp_ws/install/custom_msgs:/home/ethan/crimp_ws/install/crimp_cpp:/opt/ros/jazzy/opt/sdformat_vendor:/opt/ros/jazzy/opt/gz_math_vendor:/opt/ros/jazzy/opt/gz_utils_vendor:/opt/ros/jazzy/opt/gz_tools_vendor:/opt/ros/jazzy/opt/gz_cmake_vendor:/home/ethan/crimp_ws/install/crimp_python:/opt/ros/jazzy DEBUGINFOD_URLS=https://debuginfod.ubuntu.com /usr/bin/cmake --build /home/ethan/crimp_ws/build/crimp_cpp -- -j8 -l8
[0.136s] [ 33%] [32mBuilding CXX object CMakeFiles/suction_cups.dir/src/suction_cups.cpp.o[0m
[0.136s] [ 50%] Built target motion_planner
[0.139s] [ 83%] Built target joint_mover
[9.595s] [100%] [32m[1mLinking CXX executable suction_cups[0m
[10.028s] [100%] Built target suction_cups
[10.047s] Invoked command in '/home/ethan/crimp_ws/build/crimp_cpp' returned '0': CMAKE_PREFIX_PATH=/home/ethan/crimp_ws/install/custom_msgs:/home/ethan/crimp_ws/install/crimp_cpp:/opt/ros/jazzy/opt/sdformat_vendor:/opt/ros/jazzy/opt/gz_math_vendor:/opt/ros/jazzy/opt/gz_utils_vendor:/opt/ros/jazzy/opt/gz_tools_vendor:/opt/ros/jazzy/opt/gz_cmake_vendor:/home/ethan/crimp_ws/install/crimp_python:/opt/ros/jazzy DEBUGINFOD_URLS=https://debuginfod.ubuntu.com /usr/bin/cmake --build /home/ethan/crimp_ws/build/crimp_cpp -- -j8 -l8
[10.048s] Invoking command in '/home/ethan/crimp_ws/build/crimp_cpp': CMAKE_PREFIX_PATH=/home/ethan/crimp_ws/install/custom_msgs:/home/ethan/crimp_ws/install/crimp_cpp:/opt/ros/jazzy/opt/sdformat_vendor:/opt/ros/jazzy/opt/gz_math_vendor:/opt/ros/jazzy/opt/gz_utils_vendor:/opt/ros/jazzy/opt/gz_tools_vendor:/opt/ros/jazzy/opt/gz_cmake_vendor:/home/ethan/crimp_ws/install/crimp_python:/opt/ros/jazzy DEBUGINFOD_URLS=https://debuginfod.ubuntu.com /usr/bin/cmake --install /home/ethan/crimp_ws/build/crimp_cpp
[10.059s] -- Install configuration: ""
[10.060s] -- Up-to-date: /home/ethan/crimp_ws/install/crimp_cpp/lib/crimp_cpp/joint_mover
[10.060s] -- Up-to-date: /home/ethan/crimp_ws/install/crimp_cpp/lib/crimp_cpp/motion_planner
[10.060s] -- Installing: /home/ethan/crimp_ws/install/crimp_cpp/lib/crimp_cpp/suction_cups
[10.068s] -- Set non-toolchain portion of runtime path of "/home/ethan/crimp_ws/install/crimp_cpp/lib/crimp_cpp/suction_cups" to ""
[10.069s] -- Up-to-date: /home/ethan/crimp_ws/install/crimp_cpp/share/ament_index/resource_index/package_run_dependencies/crimp_cpp
[10.069s] -- Up-to-date: /home/ethan/crimp_ws/install/crimp_cpp/share/ament_index/resource_index/parent_prefix_path/crimp_cpp
[10.069s] -- Up-to-date: /home/ethan/crimp_ws/install/crimp_cpp/share/crimp_cpp/environment/ament_prefix_path.sh
[10.069s] -- Up-to-date: /home/ethan/crimp_ws/install/crimp_cpp/share/crimp_cpp/environment/ament_prefix_path.dsv
[10.070s] -- Up-to-date: /home/ethan/crimp_ws/install/crimp_cpp/share/crimp_cpp/environment/path.sh
[10.070s] -- Up-to-date: /home/ethan/crimp_ws/install/crimp_cpp/share/crimp_cpp/environment/path.dsv
[10.070s] -- Up-to-date: /home/ethan/crimp_ws/install/crimp_cpp/share/crimp_cpp/local_setup.bash
[10.070s] -- Up-to-date: /home/ethan/crimp_ws/install/crimp_cpp/share/crimp_cpp/local_setup.sh
[10.070s] -- Up-to-date: /home/ethan/crimp_ws/install/crimp_cpp/share/crimp_cpp/local_setup.zsh
[10.071s] -- Up-to-date: /home/ethan/crimp_ws/install/crimp_cpp/share/crimp_cpp/local_setup.dsv
[10.071s] -- Installing: /home/ethan/crimp_ws/install/crimp_cpp/share/crimp_cpp/package.dsv
[10.071s] -- Up-to-date: /home/ethan/crimp_ws/install/crimp_cpp/share/ament_index/resource_index/packages/crimp_cpp
[10.071s] -- Up-to-date: /home/ethan/crimp_ws/install/crimp_cpp/share/crimp_cpp/cmake/crimp_cppConfig.cmake
[10.071s] -- Up-to-date: /home/ethan/crimp_ws/install/crimp_cpp/share/crimp_cpp/cmake/crimp_cppConfig-version.cmake
[10.072s] -- Up-to-date: /home/ethan/crimp_ws/install/crimp_cpp/share/crimp_cpp/package.xml
[10.073s] Invoked command in '/home/ethan/crimp_ws/build/crimp_cpp' returned '0': CMAKE_PREFIX_PATH=/home/ethan/crimp_ws/install/custom_msgs:/home/ethan/crimp_ws/install/crimp_cpp:/opt/ros/jazzy/opt/sdformat_vendor:/opt/ros/jazzy/opt/gz_math_vendor:/opt/ros/jazzy/opt/gz_utils_vendor:/opt/ros/jazzy/opt/gz_tools_vendor:/opt/ros/jazzy/opt/gz_cmake_vendor:/home/ethan/crimp_ws/install/crimp_python:/opt/ros/jazzy DEBUGINFOD_URLS=https://debuginfod.ubuntu.com /usr/bin/cmake --install /home/ethan/crimp_ws/build/crimp_cpp
