/usr/bin/ld: CMakeFiles/suction_cups.dir/src/suction_cups.cpp.o: in function `SuctionCups::SuctionCups()':
suction_cups.cpp:(.text._ZN11SuctionCupsC2Ev[_ZN11SuctionCupsC5Ev]+0xd8): undefined reference to `SCSCL::SCSCL()'
/usr/bin/ld: suction_cups.cpp:(.text._ZN11SuctionCupsC2Ev[_ZN11SuctionCupsC5Ev]+0x294): undefined reference to `SCSerial::begin(int, char const*)'
/usr/bin/ld: CMakeFiles/suction_cups.dir/src/suction_cups.cpp.o: in function `SuctionCups::attach(int)':
suction_cups.cpp:(.text._ZN11SuctionCups6attachEi[_ZN11SuctionCups6attachEi]+0x4c): undefined reference to `SCSCL::ReadPos(int)'
/usr/bin/ld: suction_cups.cpp:(.text._ZN11SuctionCups6attachEi[_ZN11SuctionCups6attachEi]+0x64): undefined reference to `SCSCL::PWMMode(unsigned char)'
/usr/bin/ld: suction_cups.cpp:(.text._ZN11SuctionCups6attachEi[_ZN11SuctionCups6attachEi]+0x7c): undefined reference to `SCSCL::WritePWM(unsigned char, short)'
/usr/bin/ld: suction_cups.cpp:(.text._ZN11SuctionCups6attachEi[_ZN11SuctionCups6attachEi]+0x1dc): undefined reference to `SCSCL::ReadPos(int)'
/usr/bin/ld: suction_cups.cpp:(.text._ZN11SuctionCups6attachEi[_ZN11SuctionCups6attachEi]+0x218): undefined reference to `SCSCL::ReadPos(int)'
/usr/bin/ld: suction_cups.cpp:(.text._ZN11SuctionCups6attachEi[_ZN11SuctionCups6attachEi]+0x58c): undefined reference to `SCSCL::ReadPos(int)'
/usr/bin/ld: CMakeFiles/suction_cups.dir/src/suction_cups.cpp.o: in function `SuctionCups::detatch(int)':
suction_cups.cpp:(.text._ZN11SuctionCups7detatchEi[_ZN11SuctionCups7detatchEi]+0x4c): undefined reference to `SCSCL::ReadPos(int)'
/usr/bin/ld: suction_cups.cpp:(.text._ZN11SuctionCups7detatchEi[_ZN11SuctionCups7detatchEi]+0x64): undefined reference to `SCSCL::PWMMode(unsigned char)'
/usr/bin/ld: suction_cups.cpp:(.text._ZN11SuctionCups7detatchEi[_ZN11SuctionCups7detatchEi]+0x7c): undefined reference to `SCSCL::WritePWM(unsigned char, short)'
/usr/bin/ld: suction_cups.cpp:(.text._ZN11SuctionCups7detatchEi[_ZN11SuctionCups7detatchEi]+0x1dc): undefined reference to `SCSCL::ReadPos(int)'
/usr/bin/ld: suction_cups.cpp:(.text._ZN11SuctionCups7detatchEi[_ZN11SuctionCups7detatchEi]+0x218): undefined reference to `SCSCL::ReadPos(int)'
/usr/bin/ld: suction_cups.cpp:(.text._ZN11SuctionCups7detatchEi[_ZN11SuctionCups7detatchEi]+0x58c): undefined reference to `SCSCL::ReadPos(int)'
collect2: error: ld returned 1 exit status
gmake[2]: *** [CMakeFiles/suction_cups.dir/build.make:179: suction_cups] Error 1
gmake[1]: *** [CMakeFiles/Makefile2:221: CMakeFiles/suction_cups.dir/all] Error 2
gmake[1]: *** Waiting for unfinished jobs....
gmake: *** [Makefile:146: all] Error 2
