running egg_info
writing ../../build/crimp_python/crimp_python.egg-info/PKG-INFO
writing dependency_links to ../../build/crimp_python/crimp_python.egg-info/dependency_links.txt
writing entry points to ../../build/crimp_python/crimp_python.egg-info/entry_points.txt
writing requirements to ../../build/crimp_python/crimp_python.egg-info/requires.txt
writing top-level names to ../../build/crimp_python/crimp_python.egg-info/top_level.txt
reading manifest file '../../build/crimp_python/crimp_python.egg-info/SOURCES.txt'
adding license file 'LICENSE'
writing manifest file '../../build/crimp_python/crimp_python.egg-info/SOURCES.txt'
running build
running build_py
running install
running install_lib
running install_data
running install_egg_info
removing '/home/andy/CRIMP/install/crimp_python/lib/python3.12/site-packages/crimp_python-0.0.0-py3.12.egg-info' (and everything under it)
Copying ../../build/crimp_python/crimp_python.egg-info to /home/andy/CRIMP/install/crimp_python/lib/python3.12/site-packages/crimp_python-0.0.0-py3.12.egg-info
running install_scripts
Installing lidar script to /home/andy/CRIMP/install/crimp_python/lib/crimp_python
writing list of installed files to '/home/andy/CRIMP/build/crimp_python/install.log'
