-- The C compiler identification is GNU 13.3.0
-- The CXX compiler identification is GNU 13.3.0
-- Detecting C compiler ABI info
-- Detecting C compiler ABI info - done
-- Check for working C compiler: /usr/bin/cc - skipped
-- Detecting C compile features
-- Detecting C compile features - done
-- Detecting CXX compiler ABI info
-- Detecting CXX compiler ABI info - done
-- Check for working CXX compiler: /usr/bin/c++ - skipped
-- Detecting CXX compile features
-- Detecting CXX compile features - done
-- Found ament_cmake: 2.5.3 (/opt/ros/jazzy/share/ament_cmake/cmake)
-- Found Python3: /usr/bin/python3 (found version "3.12.3") found components: Interpreter 
-- Found rclcpp: 28.1.8 (/opt/ros/jazzy/share/rclcpp/cmake)
-- Found rosidl_generator_c: 4.6.5 (/opt/ros/jazzy/share/rosidl_generator_c/cmake)
-- Found rosidl_generator_cpp: 4.6.5 (/opt/ros/jazzy/share/rosidl_generator_cpp/cmake)
-- Using all available rosidl_typesupport_c: rosidl_typesupport_fastrtps_c;rosidl_typesupport_introspection_c
-- Using all available rosidl_typesupport_cpp: rosidl_typesupport_fastrtps_cpp;rosidl_typesupport_introspection_cpp
-- Found rmw_implementation_cmake: 7.3.2 (/opt/ros/jazzy/share/rmw_implementation_cmake/cmake)
-- Found rmw_fastrtps_cpp: 8.4.2 (/opt/ros/jazzy/share/rmw_fastrtps_cpp/cmake)
-- Found OpenSSL: /usr/lib/aarch64-linux-gnu/libcrypto.so (found version "3.0.13")  
-- Found FastRTPS: /opt/ros/jazzy/include (Required is at least version "2.13") 
-- Using RMW implementation 'rmw_fastrtps_cpp' as default
-- Found std_msgs: 5.3.6 (/opt/ros/jazzy/share/std_msgs/cmake)
-- Found sensor_msgs: 5.3.6 (/opt/ros/jazzy/share/sensor_msgs/cmake)
-- Found custom_msgs: 0.0.0 (/home/andy/CRIMP/install/custom_msgs/share/custom_msgs/cmake)
-- Found ament_lint_auto: 0.17.2 (/opt/ros/jazzy/share/ament_lint_auto/cmake)
-- Added test 'cppcheck' to perform static code analysis on C / C++ code
-- Configured cppcheck include dirs: 
-- Configured cppcheck exclude dirs and/or files: 
-- Added test 'lint_cmake' to check CMake code style
-- Added test 'uncrustify' to check C / C++ code style
-- Configured uncrustify additional arguments: 
-- Added test 'xmllint' to check XML markup files
-- Configuring done (1.6s)
-- Generating done (0.0s)
-- Build files have been written to: /home/andy/CRIMP/build/crimp_cpp
[ 50%] [32mBuilding CXX object CMakeFiles/suction_cups.dir/src/suction_cups.cpp.o[0m
[ 50%] [32mBuilding CXX object CMakeFiles/motion_planner.dir/src/motion_planner.cpp.o[0m
[ 50%] [32mBuilding CXX object CMakeFiles/joint_mover.dir/src/joint_mover.cpp.o[0m
[ 66%] [32m[1mLinking CXX executable joint_mover[0m
[ 83%] [32m[1mLinking CXX executable suction_cups[0m
[ 83%] Built target joint_mover
[ 83%] Built target suction_cups
[100%] [32m[1mLinking CXX executable motion_planner[0m
[100%] Built target motion_planner
-- Install configuration: ""
-- Installing: /home/andy/CRIMP/install/crimp_cpp/lib/crimp_cpp/joint_mover
-- Set non-toolchain portion of runtime path of "/home/andy/CRIMP/install/crimp_cpp/lib/crimp_cpp/joint_mover" to ""
-- Installing: /home/andy/CRIMP/install/crimp_cpp/lib/crimp_cpp/motion_planner
-- Set non-toolchain portion of runtime path of "/home/andy/CRIMP/install/crimp_cpp/lib/crimp_cpp/motion_planner" to ""
-- Installing: /home/andy/CRIMP/install/crimp_cpp/lib/crimp_cpp/suction_cups
-- Set non-toolchain portion of runtime path of "/home/andy/CRIMP/install/crimp_cpp/lib/crimp_cpp/suction_cups" to ""
-- Installing: /home/andy/CRIMP/install/crimp_cpp/share/ament_index/resource_index/package_run_dependencies/crimp_cpp
-- Installing: /home/andy/CRIMP/install/crimp_cpp/share/ament_index/resource_index/parent_prefix_path/crimp_cpp
-- Installing: /home/andy/CRIMP/install/crimp_cpp/share/crimp_cpp/environment/ament_prefix_path.sh
-- Installing: /home/andy/CRIMP/install/crimp_cpp/share/crimp_cpp/environment/ament_prefix_path.dsv
-- Installing: /home/andy/CRIMP/install/crimp_cpp/share/crimp_cpp/environment/path.sh
-- Installing: /home/andy/CRIMP/install/crimp_cpp/share/crimp_cpp/environment/path.dsv
-- Installing: /home/andy/CRIMP/install/crimp_cpp/share/crimp_cpp/local_setup.bash
-- Installing: /home/andy/CRIMP/install/crimp_cpp/share/crimp_cpp/local_setup.sh
-- Installing: /home/andy/CRIMP/install/crimp_cpp/share/crimp_cpp/local_setup.zsh
-- Installing: /home/andy/CRIMP/install/crimp_cpp/share/crimp_cpp/local_setup.dsv
-- Installing: /home/andy/CRIMP/install/crimp_cpp/share/crimp_cpp/package.dsv
-- Installing: /home/andy/CRIMP/install/crimp_cpp/share/ament_index/resource_index/packages/crimp_cpp
-- Installing: /home/andy/CRIMP/install/crimp_cpp/share/crimp_cpp/cmake/crimp_cppConfig.cmake
-- Installing: /home/andy/CRIMP/install/crimp_cpp/share/crimp_cpp/cmake/crimp_cppConfig-version.cmake
-- Installing: /home/andy/CRIMP/install/crimp_cpp/share/crimp_cpp/package.xml
