[0.011s] Invoking command in '/home/andy/CRIMP/build/crimp_cpp': CMAKE_PREFIX_PATH=/home/andy/CRIMP/install/custom_msgs:/home/andy/CRIMP/install/crimp_cpp:/home/andy/CRIMP/install/crimp_python:/opt/ros/jazzy /usr/bin/cmake /home/andy/CRIMP/src/crimp_cpp -DCMAKE_INSTALL_PREFIX=/home/andy/CRIMP/install/crimp_cpp
[0.101s] -- The C compiler identification is GNU 13.3.0
[0.194s] -- The CXX compiler identification is GNU 13.3.0
[0.217s] -- Detecting C compiler ABI info
[0.352s] -- Detecting C compiler ABI info - done
[0.366s] -- Check for working C compiler: /usr/bin/cc - skipped
[0.367s] -- Detecting C compile features
[0.367s] -- Detecting C compile features - done
[0.380s] -- Detecting CXX compiler ABI info
[0.532s] -- Detecting CXX compiler ABI info - done
[0.546s] -- Check for working CXX compiler: /usr/bin/c++ - skipped
[0.547s] -- Detecting CXX compile features
[0.548s] -- Detecting CXX compile features - done
[0.550s] -- Found ament_cmake: 2.5.3 (/opt/ros/jazzy/share/ament_cmake/cmake)
[0.722s] -- Found Python3: /usr/bin/python3 (found version "3.12.3") found components: Interpreter 
[0.869s] -- Found rclcpp: 28.1.8 (/opt/ros/jazzy/share/rclcpp/cmake)
[0.917s] -- Found rosidl_generator_c: 4.6.5 (/opt/ros/jazzy/share/rosidl_generator_c/cmake)
[0.934s] -- Found rosidl_generator_cpp: 4.6.5 (/opt/ros/jazzy/share/rosidl_generator_cpp/cmake)
[0.955s] -- Using all available rosidl_typesupport_c: rosidl_typesupport_fastrtps_c;rosidl_typesupport_introspection_c
[0.978s] -- Using all available rosidl_typesupport_cpp: rosidl_typesupport_fastrtps_cpp;rosidl_typesupport_introspection_cpp
[1.095s] -- Found rmw_implementation_cmake: 7.3.2 (/opt/ros/jazzy/share/rmw_implementation_cmake/cmake)
[1.100s] -- Found rmw_fastrtps_cpp: 8.4.2 (/opt/ros/jazzy/share/rmw_fastrtps_cpp/cmake)
[1.223s] -- Found OpenSSL: /usr/lib/aarch64-linux-gnu/libcrypto.so (found version "3.0.13")  
[1.244s] -- Found FastRTPS: /opt/ros/jazzy/include (Required is at least version "2.13") 
[1.277s] -- Using RMW implementation 'rmw_fastrtps_cpp' as default
[1.388s] -- Found std_msgs: 5.3.6 (/opt/ros/jazzy/share/std_msgs/cmake)
[1.411s] -- Found sensor_msgs: 5.3.6 (/opt/ros/jazzy/share/sensor_msgs/cmake)
[1.472s] -- Found custom_msgs: 0.0.0 (/home/andy/CRIMP/install/custom_msgs/share/custom_msgs/cmake)
[1.494s] -- Found ament_lint_auto: 0.17.2 (/opt/ros/jazzy/share/ament_lint_auto/cmake)
[1.658s] -- Added test 'cppcheck' to perform static code analysis on C / C++ code
[1.658s] -- Configured cppcheck include dirs: 
[1.658s] -- Configured cppcheck exclude dirs and/or files: 
[1.659s] -- Added test 'lint_cmake' to check CMake code style
[1.660s] -- Added test 'uncrustify' to check C / C++ code style
[1.660s] -- Configured uncrustify additional arguments: 
[1.661s] -- Added test 'xmllint' to check XML markup files
[1.663s] -- Configuring done (1.6s)
[1.668s] [33mCMake Warning (dev) at CMakeLists.txt:19 (add_executable):
[1.668s]   Policy CMP0115 is not set: Source file extensions must be explicit.  Run
[1.668s]   "cmake --help-policy CMP0115" for policy details.  Use the cmake_policy
[1.668s]   command to set the policy and suppress this warning.
[1.669s] 
[1.669s]   File:
[1.669s] 
[1.669s]     /home/andy/CRIMP/src/crimp_cpp/src/joint_mover.cpp
[1.669s] This warning is for project developers.  Use -Wno-dev to suppress it.
[1.669s] [0m
[1.670s] [33mCMake Warning (dev) at CMakeLists.txt:22 (add_executable):
[1.670s]   Policy CMP0115 is not set: Source file extensions must be explicit.  Run
[1.670s]   "cmake --help-policy CMP0115" for policy details.  Use the cmake_policy
[1.670s]   command to set the policy and suppress this warning.
[1.671s] 
[1.671s]   File:
[1.671s] 
[1.671s]     /home/andy/CRIMP/src/crimp_cpp/src/motion_planner.cpp
[1.671s] This warning is for project developers.  Use -Wno-dev to suppress it.
[1.671s] [0m
[1.671s] [33mCMake Warning (dev) at CMakeLists.txt:25 (add_executable):
[1.671s]   Policy CMP0115 is not set: Source file extensions must be explicit.  Run
[1.671s]   "cmake --help-policy CMP0115" for policy details.  Use the cmake_policy
[1.671s]   command to set the policy and suppress this warning.
[1.671s] 
[1.672s]   File:
[1.672s] 
[1.672s]     /home/andy/CRIMP/src/crimp_cpp/src/suction_cups.cpp
[1.672s] This warning is for project developers.  Use -Wno-dev to suppress it.
[1.672s] [0m
[1.693s] -- Generating done (0.0s)
[1.702s] -- Build files have been written to: /home/andy/CRIMP/build/crimp_cpp
[1.720s] Invoked command in '/home/andy/CRIMP/build/crimp_cpp' returned '0': CMAKE_PREFIX_PATH=/home/andy/CRIMP/install/custom_msgs:/home/andy/CRIMP/install/crimp_cpp:/home/andy/CRIMP/install/crimp_python:/opt/ros/jazzy /usr/bin/cmake /home/andy/CRIMP/src/crimp_cpp -DCMAKE_INSTALL_PREFIX=/home/andy/CRIMP/install/crimp_cpp
[1.721s] Invoking command in '/home/andy/CRIMP/build/crimp_cpp': CMAKE_PREFIX_PATH=/home/andy/CRIMP/install/custom_msgs:/home/andy/CRIMP/install/crimp_cpp:/home/andy/CRIMP/install/crimp_python:/opt/ros/jazzy /usr/bin/cmake --build /home/andy/CRIMP/build/crimp_cpp -- -j4 -l4
[1.802s] [ 50%] [32mBuilding CXX object CMakeFiles/suction_cups.dir/src/suction_cups.cpp.o[0m
[1.803s] [ 50%] [32mBuilding CXX object CMakeFiles/motion_planner.dir/src/motion_planner.cpp.o[0m
[1.803s] [ 50%] [32mBuilding CXX object CMakeFiles/joint_mover.dir/src/joint_mover.cpp.o[0m
[6.236s] [01m[K/home/andy/CRIMP/src/crimp_cpp/src/joint_mover.cpp:[m[K In member function ‘[01m[Kvoid JointMover::[01;32m[Ktimer_callback[m[K()[m[K’:
[6.237s] [01m[K/home/andy/CRIMP/src/crimp_cpp/src/joint_mover.cpp:55:27:[m[K [01;35m[Kwarning: [m[Knarrowing conversion of ‘[01m[K(((JointMover*)this)->JointMover::count_ * 10)[m[K’ from ‘[01m[Ksize_t[m[K’ {aka ‘[01m[Klong unsigned int[m[K’} to ‘[01m[Kdouble[m[K’ [[01;35m[K-Wnarrowing[m[K]
[6.237s]    55 |     msg.position = {[01;35m[Kcount_*10[m[K};
[6.237s]       |                     [01;35m[K~~~~~~^~~[m[K
[6.237s] [01m[K/home/andy/CRIMP/src/crimp_cpp/src/joint_mover.cpp:55:27:[m[K [01;35m[Kwarning: [m[Knarrowing conversion of ‘[01m[K(((JointMover*)this)->JointMover::count_ * 10)[m[K’ from ‘[01m[Ksize_t[m[K’ {aka ‘[01m[Klong unsigned int[m[K’} to ‘[01m[Kdouble[m[K’ [[01;35m[K-Wnarrowing[m[K]
[6.239s] [01m[K/home/andy/CRIMP/src/crimp_cpp/src/joint_mover.cpp:[m[K In member function ‘[01m[Kvoid JointMover::[01;32m[Ksub_callback[m[K(const sensor_msgs::msg::JointState&)[m[K’:
[6.239s] [01m[K/home/andy/CRIMP/src/crimp_cpp/src/joint_mover.cpp:61:10:[m[K [01;35m[Kwarning: [m[Kunused variable ‘[01m[Kpos[m[K’ [[01;35m[K-Wunused-variable[m[K]
[6.239s]    61 |     auto [01;35m[Kpos[m[K = to_string(msg.position[0]).c_str();
[6.239s]       |          [01;35m[K^~~[m[K
[6.281s] [01m[K/home/andy/CRIMP/src/crimp_cpp/src/motion_planner.cpp:[m[K In lambda function:
[6.282s] [01m[K/home/andy/CRIMP/src/crimp_cpp/src/motion_planner.cpp:51:14:[m[K [01;35m[Kwarning: [m[Kunused variable ‘[01m[Kcup_1[m[K’ [[01;35m[K-Wunused-variable[m[K]
[6.282s]    51 |         auto [01;35m[Kcup_1[m[K = to_string(request_msg.cup_1).c_str();
[6.282s]       |              [01;35m[K^~~~~[m[K
[6.282s] [01m[K/home/andy/CRIMP/src/crimp_cpp/src/motion_planner.cpp:52:14:[m[K [01;35m[Kwarning: [m[Kunused variable ‘[01m[Kcup_2[m[K’ [[01;35m[K-Wunused-variable[m[K]
[6.282s]    52 |         auto [01;35m[Kcup_2[m[K = to_string(request_msg.cup_2).c_str();
[6.282s]       |              [01;35m[K^~~~~[m[K
[6.301s] [01m[K/home/andy/CRIMP/src/crimp_cpp/src/motion_planner.cpp:[m[K In member function ‘[01m[Kvoid MotionPlanner::[01;32m[Ktimer_callback[m[K()[m[K’:
[6.301s] [01m[K/home/andy/CRIMP/src/crimp_cpp/src/motion_planner.cpp:71:28:[m[K [01;35m[Kwarning: [m[Knarrowing conversion of ‘[01m[K((MotionPlanner*)this)->MotionPlanner::count_[m[K’ from ‘[01m[Ksize_t[m[K’ {aka ‘[01m[Klong unsigned int[m[K’} to ‘[01m[Kdouble[m[K’ [[01;35m[K-Wnarrowing[m[K]
[6.301s]    71 |     target_msg.position = {[01;35m[Kcount_[m[K};
[6.301s]       |                            [01;35m[K^~~~~~[m[K
[6.301s] [01m[K/home/andy/CRIMP/src/crimp_cpp/src/motion_planner.cpp:71:28:[m[K [01;35m[Kwarning: [m[Knarrowing conversion of ‘[01m[K((MotionPlanner*)this)->MotionPlanner::count_[m[K’ from ‘[01m[Ksize_t[m[K’ {aka ‘[01m[Klong unsigned int[m[K’} to ‘[01m[Kdouble[m[K’ [[01;35m[K-Wnarrowing[m[K]
[15.682s] [ 66%] [32m[1mLinking CXX executable joint_mover[0m
[16.428s] [ 83%] [32m[1mLinking CXX executable suction_cups[0m
[16.762s] [ 83%] Built target joint_mover
[17.181s] [ 83%] Built target suction_cups
[21.799s] [100%] [32m[1mLinking CXX executable motion_planner[0m
[22.903s] [100%] Built target motion_planner
[22.920s] Invoked command in '/home/andy/CRIMP/build/crimp_cpp' returned '0': CMAKE_PREFIX_PATH=/home/andy/CRIMP/install/custom_msgs:/home/andy/CRIMP/install/crimp_cpp:/home/andy/CRIMP/install/crimp_python:/opt/ros/jazzy /usr/bin/cmake --build /home/andy/CRIMP/build/crimp_cpp -- -j4 -l4
[22.922s] Invoking command in '/home/andy/CRIMP/build/crimp_cpp': CMAKE_PREFIX_PATH=/home/andy/CRIMP/install/custom_msgs:/home/andy/CRIMP/install/crimp_cpp:/home/andy/CRIMP/install/crimp_python:/opt/ros/jazzy /usr/bin/cmake --install /home/andy/CRIMP/build/crimp_cpp
[22.934s] -- Install configuration: ""
[22.934s] -- Installing: /home/andy/CRIMP/install/crimp_cpp/lib/crimp_cpp/joint_mover
[22.942s] -- Set non-toolchain portion of runtime path of "/home/andy/CRIMP/install/crimp_cpp/lib/crimp_cpp/joint_mover" to ""
[22.942s] -- Installing: /home/andy/CRIMP/install/crimp_cpp/lib/crimp_cpp/motion_planner
[22.956s] -- Set non-toolchain portion of runtime path of "/home/andy/CRIMP/install/crimp_cpp/lib/crimp_cpp/motion_planner" to ""
[22.957s] -- Installing: /home/andy/CRIMP/install/crimp_cpp/lib/crimp_cpp/suction_cups
[22.965s] -- Set non-toolchain portion of runtime path of "/home/andy/CRIMP/install/crimp_cpp/lib/crimp_cpp/suction_cups" to ""
[22.965s] -- Installing: /home/andy/CRIMP/install/crimp_cpp/share/ament_index/resource_index/package_run_dependencies/crimp_cpp
[22.965s] -- Installing: /home/andy/CRIMP/install/crimp_cpp/share/ament_index/resource_index/parent_prefix_path/crimp_cpp
[22.966s] -- Installing: /home/andy/CRIMP/install/crimp_cpp/share/crimp_cpp/environment/ament_prefix_path.sh
[22.966s] -- Installing: /home/andy/CRIMP/install/crimp_cpp/share/crimp_cpp/environment/ament_prefix_path.dsv
[22.966s] -- Installing: /home/andy/CRIMP/install/crimp_cpp/share/crimp_cpp/environment/path.sh
[22.966s] -- Installing: /home/andy/CRIMP/install/crimp_cpp/share/crimp_cpp/environment/path.dsv
[22.966s] -- Installing: /home/andy/CRIMP/install/crimp_cpp/share/crimp_cpp/local_setup.bash
[22.967s] -- Installing: /home/andy/CRIMP/install/crimp_cpp/share/crimp_cpp/local_setup.sh
[22.967s] -- Installing: /home/andy/CRIMP/install/crimp_cpp/share/crimp_cpp/local_setup.zsh
[22.967s] -- Installing: /home/andy/CRIMP/install/crimp_cpp/share/crimp_cpp/local_setup.dsv
[22.967s] -- Installing: /home/andy/CRIMP/install/crimp_cpp/share/crimp_cpp/package.dsv
[22.967s] -- Installing: /home/andy/CRIMP/install/crimp_cpp/share/ament_index/resource_index/packages/crimp_cpp
[22.968s] -- Installing: /home/andy/CRIMP/install/crimp_cpp/share/crimp_cpp/cmake/crimp_cppConfig.cmake
[22.968s] -- Installing: /home/andy/CRIMP/install/crimp_cpp/share/crimp_cpp/cmake/crimp_cppConfig-version.cmake
[22.968s] -- Installing: /home/andy/CRIMP/install/crimp_cpp/share/crimp_cpp/package.xml
[22.971s] Invoked command in '/home/andy/CRIMP/build/crimp_cpp' returned '0': CMAKE_PREFIX_PATH=/home/andy/CRIMP/install/custom_msgs:/home/andy/CRIMP/install/crimp_cpp:/home/andy/CRIMP/install/crimp_python:/opt/ros/jazzy /usr/bin/cmake --install /home/andy/CRIMP/build/crimp_cpp
