[0.262s] DEBUG:colcon:Command line arguments: ['/usr/local/bin/colcon', 'build']
[0.262s] DEBUG:colcon:Parsed command line arguments: Namespace(log_base=None, log_level=None, verb_name='build', build_base='build', install_base='install', merge_install=False, symlink_install=False, test_result_base=None, continue_on_error=False, executor='parallel', parallel_workers=4, event_handlers=None, ignore_user_meta=False, metas=['./colcon.meta'], base_paths=['.'], packages_ignore=None, packages_ignore_regex=None, paths=None, packages_up_to=None, packages_up_to_regex=None, packages_above=None, packages_above_and_dependencies=None, packages_above_depth=None, packages_select_by_dep=None, packages_skip_by_dep=None, packages_skip_up_to=None, packages_select_build_failed=False, packages_skip_build_finished=False, packages_select_test_failures=False, packages_skip_test_passed=False, packages_select=None, packages_skip=None, packages_select_regex=None, packages_skip_regex=None, packages_start=None, packages_end=None, cmake_args=None, cmake_target=None, cmake_target_skip_unavailable=False, cmake_clean_cache=False, cmake_clean_first=False, cmake_force_configure=False, ament_cmake_args=None, catkin_cmake_args=None, catkin_skip_building_tests=False, verb_parser=<colcon_defaults.argument_parser.defaults.DefaultArgumentsDecorator object at 0xffffb894fce0>, verb_extension=<colcon_core.verb.build.BuildVerb object at 0xffffb894fa40>, main=<bound method BuildVerb.main of <colcon_core.verb.build.BuildVerb object at 0xffffb894fa40>>)
[0.337s] Level 1:colcon.colcon_core.package_discovery:discover_packages(colcon_meta) check parameters
[0.337s] Level 1:colcon.colcon_core.package_discovery:discover_packages(recursive) check parameters
[0.337s] Level 1:colcon.colcon_core.package_discovery:discover_packages(ignore) check parameters
[0.337s] Level 1:colcon.colcon_core.package_discovery:discover_packages(path) check parameters
[0.337s] Level 1:colcon.colcon_core.package_discovery:discover_packages(colcon_meta) discover
[0.337s] Level 1:colcon.colcon_core.package_discovery:discover_packages(recursive) discover
[0.338s] INFO:colcon.colcon_core.package_discovery:Crawling recursively for packages in '/home/andy/CRIMP'
[0.338s] Level 1:colcon.colcon_core.package_identification:_identify(.) by extensions ['ignore', 'ignore_ament_install']
[0.338s] Level 1:colcon.colcon_core.package_identification:_identify(.) by extension 'ignore'
[0.338s] Level 1:colcon.colcon_core.package_identification:_identify(.) by extension 'ignore_ament_install'
[0.338s] Level 1:colcon.colcon_core.package_identification:_identify(.) by extensions ['colcon_pkg']
[0.338s] Level 1:colcon.colcon_core.package_identification:_identify(.) by extension 'colcon_pkg'
[0.338s] Level 1:colcon.colcon_core.package_identification:_identify(.) by extensions ['colcon_meta']
[0.338s] Level 1:colcon.colcon_core.package_identification:_identify(.) by extension 'colcon_meta'
[0.338s] Level 1:colcon.colcon_core.package_identification:_identify(.) by extensions ['ros']
[0.338s] Level 1:colcon.colcon_core.package_identification:_identify(.) by extension 'ros'
[0.392s] Level 1:colcon.colcon_core.package_identification:_identify(.) by extensions ['cmake', 'python']
[0.392s] Level 1:colcon.colcon_core.package_identification:_identify(.) by extension 'cmake'
[0.392s] Level 1:colcon.colcon_core.package_identification:_identify(.) by extension 'python'
[0.392s] Level 1:colcon.colcon_core.package_identification:_identify(.) by extensions ['python_setup_py']
[0.392s] Level 1:colcon.colcon_core.package_identification:_identify(.) by extension 'python_setup_py'
[0.392s] Level 1:colcon.colcon_core.package_identification:_identify(build) by extensions ['ignore', 'ignore_ament_install']
[0.393s] Level 1:colcon.colcon_core.package_identification:_identify(build) by extension 'ignore'
[0.393s] Level 1:colcon.colcon_core.package_identification:_identify(build) ignored
[0.393s] Level 1:colcon.colcon_core.package_identification:_identify(install) by extensions ['ignore', 'ignore_ament_install']
[0.393s] Level 1:colcon.colcon_core.package_identification:_identify(install) by extension 'ignore'
[0.393s] Level 1:colcon.colcon_core.package_identification:_identify(install) ignored
[0.393s] Level 1:colcon.colcon_core.package_identification:_identify(log) by extensions ['ignore', 'ignore_ament_install']
[0.394s] Level 1:colcon.colcon_core.package_identification:_identify(log) by extension 'ignore'
[0.394s] Level 1:colcon.colcon_core.package_identification:_identify(log) ignored
[0.394s] Level 1:colcon.colcon_core.package_identification:_identify(src) by extensions ['ignore', 'ignore_ament_install']
[0.394s] Level 1:colcon.colcon_core.package_identification:_identify(src) by extension 'ignore'
[0.394s] Level 1:colcon.colcon_core.package_identification:_identify(src) by extension 'ignore_ament_install'
[0.394s] Level 1:colcon.colcon_core.package_identification:_identify(src) by extensions ['colcon_pkg']
[0.394s] Level 1:colcon.colcon_core.package_identification:_identify(src) by extension 'colcon_pkg'
[0.394s] Level 1:colcon.colcon_core.package_identification:_identify(src) by extensions ['colcon_meta']
[0.394s] Level 1:colcon.colcon_core.package_identification:_identify(src) by extension 'colcon_meta'
[0.394s] Level 1:colcon.colcon_core.package_identification:_identify(src) by extensions ['ros']
[0.394s] Level 1:colcon.colcon_core.package_identification:_identify(src) by extension 'ros'
[0.394s] Level 1:colcon.colcon_core.package_identification:_identify(src) by extensions ['cmake', 'python']
[0.395s] Level 1:colcon.colcon_core.package_identification:_identify(src) by extension 'cmake'
[0.395s] Level 1:colcon.colcon_core.package_identification:_identify(src) by extension 'python'
[0.395s] Level 1:colcon.colcon_core.package_identification:_identify(src) by extensions ['python_setup_py']
[0.395s] Level 1:colcon.colcon_core.package_identification:_identify(src) by extension 'python_setup_py'
[0.395s] Level 1:colcon.colcon_core.package_identification:_identify(src/crimp_cpp) by extensions ['ignore', 'ignore_ament_install']
[0.395s] Level 1:colcon.colcon_core.package_identification:_identify(src/crimp_cpp) by extension 'ignore'
[0.395s] Level 1:colcon.colcon_core.package_identification:_identify(src/crimp_cpp) by extension 'ignore_ament_install'
[0.395s] Level 1:colcon.colcon_core.package_identification:_identify(src/crimp_cpp) by extensions ['colcon_pkg']
[0.395s] Level 1:colcon.colcon_core.package_identification:_identify(src/crimp_cpp) by extension 'colcon_pkg'
[0.395s] Level 1:colcon.colcon_core.package_identification:_identify(src/crimp_cpp) by extensions ['colcon_meta']
[0.395s] Level 1:colcon.colcon_core.package_identification:_identify(src/crimp_cpp) by extension 'colcon_meta'
[0.395s] Level 1:colcon.colcon_core.package_identification:_identify(src/crimp_cpp) by extensions ['ros']
[0.395s] Level 1:colcon.colcon_core.package_identification:_identify(src/crimp_cpp) by extension 'ros'
[0.400s] DEBUG:colcon.colcon_core.package_identification:Package 'src/crimp_cpp' with type 'ros.ament_cmake' and name 'crimp_cpp'
[0.401s] Level 1:colcon.colcon_core.package_identification:_identify(src/crimp_python) by extensions ['ignore', 'ignore_ament_install']
[0.401s] Level 1:colcon.colcon_core.package_identification:_identify(src/crimp_python) by extension 'ignore'
[0.401s] Level 1:colcon.colcon_core.package_identification:_identify(src/crimp_python) by extension 'ignore_ament_install'
[0.401s] Level 1:colcon.colcon_core.package_identification:_identify(src/crimp_python) by extensions ['colcon_pkg']
[0.401s] Level 1:colcon.colcon_core.package_identification:_identify(src/crimp_python) by extension 'colcon_pkg'
[0.401s] Level 1:colcon.colcon_core.package_identification:_identify(src/crimp_python) by extensions ['colcon_meta']
[0.401s] Level 1:colcon.colcon_core.package_identification:_identify(src/crimp_python) by extension 'colcon_meta'
[0.401s] Level 1:colcon.colcon_core.package_identification:_identify(src/crimp_python) by extensions ['ros']
[0.401s] Level 1:colcon.colcon_core.package_identification:_identify(src/crimp_python) by extension 'ros'
[0.402s] DEBUG:colcon.colcon_core.package_identification:Package 'src/crimp_python' with type 'ros.ament_python' and name 'crimp_python'
[0.402s] Level 1:colcon.colcon_core.package_identification:_identify(src/custom_msgs) by extensions ['ignore', 'ignore_ament_install']
[0.402s] Level 1:colcon.colcon_core.package_identification:_identify(src/custom_msgs) by extension 'ignore'
[0.402s] Level 1:colcon.colcon_core.package_identification:_identify(src/custom_msgs) by extension 'ignore_ament_install'
[0.403s] Level 1:colcon.colcon_core.package_identification:_identify(src/custom_msgs) by extensions ['colcon_pkg']
[0.403s] Level 1:colcon.colcon_core.package_identification:_identify(src/custom_msgs) by extension 'colcon_pkg'
[0.403s] Level 1:colcon.colcon_core.package_identification:_identify(src/custom_msgs) by extensions ['colcon_meta']
[0.403s] Level 1:colcon.colcon_core.package_identification:_identify(src/custom_msgs) by extension 'colcon_meta'
[0.403s] Level 1:colcon.colcon_core.package_identification:_identify(src/custom_msgs) by extensions ['ros']
[0.403s] Level 1:colcon.colcon_core.package_identification:_identify(src/custom_msgs) by extension 'ros'
[0.404s] DEBUG:colcon.colcon_core.package_identification:Package 'src/custom_msgs' with type 'ros.ament_cmake' and name 'custom_msgs'
[0.404s] Level 1:colcon.colcon_core.package_identification:_identify(src/examples_cpp) by extensions ['ignore', 'ignore_ament_install']
[0.404s] Level 1:colcon.colcon_core.package_identification:_identify(src/examples_cpp) by extension 'ignore'
[0.404s] Level 1:colcon.colcon_core.package_identification:_identify(src/examples_cpp) ignored
[0.404s] Level 1:colcon.colcon_core.package_identification:_identify(src/examples_python) by extensions ['ignore', 'ignore_ament_install']
[0.404s] Level 1:colcon.colcon_core.package_identification:_identify(src/examples_python) by extension 'ignore'
[0.404s] Level 1:colcon.colcon_core.package_identification:_identify(src/examples_python) ignored
[0.404s] Level 1:colcon.colcon_core.package_discovery:discover_packages(recursive) using defaults
[0.404s] Level 1:colcon.colcon_core.package_discovery:discover_packages(ignore) discover
[0.405s] Level 1:colcon.colcon_core.package_discovery:discover_packages(ignore) using defaults
[0.405s] Level 1:colcon.colcon_core.package_discovery:discover_packages(path) discover
[0.405s] Level 1:colcon.colcon_core.package_discovery:discover_packages(path) using defaults
[0.442s] Level 5:colcon.colcon_core.verb:set package 'crimp_python' build argument 'cmake_args' from command line to 'None'
[0.442s] Level 5:colcon.colcon_core.verb:set package 'crimp_python' build argument 'cmake_target' from command line to 'None'
[0.442s] Level 5:colcon.colcon_core.verb:set package 'crimp_python' build argument 'cmake_target_skip_unavailable' from command line to 'False'
[0.442s] Level 5:colcon.colcon_core.verb:set package 'crimp_python' build argument 'cmake_clean_cache' from command line to 'False'
[0.442s] Level 5:colcon.colcon_core.verb:set package 'crimp_python' build argument 'cmake_clean_first' from command line to 'False'
[0.442s] Level 5:colcon.colcon_core.verb:set package 'crimp_python' build argument 'cmake_force_configure' from command line to 'False'
[0.442s] Level 5:colcon.colcon_core.verb:set package 'crimp_python' build argument 'ament_cmake_args' from command line to 'None'
[0.442s] Level 5:colcon.colcon_core.verb:set package 'crimp_python' build argument 'catkin_cmake_args' from command line to 'None'
[0.442s] Level 5:colcon.colcon_core.verb:set package 'crimp_python' build argument 'catkin_skip_building_tests' from command line to 'False'
[0.442s] DEBUG:colcon.colcon_core.verb:Building package 'crimp_python' with the following arguments: {'ament_cmake_args': None, 'build_base': '/home/andy/CRIMP/build/crimp_python', 'catkin_cmake_args': None, 'catkin_skip_building_tests': False, 'cmake_args': None, 'cmake_clean_cache': False, 'cmake_clean_first': False, 'cmake_force_configure': False, 'cmake_target': None, 'cmake_target_skip_unavailable': False, 'install_base': '/home/andy/CRIMP/install/crimp_python', 'merge_install': False, 'path': '/home/andy/CRIMP/src/crimp_python', 'symlink_install': False, 'test_result_base': None}
[0.443s] Level 5:colcon.colcon_core.verb:set package 'custom_msgs' build argument 'cmake_args' from command line to 'None'
[0.443s] Level 5:colcon.colcon_core.verb:set package 'custom_msgs' build argument 'cmake_target' from command line to 'None'
[0.443s] Level 5:colcon.colcon_core.verb:set package 'custom_msgs' build argument 'cmake_target_skip_unavailable' from command line to 'False'
[0.443s] Level 5:colcon.colcon_core.verb:set package 'custom_msgs' build argument 'cmake_clean_cache' from command line to 'False'
[0.443s] Level 5:colcon.colcon_core.verb:set package 'custom_msgs' build argument 'cmake_clean_first' from command line to 'False'
[0.443s] Level 5:colcon.colcon_core.verb:set package 'custom_msgs' build argument 'cmake_force_configure' from command line to 'False'
[0.443s] Level 5:colcon.colcon_core.verb:set package 'custom_msgs' build argument 'ament_cmake_args' from command line to 'None'
[0.443s] Level 5:colcon.colcon_core.verb:set package 'custom_msgs' build argument 'catkin_cmake_args' from command line to 'None'
[0.443s] Level 5:colcon.colcon_core.verb:set package 'custom_msgs' build argument 'catkin_skip_building_tests' from command line to 'False'
[0.443s] DEBUG:colcon.colcon_core.verb:Building package 'custom_msgs' with the following arguments: {'ament_cmake_args': None, 'build_base': '/home/andy/CRIMP/build/custom_msgs', 'catkin_cmake_args': None, 'catkin_skip_building_tests': False, 'cmake_args': None, 'cmake_clean_cache': False, 'cmake_clean_first': False, 'cmake_force_configure': False, 'cmake_target': None, 'cmake_target_skip_unavailable': False, 'install_base': '/home/andy/CRIMP/install/custom_msgs', 'merge_install': False, 'path': '/home/andy/CRIMP/src/custom_msgs', 'symlink_install': False, 'test_result_base': None}
[0.444s] Level 5:colcon.colcon_core.verb:set package 'crimp_cpp' build argument 'cmake_args' from command line to 'None'
[0.444s] Level 5:colcon.colcon_core.verb:set package 'crimp_cpp' build argument 'cmake_target' from command line to 'None'
[0.444s] Level 5:colcon.colcon_core.verb:set package 'crimp_cpp' build argument 'cmake_target_skip_unavailable' from command line to 'False'
[0.444s] Level 5:colcon.colcon_core.verb:set package 'crimp_cpp' build argument 'cmake_clean_cache' from command line to 'False'
[0.444s] Level 5:colcon.colcon_core.verb:set package 'crimp_cpp' build argument 'cmake_clean_first' from command line to 'False'
[0.444s] Level 5:colcon.colcon_core.verb:set package 'crimp_cpp' build argument 'cmake_force_configure' from command line to 'False'
[0.444s] Level 5:colcon.colcon_core.verb:set package 'crimp_cpp' build argument 'ament_cmake_args' from command line to 'None'
[0.444s] Level 5:colcon.colcon_core.verb:set package 'crimp_cpp' build argument 'catkin_cmake_args' from command line to 'None'
[0.444s] Level 5:colcon.colcon_core.verb:set package 'crimp_cpp' build argument 'catkin_skip_building_tests' from command line to 'False'
[0.444s] DEBUG:colcon.colcon_core.verb:Building package 'crimp_cpp' with the following arguments: {'ament_cmake_args': None, 'build_base': '/home/andy/CRIMP/build/crimp_cpp', 'catkin_cmake_args': None, 'catkin_skip_building_tests': False, 'cmake_args': None, 'cmake_clean_cache': False, 'cmake_clean_first': False, 'cmake_force_configure': False, 'cmake_target': None, 'cmake_target_skip_unavailable': False, 'install_base': '/home/andy/CRIMP/install/crimp_cpp', 'merge_install': False, 'path': '/home/andy/CRIMP/src/crimp_cpp', 'symlink_install': False, 'test_result_base': None}
[0.444s] INFO:colcon.colcon_core.executor:Executing jobs using 'parallel' executor
[0.446s] DEBUG:colcon.colcon_parallel_executor.executor.parallel:run_until_complete
[0.447s] INFO:colcon.colcon_ros.task.ament_cmake.build:Building ROS package in '/home/andy/CRIMP/src/custom_msgs' with build type 'ament_cmake'
[0.447s] INFO:colcon.colcon_cmake.task.cmake.build:Building CMake package in '/home/andy/CRIMP/src/custom_msgs'
[0.451s] INFO:colcon.colcon_core.plugin_system:Skipping extension 'colcon_core.shell.bat': Not used on non-Windows systems
[0.451s] INFO:colcon.colcon_core.shell:Skip shell extension 'powershell' for command environment: Not usable outside of PowerShell
[0.451s] DEBUG:colcon.colcon_core.shell:Skip shell extension 'dsv' for command environment
[0.459s] INFO:colcon.colcon_ros.task.ament_python.build:Building ROS package in '/home/andy/CRIMP/src/crimp_python' with build type 'ament_python'
[0.459s] Level 1:colcon.colcon_core.shell:create_environment_hook('crimp_python', 'ament_prefix_path')
[0.460s] INFO:colcon.colcon_core.shell:Creating environment hook '/home/andy/CRIMP/install/crimp_python/share/crimp_python/hook/ament_prefix_path.ps1'
[0.461s] INFO:colcon.colcon_core.shell:Creating environment descriptor '/home/andy/CRIMP/install/crimp_python/share/crimp_python/hook/ament_prefix_path.dsv'
[0.462s] INFO:colcon.colcon_core.shell:Creating environment hook '/home/andy/CRIMP/install/crimp_python/share/crimp_python/hook/ament_prefix_path.sh'
[0.463s] INFO:colcon.colcon_core.shell:Skip shell extension 'powershell' for command environment: Not usable outside of PowerShell
[0.463s] DEBUG:colcon.colcon_core.shell:Skip shell extension 'dsv' for command environment
[0.476s] DEBUG:colcon.colcon_core.event_handler.log_command:Invoking command in '/home/andy/CRIMP/build/custom_msgs': CMAKE_PREFIX_PATH=${CMAKE_PREFIX_PATH}:/home/andy/CRIMP/install/crimp_python:/opt/ros/jazzy /usr/bin/cmake --build /home/andy/CRIMP/build/custom_msgs -- -j4 -l4
[0.974s] INFO:colcon.colcon_core.task.python.build:Building Python package in '/home/andy/CRIMP/src/crimp_python'
[0.974s] INFO:colcon.colcon_core.shell:Skip shell extension 'powershell' for command environment: Not usable outside of PowerShell
[0.975s] DEBUG:colcon.colcon_core.shell:Skip shell extension 'dsv' for command environment
[1.305s] DEBUG:colcon.colcon_core.event_handler.log_command:Invoked command in '/home/andy/CRIMP/build/custom_msgs' returned '0': CMAKE_PREFIX_PATH=${CMAKE_PREFIX_PATH}:/home/andy/CRIMP/install/crimp_python:/opt/ros/jazzy /usr/bin/cmake --build /home/andy/CRIMP/build/custom_msgs -- -j4 -l4
[1.323s] DEBUG:colcon.colcon_core.event_handler.log_command:Invoking command in '/home/andy/CRIMP/build/custom_msgs': CMAKE_PREFIX_PATH=${CMAKE_PREFIX_PATH}:/home/andy/CRIMP/install/crimp_python:/opt/ros/jazzy /usr/bin/cmake --install /home/andy/CRIMP/build/custom_msgs
[1.430s] Level 1:colcon.colcon_core.environment:create_environment_scripts_only(custom_msgs)
[1.431s] DEBUG:colcon.colcon_core.event_handler.log_command:Invoked command in '/home/andy/CRIMP/build/custom_msgs' returned '0': CMAKE_PREFIX_PATH=${CMAKE_PREFIX_PATH}:/home/andy/CRIMP/install/crimp_python:/opt/ros/jazzy /usr/bin/cmake --install /home/andy/CRIMP/build/custom_msgs
[1.434s] Level 1:colcon.colcon_core.environment:checking '/home/andy/CRIMP/install/custom_msgs' for CMake module files
[1.435s] Level 1:colcon.colcon_core.environment:checking '/home/andy/CRIMP/install/custom_msgs' for CMake config files
[1.436s] Level 1:colcon.colcon_core.shell:create_environment_hook('custom_msgs', 'cmake_prefix_path')
[1.436s] INFO:colcon.colcon_core.shell:Creating environment hook '/home/andy/CRIMP/install/custom_msgs/share/custom_msgs/hook/cmake_prefix_path.ps1'
[1.437s] INFO:colcon.colcon_core.shell:Creating environment descriptor '/home/andy/CRIMP/install/custom_msgs/share/custom_msgs/hook/cmake_prefix_path.dsv'
[1.437s] INFO:colcon.colcon_core.shell:Creating environment hook '/home/andy/CRIMP/install/custom_msgs/share/custom_msgs/hook/cmake_prefix_path.sh'
[1.438s] Level 1:colcon.colcon_core.environment:checking '/home/andy/CRIMP/install/custom_msgs/lib'
[1.438s] Level 1:colcon.colcon_core.shell:create_environment_hook('custom_msgs', 'ld_library_path_lib')
[1.439s] INFO:colcon.colcon_core.shell:Creating environment hook '/home/andy/CRIMP/install/custom_msgs/share/custom_msgs/hook/ld_library_path_lib.ps1'
[1.439s] INFO:colcon.colcon_core.shell:Creating environment descriptor '/home/andy/CRIMP/install/custom_msgs/share/custom_msgs/hook/ld_library_path_lib.dsv'
[1.440s] INFO:colcon.colcon_core.shell:Creating environment hook '/home/andy/CRIMP/install/custom_msgs/share/custom_msgs/hook/ld_library_path_lib.sh'
[1.440s] Level 1:colcon.colcon_core.environment:checking '/home/andy/CRIMP/install/custom_msgs/bin'
[1.440s] Level 1:colcon.colcon_core.environment:checking '/home/andy/CRIMP/install/custom_msgs/lib/pkgconfig/custom_msgs.pc'
[1.441s] Level 1:colcon.colcon_core.environment:checking '/home/andy/CRIMP/install/custom_msgs/lib/python3.12/site-packages'
[1.441s] Level 1:colcon.colcon_core.shell:create_environment_hook('custom_msgs', 'pythonpath')
[1.441s] INFO:colcon.colcon_core.shell:Creating environment hook '/home/andy/CRIMP/install/custom_msgs/share/custom_msgs/hook/pythonpath.ps1'
[1.442s] INFO:colcon.colcon_core.shell:Creating environment descriptor '/home/andy/CRIMP/install/custom_msgs/share/custom_msgs/hook/pythonpath.dsv'
[1.443s] INFO:colcon.colcon_core.shell:Creating environment hook '/home/andy/CRIMP/install/custom_msgs/share/custom_msgs/hook/pythonpath.sh'
[1.444s] Level 1:colcon.colcon_core.environment:checking '/home/andy/CRIMP/install/custom_msgs/bin'
[1.444s] INFO:colcon.colcon_core.shell:Creating package script '/home/andy/CRIMP/install/custom_msgs/share/custom_msgs/package.ps1'
[1.445s] INFO:colcon.colcon_core.shell:Creating package descriptor '/home/andy/CRIMP/install/custom_msgs/share/custom_msgs/package.dsv'
[1.446s] INFO:colcon.colcon_core.shell:Creating package script '/home/andy/CRIMP/install/custom_msgs/share/custom_msgs/package.sh'
[1.447s] INFO:colcon.colcon_core.shell:Creating package script '/home/andy/CRIMP/install/custom_msgs/share/custom_msgs/package.bash'
[1.448s] INFO:colcon.colcon_core.shell:Creating package script '/home/andy/CRIMP/install/custom_msgs/share/custom_msgs/package.zsh'
[1.450s] Level 1:colcon.colcon_core.environment:create_file_with_runtime_dependencies(/home/andy/CRIMP/install/custom_msgs/share/colcon-core/packages/custom_msgs)
[1.451s] Level 1:colcon.colcon_core.environment:create_environment_scripts_only(custom_msgs)
[1.451s] Level 1:colcon.colcon_core.environment:checking '/home/andy/CRIMP/install/custom_msgs' for CMake module files
[1.452s] Level 1:colcon.colcon_core.environment:checking '/home/andy/CRIMP/install/custom_msgs' for CMake config files
[1.452s] Level 1:colcon.colcon_core.shell:create_environment_hook('custom_msgs', 'cmake_prefix_path')
[1.452s] INFO:colcon.colcon_core.shell:Creating environment hook '/home/andy/CRIMP/install/custom_msgs/share/custom_msgs/hook/cmake_prefix_path.ps1'
[1.453s] INFO:colcon.colcon_core.shell:Creating environment descriptor '/home/andy/CRIMP/install/custom_msgs/share/custom_msgs/hook/cmake_prefix_path.dsv'
[1.454s] INFO:colcon.colcon_core.shell:Creating environment hook '/home/andy/CRIMP/install/custom_msgs/share/custom_msgs/hook/cmake_prefix_path.sh'
[1.454s] Level 1:colcon.colcon_core.environment:checking '/home/andy/CRIMP/install/custom_msgs/lib'
[1.454s] Level 1:colcon.colcon_core.shell:create_environment_hook('custom_msgs', 'ld_library_path_lib')
[1.455s] INFO:colcon.colcon_core.shell:Creating environment hook '/home/andy/CRIMP/install/custom_msgs/share/custom_msgs/hook/ld_library_path_lib.ps1'
[1.455s] INFO:colcon.colcon_core.shell:Creating environment descriptor '/home/andy/CRIMP/install/custom_msgs/share/custom_msgs/hook/ld_library_path_lib.dsv'
[1.456s] INFO:colcon.colcon_core.shell:Creating environment hook '/home/andy/CRIMP/install/custom_msgs/share/custom_msgs/hook/ld_library_path_lib.sh'
[1.456s] Level 1:colcon.colcon_core.environment:checking '/home/andy/CRIMP/install/custom_msgs/bin'
[1.456s] Level 1:colcon.colcon_core.environment:checking '/home/andy/CRIMP/install/custom_msgs/lib/pkgconfig/custom_msgs.pc'
[1.457s] Level 1:colcon.colcon_core.environment:checking '/home/andy/CRIMP/install/custom_msgs/lib/python3.12/site-packages'
[1.457s] Level 1:colcon.colcon_core.shell:create_environment_hook('custom_msgs', 'pythonpath')
[1.457s] INFO:colcon.colcon_core.shell:Creating environment hook '/home/andy/CRIMP/install/custom_msgs/share/custom_msgs/hook/pythonpath.ps1'
[1.458s] INFO:colcon.colcon_core.shell:Creating environment descriptor '/home/andy/CRIMP/install/custom_msgs/share/custom_msgs/hook/pythonpath.dsv'
[1.458s] INFO:colcon.colcon_core.shell:Creating environment hook '/home/andy/CRIMP/install/custom_msgs/share/custom_msgs/hook/pythonpath.sh'
[1.459s] Level 1:colcon.colcon_core.environment:checking '/home/andy/CRIMP/install/custom_msgs/bin'
[1.460s] INFO:colcon.colcon_core.shell:Creating package script '/home/andy/CRIMP/install/custom_msgs/share/custom_msgs/package.ps1'
[1.460s] INFO:colcon.colcon_core.shell:Creating package descriptor '/home/andy/CRIMP/install/custom_msgs/share/custom_msgs/package.dsv'
[1.461s] INFO:colcon.colcon_core.shell:Creating package script '/home/andy/CRIMP/install/custom_msgs/share/custom_msgs/package.sh'
[1.462s] INFO:colcon.colcon_core.shell:Creating package script '/home/andy/CRIMP/install/custom_msgs/share/custom_msgs/package.bash'
[1.462s] INFO:colcon.colcon_core.shell:Creating package script '/home/andy/CRIMP/install/custom_msgs/share/custom_msgs/package.zsh'
[1.463s] Level 1:colcon.colcon_core.environment:create_file_with_runtime_dependencies(/home/andy/CRIMP/install/custom_msgs/share/colcon-core/packages/custom_msgs)
[1.463s] INFO:colcon.colcon_ros.task.ament_cmake.build:Building ROS package in '/home/andy/CRIMP/src/crimp_cpp' with build type 'ament_cmake'
[1.464s] INFO:colcon.colcon_cmake.task.cmake.build:Building CMake package in '/home/andy/CRIMP/src/crimp_cpp'
[1.464s] INFO:colcon.colcon_core.shell:Skip shell extension 'powershell' for command environment: Not usable outside of PowerShell
[1.464s] DEBUG:colcon.colcon_core.shell:Skip shell extension 'dsv' for command environment
[1.480s] DEBUG:colcon.colcon_core.event_handler.log_command:Invoking command in '/home/andy/CRIMP/build/crimp_cpp': CMAKE_PREFIX_PATH=/home/andy/CRIMP/install/custom_msgs:/home/andy/CRIMP/install/crimp_cpp:/home/andy/CRIMP/install/crimp_python:/opt/ros/jazzy /usr/bin/cmake --build /home/andy/CRIMP/build/crimp_cpp -- -j4 -l4
[1.858s] DEBUG:colcon.colcon_core.event_handler.log_command:Invoking command in '/home/andy/CRIMP/src/crimp_python': PYTHONPATH=/home/andy/CRIMP/build/crimp_python/prefix_override:/usr/local/lib/python3.12/dist-packages/colcon_core/task/python/colcon_distutils_commands:/home/andy/CRIMP/install/crimp_python/lib/python3.12/site-packages:${PYTHONPATH} /usr/bin/python3 -W ignore:setup.py install is deprecated -W ignore:easy_install command is deprecated setup.py egg_info --egg-base ../../build/crimp_python build --build-base /home/andy/CRIMP/build/crimp_python/build install --record /home/andy/CRIMP/build/crimp_python/install.log --single-version-externally-managed install_data
[2.576s] Level 1:colcon.colcon_core.environment:checking '/home/andy/CRIMP/install/crimp_python' for CMake module files
[2.577s] DEBUG:colcon.colcon_core.event_handler.log_command:Invoked command in '/home/andy/CRIMP/src/crimp_python' returned '0': PYTHONPATH=/home/andy/CRIMP/build/crimp_python/prefix_override:/usr/local/lib/python3.12/dist-packages/colcon_core/task/python/colcon_distutils_commands:/home/andy/CRIMP/install/crimp_python/lib/python3.12/site-packages:${PYTHONPATH} /usr/bin/python3 -W ignore:setup.py install is deprecated -W ignore:easy_install command is deprecated setup.py egg_info --egg-base ../../build/crimp_python build --build-base /home/andy/CRIMP/build/crimp_python/build install --record /home/andy/CRIMP/build/crimp_python/install.log --single-version-externally-managed install_data
[2.577s] Level 1:colcon.colcon_core.environment:checking '/home/andy/CRIMP/install/crimp_python' for CMake config files
[2.578s] Level 1:colcon.colcon_core.environment:checking '/home/andy/CRIMP/install/crimp_python/lib'
[2.579s] Level 1:colcon.colcon_core.environment:checking '/home/andy/CRIMP/install/crimp_python/bin'
[2.579s] Level 1:colcon.colcon_core.environment:checking '/home/andy/CRIMP/install/crimp_python/lib/pkgconfig/crimp_python.pc'
[2.579s] Level 1:colcon.colcon_core.environment:checking '/home/andy/CRIMP/install/crimp_python/lib/python3.12/site-packages'
[2.579s] Level 1:colcon.colcon_core.shell:create_environment_hook('crimp_python', 'pythonpath')
[2.580s] INFO:colcon.colcon_core.shell:Creating environment hook '/home/andy/CRIMP/install/crimp_python/share/crimp_python/hook/pythonpath.ps1'
[2.580s] INFO:colcon.colcon_core.shell:Creating environment descriptor '/home/andy/CRIMP/install/crimp_python/share/crimp_python/hook/pythonpath.dsv'
[2.581s] INFO:colcon.colcon_core.shell:Creating environment hook '/home/andy/CRIMP/install/crimp_python/share/crimp_python/hook/pythonpath.sh'
[2.582s] Level 1:colcon.colcon_core.environment:checking '/home/andy/CRIMP/install/crimp_python/bin'
[2.582s] Level 1:colcon.colcon_core.environment:create_environment_scripts_only(crimp_python)
[2.582s] INFO:colcon.colcon_core.shell:Creating package script '/home/andy/CRIMP/install/crimp_python/share/crimp_python/package.ps1'
[2.583s] INFO:colcon.colcon_core.shell:Creating package descriptor '/home/andy/CRIMP/install/crimp_python/share/crimp_python/package.dsv'
[2.584s] INFO:colcon.colcon_core.shell:Creating package script '/home/andy/CRIMP/install/crimp_python/share/crimp_python/package.sh'
[2.585s] INFO:colcon.colcon_core.shell:Creating package script '/home/andy/CRIMP/install/crimp_python/share/crimp_python/package.bash'
[2.585s] INFO:colcon.colcon_core.shell:Creating package script '/home/andy/CRIMP/install/crimp_python/share/crimp_python/package.zsh'
[2.586s] Level 1:colcon.colcon_core.environment:create_file_with_runtime_dependencies(/home/andy/CRIMP/install/crimp_python/share/colcon-core/packages/crimp_python)
[3.814s] DEBUG:colcon.colcon_core.event_handler.log_command:Invoked command in '/home/andy/CRIMP/build/crimp_cpp' returned '0': CMAKE_PREFIX_PATH=/home/andy/CRIMP/install/custom_msgs:/home/andy/CRIMP/install/crimp_cpp:/home/andy/CRIMP/install/crimp_python:/opt/ros/jazzy /usr/bin/cmake --build /home/andy/CRIMP/build/crimp_cpp -- -j4 -l4
[3.816s] DEBUG:colcon.colcon_core.event_handler.log_command:Invoking command in '/home/andy/CRIMP/build/crimp_cpp': CMAKE_PREFIX_PATH=/home/andy/CRIMP/install/custom_msgs:/home/andy/CRIMP/install/crimp_cpp:/home/andy/CRIMP/install/crimp_python:/opt/ros/jazzy /usr/bin/cmake --install /home/andy/CRIMP/build/crimp_cpp
[3.856s] Level 1:colcon.colcon_core.environment:create_environment_scripts_only(crimp_cpp)
[3.856s] Level 1:colcon.colcon_core.environment:checking '/home/andy/CRIMP/install/crimp_cpp' for CMake module files
[3.857s] DEBUG:colcon.colcon_core.event_handler.log_command:Invoked command in '/home/andy/CRIMP/build/crimp_cpp' returned '0': CMAKE_PREFIX_PATH=/home/andy/CRIMP/install/custom_msgs:/home/andy/CRIMP/install/crimp_cpp:/home/andy/CRIMP/install/crimp_python:/opt/ros/jazzy /usr/bin/cmake --install /home/andy/CRIMP/build/crimp_cpp
[3.858s] Level 1:colcon.colcon_core.environment:checking '/home/andy/CRIMP/install/crimp_cpp' for CMake config files
[3.858s] Level 1:colcon.colcon_core.shell:create_environment_hook('crimp_cpp', 'cmake_prefix_path')
[3.858s] INFO:colcon.colcon_core.shell:Creating environment hook '/home/andy/CRIMP/install/crimp_cpp/share/crimp_cpp/hook/cmake_prefix_path.ps1'
[3.859s] INFO:colcon.colcon_core.shell:Creating environment descriptor '/home/andy/CRIMP/install/crimp_cpp/share/crimp_cpp/hook/cmake_prefix_path.dsv'
[3.860s] INFO:colcon.colcon_core.shell:Creating environment hook '/home/andy/CRIMP/install/crimp_cpp/share/crimp_cpp/hook/cmake_prefix_path.sh'
[3.861s] Level 1:colcon.colcon_core.environment:checking '/home/andy/CRIMP/install/crimp_cpp/lib'
[3.861s] Level 1:colcon.colcon_core.environment:checking '/home/andy/CRIMP/install/crimp_cpp/bin'
[3.861s] Level 1:colcon.colcon_core.environment:checking '/home/andy/CRIMP/install/crimp_cpp/lib/pkgconfig/crimp_cpp.pc'
[3.861s] Level 1:colcon.colcon_core.environment:checking '/home/andy/CRIMP/install/crimp_cpp/lib/python3.12/site-packages'
[3.862s] Level 1:colcon.colcon_core.environment:checking '/home/andy/CRIMP/install/crimp_cpp/bin'
[3.862s] INFO:colcon.colcon_core.shell:Creating package script '/home/andy/CRIMP/install/crimp_cpp/share/crimp_cpp/package.ps1'
[3.863s] INFO:colcon.colcon_core.shell:Creating package descriptor '/home/andy/CRIMP/install/crimp_cpp/share/crimp_cpp/package.dsv'
[3.863s] INFO:colcon.colcon_core.shell:Creating package script '/home/andy/CRIMP/install/crimp_cpp/share/crimp_cpp/package.sh'
[3.864s] INFO:colcon.colcon_core.shell:Creating package script '/home/andy/CRIMP/install/crimp_cpp/share/crimp_cpp/package.bash'
[3.864s] INFO:colcon.colcon_core.shell:Creating package script '/home/andy/CRIMP/install/crimp_cpp/share/crimp_cpp/package.zsh'
[3.864s] Level 1:colcon.colcon_core.environment:create_file_with_runtime_dependencies(/home/andy/CRIMP/install/crimp_cpp/share/colcon-core/packages/crimp_cpp)
[3.865s] Level 1:colcon.colcon_core.environment:create_environment_scripts_only(crimp_cpp)
[3.865s] Level 1:colcon.colcon_core.environment:checking '/home/andy/CRIMP/install/crimp_cpp' for CMake module files
[3.866s] Level 1:colcon.colcon_core.environment:checking '/home/andy/CRIMP/install/crimp_cpp' for CMake config files
[3.867s] Level 1:colcon.colcon_core.shell:create_environment_hook('crimp_cpp', 'cmake_prefix_path')
[3.867s] INFO:colcon.colcon_core.shell:Creating environment hook '/home/andy/CRIMP/install/crimp_cpp/share/crimp_cpp/hook/cmake_prefix_path.ps1'
[3.867s] INFO:colcon.colcon_core.shell:Creating environment descriptor '/home/andy/CRIMP/install/crimp_cpp/share/crimp_cpp/hook/cmake_prefix_path.dsv'
[3.868s] INFO:colcon.colcon_core.shell:Creating environment hook '/home/andy/CRIMP/install/crimp_cpp/share/crimp_cpp/hook/cmake_prefix_path.sh'
[3.869s] Level 1:colcon.colcon_core.environment:checking '/home/andy/CRIMP/install/crimp_cpp/lib'
[3.869s] Level 1:colcon.colcon_core.environment:checking '/home/andy/CRIMP/install/crimp_cpp/bin'
[3.869s] Level 1:colcon.colcon_core.environment:checking '/home/andy/CRIMP/install/crimp_cpp/lib/pkgconfig/crimp_cpp.pc'
[3.869s] Level 1:colcon.colcon_core.environment:checking '/home/andy/CRIMP/install/crimp_cpp/lib/python3.12/site-packages'
[3.869s] Level 1:colcon.colcon_core.environment:checking '/home/andy/CRIMP/install/crimp_cpp/bin'
[3.870s] INFO:colcon.colcon_core.shell:Creating package script '/home/andy/CRIMP/install/crimp_cpp/share/crimp_cpp/package.ps1'
[3.870s] INFO:colcon.colcon_core.shell:Creating package descriptor '/home/andy/CRIMP/install/crimp_cpp/share/crimp_cpp/package.dsv'
[3.871s] INFO:colcon.colcon_core.shell:Creating package script '/home/andy/CRIMP/install/crimp_cpp/share/crimp_cpp/package.sh'
[3.872s] INFO:colcon.colcon_core.shell:Creating package script '/home/andy/CRIMP/install/crimp_cpp/share/crimp_cpp/package.bash'
[3.872s] INFO:colcon.colcon_core.shell:Creating package script '/home/andy/CRIMP/install/crimp_cpp/share/crimp_cpp/package.zsh'
[3.873s] Level 1:colcon.colcon_core.environment:create_file_with_runtime_dependencies(/home/andy/CRIMP/install/crimp_cpp/share/colcon-core/packages/crimp_cpp)
[3.873s] DEBUG:colcon.colcon_parallel_executor.executor.parallel:closing loop
[3.874s] DEBUG:colcon.colcon_parallel_executor.executor.parallel:loop closed
[3.874s] DEBUG:colcon.colcon_parallel_executor.executor.parallel:run_until_complete finished with '0'
[3.874s] DEBUG:colcon.colcon_core.event_reactor:joining thread
[3.877s] INFO:colcon.colcon_core.plugin_system:Skipping extension 'colcon_notification.desktop_notification.notify2': 'notify2' not found
[3.877s] INFO:colcon.colcon_core.plugin_system:Skipping extension 'colcon_notification.desktop_notification.notify_send': Could not find 'notify-send'
[3.877s] INFO:colcon.colcon_core.plugin_system:Skipping extension 'colcon_notification.desktop_notification.terminal_notifier': Not used on non-Darwin systems
[3.877s] INFO:colcon.colcon_core.plugin_system:Skipping extension 'colcon_notification.desktop_notification.win32': Not used on non-Windows systems
[3.877s] DEBUG:colcon.colcon_core.event_reactor:joined thread
[3.878s] INFO:colcon.colcon_core.shell:Creating prefix script '/home/andy/CRIMP/install/local_setup.ps1'
[3.879s] INFO:colcon.colcon_core.shell:Creating prefix util module '/home/andy/CRIMP/install/_local_setup_util_ps1.py'
[3.881s] INFO:colcon.colcon_core.shell:Creating prefix chain script '/home/andy/CRIMP/install/setup.ps1'
[3.882s] INFO:colcon.colcon_core.shell:Creating prefix script '/home/andy/CRIMP/install/local_setup.sh'
[3.883s] INFO:colcon.colcon_core.shell:Creating prefix util module '/home/andy/CRIMP/install/_local_setup_util_sh.py'
[3.884s] INFO:colcon.colcon_core.shell:Creating prefix chain script '/home/andy/CRIMP/install/setup.sh'
[3.885s] INFO:colcon.colcon_core.shell:Creating prefix script '/home/andy/CRIMP/install/local_setup.bash'
[3.886s] INFO:colcon.colcon_core.shell:Creating prefix chain script '/home/andy/CRIMP/install/setup.bash'
[3.887s] INFO:colcon.colcon_core.shell:Creating prefix script '/home/andy/CRIMP/install/local_setup.zsh'
[3.888s] INFO:colcon.colcon_core.shell:Creating prefix chain script '/home/andy/CRIMP/install/setup.zsh'
