[ 50%] [32mBuilding CXX object CMakeFiles/suction_cups.dir/src/suction_cups.cpp.o[0m
[ 50%] [32mBuilding CXX object CMakeFiles/motion_planner.dir/src/motion_planner.cpp.o[0m
[ 50%] [32mBuilding CXX object CMakeFiles/joint_mover.dir/src/joint_mover.cpp.o[0m
[ 66%] [32m[1mLinking CXX executable joint_mover[0m
[ 83%] [32m[1mLinking CXX executable suction_cups[0m
[ 83%] Built target joint_mover
[ 83%] Built target suction_cups
[100%] [32m[1mLinking CXX executable motion_planner[0m
[100%] Built target motion_planner
-- Install configuration: ""
-- Installing: /home/ethan/crimp_ws/install/crimp_cpp/lib/crimp_cpp/joint_mover
-- Set non-toolchain portion of runtime path of "/home/ethan/crimp_ws/install/crimp_cpp/lib/crimp_cpp/joint_mover" to ""
-- Installing: /home/ethan/crimp_ws/install/crimp_cpp/lib/crimp_cpp/motion_planner
-- Set non-toolchain portion of runtime path of "/home/ethan/crimp_ws/install/crimp_cpp/lib/crimp_cpp/motion_planner" to ""
-- Installing: /home/ethan/crimp_ws/install/crimp_cpp/lib/crimp_cpp/suction_cups
-- Set non-toolchain portion of runtime path of "/home/ethan/crimp_ws/install/crimp_cpp/lib/crimp_cpp/suction_cups" to ""
-- Installing: /home/ethan/crimp_ws/install/crimp_cpp/share/ament_index/resource_index/package_run_dependencies/crimp_cpp
-- Installing: /home/ethan/crimp_ws/install/crimp_cpp/share/ament_index/resource_index/parent_prefix_path/crimp_cpp
-- Installing: /home/ethan/crimp_ws/install/crimp_cpp/share/crimp_cpp/environment/ament_prefix_path.sh
-- Installing: /home/ethan/crimp_ws/install/crimp_cpp/share/crimp_cpp/environment/ament_prefix_path.dsv
-- Installing: /home/ethan/crimp_ws/install/crimp_cpp/share/crimp_cpp/environment/path.sh
-- Installing: /home/ethan/crimp_ws/install/crimp_cpp/share/crimp_cpp/environment/path.dsv
-- Installing: /home/ethan/crimp_ws/install/crimp_cpp/share/crimp_cpp/local_setup.bash
-- Installing: /home/ethan/crimp_ws/install/crimp_cpp/share/crimp_cpp/local_setup.sh
-- Installing: /home/ethan/crimp_ws/install/crimp_cpp/share/crimp_cpp/local_setup.zsh
-- Installing: /home/ethan/crimp_ws/install/crimp_cpp/share/crimp_cpp/local_setup.dsv
-- Installing: /home/ethan/crimp_ws/install/crimp_cpp/share/crimp_cpp/package.dsv
-- Installing: /home/ethan/crimp_ws/install/crimp_cpp/share/ament_index/resource_index/packages/crimp_cpp
-- Installing: /home/ethan/crimp_ws/install/crimp_cpp/share/crimp_cpp/cmake/crimp_cppConfig.cmake
-- Installing: /home/ethan/crimp_ws/install/crimp_cpp/share/crimp_cpp/cmake/crimp_cppConfig-version.cmake
-- Installing: /home/ethan/crimp_ws/install/crimp_cpp/share/crimp_cpp/package.xml
