[ 33%] Built target joint_mover
[ 66%] Built target suction_cups
[ 83%] [32mBuilding CXX object CMakeFiles/motion_planner.dir/src/motion_planner.cpp.o[0m
[100%] [32m[1mLinking CXX executable motion_planner[0m
[100%] Built target motion_planner
-- Install configuration: ""
-- Installing: /home/ethan/crimp_ws/install/crimp_cpp/lib/crimp_cpp/joint_mover
-- Set non-toolchain portion of runtime path of "/home/ethan/crimp_ws/install/crimp_cpp/lib/crimp_cpp/joint_mover" to ""
-- Installing: /home/ethan/crimp_ws/install/crimp_cpp/lib/crimp_cpp/motion_planner
-- Set non-toolchain portion of runtime path of "/home/ethan/crimp_ws/install/crimp_cpp/lib/crimp_cpp/motion_planner" to ""
-- Installing: /home/ethan/crimp_ws/install/crimp_cpp/lib/crimp_cpp/suction_cups
-- Set non-toolchain portion of runtime path of "/home/ethan/crimp_ws/install/crimp_cpp/lib/crimp_cpp/suction_cups" to ""
-- Up-to-date: /home/ethan/crimp_ws/install/crimp_cpp/share/ament_index/resource_index/package_run_dependencies/crimp_cpp
-- Up-to-date: /home/ethan/crimp_ws/install/crimp_cpp/share/ament_index/resource_index/parent_prefix_path/crimp_cpp
-- Up-to-date: /home/ethan/crimp_ws/install/crimp_cpp/share/crimp_cpp/environment/ament_prefix_path.sh
-- Up-to-date: /home/ethan/crimp_ws/install/crimp_cpp/share/crimp_cpp/environment/ament_prefix_path.dsv
-- Up-to-date: /home/ethan/crimp_ws/install/crimp_cpp/share/crimp_cpp/environment/path.sh
-- Up-to-date: /home/ethan/crimp_ws/install/crimp_cpp/share/crimp_cpp/environment/path.dsv
-- Up-to-date: /home/ethan/crimp_ws/install/crimp_cpp/share/crimp_cpp/local_setup.bash
-- Up-to-date: /home/ethan/crimp_ws/install/crimp_cpp/share/crimp_cpp/local_setup.sh
-- Up-to-date: /home/ethan/crimp_ws/install/crimp_cpp/share/crimp_cpp/local_setup.zsh
-- Up-to-date: /home/ethan/crimp_ws/install/crimp_cpp/share/crimp_cpp/local_setup.dsv
-- Installing: /home/ethan/crimp_ws/install/crimp_cpp/share/crimp_cpp/package.dsv
-- Up-to-date: /home/ethan/crimp_ws/install/crimp_cpp/share/ament_index/resource_index/packages/crimp_cpp
-- Up-to-date: /home/ethan/crimp_ws/install/crimp_cpp/share/crimp_cpp/cmake/crimp_cppConfig.cmake
-- Up-to-date: /home/ethan/crimp_ws/install/crimp_cpp/share/crimp_cpp/cmake/crimp_cppConfig-version.cmake
-- Up-to-date: /home/ethan/crimp_ws/install/crimp_cpp/share/crimp_cpp/package.xml
