[0.251s] DEBUG:colcon:Command line arguments: ['/usr/local/bin/colcon', 'build']
[0.251s] DEBUG:colcon:Parsed command line arguments: Namespace(log_base=None, log_level=None, verb_name='build', build_base='build', install_base='install', merge_install=False, symlink_install=False, test_result_base=None, continue_on_error=False, executor='parallel', parallel_workers=4, event_handlers=None, ignore_user_meta=False, metas=['./colcon.meta'], base_paths=['.'], packages_ignore=None, packages_ignore_regex=None, paths=None, packages_up_to=None, packages_up_to_regex=None, packages_above=None, packages_above_and_dependencies=None, packages_above_depth=None, packages_select_by_dep=None, packages_skip_by_dep=None, packages_skip_up_to=None, packages_select_build_failed=False, packages_skip_build_finished=False, packages_select_test_failures=False, packages_skip_test_passed=False, packages_select=None, packages_skip=None, packages_select_regex=None, packages_skip_regex=None, packages_start=None, packages_end=None, cmake_args=None, cmake_target=None, cmake_target_skip_unavailable=False, cmake_clean_cache=False, cmake_clean_first=False, cmake_force_configure=False, ament_cmake_args=None, catkin_cmake_args=None, catkin_skip_building_tests=False, verb_parser=<colcon_defaults.argument_parser.defaults.DefaultArgumentsDecorator object at 0xffffad6cfc20>, verb_extension=<colcon_core.verb.build.BuildVerb object at 0xffffad6cfa10>, main=<bound method BuildVerb.main of <colcon_core.verb.build.BuildVerb object at 0xffffad6cfa10>>)
[0.322s] Level 1:colcon.colcon_core.package_discovery:discover_packages(colcon_meta) check parameters
[0.323s] Level 1:colcon.colcon_core.package_discovery:discover_packages(recursive) check parameters
[0.323s] Level 1:colcon.colcon_core.package_discovery:discover_packages(ignore) check parameters
[0.323s] Level 1:colcon.colcon_core.package_discovery:discover_packages(path) check parameters
[0.323s] Level 1:colcon.colcon_core.package_discovery:discover_packages(colcon_meta) discover
[0.323s] Level 1:colcon.colcon_core.package_discovery:discover_packages(recursive) discover
[0.323s] INFO:colcon.colcon_core.package_discovery:Crawling recursively for packages in '/home/andy/CRIMP'
[0.323s] Level 1:colcon.colcon_core.package_identification:_identify(.) by extensions ['ignore', 'ignore_ament_install']
[0.323s] Level 1:colcon.colcon_core.package_identification:_identify(.) by extension 'ignore'
[0.323s] Level 1:colcon.colcon_core.package_identification:_identify(.) by extension 'ignore_ament_install'
[0.323s] Level 1:colcon.colcon_core.package_identification:_identify(.) by extensions ['colcon_pkg']
[0.323s] Level 1:colcon.colcon_core.package_identification:_identify(.) by extension 'colcon_pkg'
[0.324s] Level 1:colcon.colcon_core.package_identification:_identify(.) by extensions ['colcon_meta']
[0.324s] Level 1:colcon.colcon_core.package_identification:_identify(.) by extension 'colcon_meta'
[0.324s] Level 1:colcon.colcon_core.package_identification:_identify(.) by extensions ['ros']
[0.324s] Level 1:colcon.colcon_core.package_identification:_identify(.) by extension 'ros'
[0.375s] Level 1:colcon.colcon_core.package_identification:_identify(.) by extensions ['cmake', 'python']
[0.375s] Level 1:colcon.colcon_core.package_identification:_identify(.) by extension 'cmake'
[0.375s] Level 1:colcon.colcon_core.package_identification:_identify(.) by extension 'python'
[0.375s] Level 1:colcon.colcon_core.package_identification:_identify(.) by extensions ['python_setup_py']
[0.375s] Level 1:colcon.colcon_core.package_identification:_identify(.) by extension 'python_setup_py'
[0.375s] Level 1:colcon.colcon_core.package_identification:_identify(build) by extensions ['ignore', 'ignore_ament_install']
[0.376s] Level 1:colcon.colcon_core.package_identification:_identify(build) by extension 'ignore'
[0.376s] Level 1:colcon.colcon_core.package_identification:_identify(build) ignored
[0.376s] Level 1:colcon.colcon_core.package_identification:_identify(install) by extensions ['ignore', 'ignore_ament_install']
[0.376s] Level 1:colcon.colcon_core.package_identification:_identify(install) by extension 'ignore'
[0.376s] Level 1:colcon.colcon_core.package_identification:_identify(install) ignored
[0.376s] Level 1:colcon.colcon_core.package_identification:_identify(log) by extensions ['ignore', 'ignore_ament_install']
[0.376s] Level 1:colcon.colcon_core.package_identification:_identify(log) by extension 'ignore'
[0.376s] Level 1:colcon.colcon_core.package_identification:_identify(log) ignored
[0.377s] Level 1:colcon.colcon_core.package_identification:_identify(src) by extensions ['ignore', 'ignore_ament_install']
[0.377s] Level 1:colcon.colcon_core.package_identification:_identify(src) by extension 'ignore'
[0.377s] Level 1:colcon.colcon_core.package_identification:_identify(src) by extension 'ignore_ament_install'
[0.377s] Level 1:colcon.colcon_core.package_identification:_identify(src) by extensions ['colcon_pkg']
[0.377s] Level 1:colcon.colcon_core.package_identification:_identify(src) by extension 'colcon_pkg'
[0.377s] Level 1:colcon.colcon_core.package_identification:_identify(src) by extensions ['colcon_meta']
[0.377s] Level 1:colcon.colcon_core.package_identification:_identify(src) by extension 'colcon_meta'
[0.377s] Level 1:colcon.colcon_core.package_identification:_identify(src) by extensions ['ros']
[0.377s] Level 1:colcon.colcon_core.package_identification:_identify(src) by extension 'ros'
[0.377s] Level 1:colcon.colcon_core.package_identification:_identify(src) by extensions ['cmake', 'python']
[0.377s] Level 1:colcon.colcon_core.package_identification:_identify(src) by extension 'cmake'
[0.377s] Level 1:colcon.colcon_core.package_identification:_identify(src) by extension 'python'
[0.377s] Level 1:colcon.colcon_core.package_identification:_identify(src) by extensions ['python_setup_py']
[0.377s] Level 1:colcon.colcon_core.package_identification:_identify(src) by extension 'python_setup_py'
[0.378s] Level 1:colcon.colcon_core.package_identification:_identify(src/crimp_cpp) by extensions ['ignore', 'ignore_ament_install']
[0.378s] Level 1:colcon.colcon_core.package_identification:_identify(src/crimp_cpp) by extension 'ignore'
[0.378s] Level 1:colcon.colcon_core.package_identification:_identify(src/crimp_cpp) by extension 'ignore_ament_install'
[0.378s] Level 1:colcon.colcon_core.package_identification:_identify(src/crimp_cpp) by extensions ['colcon_pkg']
[0.378s] Level 1:colcon.colcon_core.package_identification:_identify(src/crimp_cpp) by extension 'colcon_pkg'
[0.378s] Level 1:colcon.colcon_core.package_identification:_identify(src/crimp_cpp) by extensions ['colcon_meta']
[0.378s] Level 1:colcon.colcon_core.package_identification:_identify(src/crimp_cpp) by extension 'colcon_meta'
[0.378s] Level 1:colcon.colcon_core.package_identification:_identify(src/crimp_cpp) by extensions ['ros']
[0.378s] Level 1:colcon.colcon_core.package_identification:_identify(src/crimp_cpp) by extension 'ros'
[0.383s] DEBUG:colcon.colcon_core.package_identification:Package 'src/crimp_cpp' with type 'ros.ament_cmake' and name 'crimp_cpp'
[0.383s] Level 1:colcon.colcon_core.package_identification:_identify(src/crimp_python) by extensions ['ignore', 'ignore_ament_install']
[0.383s] Level 1:colcon.colcon_core.package_identification:_identify(src/crimp_python) by extension 'ignore'
[0.383s] Level 1:colcon.colcon_core.package_identification:_identify(src/crimp_python) by extension 'ignore_ament_install'
[0.383s] Level 1:colcon.colcon_core.package_identification:_identify(src/crimp_python) by extensions ['colcon_pkg']
[0.384s] Level 1:colcon.colcon_core.package_identification:_identify(src/crimp_python) by extension 'colcon_pkg'
[0.384s] Level 1:colcon.colcon_core.package_identification:_identify(src/crimp_python) by extensions ['colcon_meta']
[0.384s] Level 1:colcon.colcon_core.package_identification:_identify(src/crimp_python) by extension 'colcon_meta'
[0.384s] Level 1:colcon.colcon_core.package_identification:_identify(src/crimp_python) by extensions ['ros']
[0.384s] Level 1:colcon.colcon_core.package_identification:_identify(src/crimp_python) by extension 'ros'
[0.385s] DEBUG:colcon.colcon_core.package_identification:Package 'src/crimp_python' with type 'ros.ament_python' and name 'crimp_python'
[0.385s] Level 1:colcon.colcon_core.package_identification:_identify(src/custom_msgs) by extensions ['ignore', 'ignore_ament_install']
[0.385s] Level 1:colcon.colcon_core.package_identification:_identify(src/custom_msgs) by extension 'ignore'
[0.385s] Level 1:colcon.colcon_core.package_identification:_identify(src/custom_msgs) by extension 'ignore_ament_install'
[0.385s] Level 1:colcon.colcon_core.package_identification:_identify(src/custom_msgs) by extensions ['colcon_pkg']
[0.385s] Level 1:colcon.colcon_core.package_identification:_identify(src/custom_msgs) by extension 'colcon_pkg'
[0.385s] Level 1:colcon.colcon_core.package_identification:_identify(src/custom_msgs) by extensions ['colcon_meta']
[0.385s] Level 1:colcon.colcon_core.package_identification:_identify(src/custom_msgs) by extension 'colcon_meta'
[0.385s] Level 1:colcon.colcon_core.package_identification:_identify(src/custom_msgs) by extensions ['ros']
[0.385s] Level 1:colcon.colcon_core.package_identification:_identify(src/custom_msgs) by extension 'ros'
[0.386s] DEBUG:colcon.colcon_core.package_identification:Package 'src/custom_msgs' with type 'ros.ament_cmake' and name 'custom_msgs'
[0.386s] Level 1:colcon.colcon_core.package_identification:_identify(src/examples_cpp) by extensions ['ignore', 'ignore_ament_install']
[0.386s] Level 1:colcon.colcon_core.package_identification:_identify(src/examples_cpp) by extension 'ignore'
[0.386s] Level 1:colcon.colcon_core.package_identification:_identify(src/examples_cpp) ignored
[0.386s] Level 1:colcon.colcon_core.package_identification:_identify(src/examples_python) by extensions ['ignore', 'ignore_ament_install']
[0.387s] Level 1:colcon.colcon_core.package_identification:_identify(src/examples_python) by extension 'ignore'
[0.387s] Level 1:colcon.colcon_core.package_identification:_identify(src/examples_python) ignored
[0.387s] Level 1:colcon.colcon_core.package_discovery:discover_packages(recursive) using defaults
[0.387s] Level 1:colcon.colcon_core.package_discovery:discover_packages(ignore) discover
[0.387s] Level 1:colcon.colcon_core.package_discovery:discover_packages(ignore) using defaults
[0.387s] Level 1:colcon.colcon_core.package_discovery:discover_packages(path) discover
[0.387s] Level 1:colcon.colcon_core.package_discovery:discover_packages(path) using defaults
[0.423s] Level 5:colcon.colcon_core.verb:set package 'crimp_python' build argument 'cmake_args' from command line to 'None'
[0.423s] Level 5:colcon.colcon_core.verb:set package 'crimp_python' build argument 'cmake_target' from command line to 'None'
[0.423s] Level 5:colcon.colcon_core.verb:set package 'crimp_python' build argument 'cmake_target_skip_unavailable' from command line to 'False'
[0.423s] Level 5:colcon.colcon_core.verb:set package 'crimp_python' build argument 'cmake_clean_cache' from command line to 'False'
[0.423s] Level 5:colcon.colcon_core.verb:set package 'crimp_python' build argument 'cmake_clean_first' from command line to 'False'
[0.423s] Level 5:colcon.colcon_core.verb:set package 'crimp_python' build argument 'cmake_force_configure' from command line to 'False'
[0.423s] Level 5:colcon.colcon_core.verb:set package 'crimp_python' build argument 'ament_cmake_args' from command line to 'None'
[0.423s] Level 5:colcon.colcon_core.verb:set package 'crimp_python' build argument 'catkin_cmake_args' from command line to 'None'
[0.423s] Level 5:colcon.colcon_core.verb:set package 'crimp_python' build argument 'catkin_skip_building_tests' from command line to 'False'
[0.423s] DEBUG:colcon.colcon_core.verb:Building package 'crimp_python' with the following arguments: {'ament_cmake_args': None, 'build_base': '/home/andy/CRIMP/build/crimp_python', 'catkin_cmake_args': None, 'catkin_skip_building_tests': False, 'cmake_args': None, 'cmake_clean_cache': False, 'cmake_clean_first': False, 'cmake_force_configure': False, 'cmake_target': None, 'cmake_target_skip_unavailable': False, 'install_base': '/home/andy/CRIMP/install/crimp_python', 'merge_install': False, 'path': '/home/andy/CRIMP/src/crimp_python', 'symlink_install': False, 'test_result_base': None}
[0.424s] Level 5:colcon.colcon_core.verb:set package 'custom_msgs' build argument 'cmake_args' from command line to 'None'
[0.424s] Level 5:colcon.colcon_core.verb:set package 'custom_msgs' build argument 'cmake_target' from command line to 'None'
[0.424s] Level 5:colcon.colcon_core.verb:set package 'custom_msgs' build argument 'cmake_target_skip_unavailable' from command line to 'False'
[0.424s] Level 5:colcon.colcon_core.verb:set package 'custom_msgs' build argument 'cmake_clean_cache' from command line to 'False'
[0.424s] Level 5:colcon.colcon_core.verb:set package 'custom_msgs' build argument 'cmake_clean_first' from command line to 'False'
[0.424s] Level 5:colcon.colcon_core.verb:set package 'custom_msgs' build argument 'cmake_force_configure' from command line to 'False'
[0.424s] Level 5:colcon.colcon_core.verb:set package 'custom_msgs' build argument 'ament_cmake_args' from command line to 'None'
[0.424s] Level 5:colcon.colcon_core.verb:set package 'custom_msgs' build argument 'catkin_cmake_args' from command line to 'None'
[0.424s] Level 5:colcon.colcon_core.verb:set package 'custom_msgs' build argument 'catkin_skip_building_tests' from command line to 'False'
[0.424s] DEBUG:colcon.colcon_core.verb:Building package 'custom_msgs' with the following arguments: {'ament_cmake_args': None, 'build_base': '/home/andy/CRIMP/build/custom_msgs', 'catkin_cmake_args': None, 'catkin_skip_building_tests': False, 'cmake_args': None, 'cmake_clean_cache': False, 'cmake_clean_first': False, 'cmake_force_configure': False, 'cmake_target': None, 'cmake_target_skip_unavailable': False, 'install_base': '/home/andy/CRIMP/install/custom_msgs', 'merge_install': False, 'path': '/home/andy/CRIMP/src/custom_msgs', 'symlink_install': False, 'test_result_base': None}
[0.424s] Level 5:colcon.colcon_core.verb:set package 'crimp_cpp' build argument 'cmake_args' from command line to 'None'
[0.424s] Level 5:colcon.colcon_core.verb:set package 'crimp_cpp' build argument 'cmake_target' from command line to 'None'
[0.424s] Level 5:colcon.colcon_core.verb:set package 'crimp_cpp' build argument 'cmake_target_skip_unavailable' from command line to 'False'
[0.424s] Level 5:colcon.colcon_core.verb:set package 'crimp_cpp' build argument 'cmake_clean_cache' from command line to 'False'
[0.424s] Level 5:colcon.colcon_core.verb:set package 'crimp_cpp' build argument 'cmake_clean_first' from command line to 'False'
[0.424s] Level 5:colcon.colcon_core.verb:set package 'crimp_cpp' build argument 'cmake_force_configure' from command line to 'False'
[0.425s] Level 5:colcon.colcon_core.verb:set package 'crimp_cpp' build argument 'ament_cmake_args' from command line to 'None'
[0.425s] Level 5:colcon.colcon_core.verb:set package 'crimp_cpp' build argument 'catkin_cmake_args' from command line to 'None'
[0.425s] Level 5:colcon.colcon_core.verb:set package 'crimp_cpp' build argument 'catkin_skip_building_tests' from command line to 'False'
[0.425s] DEBUG:colcon.colcon_core.verb:Building package 'crimp_cpp' with the following arguments: {'ament_cmake_args': None, 'build_base': '/home/andy/CRIMP/build/crimp_cpp', 'catkin_cmake_args': None, 'catkin_skip_building_tests': False, 'cmake_args': None, 'cmake_clean_cache': False, 'cmake_clean_first': False, 'cmake_force_configure': False, 'cmake_target': None, 'cmake_target_skip_unavailable': False, 'install_base': '/home/andy/CRIMP/install/crimp_cpp', 'merge_install': False, 'path': '/home/andy/CRIMP/src/crimp_cpp', 'symlink_install': False, 'test_result_base': None}
[0.425s] INFO:colcon.colcon_core.executor:Executing jobs using 'parallel' executor
[0.426s] DEBUG:colcon.colcon_parallel_executor.executor.parallel:run_until_complete
[0.427s] INFO:colcon.colcon_ros.task.ament_cmake.build:Building ROS package in '/home/andy/CRIMP/src/custom_msgs' with build type 'ament_cmake'
[0.428s] INFO:colcon.colcon_cmake.task.cmake.build:Building CMake package in '/home/andy/CRIMP/src/custom_msgs'
[0.431s] INFO:colcon.colcon_core.plugin_system:Skipping extension 'colcon_core.shell.bat': Not used on non-Windows systems
[0.431s] INFO:colcon.colcon_core.shell:Skip shell extension 'powershell' for command environment: Not usable outside of PowerShell
[0.432s] DEBUG:colcon.colcon_core.shell:Skip shell extension 'dsv' for command environment
[0.439s] INFO:colcon.colcon_ros.task.ament_python.build:Building ROS package in '/home/andy/CRIMP/src/crimp_python' with build type 'ament_python'
[0.439s] Level 1:colcon.colcon_core.shell:create_environment_hook('crimp_python', 'ament_prefix_path')
[0.440s] INFO:colcon.colcon_core.shell:Creating environment hook '/home/andy/CRIMP/install/crimp_python/share/crimp_python/hook/ament_prefix_path.ps1'
[0.441s] INFO:colcon.colcon_core.shell:Creating environment descriptor '/home/andy/CRIMP/install/crimp_python/share/crimp_python/hook/ament_prefix_path.dsv'
[0.442s] INFO:colcon.colcon_core.shell:Creating environment hook '/home/andy/CRIMP/install/crimp_python/share/crimp_python/hook/ament_prefix_path.sh'
[0.443s] INFO:colcon.colcon_core.shell:Skip shell extension 'powershell' for command environment: Not usable outside of PowerShell
[0.443s] DEBUG:colcon.colcon_core.shell:Skip shell extension 'dsv' for command environment
[0.453s] DEBUG:colcon.colcon_core.event_handler.log_command:Invoking command in '/home/andy/CRIMP/build/custom_msgs': CMAKE_PREFIX_PATH=${CMAKE_PREFIX_PATH}:/home/andy/CRIMP/install/crimp_python:/opt/ros/jazzy /usr/bin/cmake --build /home/andy/CRIMP/build/custom_msgs -- -j4 -l4
[0.955s] INFO:colcon.colcon_core.task.python.build:Building Python package in '/home/andy/CRIMP/src/crimp_python'
[0.956s] INFO:colcon.colcon_core.shell:Skip shell extension 'powershell' for command environment: Not usable outside of PowerShell
[0.956s] DEBUG:colcon.colcon_core.shell:Skip shell extension 'dsv' for command environment
[1.278s] DEBUG:colcon.colcon_core.event_handler.log_command:Invoked command in '/home/andy/CRIMP/build/custom_msgs' returned '0': CMAKE_PREFIX_PATH=${CMAKE_PREFIX_PATH}:/home/andy/CRIMP/install/crimp_python:/opt/ros/jazzy /usr/bin/cmake --build /home/andy/CRIMP/build/custom_msgs -- -j4 -l4
[1.298s] DEBUG:colcon.colcon_core.event_handler.log_command:Invoking command in '/home/andy/CRIMP/build/custom_msgs': CMAKE_PREFIX_PATH=${CMAKE_PREFIX_PATH}:/home/andy/CRIMP/install/crimp_python:/opt/ros/jazzy /usr/bin/cmake --install /home/andy/CRIMP/build/custom_msgs
[1.425s] Level 1:colcon.colcon_core.environment:create_environment_scripts_only(custom_msgs)
[1.425s] DEBUG:colcon.colcon_core.event_handler.log_command:Invoked command in '/home/andy/CRIMP/build/custom_msgs' returned '0': CMAKE_PREFIX_PATH=${CMAKE_PREFIX_PATH}:/home/andy/CRIMP/install/crimp_python:/opt/ros/jazzy /usr/bin/cmake --install /home/andy/CRIMP/build/custom_msgs
[1.429s] Level 1:colcon.colcon_core.environment:checking '/home/andy/CRIMP/install/custom_msgs' for CMake module files
[1.430s] Level 1:colcon.colcon_core.environment:checking '/home/andy/CRIMP/install/custom_msgs' for CMake config files
[1.431s] Level 1:colcon.colcon_core.shell:create_environment_hook('custom_msgs', 'cmake_prefix_path')
[1.431s] INFO:colcon.colcon_core.shell:Creating environment hook '/home/andy/CRIMP/install/custom_msgs/share/custom_msgs/hook/cmake_prefix_path.ps1'
[1.432s] INFO:colcon.colcon_core.shell:Creating environment descriptor '/home/andy/CRIMP/install/custom_msgs/share/custom_msgs/hook/cmake_prefix_path.dsv'
[1.432s] INFO:colcon.colcon_core.shell:Creating environment hook '/home/andy/CRIMP/install/custom_msgs/share/custom_msgs/hook/cmake_prefix_path.sh'
[1.434s] Level 1:colcon.colcon_core.environment:checking '/home/andy/CRIMP/install/custom_msgs/lib'
[1.434s] Level 1:colcon.colcon_core.shell:create_environment_hook('custom_msgs', 'ld_library_path_lib')
[1.434s] INFO:colcon.colcon_core.shell:Creating environment hook '/home/andy/CRIMP/install/custom_msgs/share/custom_msgs/hook/ld_library_path_lib.ps1'
[1.435s] INFO:colcon.colcon_core.shell:Creating environment descriptor '/home/andy/CRIMP/install/custom_msgs/share/custom_msgs/hook/ld_library_path_lib.dsv'
[1.436s] INFO:colcon.colcon_core.shell:Creating environment hook '/home/andy/CRIMP/install/custom_msgs/share/custom_msgs/hook/ld_library_path_lib.sh'
[1.437s] Level 1:colcon.colcon_core.environment:checking '/home/andy/CRIMP/install/custom_msgs/bin'
[1.437s] Level 1:colcon.colcon_core.environment:checking '/home/andy/CRIMP/install/custom_msgs/lib/pkgconfig/custom_msgs.pc'
[1.437s] Level 1:colcon.colcon_core.environment:checking '/home/andy/CRIMP/install/custom_msgs/lib/python3.12/site-packages'
[1.437s] Level 1:colcon.colcon_core.shell:create_environment_hook('custom_msgs', 'pythonpath')
[1.438s] INFO:colcon.colcon_core.shell:Creating environment hook '/home/andy/CRIMP/install/custom_msgs/share/custom_msgs/hook/pythonpath.ps1'
[1.438s] INFO:colcon.colcon_core.shell:Creating environment descriptor '/home/andy/CRIMP/install/custom_msgs/share/custom_msgs/hook/pythonpath.dsv'
[1.439s] INFO:colcon.colcon_core.shell:Creating environment hook '/home/andy/CRIMP/install/custom_msgs/share/custom_msgs/hook/pythonpath.sh'
[1.440s] Level 1:colcon.colcon_core.environment:checking '/home/andy/CRIMP/install/custom_msgs/bin'
[1.441s] INFO:colcon.colcon_core.shell:Creating package script '/home/andy/CRIMP/install/custom_msgs/share/custom_msgs/package.ps1'
[1.442s] INFO:colcon.colcon_core.shell:Creating package descriptor '/home/andy/CRIMP/install/custom_msgs/share/custom_msgs/package.dsv'
[1.444s] INFO:colcon.colcon_core.shell:Creating package script '/home/andy/CRIMP/install/custom_msgs/share/custom_msgs/package.sh'
[1.445s] INFO:colcon.colcon_core.shell:Creating package script '/home/andy/CRIMP/install/custom_msgs/share/custom_msgs/package.bash'
[1.446s] INFO:colcon.colcon_core.shell:Creating package script '/home/andy/CRIMP/install/custom_msgs/share/custom_msgs/package.zsh'
[1.447s] Level 1:colcon.colcon_core.environment:create_file_with_runtime_dependencies(/home/andy/CRIMP/install/custom_msgs/share/colcon-core/packages/custom_msgs)
[1.448s] Level 1:colcon.colcon_core.environment:create_environment_scripts_only(custom_msgs)
[1.448s] Level 1:colcon.colcon_core.environment:checking '/home/andy/CRIMP/install/custom_msgs' for CMake module files
[1.450s] Level 1:colcon.colcon_core.environment:checking '/home/andy/CRIMP/install/custom_msgs' for CMake config files
[1.450s] Level 1:colcon.colcon_core.shell:create_environment_hook('custom_msgs', 'cmake_prefix_path')
[1.450s] INFO:colcon.colcon_core.shell:Creating environment hook '/home/andy/CRIMP/install/custom_msgs/share/custom_msgs/hook/cmake_prefix_path.ps1'
[1.451s] INFO:colcon.colcon_core.shell:Creating environment descriptor '/home/andy/CRIMP/install/custom_msgs/share/custom_msgs/hook/cmake_prefix_path.dsv'
[1.451s] INFO:colcon.colcon_core.shell:Creating environment hook '/home/andy/CRIMP/install/custom_msgs/share/custom_msgs/hook/cmake_prefix_path.sh'
[1.452s] Level 1:colcon.colcon_core.environment:checking '/home/andy/CRIMP/install/custom_msgs/lib'
[1.452s] Level 1:colcon.colcon_core.shell:create_environment_hook('custom_msgs', 'ld_library_path_lib')
[1.453s] INFO:colcon.colcon_core.shell:Creating environment hook '/home/andy/CRIMP/install/custom_msgs/share/custom_msgs/hook/ld_library_path_lib.ps1'
[1.453s] INFO:colcon.colcon_core.shell:Creating environment descriptor '/home/andy/CRIMP/install/custom_msgs/share/custom_msgs/hook/ld_library_path_lib.dsv'
[1.454s] INFO:colcon.colcon_core.shell:Creating environment hook '/home/andy/CRIMP/install/custom_msgs/share/custom_msgs/hook/ld_library_path_lib.sh'
[1.455s] Level 1:colcon.colcon_core.environment:checking '/home/andy/CRIMP/install/custom_msgs/bin'
[1.455s] Level 1:colcon.colcon_core.environment:checking '/home/andy/CRIMP/install/custom_msgs/lib/pkgconfig/custom_msgs.pc'
[1.455s] Level 1:colcon.colcon_core.environment:checking '/home/andy/CRIMP/install/custom_msgs/lib/python3.12/site-packages'
[1.455s] Level 1:colcon.colcon_core.shell:create_environment_hook('custom_msgs', 'pythonpath')
[1.456s] INFO:colcon.colcon_core.shell:Creating environment hook '/home/andy/CRIMP/install/custom_msgs/share/custom_msgs/hook/pythonpath.ps1'
[1.456s] INFO:colcon.colcon_core.shell:Creating environment descriptor '/home/andy/CRIMP/install/custom_msgs/share/custom_msgs/hook/pythonpath.dsv'
[1.457s] INFO:colcon.colcon_core.shell:Creating environment hook '/home/andy/CRIMP/install/custom_msgs/share/custom_msgs/hook/pythonpath.sh'
[1.458s] Level 1:colcon.colcon_core.environment:checking '/home/andy/CRIMP/install/custom_msgs/bin'
[1.458s] INFO:colcon.colcon_core.shell:Creating package script '/home/andy/CRIMP/install/custom_msgs/share/custom_msgs/package.ps1'
[1.459s] INFO:colcon.colcon_core.shell:Creating package descriptor '/home/andy/CRIMP/install/custom_msgs/share/custom_msgs/package.dsv'
[1.460s] INFO:colcon.colcon_core.shell:Creating package script '/home/andy/CRIMP/install/custom_msgs/share/custom_msgs/package.sh'
[1.461s] INFO:colcon.colcon_core.shell:Creating package script '/home/andy/CRIMP/install/custom_msgs/share/custom_msgs/package.bash'
[1.461s] INFO:colcon.colcon_core.shell:Creating package script '/home/andy/CRIMP/install/custom_msgs/share/custom_msgs/package.zsh'
[1.462s] Level 1:colcon.colcon_core.environment:create_file_with_runtime_dependencies(/home/andy/CRIMP/install/custom_msgs/share/colcon-core/packages/custom_msgs)
[1.463s] INFO:colcon.colcon_ros.task.ament_cmake.build:Building ROS package in '/home/andy/CRIMP/src/crimp_cpp' with build type 'ament_cmake'
[1.463s] INFO:colcon.colcon_cmake.task.cmake.build:Building CMake package in '/home/andy/CRIMP/src/crimp_cpp'
[1.463s] INFO:colcon.colcon_core.shell:Skip shell extension 'powershell' for command environment: Not usable outside of PowerShell
[1.463s] DEBUG:colcon.colcon_core.shell:Skip shell extension 'dsv' for command environment
[1.481s] DEBUG:colcon.colcon_core.event_handler.log_command:Invoking command in '/home/andy/CRIMP/build/crimp_cpp': CMAKE_PREFIX_PATH=/home/andy/CRIMP/install/custom_msgs:/home/andy/CRIMP/install/crimp_cpp:/home/andy/CRIMP/install/crimp_python:/opt/ros/jazzy /usr/bin/cmake --build /home/andy/CRIMP/build/crimp_cpp -- -j4 -l4
[1.933s] DEBUG:colcon.colcon_core.event_handler.log_command:Invoking command in '/home/andy/CRIMP/src/crimp_python': PYTHONPATH=/home/andy/CRIMP/build/crimp_python/prefix_override:/usr/local/lib/python3.12/dist-packages/colcon_core/task/python/colcon_distutils_commands:/home/andy/CRIMP/install/crimp_python/lib/python3.12/site-packages:${PYTHONPATH} /usr/bin/python3 -W ignore:setup.py install is deprecated -W ignore:easy_install command is deprecated setup.py egg_info --egg-base ../../build/crimp_python build --build-base /home/andy/CRIMP/build/crimp_python/build install --record /home/andy/CRIMP/build/crimp_python/install.log --single-version-externally-managed install_data
[2.777s] Level 1:colcon.colcon_core.environment:checking '/home/andy/CRIMP/install/crimp_python' for CMake module files
[2.778s] DEBUG:colcon.colcon_core.event_handler.log_command:Invoked command in '/home/andy/CRIMP/src/crimp_python' returned '0': PYTHONPATH=/home/andy/CRIMP/build/crimp_python/prefix_override:/usr/local/lib/python3.12/dist-packages/colcon_core/task/python/colcon_distutils_commands:/home/andy/CRIMP/install/crimp_python/lib/python3.12/site-packages:${PYTHONPATH} /usr/bin/python3 -W ignore:setup.py install is deprecated -W ignore:easy_install command is deprecated setup.py egg_info --egg-base ../../build/crimp_python build --build-base /home/andy/CRIMP/build/crimp_python/build install --record /home/andy/CRIMP/build/crimp_python/install.log --single-version-externally-managed install_data
[2.778s] Level 1:colcon.colcon_core.environment:checking '/home/andy/CRIMP/install/crimp_python' for CMake config files
[2.779s] Level 1:colcon.colcon_core.environment:checking '/home/andy/CRIMP/install/crimp_python/lib'
[2.780s] Level 1:colcon.colcon_core.environment:checking '/home/andy/CRIMP/install/crimp_python/bin'
[2.780s] Level 1:colcon.colcon_core.environment:checking '/home/andy/CRIMP/install/crimp_python/lib/pkgconfig/crimp_python.pc'
[2.780s] Level 1:colcon.colcon_core.environment:checking '/home/andy/CRIMP/install/crimp_python/lib/python3.12/site-packages'
[2.780s] Level 1:colcon.colcon_core.shell:create_environment_hook('crimp_python', 'pythonpath')
[2.781s] INFO:colcon.colcon_core.shell:Creating environment hook '/home/andy/CRIMP/install/crimp_python/share/crimp_python/hook/pythonpath.ps1'
[2.782s] INFO:colcon.colcon_core.shell:Creating environment descriptor '/home/andy/CRIMP/install/crimp_python/share/crimp_python/hook/pythonpath.dsv'
[2.782s] INFO:colcon.colcon_core.shell:Creating environment hook '/home/andy/CRIMP/install/crimp_python/share/crimp_python/hook/pythonpath.sh'
[2.783s] Level 1:colcon.colcon_core.environment:checking '/home/andy/CRIMP/install/crimp_python/bin'
[2.783s] Level 1:colcon.colcon_core.environment:create_environment_scripts_only(crimp_python)
[2.784s] INFO:colcon.colcon_core.shell:Creating package script '/home/andy/CRIMP/install/crimp_python/share/crimp_python/package.ps1'
[2.785s] INFO:colcon.colcon_core.shell:Creating package descriptor '/home/andy/CRIMP/install/crimp_python/share/crimp_python/package.dsv'
[2.786s] INFO:colcon.colcon_core.shell:Creating package script '/home/andy/CRIMP/install/crimp_python/share/crimp_python/package.sh'
[2.786s] INFO:colcon.colcon_core.shell:Creating package script '/home/andy/CRIMP/install/crimp_python/share/crimp_python/package.bash'
[2.787s] INFO:colcon.colcon_core.shell:Creating package script '/home/andy/CRIMP/install/crimp_python/share/crimp_python/package.zsh'
[2.788s] Level 1:colcon.colcon_core.environment:create_file_with_runtime_dependencies(/home/andy/CRIMP/install/crimp_python/share/colcon-core/packages/crimp_python)
[14.911s] DEBUG:colcon.colcon_core.event_handler.log_command:Invoked command in '/home/andy/CRIMP/build/crimp_cpp' returned '0': CMAKE_PREFIX_PATH=/home/andy/CRIMP/install/custom_msgs:/home/andy/CRIMP/install/crimp_cpp:/home/andy/CRIMP/install/crimp_python:/opt/ros/jazzy /usr/bin/cmake --build /home/andy/CRIMP/build/crimp_cpp -- -j4 -l4
[14.912s] DEBUG:colcon.colcon_core.event_handler.log_command:Invoking command in '/home/andy/CRIMP/build/crimp_cpp': CMAKE_PREFIX_PATH=/home/andy/CRIMP/install/custom_msgs:/home/andy/CRIMP/install/crimp_cpp:/home/andy/CRIMP/install/crimp_python:/opt/ros/jazzy /usr/bin/cmake --install /home/andy/CRIMP/build/crimp_cpp
[14.940s] Level 1:colcon.colcon_core.environment:create_environment_scripts_only(crimp_cpp)
[14.940s] Level 1:colcon.colcon_core.environment:checking '/home/andy/CRIMP/install/crimp_cpp' for CMake module files
[14.941s] DEBUG:colcon.colcon_core.event_handler.log_command:Invoked command in '/home/andy/CRIMP/build/crimp_cpp' returned '0': CMAKE_PREFIX_PATH=/home/andy/CRIMP/install/custom_msgs:/home/andy/CRIMP/install/crimp_cpp:/home/andy/CRIMP/install/crimp_python:/opt/ros/jazzy /usr/bin/cmake --install /home/andy/CRIMP/build/crimp_cpp
[14.941s] Level 1:colcon.colcon_core.environment:checking '/home/andy/CRIMP/install/crimp_cpp' for CMake config files
[14.942s] Level 1:colcon.colcon_core.shell:create_environment_hook('crimp_cpp', 'cmake_prefix_path')
[14.942s] INFO:colcon.colcon_core.shell:Creating environment hook '/home/andy/CRIMP/install/crimp_cpp/share/crimp_cpp/hook/cmake_prefix_path.ps1'
[14.943s] INFO:colcon.colcon_core.shell:Creating environment descriptor '/home/andy/CRIMP/install/crimp_cpp/share/crimp_cpp/hook/cmake_prefix_path.dsv'
[14.943s] INFO:colcon.colcon_core.shell:Creating environment hook '/home/andy/CRIMP/install/crimp_cpp/share/crimp_cpp/hook/cmake_prefix_path.sh'
[14.944s] Level 1:colcon.colcon_core.environment:checking '/home/andy/CRIMP/install/crimp_cpp/lib'
[14.944s] Level 1:colcon.colcon_core.environment:checking '/home/andy/CRIMP/install/crimp_cpp/bin'
[14.944s] Level 1:colcon.colcon_core.environment:checking '/home/andy/CRIMP/install/crimp_cpp/lib/pkgconfig/crimp_cpp.pc'
[14.944s] Level 1:colcon.colcon_core.environment:checking '/home/andy/CRIMP/install/crimp_cpp/lib/python3.12/site-packages'
[14.944s] Level 1:colcon.colcon_core.environment:checking '/home/andy/CRIMP/install/crimp_cpp/bin'
[14.945s] INFO:colcon.colcon_core.shell:Creating package script '/home/andy/CRIMP/install/crimp_cpp/share/crimp_cpp/package.ps1'
[14.945s] INFO:colcon.colcon_core.shell:Creating package descriptor '/home/andy/CRIMP/install/crimp_cpp/share/crimp_cpp/package.dsv'
[14.946s] INFO:colcon.colcon_core.shell:Creating package script '/home/andy/CRIMP/install/crimp_cpp/share/crimp_cpp/package.sh'
[14.946s] INFO:colcon.colcon_core.shell:Creating package script '/home/andy/CRIMP/install/crimp_cpp/share/crimp_cpp/package.bash'
[14.946s] INFO:colcon.colcon_core.shell:Creating package script '/home/andy/CRIMP/install/crimp_cpp/share/crimp_cpp/package.zsh'
[14.947s] Level 1:colcon.colcon_core.environment:create_file_with_runtime_dependencies(/home/andy/CRIMP/install/crimp_cpp/share/colcon-core/packages/crimp_cpp)
[14.947s] Level 1:colcon.colcon_core.environment:create_environment_scripts_only(crimp_cpp)
[14.948s] Level 1:colcon.colcon_core.environment:checking '/home/andy/CRIMP/install/crimp_cpp' for CMake module files
[14.948s] Level 1:colcon.colcon_core.environment:checking '/home/andy/CRIMP/install/crimp_cpp' for CMake config files
[14.949s] Level 1:colcon.colcon_core.shell:create_environment_hook('crimp_cpp', 'cmake_prefix_path')
[14.949s] INFO:colcon.colcon_core.shell:Creating environment hook '/home/andy/CRIMP/install/crimp_cpp/share/crimp_cpp/hook/cmake_prefix_path.ps1'
[14.949s] INFO:colcon.colcon_core.shell:Creating environment descriptor '/home/andy/CRIMP/install/crimp_cpp/share/crimp_cpp/hook/cmake_prefix_path.dsv'
[14.950s] INFO:colcon.colcon_core.shell:Creating environment hook '/home/andy/CRIMP/install/crimp_cpp/share/crimp_cpp/hook/cmake_prefix_path.sh'
[14.950s] Level 1:colcon.colcon_core.environment:checking '/home/andy/CRIMP/install/crimp_cpp/lib'
[14.950s] Level 1:colcon.colcon_core.environment:checking '/home/andy/CRIMP/install/crimp_cpp/bin'
[14.950s] Level 1:colcon.colcon_core.environment:checking '/home/andy/CRIMP/install/crimp_cpp/lib/pkgconfig/crimp_cpp.pc'
[14.951s] Level 1:colcon.colcon_core.environment:checking '/home/andy/CRIMP/install/crimp_cpp/lib/python3.12/site-packages'
[14.951s] Level 1:colcon.colcon_core.environment:checking '/home/andy/CRIMP/install/crimp_cpp/bin'
[14.951s] INFO:colcon.colcon_core.shell:Creating package script '/home/andy/CRIMP/install/crimp_cpp/share/crimp_cpp/package.ps1'
[14.952s] INFO:colcon.colcon_core.shell:Creating package descriptor '/home/andy/CRIMP/install/crimp_cpp/share/crimp_cpp/package.dsv'
[14.952s] INFO:colcon.colcon_core.shell:Creating package script '/home/andy/CRIMP/install/crimp_cpp/share/crimp_cpp/package.sh'
[14.953s] INFO:colcon.colcon_core.shell:Creating package script '/home/andy/CRIMP/install/crimp_cpp/share/crimp_cpp/package.bash'
[14.953s] INFO:colcon.colcon_core.shell:Creating package script '/home/andy/CRIMP/install/crimp_cpp/share/crimp_cpp/package.zsh'
[14.954s] Level 1:colcon.colcon_core.environment:create_file_with_runtime_dependencies(/home/andy/CRIMP/install/crimp_cpp/share/colcon-core/packages/crimp_cpp)
[14.954s] DEBUG:colcon.colcon_parallel_executor.executor.parallel:closing loop
[14.954s] DEBUG:colcon.colcon_parallel_executor.executor.parallel:loop closed
[14.954s] DEBUG:colcon.colcon_parallel_executor.executor.parallel:run_until_complete finished with '0'
[14.954s] DEBUG:colcon.colcon_core.event_reactor:joining thread
[14.957s] INFO:colcon.colcon_core.plugin_system:Skipping extension 'colcon_notification.desktop_notification.notify2': 'notify2' not found
[14.957s] INFO:colcon.colcon_core.plugin_system:Skipping extension 'colcon_notification.desktop_notification.notify_send': Could not find 'notify-send'
[14.958s] INFO:colcon.colcon_core.plugin_system:Skipping extension 'colcon_notification.desktop_notification.terminal_notifier': Not used on non-Darwin systems
[14.958s] INFO:colcon.colcon_core.plugin_system:Skipping extension 'colcon_notification.desktop_notification.win32': Not used on non-Windows systems
[14.958s] DEBUG:colcon.colcon_core.event_reactor:joined thread
[14.958s] INFO:colcon.colcon_core.shell:Creating prefix script '/home/andy/CRIMP/install/local_setup.ps1'
[14.959s] INFO:colcon.colcon_core.shell:Creating prefix util module '/home/andy/CRIMP/install/_local_setup_util_ps1.py'
[14.961s] INFO:colcon.colcon_core.shell:Creating prefix chain script '/home/andy/CRIMP/install/setup.ps1'
[14.962s] INFO:colcon.colcon_core.shell:Creating prefix script '/home/andy/CRIMP/install/local_setup.sh'
[14.962s] INFO:colcon.colcon_core.shell:Creating prefix util module '/home/andy/CRIMP/install/_local_setup_util_sh.py'
[14.963s] INFO:colcon.colcon_core.shell:Creating prefix chain script '/home/andy/CRIMP/install/setup.sh'
[14.964s] INFO:colcon.colcon_core.shell:Creating prefix script '/home/andy/CRIMP/install/local_setup.bash'
[14.965s] INFO:colcon.colcon_core.shell:Creating prefix chain script '/home/andy/CRIMP/install/setup.bash'
[14.966s] INFO:colcon.colcon_core.shell:Creating prefix script '/home/andy/CRIMP/install/local_setup.zsh'
[14.966s] INFO:colcon.colcon_core.shell:Creating prefix chain script '/home/andy/CRIMP/install/setup.zsh'
