[1.227s] Invoking command in '/home/ethan/crimp_ws/src/crimp_python': DEBUGINFOD_URLS=https://debuginfod.ubuntu.com PYTHONPATH=/home/ethan/crimp_ws/build/crimp_python/prefix_override:/usr/lib/python3/dist-packages/colcon_core/task/python/colcon_distutils_commands:/home/ethan/crimp_ws/install/crimp_python/lib/python3.12/site-packages:${PYTHONPATH} /usr/bin/python3 -W ignore:setup.py install is deprecated -W ignore:easy_install command is deprecated setup.py egg_info --egg-base ../../build/crimp_python build --build-base /home/ethan/crimp_ws/build/crimp_python/build install --record /home/ethan/crimp_ws/build/crimp_python/install.log --single-version-externally-managed install_data
[1.622s] running egg_info
[1.651s] writing ../../build/crimp_python/crimp_python.egg-info/PKG-INFO
[1.651s] writing dependency_links to ../../build/crimp_python/crimp_python.egg-info/dependency_links.txt
[1.652s] writing entry points to ../../build/crimp_python/crimp_python.egg-info/entry_points.txt
[1.652s] writing requirements to ../../build/crimp_python/crimp_python.egg-info/requires.txt
[1.652s] writing top-level names to ../../build/crimp_python/crimp_python.egg-info/top_level.txt
[1.712s] reading manifest file '../../build/crimp_python/crimp_python.egg-info/SOURCES.txt'
[1.713s] adding license file 'LICENSE'
[1.713s] writing manifest file '../../build/crimp_python/crimp_python.egg-info/SOURCES.txt'
[1.714s] running build
[1.714s] running build_py
[1.714s] running install
[1.722s] running install_lib
[1.753s] running install_data
[1.753s] running install_egg_info
[1.784s] removing '/home/ethan/crimp_ws/install/crimp_python/lib/python3.12/site-packages/crimp_python-0.0.0-py3.12.egg-info' (and everything under it)
[1.784s] Copying ../../build/crimp_python/crimp_python.egg-info to /home/ethan/crimp_ws/install/crimp_python/lib/python3.12/site-packages/crimp_python-0.0.0-py3.12.egg-info
[1.786s] running install_scripts
[1.994s] Installing lidar script to /home/ethan/crimp_ws/install/crimp_python/lib/crimp_python
[1.994s] writing list of installed files to '/home/ethan/crimp_ws/build/crimp_python/install.log'
[2.051s] Invoked command in '/home/ethan/crimp_ws/src/crimp_python' returned '0': DEBUGINFOD_URLS=https://debuginfod.ubuntu.com PYTHONPATH=/home/ethan/crimp_ws/build/crimp_python/prefix_override:/usr/lib/python3/dist-packages/colcon_core/task/python/colcon_distutils_commands:/home/ethan/crimp_ws/install/crimp_python/lib/python3.12/site-packages:${PYTHONPATH} /usr/bin/python3 -W ignore:setup.py install is deprecated -W ignore:easy_install command is deprecated setup.py egg_info --egg-base ../../build/crimp_python build --build-base /home/ethan/crimp_ws/build/crimp_python/build install --record /home/ethan/crimp_ws/build/crimp_python/install.log --single-version-externally-managed install_data
