running egg_info
creating ../../build/examples_python/examples_python.egg-info
writing ../../build/examples_python/examples_python.egg-info/PKG-INFO
writing dependency_links to ../../build/examples_python/examples_python.egg-info/dependency_links.txt
writing entry points to ../../build/examples_python/examples_python.egg-info/entry_points.txt
writing requirements to ../../build/examples_python/examples_python.egg-info/requires.txt
writing top-level names to ../../build/examples_python/examples_python.egg-info/top_level.txt
writing manifest file '../../build/examples_python/examples_python.egg-info/SOURCES.txt'
reading manifest file '../../build/examples_python/examples_python.egg-info/SOURCES.txt'
adding license file 'LICENSE'
writing manifest file '../../build/examples_python/examples_python.egg-info/SOURCES.txt'
running build
running build_py
creating /home/ethan/crimp_ws/build/examples_python/build
creating /home/ethan/crimp_ws/build/examples_python/build/lib
creating /home/ethan/crimp_ws/build/examples_python/build/lib/examples_python
copying examples_python/__init__.py -> /home/ethan/crimp_ws/build/examples_python/build/lib/examples_python
copying examples_python/simple_pub.py -> /home/ethan/crimp_ws/build/examples_python/build/lib/examples_python
copying examples_python/simple_sub.py -> /home/ethan/crimp_ws/build/examples_python/build/lib/examples_python
copying examples_python/simple_pubsub.py -> /home/ethan/crimp_ws/build/examples_python/build/lib/examples_python
running install
running install_lib
creating /home/ethan/crimp_ws/install/examples_python/lib/python3.12/site-packages/examples_python
copying /home/ethan/crimp_ws/build/examples_python/build/lib/examples_python/__init__.py -> /home/ethan/crimp_ws/install/examples_python/lib/python3.12/site-packages/examples_python
copying /home/ethan/crimp_ws/build/examples_python/build/lib/examples_python/simple_pub.py -> /home/ethan/crimp_ws/install/examples_python/lib/python3.12/site-packages/examples_python
copying /home/ethan/crimp_ws/build/examples_python/build/lib/examples_python/simple_sub.py -> /home/ethan/crimp_ws/install/examples_python/lib/python3.12/site-packages/examples_python
copying /home/ethan/crimp_ws/build/examples_python/build/lib/examples_python/simple_pubsub.py -> /home/ethan/crimp_ws/install/examples_python/lib/python3.12/site-packages/examples_python
byte-compiling /home/ethan/crimp_ws/install/examples_python/lib/python3.12/site-packages/examples_python/__init__.py to __init__.cpython-312.pyc
byte-compiling /home/ethan/crimp_ws/install/examples_python/lib/python3.12/site-packages/examples_python/simple_pub.py to simple_pub.cpython-312.pyc
byte-compiling /home/ethan/crimp_ws/install/examples_python/lib/python3.12/site-packages/examples_python/simple_sub.py to simple_sub.cpython-312.pyc
byte-compiling /home/ethan/crimp_ws/install/examples_python/lib/python3.12/site-packages/examples_python/simple_pubsub.py to simple_pubsub.cpython-312.pyc
running install_data
creating /home/ethan/crimp_ws/install/examples_python/share/ament_index
creating /home/ethan/crimp_ws/install/examples_python/share/ament_index/resource_index
creating /home/ethan/crimp_ws/install/examples_python/share/ament_index/resource_index/packages
copying resource/examples_python -> /home/ethan/crimp_ws/install/examples_python/share/ament_index/resource_index/packages
copying package.xml -> /home/ethan/crimp_ws/install/examples_python/share/examples_python
running install_egg_info
Copying ../../build/examples_python/examples_python.egg-info to /home/ethan/crimp_ws/install/examples_python/lib/python3.12/site-packages/examples_python-0.0.0-py3.12.egg-info
running install_scripts
Installing listener script to /home/ethan/crimp_ws/install/examples_python/lib/examples_python
Installing pubsub script to /home/ethan/crimp_ws/install/examples_python/lib/examples_python
Installing talker script to /home/ethan/crimp_ws/install/examples_python/lib/examples_python
writing list of installed files to '/home/ethan/crimp_ws/build/examples_python/install.log'
