[1.361s] Invoking command in '/home/ethan/crimp_ws/src/examples_python': DEBUGINFOD_URLS=https://debuginfod.ubuntu.com PYTHONPATH=/home/ethan/crimp_ws/build/examples_python/prefix_override:/usr/lib/python3/dist-packages/colcon_core/task/python/colcon_distutils_commands:/home/ethan/crimp_ws/install/examples_python/lib/python3.12/site-packages:${PYTHONPATH} /usr/bin/python3 -W ignore:setup.py install is deprecated -W ignore:easy_install command is deprecated setup.py egg_info --egg-base ../../build/examples_python build --build-base /home/ethan/crimp_ws/build/examples_python/build install --record /home/ethan/crimp_ws/build/examples_python/install.log --single-version-externally-managed install_data
[1.716s] running egg_info
[1.716s] creating ../../build/examples_python/examples_python.egg-info
[1.743s] writing ../../build/examples_python/examples_python.egg-info/PKG-INFO
[1.743s] writing dependency_links to ../../build/examples_python/examples_python.egg-info/dependency_links.txt
[1.743s] writing entry points to ../../build/examples_python/examples_python.egg-info/entry_points.txt
[1.744s] writing requirements to ../../build/examples_python/examples_python.egg-info/requires.txt
[1.744s] writing top-level names to ../../build/examples_python/examples_python.egg-info/top_level.txt
[1.744s] writing manifest file '../../build/examples_python/examples_python.egg-info/SOURCES.txt'
[1.798s] reading manifest file '../../build/examples_python/examples_python.egg-info/SOURCES.txt'
[1.798s] adding license file 'LICENSE'
[1.799s] writing manifest file '../../build/examples_python/examples_python.egg-info/SOURCES.txt'
[1.799s] running build
[1.799s] running build_py
[1.800s] creating /home/ethan/crimp_ws/build/examples_python/build
[1.800s] creating /home/ethan/crimp_ws/build/examples_python/build/lib
[1.800s] creating /home/ethan/crimp_ws/build/examples_python/build/lib/examples_python
[1.801s] copying examples_python/__init__.py -> /home/ethan/crimp_ws/build/examples_python/build/lib/examples_python
[1.801s] copying examples_python/simple_pub.py -> /home/ethan/crimp_ws/build/examples_python/build/lib/examples_python
[1.801s] copying examples_python/simple_sub.py -> /home/ethan/crimp_ws/build/examples_python/build/lib/examples_python
[1.801s] copying examples_python/simple_pubsub.py -> /home/ethan/crimp_ws/build/examples_python/build/lib/examples_python
[1.802s] running install
[1.809s] running install_lib
[1.836s] creating /home/ethan/crimp_ws/install/examples_python/lib/python3.12/site-packages/examples_python
[1.836s] copying /home/ethan/crimp_ws/build/examples_python/build/lib/examples_python/__init__.py -> /home/ethan/crimp_ws/install/examples_python/lib/python3.12/site-packages/examples_python
[1.837s] copying /home/ethan/crimp_ws/build/examples_python/build/lib/examples_python/simple_pub.py -> /home/ethan/crimp_ws/install/examples_python/lib/python3.12/site-packages/examples_python
[1.837s] copying /home/ethan/crimp_ws/build/examples_python/build/lib/examples_python/simple_sub.py -> /home/ethan/crimp_ws/install/examples_python/lib/python3.12/site-packages/examples_python
[1.837s] copying /home/ethan/crimp_ws/build/examples_python/build/lib/examples_python/simple_pubsub.py -> /home/ethan/crimp_ws/install/examples_python/lib/python3.12/site-packages/examples_python
[1.838s] byte-compiling /home/ethan/crimp_ws/install/examples_python/lib/python3.12/site-packages/examples_python/__init__.py to __init__.cpython-312.pyc
[1.838s] byte-compiling /home/ethan/crimp_ws/install/examples_python/lib/python3.12/site-packages/examples_python/simple_pub.py to simple_pub.cpython-312.pyc
[1.839s] byte-compiling /home/ethan/crimp_ws/install/examples_python/lib/python3.12/site-packages/examples_python/simple_sub.py to simple_sub.cpython-312.pyc
[1.839s] byte-compiling /home/ethan/crimp_ws/install/examples_python/lib/python3.12/site-packages/examples_python/simple_pubsub.py to simple_pubsub.cpython-312.pyc
[1.839s] running install_data
[1.840s] creating /home/ethan/crimp_ws/install/examples_python/share/ament_index
[1.840s] creating /home/ethan/crimp_ws/install/examples_python/share/ament_index/resource_index
[1.840s] creating /home/ethan/crimp_ws/install/examples_python/share/ament_index/resource_index/packages
[1.841s] copying resource/examples_python -> /home/ethan/crimp_ws/install/examples_python/share/ament_index/resource_index/packages
[1.841s] copying package.xml -> /home/ethan/crimp_ws/install/examples_python/share/examples_python
[1.841s] running install_egg_info
[1.869s] Copying ../../build/examples_python/examples_python.egg-info to /home/ethan/crimp_ws/install/examples_python/lib/python3.12/site-packages/examples_python-0.0.0-py3.12.egg-info
[1.870s] running install_scripts
[2.055s] Installing listener script to /home/ethan/crimp_ws/install/examples_python/lib/examples_python
[2.055s] Installing pubsub script to /home/ethan/crimp_ws/install/examples_python/lib/examples_python
[2.055s] Installing talker script to /home/ethan/crimp_ws/install/examples_python/lib/examples_python
[2.056s] writing list of installed files to '/home/ethan/crimp_ws/build/examples_python/install.log'
[2.098s] Invoked command in '/home/ethan/crimp_ws/src/examples_python' returned '0': DEBUGINFOD_URLS=https://debuginfod.ubuntu.com PYTHONPATH=/home/ethan/crimp_ws/build/examples_python/prefix_override:/usr/lib/python3/dist-packages/colcon_core/task/python/colcon_distutils_commands:/home/ethan/crimp_ws/install/examples_python/lib/python3.12/site-packages:${PYTHONPATH} /usr/bin/python3 -W ignore:setup.py install is deprecated -W ignore:easy_install command is deprecated setup.py egg_info --egg-base ../../build/examples_python build --build-base /home/ethan/crimp_ws/build/examples_python/build install --record /home/ethan/crimp_ws/build/examples_python/install.log --single-version-externally-managed install_data
