[0.028s] Invoking command in '/home/andy/CRIMP/build/custom_msgs': CMAKE_PREFIX_PATH=${CMAKE_PREFIX_PATH}:/home/andy/CRIMP/install/crimp_python:/opt/ros/jazzy /usr/bin/cmake --build /home/andy/CRIMP/build/custom_msgs -- -j4 -l4
[0.132s] [  2%] Built target custom_msgs__rosidl_generator_type_description
[0.155s] [  2%] Built target ament_cmake_python_copy_custom_msgs
[0.181s] [  4%] Built target custom_msgs__cpp
[0.184s] [ 22%] Built target custom_msgs__rosidl_generator_c
[0.242s] [ 31%] Built target custom_msgs__rosidl_typesupport_fastrtps_cpp
[0.278s] [ 40%] Built target custom_msgs__rosidl_typesupport_introspection_cpp
[0.283s] [ 50%] Built target custom_msgs__rosidl_typesupport_cpp
[0.319s] [ 59%] Built target custom_msgs__rosidl_typesupport_fastrtps_c
[0.345s] [ 68%] Built target custom_msgs__rosidl_typesupport_introspection_c
[0.359s] [ 77%] Built target custom_msgs__rosidl_typesupport_c
[0.402s] [ 77%] Built target custom_msgs
[0.449s] [ 79%] Built target custom_msgs__py
[0.500s] [ 86%] Built target custom_msgs__rosidl_generator_py
[0.573s] [ 90%] Built target custom_msgs_s__rosidl_typesupport_c
[0.574s] [ 95%] Built target custom_msgs_s__rosidl_typesupport_introspection_c
[0.575s] [100%] Built target custom_msgs_s__rosidl_typesupport_fastrtps_c
[0.607s] running egg_info
[0.634s] writing custom_msgs.egg-info/PKG-INFO
[0.634s] writing dependency_links to custom_msgs.egg-info/dependency_links.txt
[0.634s] writing top-level names to custom_msgs.egg-info/top_level.txt
[0.708s] reading manifest file 'custom_msgs.egg-info/SOURCES.txt'
[0.709s] writing manifest file 'custom_msgs.egg-info/SOURCES.txt'
[0.786s] [100%] Built target ament_cmake_python_build_custom_msgs_egg
[0.809s] Invoked command in '/home/andy/CRIMP/build/custom_msgs' returned '0': CMAKE_PREFIX_PATH=${CMAKE_PREFIX_PATH}:/home/andy/CRIMP/install/crimp_python:/opt/ros/jazzy /usr/bin/cmake --build /home/andy/CRIMP/build/custom_msgs -- -j4 -l4
[0.830s] Invoking command in '/home/andy/CRIMP/build/custom_msgs': CMAKE_PREFIX_PATH=${CMAKE_PREFIX_PATH}:/home/andy/CRIMP/install/crimp_python:/opt/ros/jazzy /usr/bin/cmake --install /home/andy/CRIMP/build/custom_msgs
[0.846s] -- Install configuration: ""
[0.846s] -- Up-to-date: /home/andy/CRIMP/install/custom_msgs/share/ament_index/resource_index/rosidl_interfaces/custom_msgs
[0.847s] -- Up-to-date: /home/andy/CRIMP/install/custom_msgs/share/custom_msgs/msg/SuctionForce.json
[0.847s] -- Up-to-date: /home/andy/CRIMP/install/custom_msgs/share/custom_msgs/msg/SuctionRequest.json
[0.847s] -- Up-to-date: /home/andy/CRIMP/install/custom_msgs/include/custom_msgs/custom_msgs
[0.847s] -- Up-to-date: /home/andy/CRIMP/install/custom_msgs/include/custom_msgs/custom_msgs/msg
[0.847s] -- Up-to-date: /home/andy/CRIMP/install/custom_msgs/include/custom_msgs/custom_msgs/msg/detail
[0.848s] -- Up-to-date: /home/andy/CRIMP/install/custom_msgs/include/custom_msgs/custom_msgs/msg/detail/suction_force__description.c
[0.848s] -- Up-to-date: /home/andy/CRIMP/install/custom_msgs/include/custom_msgs/custom_msgs/msg/detail/suction_request__functions.h
[0.848s] -- Up-to-date: /home/andy/CRIMP/install/custom_msgs/include/custom_msgs/custom_msgs/msg/detail/suction_request__type_support.h
[0.848s] -- Up-to-date: /home/andy/CRIMP/install/custom_msgs/include/custom_msgs/custom_msgs/msg/detail/suction_request__description.c
[0.848s] -- Up-to-date: /home/andy/CRIMP/install/custom_msgs/include/custom_msgs/custom_msgs/msg/detail/suction_request__functions.c
[0.848s] -- Up-to-date: /home/andy/CRIMP/install/custom_msgs/include/custom_msgs/custom_msgs/msg/detail/suction_force__functions.c
[0.848s] -- Up-to-date: /home/andy/CRIMP/install/custom_msgs/include/custom_msgs/custom_msgs/msg/detail/suction_force__functions.h
[0.849s] -- Up-to-date: /home/andy/CRIMP/install/custom_msgs/include/custom_msgs/custom_msgs/msg/detail/suction_request__struct.h
[0.849s] -- Up-to-date: /home/andy/CRIMP/install/custom_msgs/include/custom_msgs/custom_msgs/msg/detail/suction_force__type_support.h
[0.849s] -- Up-to-date: /home/andy/CRIMP/install/custom_msgs/include/custom_msgs/custom_msgs/msg/detail/suction_force__struct.h
[0.849s] -- Installing: /home/andy/CRIMP/install/custom_msgs/include/custom_msgs/custom_msgs/msg/detail/suction_request__type_support.c
[0.849s] -- Installing: /home/andy/CRIMP/install/custom_msgs/include/custom_msgs/custom_msgs/msg/detail/suction_force__type_support.c
[0.849s] -- Up-to-date: /home/andy/CRIMP/install/custom_msgs/include/custom_msgs/custom_msgs/msg/suction_force.h
[0.849s] -- Up-to-date: /home/andy/CRIMP/install/custom_msgs/include/custom_msgs/custom_msgs/msg/suction_request.h
[0.850s] -- Up-to-date: /home/andy/CRIMP/install/custom_msgs/include/custom_msgs/custom_msgs/msg/rosidl_generator_c__visibility_control.h
[0.850s] -- Up-to-date: /home/andy/CRIMP/install/custom_msgs/share/custom_msgs/environment/library_path.sh
[0.850s] -- Up-to-date: /home/andy/CRIMP/install/custom_msgs/share/custom_msgs/environment/library_path.dsv
[0.850s] -- Up-to-date: /home/andy/CRIMP/install/custom_msgs/lib/libcustom_msgs__rosidl_generator_c.so
[0.850s] -- Up-to-date: /home/andy/CRIMP/install/custom_msgs/include/custom_msgs/custom_msgs
[0.850s] -- Up-to-date: /home/andy/CRIMP/install/custom_msgs/include/custom_msgs/custom_msgs/msg
[0.850s] -- Up-to-date: /home/andy/CRIMP/install/custom_msgs/include/custom_msgs/custom_msgs/msg/detail
[0.851s] -- Up-to-date: /home/andy/CRIMP/install/custom_msgs/include/custom_msgs/custom_msgs/msg/detail/suction_force__rosidl_typesupport_fastrtps_c.h
[0.851s] -- Up-to-date: /home/andy/CRIMP/install/custom_msgs/include/custom_msgs/custom_msgs/msg/detail/suction_request__rosidl_typesupport_fastrtps_c.h
[0.851s] -- Up-to-date: /home/andy/CRIMP/install/custom_msgs/include/custom_msgs/custom_msgs/msg/rosidl_typesupport_fastrtps_c__visibility_control.h
[0.851s] -- Up-to-date: /home/andy/CRIMP/install/custom_msgs/lib/libcustom_msgs__rosidl_typesupport_fastrtps_c.so
[0.851s] -- Up-to-date: /home/andy/CRIMP/install/custom_msgs/include/custom_msgs/custom_msgs
[0.851s] -- Up-to-date: /home/andy/CRIMP/install/custom_msgs/include/custom_msgs/custom_msgs/msg
[0.851s] -- Up-to-date: /home/andy/CRIMP/install/custom_msgs/include/custom_msgs/custom_msgs/msg/rosidl_typesupport_introspection_c__visibility_control.h
[0.851s] -- Up-to-date: /home/andy/CRIMP/install/custom_msgs/include/custom_msgs/custom_msgs/msg/detail
[0.852s] -- Up-to-date: /home/andy/CRIMP/install/custom_msgs/include/custom_msgs/custom_msgs/msg/detail/suction_request__rosidl_typesupport_introspection_c.h
[0.852s] -- Up-to-date: /home/andy/CRIMP/install/custom_msgs/include/custom_msgs/custom_msgs/msg/detail/suction_force__rosidl_typesupport_introspection_c.h
[0.852s] -- Installing: /home/andy/CRIMP/install/custom_msgs/include/custom_msgs/custom_msgs/msg/detail/suction_request__type_support.c
[0.852s] -- Installing: /home/andy/CRIMP/install/custom_msgs/include/custom_msgs/custom_msgs/msg/detail/suction_force__type_support.c
[0.852s] -- Up-to-date: /home/andy/CRIMP/install/custom_msgs/lib/libcustom_msgs__rosidl_typesupport_introspection_c.so
[0.852s] -- Up-to-date: /home/andy/CRIMP/install/custom_msgs/lib/libcustom_msgs__rosidl_typesupport_c.so
[0.852s] -- Up-to-date: /home/andy/CRIMP/install/custom_msgs/include/custom_msgs/custom_msgs
[0.853s] -- Up-to-date: /home/andy/CRIMP/install/custom_msgs/include/custom_msgs/custom_msgs/msg
[0.853s] -- Up-to-date: /home/andy/CRIMP/install/custom_msgs/include/custom_msgs/custom_msgs/msg/suction_request.hpp
[0.853s] -- Up-to-date: /home/andy/CRIMP/install/custom_msgs/include/custom_msgs/custom_msgs/msg/rosidl_generator_cpp__visibility_control.hpp
[0.853s] -- Up-to-date: /home/andy/CRIMP/install/custom_msgs/include/custom_msgs/custom_msgs/msg/detail
[0.853s] -- Up-to-date: /home/andy/CRIMP/install/custom_msgs/include/custom_msgs/custom_msgs/msg/detail/suction_force__type_support.hpp
[0.853s] -- Up-to-date: /home/andy/CRIMP/install/custom_msgs/include/custom_msgs/custom_msgs/msg/detail/suction_request__type_support.hpp
[0.853s] -- Up-to-date: /home/andy/CRIMP/install/custom_msgs/include/custom_msgs/custom_msgs/msg/detail/suction_request__builder.hpp
[0.854s] -- Up-to-date: /home/andy/CRIMP/install/custom_msgs/include/custom_msgs/custom_msgs/msg/detail/suction_force__struct.hpp
[0.854s] -- Up-to-date: /home/andy/CRIMP/install/custom_msgs/include/custom_msgs/custom_msgs/msg/detail/suction_force__builder.hpp
[0.854s] -- Up-to-date: /home/andy/CRIMP/install/custom_msgs/include/custom_msgs/custom_msgs/msg/detail/suction_force__traits.hpp
[0.854s] -- Up-to-date: /home/andy/CRIMP/install/custom_msgs/include/custom_msgs/custom_msgs/msg/detail/suction_request__traits.hpp
[0.854s] -- Up-to-date: /home/andy/CRIMP/install/custom_msgs/include/custom_msgs/custom_msgs/msg/detail/suction_request__struct.hpp
[0.854s] -- Up-to-date: /home/andy/CRIMP/install/custom_msgs/include/custom_msgs/custom_msgs/msg/suction_force.hpp
[0.854s] -- Up-to-date: /home/andy/CRIMP/install/custom_msgs/include/custom_msgs/custom_msgs
[0.855s] -- Up-to-date: /home/andy/CRIMP/install/custom_msgs/include/custom_msgs/custom_msgs/msg
[0.855s] -- Up-to-date: /home/andy/CRIMP/install/custom_msgs/include/custom_msgs/custom_msgs/msg/detail
[0.855s] -- Up-to-date: /home/andy/CRIMP/install/custom_msgs/include/custom_msgs/custom_msgs/msg/detail/dds_fastrtps
[0.855s] -- Up-to-date: /home/andy/CRIMP/install/custom_msgs/include/custom_msgs/custom_msgs/msg/detail/suction_force__rosidl_typesupport_fastrtps_cpp.hpp
[0.855s] -- Up-to-date: /home/andy/CRIMP/install/custom_msgs/include/custom_msgs/custom_msgs/msg/detail/suction_request__rosidl_typesupport_fastrtps_cpp.hpp
[0.855s] -- Up-to-date: /home/andy/CRIMP/install/custom_msgs/include/custom_msgs/custom_msgs/msg/rosidl_typesupport_fastrtps_cpp__visibility_control.h
[0.855s] -- Up-to-date: /home/andy/CRIMP/install/custom_msgs/lib/libcustom_msgs__rosidl_typesupport_fastrtps_cpp.so
[0.856s] -- Up-to-date: /home/andy/CRIMP/install/custom_msgs/include/custom_msgs/custom_msgs
[0.856s] -- Up-to-date: /home/andy/CRIMP/install/custom_msgs/include/custom_msgs/custom_msgs/msg
[0.856s] -- Up-to-date: /home/andy/CRIMP/install/custom_msgs/include/custom_msgs/custom_msgs/msg/detail
[0.856s] -- Up-to-date: /home/andy/CRIMP/install/custom_msgs/include/custom_msgs/custom_msgs/msg/detail/suction_request__rosidl_typesupport_introspection_cpp.hpp
[0.856s] -- Up-to-date: /home/andy/CRIMP/install/custom_msgs/include/custom_msgs/custom_msgs/msg/detail/suction_force__type_support.cpp
[0.856s] -- Up-to-date: /home/andy/CRIMP/install/custom_msgs/include/custom_msgs/custom_msgs/msg/detail/suction_request__type_support.cpp
[0.856s] -- Up-to-date: /home/andy/CRIMP/install/custom_msgs/include/custom_msgs/custom_msgs/msg/detail/suction_force__rosidl_typesupport_introspection_cpp.hpp
[0.857s] -- Up-to-date: /home/andy/CRIMP/install/custom_msgs/lib/libcustom_msgs__rosidl_typesupport_introspection_cpp.so
[0.857s] -- Up-to-date: /home/andy/CRIMP/install/custom_msgs/lib/libcustom_msgs__rosidl_typesupport_cpp.so
[0.857s] -- Up-to-date: /home/andy/CRIMP/install/custom_msgs/share/custom_msgs/environment/pythonpath.sh
[0.857s] -- Up-to-date: /home/andy/CRIMP/install/custom_msgs/share/custom_msgs/environment/pythonpath.dsv
[0.857s] -- Up-to-date: /home/andy/CRIMP/install/custom_msgs/lib/python3.12/site-packages/custom_msgs-0.0.0-py3.12.egg-info
[0.857s] -- Installing: /home/andy/CRIMP/install/custom_msgs/lib/python3.12/site-packages/custom_msgs-0.0.0-py3.12.egg-info/SOURCES.txt
[0.858s] -- Installing: /home/andy/CRIMP/install/custom_msgs/lib/python3.12/site-packages/custom_msgs-0.0.0-py3.12.egg-info/PKG-INFO
[0.858s] -- Installing: /home/andy/CRIMP/install/custom_msgs/lib/python3.12/site-packages/custom_msgs-0.0.0-py3.12.egg-info/dependency_links.txt
[0.858s] -- Installing: /home/andy/CRIMP/install/custom_msgs/lib/python3.12/site-packages/custom_msgs-0.0.0-py3.12.egg-info/top_level.txt
[0.858s] -- Up-to-date: /home/andy/CRIMP/install/custom_msgs/lib/python3.12/site-packages/custom_msgs
[0.858s] -- Up-to-date: /home/andy/CRIMP/install/custom_msgs/lib/python3.12/site-packages/custom_msgs/_custom_msgs_s.ep.rosidl_typesupport_fastrtps_c.c
[0.858s] -- Up-to-date: /home/andy/CRIMP/install/custom_msgs/lib/python3.12/site-packages/custom_msgs/custom_msgs_s__rosidl_typesupport_introspection_c.so
[0.858s] -- Up-to-date: /home/andy/CRIMP/install/custom_msgs/lib/python3.12/site-packages/custom_msgs/custom_msgs_s__rosidl_typesupport_fastrtps_c.so
[0.858s] -- Up-to-date: /home/andy/CRIMP/install/custom_msgs/lib/python3.12/site-packages/custom_msgs/_custom_msgs_s.ep.rosidl_typesupport_c.c
[0.859s] -- Up-to-date: /home/andy/CRIMP/install/custom_msgs/lib/python3.12/site-packages/custom_msgs/_custom_msgs_s.ep.rosidl_typesupport_introspection_c.c
[0.859s] -- Up-to-date: /home/andy/CRIMP/install/custom_msgs/lib/python3.12/site-packages/custom_msgs/custom_msgs_s__rosidl_typesupport_c.so
[0.859s] -- Up-to-date: /home/andy/CRIMP/install/custom_msgs/lib/python3.12/site-packages/custom_msgs/__init__.py
[0.859s] -- Up-to-date: /home/andy/CRIMP/install/custom_msgs/lib/python3.12/site-packages/custom_msgs/msg
[0.859s] -- Up-to-date: /home/andy/CRIMP/install/custom_msgs/lib/python3.12/site-packages/custom_msgs/msg/_suction_request_s.c
[0.859s] -- Up-to-date: /home/andy/CRIMP/install/custom_msgs/lib/python3.12/site-packages/custom_msgs/msg/_suction_force_s.c
[0.859s] -- Up-to-date: /home/andy/CRIMP/install/custom_msgs/lib/python3.12/site-packages/custom_msgs/msg/_suction_request.py
[0.859s] -- Up-to-date: /home/andy/CRIMP/install/custom_msgs/lib/python3.12/site-packages/custom_msgs/msg/__init__.py
[0.859s] -- Up-to-date: /home/andy/CRIMP/install/custom_msgs/lib/python3.12/site-packages/custom_msgs/msg/_suction_force.py
[0.927s] Listing '/home/andy/CRIMP/install/custom_msgs/lib/python3.12/site-packages/custom_msgs'...
[0.927s] Listing '/home/andy/CRIMP/install/custom_msgs/lib/python3.12/site-packages/custom_msgs/msg'...
[0.942s] -- Up-to-date: /home/andy/CRIMP/install/custom_msgs/lib/python3.12/site-packages/custom_msgs/custom_msgs_s__rosidl_typesupport_fastrtps_c.so
[0.943s] -- Up-to-date: /home/andy/CRIMP/install/custom_msgs/lib/python3.12/site-packages/custom_msgs/custom_msgs_s__rosidl_typesupport_introspection_c.so
[0.944s] -- Up-to-date: /home/andy/CRIMP/install/custom_msgs/lib/python3.12/site-packages/custom_msgs/custom_msgs_s__rosidl_typesupport_c.so
[0.944s] -- Up-to-date: /home/andy/CRIMP/install/custom_msgs/lib/libcustom_msgs__rosidl_generator_py.so
[0.944s] -- Up-to-date: /home/andy/CRIMP/install/custom_msgs/share/custom_msgs/msg/SuctionForce.idl
[0.945s] -- Up-to-date: /home/andy/CRIMP/install/custom_msgs/share/custom_msgs/msg/SuctionRequest.idl
[0.945s] -- Up-to-date: /home/andy/CRIMP/install/custom_msgs/share/custom_msgs/msg/SuctionForce.msg
[0.945s] -- Up-to-date: /home/andy/CRIMP/install/custom_msgs/share/custom_msgs/msg/SuctionRequest.msg
[0.945s] -- Up-to-date: /home/andy/CRIMP/install/custom_msgs/share/ament_index/resource_index/package_run_dependencies/custom_msgs
[0.945s] -- Up-to-date: /home/andy/CRIMP/install/custom_msgs/share/ament_index/resource_index/parent_prefix_path/custom_msgs
[0.945s] -- Up-to-date: /home/andy/CRIMP/install/custom_msgs/share/custom_msgs/environment/ament_prefix_path.sh
[0.946s] -- Up-to-date: /home/andy/CRIMP/install/custom_msgs/share/custom_msgs/environment/ament_prefix_path.dsv
[0.946s] -- Up-to-date: /home/andy/CRIMP/install/custom_msgs/share/custom_msgs/environment/path.sh
[0.946s] -- Up-to-date: /home/andy/CRIMP/install/custom_msgs/share/custom_msgs/environment/path.dsv
[0.946s] -- Up-to-date: /home/andy/CRIMP/install/custom_msgs/share/custom_msgs/local_setup.bash
[0.946s] -- Up-to-date: /home/andy/CRIMP/install/custom_msgs/share/custom_msgs/local_setup.sh
[0.946s] -- Up-to-date: /home/andy/CRIMP/install/custom_msgs/share/custom_msgs/local_setup.zsh
[0.946s] -- Up-to-date: /home/andy/CRIMP/install/custom_msgs/share/custom_msgs/local_setup.dsv
[0.947s] -- Installing: /home/andy/CRIMP/install/custom_msgs/share/custom_msgs/package.dsv
[0.947s] -- Up-to-date: /home/andy/CRIMP/install/custom_msgs/share/ament_index/resource_index/packages/custom_msgs
[0.947s] -- Up-to-date: /home/andy/CRIMP/install/custom_msgs/share/custom_msgs/cmake/export_custom_msgs__rosidl_generator_cExport.cmake
[0.947s] -- Up-to-date: /home/andy/CRIMP/install/custom_msgs/share/custom_msgs/cmake/export_custom_msgs__rosidl_generator_cExport-noconfig.cmake
[0.947s] -- Up-to-date: /home/andy/CRIMP/install/custom_msgs/share/custom_msgs/cmake/export_custom_msgs__rosidl_typesupport_fastrtps_cExport.cmake
[0.947s] -- Up-to-date: /home/andy/CRIMP/install/custom_msgs/share/custom_msgs/cmake/export_custom_msgs__rosidl_typesupport_fastrtps_cExport-noconfig.cmake
[0.948s] -- Up-to-date: /home/andy/CRIMP/install/custom_msgs/share/custom_msgs/cmake/custom_msgs__rosidl_typesupport_introspection_cExport.cmake
[0.948s] -- Up-to-date: /home/andy/CRIMP/install/custom_msgs/share/custom_msgs/cmake/custom_msgs__rosidl_typesupport_introspection_cExport-noconfig.cmake
[0.948s] -- Up-to-date: /home/andy/CRIMP/install/custom_msgs/share/custom_msgs/cmake/custom_msgs__rosidl_typesupport_cExport.cmake
[0.948s] -- Up-to-date: /home/andy/CRIMP/install/custom_msgs/share/custom_msgs/cmake/custom_msgs__rosidl_typesupport_cExport-noconfig.cmake
[0.948s] -- Up-to-date: /home/andy/CRIMP/install/custom_msgs/share/custom_msgs/cmake/export_custom_msgs__rosidl_generator_cppExport.cmake
[0.948s] -- Up-to-date: /home/andy/CRIMP/install/custom_msgs/share/custom_msgs/cmake/export_custom_msgs__rosidl_typesupport_fastrtps_cppExport.cmake
[0.948s] -- Up-to-date: /home/andy/CRIMP/install/custom_msgs/share/custom_msgs/cmake/export_custom_msgs__rosidl_typesupport_fastrtps_cppExport-noconfig.cmake
[0.949s] -- Up-to-date: /home/andy/CRIMP/install/custom_msgs/share/custom_msgs/cmake/custom_msgs__rosidl_typesupport_introspection_cppExport.cmake
[0.949s] -- Up-to-date: /home/andy/CRIMP/install/custom_msgs/share/custom_msgs/cmake/custom_msgs__rosidl_typesupport_introspection_cppExport-noconfig.cmake
[0.949s] -- Up-to-date: /home/andy/CRIMP/install/custom_msgs/share/custom_msgs/cmake/custom_msgs__rosidl_typesupport_cppExport.cmake
[0.949s] -- Up-to-date: /home/andy/CRIMP/install/custom_msgs/share/custom_msgs/cmake/custom_msgs__rosidl_typesupport_cppExport-noconfig.cmake
[0.949s] -- Up-to-date: /home/andy/CRIMP/install/custom_msgs/share/custom_msgs/cmake/export_custom_msgs__rosidl_generator_pyExport.cmake
[0.949s] -- Up-to-date: /home/andy/CRIMP/install/custom_msgs/share/custom_msgs/cmake/export_custom_msgs__rosidl_generator_pyExport-noconfig.cmake
[0.949s] -- Up-to-date: /home/andy/CRIMP/install/custom_msgs/share/custom_msgs/cmake/rosidl_cmake-extras.cmake
[0.950s] -- Up-to-date: /home/andy/CRIMP/install/custom_msgs/share/custom_msgs/cmake/ament_cmake_export_include_directories-extras.cmake
[0.950s] -- Up-to-date: /home/andy/CRIMP/install/custom_msgs/share/custom_msgs/cmake/ament_cmake_export_libraries-extras.cmake
[0.950s] -- Up-to-date: /home/andy/CRIMP/install/custom_msgs/share/custom_msgs/cmake/ament_cmake_export_targets-extras.cmake
[0.950s] -- Up-to-date: /home/andy/CRIMP/install/custom_msgs/share/custom_msgs/cmake/rosidl_cmake_export_typesupport_targets-extras.cmake
[0.950s] -- Up-to-date: /home/andy/CRIMP/install/custom_msgs/share/custom_msgs/cmake/ament_cmake_export_dependencies-extras.cmake
[0.950s] -- Up-to-date: /home/andy/CRIMP/install/custom_msgs/share/custom_msgs/cmake/rosidl_cmake_export_typesupport_libraries-extras.cmake
[0.950s] -- Up-to-date: /home/andy/CRIMP/install/custom_msgs/share/custom_msgs/cmake/custom_msgsConfig.cmake
[0.951s] -- Up-to-date: /home/andy/CRIMP/install/custom_msgs/share/custom_msgs/cmake/custom_msgsConfig-version.cmake
[0.951s] -- Up-to-date: /home/andy/CRIMP/install/custom_msgs/share/custom_msgs/package.xml
[0.954s] Invoked command in '/home/andy/CRIMP/build/custom_msgs' returned '0': CMAKE_PREFIX_PATH=${CMAKE_PREFIX_PATH}:/home/andy/CRIMP/install/crimp_python:/opt/ros/jazzy /usr/bin/cmake --install /home/andy/CRIMP/build/custom_msgs
