[0.143s] DEBUG:colcon:Command line arguments: ['/usr/bin/colcon', 'build']
[0.143s] DEBUG:colcon:Parsed command line arguments: Namespace(log_base=None, log_level=None, verb_name='build', build_base='build', install_base='install', merge_install=False, symlink_install=False, test_result_base=None, continue_on_error=False, executor='parallel', parallel_workers=8, event_handlers=None, ignore_user_meta=False, metas=['./colcon.meta'], base_paths=['.'], packages_ignore=None, packages_ignore_regex=None, paths=None, packages_up_to=None, packages_up_to_regex=None, packages_above=None, packages_above_and_dependencies=None, packages_above_depth=None, packages_select_by_dep=None, packages_skip_by_dep=None, packages_skip_up_to=None, packages_select_build_failed=False, packages_skip_build_finished=False, packages_select_test_failures=False, packages_skip_test_passed=False, packages_select=None, packages_skip=None, packages_select_regex=None, packages_skip_regex=None, packages_start=None, packages_end=None, allow_overriding=[], cmake_args=None, cmake_target=None, cmake_target_skip_unavailable=False, cmake_clean_cache=False, cmake_clean_first=False, cmake_force_configure=False, ament_cmake_args=None, catkin_cmake_args=None, catkin_skip_building_tests=False, mixin_files=None, mixin=None, verb_parser=<colcon_mixin.mixin.mixin_argument.MixinArgumentDecorator object at 0x7cac6d477e30>, verb_extension=<colcon_core.verb.build.BuildVerb object at 0x7cac6d5c40b0>, main=<bound method BuildVerb.main of <colcon_core.verb.build.BuildVerb object at 0x7cac6d5c40b0>>, mixin_verb=('build',))
[0.190s] Level 1:colcon.colcon_core.package_discovery:discover_packages(colcon_meta) check parameters
[0.190s] Level 1:colcon.colcon_core.package_discovery:discover_packages(recursive) check parameters
[0.190s] Level 1:colcon.colcon_core.package_discovery:discover_packages(ignore) check parameters
[0.190s] Level 1:colcon.colcon_core.package_discovery:discover_packages(path) check parameters
[0.190s] Level 1:colcon.colcon_core.package_discovery:discover_packages(colcon_meta) discover
[0.190s] Level 1:colcon.colcon_core.package_discovery:discover_packages(recursive) discover
[0.190s] INFO:colcon.colcon_core.package_discovery:Crawling recursively for packages in '/home/ethan/crimp_ws'
[0.190s] Level 1:colcon.colcon_core.package_identification:_identify(.) by extensions ['ignore', 'ignore_ament_install']
[0.191s] Level 1:colcon.colcon_core.package_identification:_identify(.) by extension 'ignore'
[0.191s] Level 1:colcon.colcon_core.package_identification:_identify(.) by extension 'ignore_ament_install'
[0.191s] Level 1:colcon.colcon_core.package_identification:_identify(.) by extensions ['colcon_pkg']
[0.191s] Level 1:colcon.colcon_core.package_identification:_identify(.) by extension 'colcon_pkg'
[0.191s] Level 1:colcon.colcon_core.package_identification:_identify(.) by extensions ['colcon_meta']
[0.191s] Level 1:colcon.colcon_core.package_identification:_identify(.) by extension 'colcon_meta'
[0.191s] Level 1:colcon.colcon_core.package_identification:_identify(.) by extensions ['ros']
[0.191s] Level 1:colcon.colcon_core.package_identification:_identify(.) by extension 'ros'
[0.220s] Level 1:colcon.colcon_core.package_identification:_identify(.) by extensions ['cmake', 'python']
[0.220s] Level 1:colcon.colcon_core.package_identification:_identify(.) by extension 'cmake'
[0.221s] Level 1:colcon.colcon_core.package_identification:_identify(.) by extension 'python'
[0.221s] Level 1:colcon.colcon_core.package_identification:_identify(.) by extensions ['python_setup_py']
[0.221s] Level 1:colcon.colcon_core.package_identification:_identify(.) by extension 'python_setup_py'
[0.221s] Level 1:colcon.colcon_core.package_identification:_identify(build) by extensions ['ignore', 'ignore_ament_install']
[0.221s] Level 1:colcon.colcon_core.package_identification:_identify(build) by extension 'ignore'
[0.221s] Level 1:colcon.colcon_core.package_identification:_identify(build) ignored
[0.221s] Level 1:colcon.colcon_core.package_identification:_identify(install) by extensions ['ignore', 'ignore_ament_install']
[0.221s] Level 1:colcon.colcon_core.package_identification:_identify(install) by extension 'ignore'
[0.221s] Level 1:colcon.colcon_core.package_identification:_identify(install) ignored
[0.221s] Level 1:colcon.colcon_core.package_identification:_identify(log) by extensions ['ignore', 'ignore_ament_install']
[0.222s] Level 1:colcon.colcon_core.package_identification:_identify(log) by extension 'ignore'
[0.222s] Level 1:colcon.colcon_core.package_identification:_identify(log) ignored
[0.222s] Level 1:colcon.colcon_core.package_identification:_identify(src) by extensions ['ignore', 'ignore_ament_install']
[0.222s] Level 1:colcon.colcon_core.package_identification:_identify(src) by extension 'ignore'
[0.222s] Level 1:colcon.colcon_core.package_identification:_identify(src) by extension 'ignore_ament_install'
[0.222s] Level 1:colcon.colcon_core.package_identification:_identify(src) by extensions ['colcon_pkg']
[0.222s] Level 1:colcon.colcon_core.package_identification:_identify(src) by extension 'colcon_pkg'
[0.222s] Level 1:colcon.colcon_core.package_identification:_identify(src) by extensions ['colcon_meta']
[0.222s] Level 1:colcon.colcon_core.package_identification:_identify(src) by extension 'colcon_meta'
[0.222s] Level 1:colcon.colcon_core.package_identification:_identify(src) by extensions ['ros']
[0.222s] Level 1:colcon.colcon_core.package_identification:_identify(src) by extension 'ros'
[0.222s] Level 1:colcon.colcon_core.package_identification:_identify(src) by extensions ['cmake', 'python']
[0.222s] Level 1:colcon.colcon_core.package_identification:_identify(src) by extension 'cmake'
[0.222s] Level 1:colcon.colcon_core.package_identification:_identify(src) by extension 'python'
[0.222s] Level 1:colcon.colcon_core.package_identification:_identify(src) by extensions ['python_setup_py']
[0.222s] Level 1:colcon.colcon_core.package_identification:_identify(src) by extension 'python_setup_py'
[0.223s] Level 1:colcon.colcon_core.package_identification:_identify(src/crimp_cpp) by extensions ['ignore', 'ignore_ament_install']
[0.223s] Level 1:colcon.colcon_core.package_identification:_identify(src/crimp_cpp) by extension 'ignore'
[0.223s] Level 1:colcon.colcon_core.package_identification:_identify(src/crimp_cpp) by extension 'ignore_ament_install'
[0.223s] Level 1:colcon.colcon_core.package_identification:_identify(src/crimp_cpp) by extensions ['colcon_pkg']
[0.223s] Level 1:colcon.colcon_core.package_identification:_identify(src/crimp_cpp) by extension 'colcon_pkg'
[0.223s] Level 1:colcon.colcon_core.package_identification:_identify(src/crimp_cpp) by extensions ['colcon_meta']
[0.223s] Level 1:colcon.colcon_core.package_identification:_identify(src/crimp_cpp) by extension 'colcon_meta'
[0.223s] Level 1:colcon.colcon_core.package_identification:_identify(src/crimp_cpp) by extensions ['ros']
[0.223s] Level 1:colcon.colcon_core.package_identification:_identify(src/crimp_cpp) by extension 'ros'
[0.226s] DEBUG:colcon.colcon_core.package_identification:Package 'src/crimp_cpp' with type 'ros.ament_cmake' and name 'crimp_cpp'
[0.226s] Level 1:colcon.colcon_core.package_identification:_identify(src/crimp_python) by extensions ['ignore', 'ignore_ament_install']
[0.226s] Level 1:colcon.colcon_core.package_identification:_identify(src/crimp_python) by extension 'ignore'
[0.226s] Level 1:colcon.colcon_core.package_identification:_identify(src/crimp_python) by extension 'ignore_ament_install'
[0.227s] Level 1:colcon.colcon_core.package_identification:_identify(src/crimp_python) by extensions ['colcon_pkg']
[0.227s] Level 1:colcon.colcon_core.package_identification:_identify(src/crimp_python) by extension 'colcon_pkg'
[0.227s] Level 1:colcon.colcon_core.package_identification:_identify(src/crimp_python) by extensions ['colcon_meta']
[0.227s] Level 1:colcon.colcon_core.package_identification:_identify(src/crimp_python) by extension 'colcon_meta'
[0.227s] Level 1:colcon.colcon_core.package_identification:_identify(src/crimp_python) by extensions ['ros']
[0.227s] Level 1:colcon.colcon_core.package_identification:_identify(src/crimp_python) by extension 'ros'
[0.227s] DEBUG:colcon.colcon_core.package_identification:Package 'src/crimp_python' with type 'ros.ament_python' and name 'crimp_python'
[0.227s] Level 1:colcon.colcon_core.package_identification:_identify(src/examples_cpp) by extensions ['ignore', 'ignore_ament_install']
[0.228s] Level 1:colcon.colcon_core.package_identification:_identify(src/examples_cpp) by extension 'ignore'
[0.228s] Level 1:colcon.colcon_core.package_identification:_identify(src/examples_cpp) ignored
[0.228s] Level 1:colcon.colcon_core.package_identification:_identify(src/examples_python) by extensions ['ignore', 'ignore_ament_install']
[0.228s] Level 1:colcon.colcon_core.package_identification:_identify(src/examples_python) by extension 'ignore'
[0.228s] Level 1:colcon.colcon_core.package_identification:_identify(src/examples_python) ignored
[0.228s] Level 1:colcon.colcon_core.package_discovery:discover_packages(recursive) using defaults
[0.228s] Level 1:colcon.colcon_core.package_discovery:discover_packages(ignore) discover
[0.228s] Level 1:colcon.colcon_core.package_discovery:discover_packages(ignore) using defaults
[0.228s] Level 1:colcon.colcon_core.package_discovery:discover_packages(path) discover
[0.228s] Level 1:colcon.colcon_core.package_discovery:discover_packages(path) using defaults
[0.248s] Level 1:colcon.colcon_core.package_discovery:discover_packages(prefix_path) check parameters
[0.248s] Level 1:colcon.colcon_core.package_discovery:discover_packages(prefix_path) discover
[0.252s] DEBUG:colcon.colcon_installed_package_information.package_discovery:Found 318 installed packages in /opt/ros/jazzy
[0.254s] Level 1:colcon.colcon_core.package_discovery:discover_packages(prefix_path) using defaults
[0.312s] Level 5:colcon.colcon_core.verb:set package 'crimp_cpp' build argument 'cmake_args' from command line to 'None'
[0.312s] Level 5:colcon.colcon_core.verb:set package 'crimp_cpp' build argument 'cmake_target' from command line to 'None'
[0.312s] Level 5:colcon.colcon_core.verb:set package 'crimp_cpp' build argument 'cmake_target_skip_unavailable' from command line to 'False'
[0.312s] Level 5:colcon.colcon_core.verb:set package 'crimp_cpp' build argument 'cmake_clean_cache' from command line to 'False'
[0.312s] Level 5:colcon.colcon_core.verb:set package 'crimp_cpp' build argument 'cmake_clean_first' from command line to 'False'
[0.312s] Level 5:colcon.colcon_core.verb:set package 'crimp_cpp' build argument 'cmake_force_configure' from command line to 'False'
[0.312s] Level 5:colcon.colcon_core.verb:set package 'crimp_cpp' build argument 'ament_cmake_args' from command line to 'None'
[0.312s] Level 5:colcon.colcon_core.verb:set package 'crimp_cpp' build argument 'catkin_cmake_args' from command line to 'None'
[0.312s] Level 5:colcon.colcon_core.verb:set package 'crimp_cpp' build argument 'catkin_skip_building_tests' from command line to 'False'
[0.312s] DEBUG:colcon.colcon_core.verb:Building package 'crimp_cpp' with the following arguments: {'ament_cmake_args': None, 'build_base': '/home/ethan/crimp_ws/build/crimp_cpp', 'catkin_cmake_args': None, 'catkin_skip_building_tests': False, 'cmake_args': None, 'cmake_clean_cache': False, 'cmake_clean_first': False, 'cmake_force_configure': False, 'cmake_target': None, 'cmake_target_skip_unavailable': False, 'install_base': '/home/ethan/crimp_ws/install/crimp_cpp', 'merge_install': False, 'path': '/home/ethan/crimp_ws/src/crimp_cpp', 'symlink_install': False, 'test_result_base': None}
[0.312s] Level 5:colcon.colcon_core.verb:set package 'crimp_python' build argument 'cmake_args' from command line to 'None'
[0.312s] Level 5:colcon.colcon_core.verb:set package 'crimp_python' build argument 'cmake_target' from command line to 'None'
[0.313s] Level 5:colcon.colcon_core.verb:set package 'crimp_python' build argument 'cmake_target_skip_unavailable' from command line to 'False'
[0.313s] Level 5:colcon.colcon_core.verb:set package 'crimp_python' build argument 'cmake_clean_cache' from command line to 'False'
[0.313s] Level 5:colcon.colcon_core.verb:set package 'crimp_python' build argument 'cmake_clean_first' from command line to 'False'
[0.313s] Level 5:colcon.colcon_core.verb:set package 'crimp_python' build argument 'cmake_force_configure' from command line to 'False'
[0.313s] Level 5:colcon.colcon_core.verb:set package 'crimp_python' build argument 'ament_cmake_args' from command line to 'None'
[0.313s] Level 5:colcon.colcon_core.verb:set package 'crimp_python' build argument 'catkin_cmake_args' from command line to 'None'
[0.313s] Level 5:colcon.colcon_core.verb:set package 'crimp_python' build argument 'catkin_skip_building_tests' from command line to 'False'
[0.313s] DEBUG:colcon.colcon_core.verb:Building package 'crimp_python' with the following arguments: {'ament_cmake_args': None, 'build_base': '/home/ethan/crimp_ws/build/crimp_python', 'catkin_cmake_args': None, 'catkin_skip_building_tests': False, 'cmake_args': None, 'cmake_clean_cache': False, 'cmake_clean_first': False, 'cmake_force_configure': False, 'cmake_target': None, 'cmake_target_skip_unavailable': False, 'install_base': '/home/ethan/crimp_ws/install/crimp_python', 'merge_install': False, 'path': '/home/ethan/crimp_ws/src/crimp_python', 'symlink_install': False, 'test_result_base': None}
[0.313s] INFO:colcon.colcon_core.executor:Executing jobs using 'parallel' executor
[0.314s] DEBUG:colcon.colcon_parallel_executor.executor.parallel:run_until_complete
[0.315s] INFO:colcon.colcon_ros.task.ament_cmake.build:Building ROS package in '/home/ethan/crimp_ws/src/crimp_cpp' with build type 'ament_cmake'
[0.315s] INFO:colcon.colcon_cmake.task.cmake.build:Building CMake package in '/home/ethan/crimp_ws/src/crimp_cpp'
[0.318s] INFO:colcon.colcon_core.plugin_system:Skipping extension 'colcon_core.shell.bat': Not used on non-Windows systems
[0.318s] INFO:colcon.colcon_core.shell:Skip shell extension 'powershell' for command environment: Not usable outside of PowerShell
[0.318s] DEBUG:colcon.colcon_core.shell:Skip shell extension 'dsv' for command environment
[0.323s] INFO:colcon.colcon_ros.task.ament_python.build:Building ROS package in '/home/ethan/crimp_ws/src/crimp_python' with build type 'ament_python'
[0.324s] Level 1:colcon.colcon_core.shell:create_environment_hook('crimp_python', 'ament_prefix_path')
[0.324s] INFO:colcon.colcon_core.shell:Creating environment hook '/home/ethan/crimp_ws/install/crimp_python/share/crimp_python/hook/ament_prefix_path.ps1'
[0.325s] INFO:colcon.colcon_core.shell:Creating environment descriptor '/home/ethan/crimp_ws/install/crimp_python/share/crimp_python/hook/ament_prefix_path.dsv'
[0.326s] INFO:colcon.colcon_core.shell:Creating environment hook '/home/ethan/crimp_ws/install/crimp_python/share/crimp_python/hook/ament_prefix_path.sh'
[0.328s] INFO:colcon.colcon_core.shell:Skip shell extension 'powershell' for command environment: Not usable outside of PowerShell
[0.328s] DEBUG:colcon.colcon_core.shell:Skip shell extension 'dsv' for command environment
[0.341s] DEBUG:colcon.colcon_core.event_handler.log_command:Invoking command in '/home/ethan/crimp_ws/build/crimp_cpp': CMAKE_PREFIX_PATH=${CMAKE_PREFIX_PATH}:/opt/ros/jazzy DEBUGINFOD_URLS=https://debuginfod.ubuntu.com /usr/bin/cmake --build /home/ethan/crimp_ws/build/crimp_cpp -- -j8 -l8
[0.662s] INFO:colcon.colcon_core.task.python.build:Building Python package in '/home/ethan/crimp_ws/src/crimp_python'
[0.662s] INFO:colcon.colcon_core.shell:Skip shell extension 'powershell' for command environment: Not usable outside of PowerShell
[0.662s] DEBUG:colcon.colcon_core.shell:Skip shell extension 'dsv' for command environment
[1.552s] DEBUG:colcon.colcon_core.event_handler.log_command:Invoking command in '/home/ethan/crimp_ws/src/crimp_python': DEBUGINFOD_URLS=https://debuginfod.ubuntu.com PYTHONPATH=/home/ethan/crimp_ws/build/crimp_python/prefix_override:/usr/lib/python3/dist-packages/colcon_core/task/python/colcon_distutils_commands:/home/ethan/crimp_ws/install/crimp_python/lib/python3.12/site-packages:${PYTHONPATH} /usr/bin/python3 -W ignore:setup.py install is deprecated -W ignore:easy_install command is deprecated setup.py egg_info --egg-base ../../build/crimp_python build --build-base /home/ethan/crimp_ws/build/crimp_python/build install --record /home/ethan/crimp_ws/build/crimp_python/install.log --single-version-externally-managed install_data
[2.376s] DEBUG:colcon.colcon_core.event_handler.log_command:Invoked command in '/home/ethan/crimp_ws/src/crimp_python' returned '0': DEBUGINFOD_URLS=https://debuginfod.ubuntu.com PYTHONPATH=/home/ethan/crimp_ws/build/crimp_python/prefix_override:/usr/lib/python3/dist-packages/colcon_core/task/python/colcon_distutils_commands:/home/ethan/crimp_ws/install/crimp_python/lib/python3.12/site-packages:${PYTHONPATH} /usr/bin/python3 -W ignore:setup.py install is deprecated -W ignore:easy_install command is deprecated setup.py egg_info --egg-base ../../build/crimp_python build --build-base /home/ethan/crimp_ws/build/crimp_python/build install --record /home/ethan/crimp_ws/build/crimp_python/install.log --single-version-externally-managed install_data
[2.382s] Level 1:colcon.colcon_core.environment:checking '/home/ethan/crimp_ws/install/crimp_python' for CMake module files
[2.383s] Level 1:colcon.colcon_core.environment:checking '/home/ethan/crimp_ws/install/crimp_python' for CMake config files
[2.385s] Level 1:colcon.colcon_core.environment:checking '/home/ethan/crimp_ws/install/crimp_python/lib'
[2.385s] Level 1:colcon.colcon_core.environment:checking '/home/ethan/crimp_ws/install/crimp_python/bin'
[2.386s] Level 1:colcon.colcon_core.environment:checking '/home/ethan/crimp_ws/install/crimp_python/lib/pkgconfig/crimp_python.pc'
[2.386s] Level 1:colcon.colcon_core.environment:checking '/home/ethan/crimp_ws/install/crimp_python/lib/python3.12/site-packages'
[2.386s] Level 1:colcon.colcon_core.shell:create_environment_hook('crimp_python', 'pythonpath')
[2.387s] INFO:colcon.colcon_core.shell:Creating environment hook '/home/ethan/crimp_ws/install/crimp_python/share/crimp_python/hook/pythonpath.ps1'
[2.388s] INFO:colcon.colcon_core.shell:Creating environment descriptor '/home/ethan/crimp_ws/install/crimp_python/share/crimp_python/hook/pythonpath.dsv'
[2.389s] INFO:colcon.colcon_core.shell:Creating environment hook '/home/ethan/crimp_ws/install/crimp_python/share/crimp_python/hook/pythonpath.sh'
[2.391s] Level 1:colcon.colcon_core.environment:checking '/home/ethan/crimp_ws/install/crimp_python/bin'
[2.391s] Level 1:colcon.colcon_core.environment:create_environment_scripts_only(crimp_python)
[2.391s] INFO:colcon.colcon_core.shell:Creating package script '/home/ethan/crimp_ws/install/crimp_python/share/crimp_python/package.ps1'
[2.394s] INFO:colcon.colcon_core.shell:Creating package descriptor '/home/ethan/crimp_ws/install/crimp_python/share/crimp_python/package.dsv'
[2.395s] INFO:colcon.colcon_core.shell:Creating package script '/home/ethan/crimp_ws/install/crimp_python/share/crimp_python/package.sh'
[2.397s] INFO:colcon.colcon_core.shell:Creating package script '/home/ethan/crimp_ws/install/crimp_python/share/crimp_python/package.bash'
[2.399s] INFO:colcon.colcon_core.shell:Creating package script '/home/ethan/crimp_ws/install/crimp_python/share/crimp_python/package.zsh'
[2.401s] Level 1:colcon.colcon_core.environment:create_file_with_runtime_dependencies(/home/ethan/crimp_ws/install/crimp_python/share/colcon-core/packages/crimp_python)
[10.099s] DEBUG:colcon.colcon_core.event_handler.log_command:Invoked command in '/home/ethan/crimp_ws/build/crimp_cpp' returned '0': CMAKE_PREFIX_PATH=${CMAKE_PREFIX_PATH}:/opt/ros/jazzy DEBUGINFOD_URLS=https://debuginfod.ubuntu.com /usr/bin/cmake --build /home/ethan/crimp_ws/build/crimp_cpp -- -j8 -l8
[10.117s] DEBUG:colcon.colcon_core.event_handler.log_command:Invoking command in '/home/ethan/crimp_ws/build/crimp_cpp': CMAKE_PREFIX_PATH=${CMAKE_PREFIX_PATH}:/opt/ros/jazzy DEBUGINFOD_URLS=https://debuginfod.ubuntu.com /usr/bin/cmake --install /home/ethan/crimp_ws/build/crimp_cpp
[10.167s] Level 1:colcon.colcon_core.environment:create_environment_scripts_only(crimp_cpp)
[10.168s] DEBUG:colcon.colcon_core.event_handler.log_command:Invoked command in '/home/ethan/crimp_ws/build/crimp_cpp' returned '0': CMAKE_PREFIX_PATH=${CMAKE_PREFIX_PATH}:/opt/ros/jazzy DEBUGINFOD_URLS=https://debuginfod.ubuntu.com /usr/bin/cmake --install /home/ethan/crimp_ws/build/crimp_cpp
[10.168s] Level 1:colcon.colcon_core.environment:checking '/home/ethan/crimp_ws/install/crimp_cpp' for CMake module files
[10.170s] Level 1:colcon.colcon_core.environment:checking '/home/ethan/crimp_ws/install/crimp_cpp' for CMake config files
[10.171s] Level 1:colcon.colcon_core.shell:create_environment_hook('crimp_cpp', 'cmake_prefix_path')
[10.172s] INFO:colcon.colcon_core.shell:Creating environment hook '/home/ethan/crimp_ws/install/crimp_cpp/share/crimp_cpp/hook/cmake_prefix_path.ps1'
[10.173s] INFO:colcon.colcon_core.shell:Creating environment descriptor '/home/ethan/crimp_ws/install/crimp_cpp/share/crimp_cpp/hook/cmake_prefix_path.dsv'
[10.174s] INFO:colcon.colcon_core.shell:Creating environment hook '/home/ethan/crimp_ws/install/crimp_cpp/share/crimp_cpp/hook/cmake_prefix_path.sh'
[10.175s] Level 1:colcon.colcon_core.environment:checking '/home/ethan/crimp_ws/install/crimp_cpp/lib'
[10.176s] Level 1:colcon.colcon_core.environment:checking '/home/ethan/crimp_ws/install/crimp_cpp/bin'
[10.176s] Level 1:colcon.colcon_core.environment:checking '/home/ethan/crimp_ws/install/crimp_cpp/lib/pkgconfig/crimp_cpp.pc'
[10.177s] Level 1:colcon.colcon_core.environment:checking '/home/ethan/crimp_ws/install/crimp_cpp/lib/python3.12/site-packages'
[10.177s] Level 1:colcon.colcon_core.environment:checking '/home/ethan/crimp_ws/install/crimp_cpp/bin'
[10.178s] INFO:colcon.colcon_core.shell:Creating package script '/home/ethan/crimp_ws/install/crimp_cpp/share/crimp_cpp/package.ps1'
[10.180s] INFO:colcon.colcon_core.shell:Creating package descriptor '/home/ethan/crimp_ws/install/crimp_cpp/share/crimp_cpp/package.dsv'
[10.181s] INFO:colcon.colcon_core.shell:Creating package script '/home/ethan/crimp_ws/install/crimp_cpp/share/crimp_cpp/package.sh'
[10.182s] INFO:colcon.colcon_core.shell:Creating package script '/home/ethan/crimp_ws/install/crimp_cpp/share/crimp_cpp/package.bash'
[10.183s] INFO:colcon.colcon_core.shell:Creating package script '/home/ethan/crimp_ws/install/crimp_cpp/share/crimp_cpp/package.zsh'
[10.184s] Level 1:colcon.colcon_core.environment:create_file_with_runtime_dependencies(/home/ethan/crimp_ws/install/crimp_cpp/share/colcon-core/packages/crimp_cpp)
[10.186s] Level 1:colcon.colcon_core.environment:create_environment_scripts_only(crimp_cpp)
[10.186s] Level 1:colcon.colcon_core.environment:checking '/home/ethan/crimp_ws/install/crimp_cpp' for CMake module files
[10.188s] Level 1:colcon.colcon_core.environment:checking '/home/ethan/crimp_ws/install/crimp_cpp' for CMake config files
[10.189s] Level 1:colcon.colcon_core.shell:create_environment_hook('crimp_cpp', 'cmake_prefix_path')
[10.189s] INFO:colcon.colcon_core.shell:Creating environment hook '/home/ethan/crimp_ws/install/crimp_cpp/share/crimp_cpp/hook/cmake_prefix_path.ps1'
[10.191s] INFO:colcon.colcon_core.shell:Creating environment descriptor '/home/ethan/crimp_ws/install/crimp_cpp/share/crimp_cpp/hook/cmake_prefix_path.dsv'
[10.192s] INFO:colcon.colcon_core.shell:Creating environment hook '/home/ethan/crimp_ws/install/crimp_cpp/share/crimp_cpp/hook/cmake_prefix_path.sh'
[10.193s] Level 1:colcon.colcon_core.environment:checking '/home/ethan/crimp_ws/install/crimp_cpp/lib'
[10.194s] Level 1:colcon.colcon_core.environment:checking '/home/ethan/crimp_ws/install/crimp_cpp/bin'
[10.194s] Level 1:colcon.colcon_core.environment:checking '/home/ethan/crimp_ws/install/crimp_cpp/lib/pkgconfig/crimp_cpp.pc'
[10.194s] Level 1:colcon.colcon_core.environment:checking '/home/ethan/crimp_ws/install/crimp_cpp/lib/python3.12/site-packages'
[10.195s] Level 1:colcon.colcon_core.environment:checking '/home/ethan/crimp_ws/install/crimp_cpp/bin'
[10.196s] INFO:colcon.colcon_core.shell:Creating package script '/home/ethan/crimp_ws/install/crimp_cpp/share/crimp_cpp/package.ps1'
[10.197s] INFO:colcon.colcon_core.shell:Creating package descriptor '/home/ethan/crimp_ws/install/crimp_cpp/share/crimp_cpp/package.dsv'
[10.199s] INFO:colcon.colcon_core.shell:Creating package script '/home/ethan/crimp_ws/install/crimp_cpp/share/crimp_cpp/package.sh'
[10.200s] INFO:colcon.colcon_core.shell:Creating package script '/home/ethan/crimp_ws/install/crimp_cpp/share/crimp_cpp/package.bash'
[10.201s] INFO:colcon.colcon_core.shell:Creating package script '/home/ethan/crimp_ws/install/crimp_cpp/share/crimp_cpp/package.zsh'
[10.202s] Level 1:colcon.colcon_core.environment:create_file_with_runtime_dependencies(/home/ethan/crimp_ws/install/crimp_cpp/share/colcon-core/packages/crimp_cpp)
[10.203s] DEBUG:colcon.colcon_parallel_executor.executor.parallel:closing loop
[10.204s] DEBUG:colcon.colcon_parallel_executor.executor.parallel:loop closed
[10.205s] DEBUG:colcon.colcon_parallel_executor.executor.parallel:run_until_complete finished with '0'
[10.205s] DEBUG:colcon.colcon_core.event_reactor:joining thread
[10.220s] INFO:colcon.colcon_core.plugin_system:Skipping extension 'colcon_notification.desktop_notification.terminal_notifier': Not used on non-Darwin systems
[10.220s] INFO:colcon.colcon_core.plugin_system:Skipping extension 'colcon_notification.desktop_notification.win32': Not used on non-Windows systems
[10.220s] INFO:colcon.colcon_notification.desktop_notification:Sending desktop notification using 'notify2'
[10.259s] DEBUG:colcon.colcon_core.event_reactor:joined thread
[10.260s] INFO:colcon.colcon_core.shell:Creating prefix script '/home/ethan/crimp_ws/install/local_setup.ps1'
[10.262s] INFO:colcon.colcon_core.shell:Creating prefix util module '/home/ethan/crimp_ws/install/_local_setup_util_ps1.py'
[10.266s] INFO:colcon.colcon_core.shell:Creating prefix chain script '/home/ethan/crimp_ws/install/setup.ps1'
[10.268s] INFO:colcon.colcon_core.shell:Creating prefix script '/home/ethan/crimp_ws/install/local_setup.sh'
[10.269s] INFO:colcon.colcon_core.shell:Creating prefix util module '/home/ethan/crimp_ws/install/_local_setup_util_sh.py'
[10.270s] INFO:colcon.colcon_core.shell:Creating prefix chain script '/home/ethan/crimp_ws/install/setup.sh'
[10.271s] INFO:colcon.colcon_core.shell:Creating prefix script '/home/ethan/crimp_ws/install/local_setup.bash'
[10.271s] INFO:colcon.colcon_core.shell:Creating prefix chain script '/home/ethan/crimp_ws/install/setup.bash'
[10.272s] INFO:colcon.colcon_core.shell:Creating prefix script '/home/ethan/crimp_ws/install/local_setup.zsh'
[10.273s] INFO:colcon.colcon_core.shell:Creating prefix chain script '/home/ethan/crimp_ws/install/setup.zsh'
