[0.027s] Invoking command in '/home/ethan/crimp_ws/build/custom_msgs': CMAKE_PREFIX_PATH=${CMAKE_PREFIX_PATH}:/home/ethan/crimp_ws/install/crimp_python:/opt/ros/jazzy DEBUGINFOD_URLS=https://debuginfod.ubuntu.com /usr/bin/cmake --build /home/ethan/crimp_ws/build/custom_msgs -- -j8 -l8
[0.120s] [  2%] Built target custom_msgs__rosidl_generator_type_description
[0.153s] [  2%] Built target ament_cmake_python_copy_custom_msgs
[0.156s] [  4%] Built target custom_msgs__cpp
[0.161s] [ 22%] Built target custom_msgs__rosidl_generator_c
[0.213s] [ 31%] Built target custom_msgs__rosidl_typesupport_c
[0.213s] [ 40%] Built target custom_msgs__rosidl_typesupport_cpp
[0.213s] [ 50%] Built target custom_msgs__rosidl_typesupport_introspection_c
[0.214s] [ 68%] Built target custom_msgs__rosidl_typesupport_introspection_cpp
[0.215s] [ 68%] Built target custom_msgs__rosidl_typesupport_fastrtps_c
[0.218s] [ 77%] Built target custom_msgs__rosidl_typesupport_fastrtps_cpp
[0.256s] [ 77%] Built target custom_msgs
[0.293s] [ 79%] Built target custom_msgs__py
[0.339s] [ 86%] Built target custom_msgs__rosidl_generator_py
[0.380s] [ 90%] Built target custom_msgs_s__rosidl_typesupport_introspection_c
[0.381s] [ 95%] Built target custom_msgs_s__rosidl_typesupport_c
[0.385s] [100%] Built target custom_msgs_s__rosidl_typesupport_fastrtps_c
[0.514s] running egg_info
[0.544s] writing custom_msgs.egg-info/PKG-INFO
[0.544s] writing dependency_links to custom_msgs.egg-info/dependency_links.txt
[0.545s] writing top-level names to custom_msgs.egg-info/top_level.txt
[0.632s] reading manifest file 'custom_msgs.egg-info/SOURCES.txt'
[0.633s] writing manifest file 'custom_msgs.egg-info/SOURCES.txt'
[0.679s] [100%] Built target ament_cmake_python_build_custom_msgs_egg
[0.701s] Invoked command in '/home/ethan/crimp_ws/build/custom_msgs' returned '0': CMAKE_PREFIX_PATH=${CMAKE_PREFIX_PATH}:/home/ethan/crimp_ws/install/crimp_python:/opt/ros/jazzy DEBUGINFOD_URLS=https://debuginfod.ubuntu.com /usr/bin/cmake --build /home/ethan/crimp_ws/build/custom_msgs -- -j8 -l8
[0.726s] Invoking command in '/home/ethan/crimp_ws/build/custom_msgs': CMAKE_PREFIX_PATH=${CMAKE_PREFIX_PATH}:/home/ethan/crimp_ws/install/crimp_python:/opt/ros/jazzy DEBUGINFOD_URLS=https://debuginfod.ubuntu.com /usr/bin/cmake --install /home/ethan/crimp_ws/build/custom_msgs
[0.740s] -- Install configuration: ""
[0.741s] -- Up-to-date: /home/ethan/crimp_ws/install/custom_msgs/share/ament_index/resource_index/rosidl_interfaces/custom_msgs
[0.741s] -- Up-to-date: /home/ethan/crimp_ws/install/custom_msgs/share/custom_msgs/msg/SuctionForce.json
[0.742s] -- Up-to-date: /home/ethan/crimp_ws/install/custom_msgs/share/custom_msgs/msg/SuctionRequest.json
[0.742s] -- Up-to-date: /home/ethan/crimp_ws/install/custom_msgs/include/custom_msgs/custom_msgs
[0.742s] -- Up-to-date: /home/ethan/crimp_ws/install/custom_msgs/include/custom_msgs/custom_msgs/msg
[0.743s] -- Up-to-date: /home/ethan/crimp_ws/install/custom_msgs/include/custom_msgs/custom_msgs/msg/rosidl_generator_c__visibility_control.h
[0.743s] -- Up-to-date: /home/ethan/crimp_ws/install/custom_msgs/include/custom_msgs/custom_msgs/msg/suction_force.h
[0.743s] -- Up-to-date: /home/ethan/crimp_ws/install/custom_msgs/include/custom_msgs/custom_msgs/msg/detail
[0.743s] -- Up-to-date: /home/ethan/crimp_ws/install/custom_msgs/include/custom_msgs/custom_msgs/msg/detail/suction_request__functions.h
[0.744s] -- Up-to-date: /home/ethan/crimp_ws/install/custom_msgs/include/custom_msgs/custom_msgs/msg/detail/suction_force__struct.h
[0.744s] -- Up-to-date: /home/ethan/crimp_ws/install/custom_msgs/include/custom_msgs/custom_msgs/msg/detail/suction_request__type_support.c
[0.744s] -- Up-to-date: /home/ethan/crimp_ws/install/custom_msgs/include/custom_msgs/custom_msgs/msg/detail/suction_force__type_support.h
[0.745s] -- Up-to-date: /home/ethan/crimp_ws/install/custom_msgs/include/custom_msgs/custom_msgs/msg/detail/suction_request__struct.h
[0.745s] -- Up-to-date: /home/ethan/crimp_ws/install/custom_msgs/include/custom_msgs/custom_msgs/msg/detail/suction_force__functions.h
[0.745s] -- Up-to-date: /home/ethan/crimp_ws/install/custom_msgs/include/custom_msgs/custom_msgs/msg/detail/suction_force__functions.c
[0.746s] -- Up-to-date: /home/ethan/crimp_ws/install/custom_msgs/include/custom_msgs/custom_msgs/msg/detail/suction_force__description.c
[0.747s] -- Up-to-date: /home/ethan/crimp_ws/install/custom_msgs/include/custom_msgs/custom_msgs/msg/detail/suction_force__type_support.c
[0.747s] -- Up-to-date: /home/ethan/crimp_ws/install/custom_msgs/include/custom_msgs/custom_msgs/msg/detail/suction_request__functions.c
[0.747s] -- Up-to-date: /home/ethan/crimp_ws/install/custom_msgs/include/custom_msgs/custom_msgs/msg/detail/suction_request__description.c
[0.748s] -- Up-to-date: /home/ethan/crimp_ws/install/custom_msgs/include/custom_msgs/custom_msgs/msg/detail/suction_request__type_support.h
[0.748s] -- Up-to-date: /home/ethan/crimp_ws/install/custom_msgs/include/custom_msgs/custom_msgs/msg/suction_request.h
[0.748s] -- Up-to-date: /home/ethan/crimp_ws/install/custom_msgs/share/custom_msgs/environment/library_path.sh
[0.748s] -- Up-to-date: /home/ethan/crimp_ws/install/custom_msgs/share/custom_msgs/environment/library_path.dsv
[0.749s] -- Up-to-date: /home/ethan/crimp_ws/install/custom_msgs/lib/libcustom_msgs__rosidl_generator_c.so
[0.749s] -- Up-to-date: /home/ethan/crimp_ws/install/custom_msgs/include/custom_msgs/custom_msgs
[0.750s] -- Up-to-date: /home/ethan/crimp_ws/install/custom_msgs/include/custom_msgs/custom_msgs/msg
[0.750s] -- Up-to-date: /home/ethan/crimp_ws/install/custom_msgs/include/custom_msgs/custom_msgs/msg/rosidl_typesupport_fastrtps_c__visibility_control.h
[0.750s] -- Up-to-date: /home/ethan/crimp_ws/install/custom_msgs/include/custom_msgs/custom_msgs/msg/detail
[0.750s] -- Up-to-date: /home/ethan/crimp_ws/install/custom_msgs/include/custom_msgs/custom_msgs/msg/detail/suction_force__rosidl_typesupport_fastrtps_c.h
[0.751s] -- Up-to-date: /home/ethan/crimp_ws/install/custom_msgs/include/custom_msgs/custom_msgs/msg/detail/suction_request__rosidl_typesupport_fastrtps_c.h
[0.751s] -- Up-to-date: /home/ethan/crimp_ws/install/custom_msgs/lib/libcustom_msgs__rosidl_typesupport_fastrtps_c.so
[0.751s] -- Up-to-date: /home/ethan/crimp_ws/install/custom_msgs/include/custom_msgs/custom_msgs
[0.752s] -- Up-to-date: /home/ethan/crimp_ws/install/custom_msgs/include/custom_msgs/custom_msgs/msg
[0.752s] -- Up-to-date: /home/ethan/crimp_ws/install/custom_msgs/include/custom_msgs/custom_msgs/msg/rosidl_typesupport_introspection_c__visibility_control.h
[0.752s] -- Up-to-date: /home/ethan/crimp_ws/install/custom_msgs/include/custom_msgs/custom_msgs/msg/detail
[0.753s] -- Up-to-date: /home/ethan/crimp_ws/install/custom_msgs/include/custom_msgs/custom_msgs/msg/detail/suction_force__rosidl_typesupport_introspection_c.h
[0.753s] -- Up-to-date: /home/ethan/crimp_ws/install/custom_msgs/include/custom_msgs/custom_msgs/msg/detail/suction_request__type_support.c
[0.753s] -- Up-to-date: /home/ethan/crimp_ws/install/custom_msgs/include/custom_msgs/custom_msgs/msg/detail/suction_force__type_support.c
[0.753s] -- Up-to-date: /home/ethan/crimp_ws/install/custom_msgs/include/custom_msgs/custom_msgs/msg/detail/suction_request__rosidl_typesupport_introspection_c.h
[0.754s] -- Up-to-date: /home/ethan/crimp_ws/install/custom_msgs/lib/libcustom_msgs__rosidl_typesupport_introspection_c.so
[0.754s] -- Up-to-date: /home/ethan/crimp_ws/install/custom_msgs/lib/libcustom_msgs__rosidl_typesupport_c.so
[0.754s] -- Up-to-date: /home/ethan/crimp_ws/install/custom_msgs/include/custom_msgs/custom_msgs
[0.754s] -- Up-to-date: /home/ethan/crimp_ws/install/custom_msgs/include/custom_msgs/custom_msgs/msg
[0.755s] -- Up-to-date: /home/ethan/crimp_ws/install/custom_msgs/include/custom_msgs/custom_msgs/msg/rosidl_generator_cpp__visibility_control.hpp
[0.755s] -- Up-to-date: /home/ethan/crimp_ws/install/custom_msgs/include/custom_msgs/custom_msgs/msg/suction_force.hpp
[0.755s] -- Up-to-date: /home/ethan/crimp_ws/install/custom_msgs/include/custom_msgs/custom_msgs/msg/detail
[0.755s] -- Up-to-date: /home/ethan/crimp_ws/install/custom_msgs/include/custom_msgs/custom_msgs/msg/detail/suction_request__traits.hpp
[0.756s] -- Up-to-date: /home/ethan/crimp_ws/install/custom_msgs/include/custom_msgs/custom_msgs/msg/detail/suction_force__struct.hpp
[0.756s] -- Up-to-date: /home/ethan/crimp_ws/install/custom_msgs/include/custom_msgs/custom_msgs/msg/detail/suction_request__type_support.hpp
[0.756s] -- Up-to-date: /home/ethan/crimp_ws/install/custom_msgs/include/custom_msgs/custom_msgs/msg/detail/suction_request__struct.hpp
[0.756s] -- Up-to-date: /home/ethan/crimp_ws/install/custom_msgs/include/custom_msgs/custom_msgs/msg/detail/suction_force__type_support.hpp
[0.757s] -- Up-to-date: /home/ethan/crimp_ws/install/custom_msgs/include/custom_msgs/custom_msgs/msg/detail/suction_force__traits.hpp
[0.757s] -- Up-to-date: /home/ethan/crimp_ws/install/custom_msgs/include/custom_msgs/custom_msgs/msg/detail/suction_request__builder.hpp
[0.757s] -- Up-to-date: /home/ethan/crimp_ws/install/custom_msgs/include/custom_msgs/custom_msgs/msg/detail/suction_force__builder.hpp
[0.758s] -- Up-to-date: /home/ethan/crimp_ws/install/custom_msgs/include/custom_msgs/custom_msgs/msg/suction_request.hpp
[0.758s] -- Up-to-date: /home/ethan/crimp_ws/install/custom_msgs/include/custom_msgs/custom_msgs
[0.758s] -- Up-to-date: /home/ethan/crimp_ws/install/custom_msgs/include/custom_msgs/custom_msgs/msg
[0.758s] -- Up-to-date: /home/ethan/crimp_ws/install/custom_msgs/include/custom_msgs/custom_msgs/msg/rosidl_typesupport_fastrtps_cpp__visibility_control.h
[0.759s] -- Up-to-date: /home/ethan/crimp_ws/install/custom_msgs/include/custom_msgs/custom_msgs/msg/detail
[0.759s] -- Up-to-date: /home/ethan/crimp_ws/install/custom_msgs/include/custom_msgs/custom_msgs/msg/detail/dds_fastrtps
[0.759s] -- Up-to-date: /home/ethan/crimp_ws/install/custom_msgs/include/custom_msgs/custom_msgs/msg/detail/suction_force__rosidl_typesupport_fastrtps_cpp.hpp
[0.759s] -- Up-to-date: /home/ethan/crimp_ws/install/custom_msgs/include/custom_msgs/custom_msgs/msg/detail/suction_request__rosidl_typesupport_fastrtps_cpp.hpp
[0.760s] -- Up-to-date: /home/ethan/crimp_ws/install/custom_msgs/lib/libcustom_msgs__rosidl_typesupport_fastrtps_cpp.so
[0.760s] -- Up-to-date: /home/ethan/crimp_ws/install/custom_msgs/include/custom_msgs/custom_msgs
[0.760s] -- Up-to-date: /home/ethan/crimp_ws/install/custom_msgs/include/custom_msgs/custom_msgs/msg
[0.760s] -- Up-to-date: /home/ethan/crimp_ws/install/custom_msgs/include/custom_msgs/custom_msgs/msg/detail
[0.761s] -- Up-to-date: /home/ethan/crimp_ws/install/custom_msgs/include/custom_msgs/custom_msgs/msg/detail/suction_request__type_support.cpp
[0.761s] -- Up-to-date: /home/ethan/crimp_ws/install/custom_msgs/include/custom_msgs/custom_msgs/msg/detail/suction_force__rosidl_typesupport_introspection_cpp.hpp
[0.761s] -- Up-to-date: /home/ethan/crimp_ws/install/custom_msgs/include/custom_msgs/custom_msgs/msg/detail/suction_force__type_support.cpp
[0.761s] -- Up-to-date: /home/ethan/crimp_ws/install/custom_msgs/include/custom_msgs/custom_msgs/msg/detail/suction_request__rosidl_typesupport_introspection_cpp.hpp
[0.762s] -- Up-to-date: /home/ethan/crimp_ws/install/custom_msgs/lib/libcustom_msgs__rosidl_typesupport_introspection_cpp.so
[0.762s] -- Up-to-date: /home/ethan/crimp_ws/install/custom_msgs/lib/libcustom_msgs__rosidl_typesupport_cpp.so
[0.762s] -- Up-to-date: /home/ethan/crimp_ws/install/custom_msgs/share/custom_msgs/environment/pythonpath.sh
[0.762s] -- Up-to-date: /home/ethan/crimp_ws/install/custom_msgs/share/custom_msgs/environment/pythonpath.dsv
[0.763s] -- Up-to-date: /home/ethan/crimp_ws/install/custom_msgs/lib/python3.12/site-packages/custom_msgs-0.0.0-py3.12.egg-info
[0.763s] -- Installing: /home/ethan/crimp_ws/install/custom_msgs/lib/python3.12/site-packages/custom_msgs-0.0.0-py3.12.egg-info/PKG-INFO
[0.763s] -- Installing: /home/ethan/crimp_ws/install/custom_msgs/lib/python3.12/site-packages/custom_msgs-0.0.0-py3.12.egg-info/dependency_links.txt
[0.764s] -- Installing: /home/ethan/crimp_ws/install/custom_msgs/lib/python3.12/site-packages/custom_msgs-0.0.0-py3.12.egg-info/SOURCES.txt
[0.764s] -- Installing: /home/ethan/crimp_ws/install/custom_msgs/lib/python3.12/site-packages/custom_msgs-0.0.0-py3.12.egg-info/top_level.txt
[0.764s] -- Up-to-date: /home/ethan/crimp_ws/install/custom_msgs/lib/python3.12/site-packages/custom_msgs
[0.764s] -- Up-to-date: /home/ethan/crimp_ws/install/custom_msgs/lib/python3.12/site-packages/custom_msgs/custom_msgs_s__rosidl_typesupport_c.so
[0.765s] -- Up-to-date: /home/ethan/crimp_ws/install/custom_msgs/lib/python3.12/site-packages/custom_msgs/_custom_msgs_s.ep.rosidl_typesupport_introspection_c.c
[0.765s] -- Up-to-date: /home/ethan/crimp_ws/install/custom_msgs/lib/python3.12/site-packages/custom_msgs/__init__.py
[0.765s] -- Up-to-date: /home/ethan/crimp_ws/install/custom_msgs/lib/python3.12/site-packages/custom_msgs/_custom_msgs_s.ep.rosidl_typesupport_fastrtps_c.c
[0.765s] -- Up-to-date: /home/ethan/crimp_ws/install/custom_msgs/lib/python3.12/site-packages/custom_msgs/msg
[0.766s] -- Up-to-date: /home/ethan/crimp_ws/install/custom_msgs/lib/python3.12/site-packages/custom_msgs/msg/__init__.py
[0.766s] -- Up-to-date: /home/ethan/crimp_ws/install/custom_msgs/lib/python3.12/site-packages/custom_msgs/msg/_suction_force_s.c
[0.766s] -- Up-to-date: /home/ethan/crimp_ws/install/custom_msgs/lib/python3.12/site-packages/custom_msgs/msg/_suction_request.py
[0.766s] -- Up-to-date: /home/ethan/crimp_ws/install/custom_msgs/lib/python3.12/site-packages/custom_msgs/msg/_suction_request_s.c
[0.767s] -- Up-to-date: /home/ethan/crimp_ws/install/custom_msgs/lib/python3.12/site-packages/custom_msgs/msg/_suction_force.py
[0.767s] -- Up-to-date: /home/ethan/crimp_ws/install/custom_msgs/lib/python3.12/site-packages/custom_msgs/custom_msgs_s__rosidl_typesupport_fastrtps_c.so
[0.767s] -- Up-to-date: /home/ethan/crimp_ws/install/custom_msgs/lib/python3.12/site-packages/custom_msgs/custom_msgs_s__rosidl_typesupport_introspection_c.so
[0.768s] -- Up-to-date: /home/ethan/crimp_ws/install/custom_msgs/lib/python3.12/site-packages/custom_msgs/_custom_msgs_s.ep.rosidl_typesupport_c.c
[0.796s] Listing '/home/ethan/crimp_ws/install/custom_msgs/lib/python3.12/site-packages/custom_msgs'...
[0.796s] Listing '/home/ethan/crimp_ws/install/custom_msgs/lib/python3.12/site-packages/custom_msgs/msg'...
[0.805s] -- Up-to-date: /home/ethan/crimp_ws/install/custom_msgs/lib/python3.12/site-packages/custom_msgs/custom_msgs_s__rosidl_typesupport_fastrtps_c.so
[0.805s] -- Up-to-date: /home/ethan/crimp_ws/install/custom_msgs/lib/python3.12/site-packages/custom_msgs/custom_msgs_s__rosidl_typesupport_introspection_c.so
[0.806s] -- Up-to-date: /home/ethan/crimp_ws/install/custom_msgs/lib/python3.12/site-packages/custom_msgs/custom_msgs_s__rosidl_typesupport_c.so
[0.806s] -- Up-to-date: /home/ethan/crimp_ws/install/custom_msgs/lib/libcustom_msgs__rosidl_generator_py.so
[0.806s] -- Up-to-date: /home/ethan/crimp_ws/install/custom_msgs/share/custom_msgs/msg/SuctionForce.idl
[0.807s] -- Up-to-date: /home/ethan/crimp_ws/install/custom_msgs/share/custom_msgs/msg/SuctionRequest.idl
[0.807s] -- Up-to-date: /home/ethan/crimp_ws/install/custom_msgs/share/custom_msgs/msg/SuctionForce.msg
[0.808s] -- Up-to-date: /home/ethan/crimp_ws/install/custom_msgs/share/custom_msgs/msg/SuctionRequest.msg
[0.809s] -- Up-to-date: /home/ethan/crimp_ws/install/custom_msgs/share/ament_index/resource_index/package_run_dependencies/custom_msgs
[0.809s] -- Up-to-date: /home/ethan/crimp_ws/install/custom_msgs/share/ament_index/resource_index/parent_prefix_path/custom_msgs
[0.810s] -- Up-to-date: /home/ethan/crimp_ws/install/custom_msgs/share/custom_msgs/environment/ament_prefix_path.sh
[0.810s] -- Up-to-date: /home/ethan/crimp_ws/install/custom_msgs/share/custom_msgs/environment/ament_prefix_path.dsv
[0.811s] -- Up-to-date: /home/ethan/crimp_ws/install/custom_msgs/share/custom_msgs/environment/path.sh
[0.811s] -- Up-to-date: /home/ethan/crimp_ws/install/custom_msgs/share/custom_msgs/environment/path.dsv
[0.811s] -- Up-to-date: /home/ethan/crimp_ws/install/custom_msgs/share/custom_msgs/local_setup.bash
[0.812s] -- Up-to-date: /home/ethan/crimp_ws/install/custom_msgs/share/custom_msgs/local_setup.sh
[0.812s] -- Up-to-date: /home/ethan/crimp_ws/install/custom_msgs/share/custom_msgs/local_setup.zsh
[0.813s] -- Up-to-date: /home/ethan/crimp_ws/install/custom_msgs/share/custom_msgs/local_setup.dsv
[0.813s] -- Installing: /home/ethan/crimp_ws/install/custom_msgs/share/custom_msgs/package.dsv
[0.813s] -- Up-to-date: /home/ethan/crimp_ws/install/custom_msgs/share/ament_index/resource_index/packages/custom_msgs
[0.814s] -- Up-to-date: /home/ethan/crimp_ws/install/custom_msgs/share/custom_msgs/cmake/export_custom_msgs__rosidl_generator_cExport.cmake
[0.814s] -- Up-to-date: /home/ethan/crimp_ws/install/custom_msgs/share/custom_msgs/cmake/export_custom_msgs__rosidl_generator_cExport-noconfig.cmake
[0.814s] -- Up-to-date: /home/ethan/crimp_ws/install/custom_msgs/share/custom_msgs/cmake/export_custom_msgs__rosidl_typesupport_fastrtps_cExport.cmake
[0.814s] -- Up-to-date: /home/ethan/crimp_ws/install/custom_msgs/share/custom_msgs/cmake/export_custom_msgs__rosidl_typesupport_fastrtps_cExport-noconfig.cmake
[0.815s] -- Up-to-date: /home/ethan/crimp_ws/install/custom_msgs/share/custom_msgs/cmake/custom_msgs__rosidl_typesupport_introspection_cExport.cmake
[0.815s] -- Up-to-date: /home/ethan/crimp_ws/install/custom_msgs/share/custom_msgs/cmake/custom_msgs__rosidl_typesupport_introspection_cExport-noconfig.cmake
[0.815s] -- Up-to-date: /home/ethan/crimp_ws/install/custom_msgs/share/custom_msgs/cmake/custom_msgs__rosidl_typesupport_cExport.cmake
[0.816s] -- Up-to-date: /home/ethan/crimp_ws/install/custom_msgs/share/custom_msgs/cmake/custom_msgs__rosidl_typesupport_cExport-noconfig.cmake
[0.816s] -- Up-to-date: /home/ethan/crimp_ws/install/custom_msgs/share/custom_msgs/cmake/export_custom_msgs__rosidl_generator_cppExport.cmake
[0.816s] -- Up-to-date: /home/ethan/crimp_ws/install/custom_msgs/share/custom_msgs/cmake/export_custom_msgs__rosidl_typesupport_fastrtps_cppExport.cmake
[0.816s] -- Up-to-date: /home/ethan/crimp_ws/install/custom_msgs/share/custom_msgs/cmake/export_custom_msgs__rosidl_typesupport_fastrtps_cppExport-noconfig.cmake
[0.817s] -- Up-to-date: /home/ethan/crimp_ws/install/custom_msgs/share/custom_msgs/cmake/custom_msgs__rosidl_typesupport_introspection_cppExport.cmake
[0.817s] -- Up-to-date: /home/ethan/crimp_ws/install/custom_msgs/share/custom_msgs/cmake/custom_msgs__rosidl_typesupport_introspection_cppExport-noconfig.cmake
[0.817s] -- Up-to-date: /home/ethan/crimp_ws/install/custom_msgs/share/custom_msgs/cmake/custom_msgs__rosidl_typesupport_cppExport.cmake
[0.818s] -- Up-to-date: /home/ethan/crimp_ws/install/custom_msgs/share/custom_msgs/cmake/custom_msgs__rosidl_typesupport_cppExport-noconfig.cmake
[0.818s] -- Up-to-date: /home/ethan/crimp_ws/install/custom_msgs/share/custom_msgs/cmake/export_custom_msgs__rosidl_generator_pyExport.cmake
[0.818s] -- Up-to-date: /home/ethan/crimp_ws/install/custom_msgs/share/custom_msgs/cmake/export_custom_msgs__rosidl_generator_pyExport-noconfig.cmake
[0.819s] -- Up-to-date: /home/ethan/crimp_ws/install/custom_msgs/share/custom_msgs/cmake/rosidl_cmake-extras.cmake
[0.820s] -- Up-to-date: /home/ethan/crimp_ws/install/custom_msgs/share/custom_msgs/cmake/ament_cmake_export_include_directories-extras.cmake
[0.820s] -- Up-to-date: /home/ethan/crimp_ws/install/custom_msgs/share/custom_msgs/cmake/ament_cmake_export_libraries-extras.cmake
[0.820s] -- Up-to-date: /home/ethan/crimp_ws/install/custom_msgs/share/custom_msgs/cmake/ament_cmake_export_targets-extras.cmake
[0.821s] -- Up-to-date: /home/ethan/crimp_ws/install/custom_msgs/share/custom_msgs/cmake/rosidl_cmake_export_typesupport_targets-extras.cmake
[0.821s] -- Up-to-date: /home/ethan/crimp_ws/install/custom_msgs/share/custom_msgs/cmake/ament_cmake_export_dependencies-extras.cmake
[0.821s] -- Up-to-date: /home/ethan/crimp_ws/install/custom_msgs/share/custom_msgs/cmake/rosidl_cmake_export_typesupport_libraries-extras.cmake
[0.822s] -- Up-to-date: /home/ethan/crimp_ws/install/custom_msgs/share/custom_msgs/cmake/custom_msgsConfig.cmake
[0.822s] -- Up-to-date: /home/ethan/crimp_ws/install/custom_msgs/share/custom_msgs/cmake/custom_msgsConfig-version.cmake
[0.823s] -- Up-to-date: /home/ethan/crimp_ws/install/custom_msgs/share/custom_msgs/package.xml
[0.824s] Invoked command in '/home/ethan/crimp_ws/build/custom_msgs' returned '0': CMAKE_PREFIX_PATH=${CMAKE_PREFIX_PATH}:/home/ethan/crimp_ws/install/crimp_python:/opt/ros/jazzy DEBUGINFOD_URLS=https://debuginfod.ubuntu.com /usr/bin/cmake --install /home/ethan/crimp_ws/build/custom_msgs
