[0.247s] DEBUG:colcon:Command line arguments: ['/usr/local/bin/colcon', 'build']
[0.247s] DEBUG:colcon:Parsed command line arguments: Namespace(log_base=None, log_level=None, verb_name='build', build_base='build', install_base='install', merge_install=False, symlink_install=False, test_result_base=None, continue_on_error=False, executor='parallel', parallel_workers=4, event_handlers=None, ignore_user_meta=False, metas=['./colcon.meta'], base_paths=['.'], packages_ignore=None, packages_ignore_regex=None, paths=None, packages_up_to=None, packages_up_to_regex=None, packages_above=None, packages_above_and_dependencies=None, packages_above_depth=None, packages_select_by_dep=None, packages_skip_by_dep=None, packages_skip_up_to=None, packages_select_build_failed=False, packages_skip_build_finished=False, packages_select_test_failures=False, packages_skip_test_passed=False, packages_select=None, packages_skip=None, packages_select_regex=None, packages_skip_regex=None, packages_start=None, packages_end=None, cmake_args=None, cmake_target=None, cmake_target_skip_unavailable=False, cmake_clean_cache=False, cmake_clean_first=False, cmake_force_configure=False, ament_cmake_args=None, catkin_cmake_args=None, catkin_skip_building_tests=False, verb_parser=<colcon_defaults.argument_parser.defaults.DefaultArgumentsDecorator object at 0xffff8f7dfc50>, verb_extension=<colcon_core.verb.build.BuildVerb object at 0xffff8f7df9e0>, main=<bound method BuildVerb.main of <colcon_core.verb.build.BuildVerb object at 0xffff8f7df9e0>>)
[0.318s] Level 1:colcon.colcon_core.package_discovery:discover_packages(colcon_meta) check parameters
[0.318s] Level 1:colcon.colcon_core.package_discovery:discover_packages(recursive) check parameters
[0.318s] Level 1:colcon.colcon_core.package_discovery:discover_packages(ignore) check parameters
[0.318s] Level 1:colcon.colcon_core.package_discovery:discover_packages(path) check parameters
[0.318s] Level 1:colcon.colcon_core.package_discovery:discover_packages(colcon_meta) discover
[0.318s] Level 1:colcon.colcon_core.package_discovery:discover_packages(recursive) discover
[0.318s] INFO:colcon.colcon_core.package_discovery:Crawling recursively for packages in '/home/andy/CRIMP'
[0.318s] Level 1:colcon.colcon_core.package_identification:_identify(.) by extensions ['ignore', 'ignore_ament_install']
[0.318s] Level 1:colcon.colcon_core.package_identification:_identify(.) by extension 'ignore'
[0.319s] Level 1:colcon.colcon_core.package_identification:_identify(.) by extension 'ignore_ament_install'
[0.319s] Level 1:colcon.colcon_core.package_identification:_identify(.) by extensions ['colcon_pkg']
[0.319s] Level 1:colcon.colcon_core.package_identification:_identify(.) by extension 'colcon_pkg'
[0.319s] Level 1:colcon.colcon_core.package_identification:_identify(.) by extensions ['colcon_meta']
[0.319s] Level 1:colcon.colcon_core.package_identification:_identify(.) by extension 'colcon_meta'
[0.319s] Level 1:colcon.colcon_core.package_identification:_identify(.) by extensions ['ros']
[0.319s] Level 1:colcon.colcon_core.package_identification:_identify(.) by extension 'ros'
[0.369s] Level 1:colcon.colcon_core.package_identification:_identify(.) by extensions ['cmake', 'python']
[0.369s] Level 1:colcon.colcon_core.package_identification:_identify(.) by extension 'cmake'
[0.369s] Level 1:colcon.colcon_core.package_identification:_identify(.) by extension 'python'
[0.369s] Level 1:colcon.colcon_core.package_identification:_identify(.) by extensions ['python_setup_py']
[0.369s] Level 1:colcon.colcon_core.package_identification:_identify(.) by extension 'python_setup_py'
[0.370s] Level 1:colcon.colcon_core.package_identification:_identify(build) by extensions ['ignore', 'ignore_ament_install']
[0.370s] Level 1:colcon.colcon_core.package_identification:_identify(build) by extension 'ignore'
[0.370s] Level 1:colcon.colcon_core.package_identification:_identify(build) ignored
[0.370s] Level 1:colcon.colcon_core.package_identification:_identify(install) by extensions ['ignore', 'ignore_ament_install']
[0.370s] Level 1:colcon.colcon_core.package_identification:_identify(install) by extension 'ignore'
[0.370s] Level 1:colcon.colcon_core.package_identification:_identify(install) ignored
[0.371s] Level 1:colcon.colcon_core.package_identification:_identify(log) by extensions ['ignore', 'ignore_ament_install']
[0.371s] Level 1:colcon.colcon_core.package_identification:_identify(log) by extension 'ignore'
[0.371s] Level 1:colcon.colcon_core.package_identification:_identify(log) ignored
[0.371s] Level 1:colcon.colcon_core.package_identification:_identify(src) by extensions ['ignore', 'ignore_ament_install']
[0.371s] Level 1:colcon.colcon_core.package_identification:_identify(src) by extension 'ignore'
[0.371s] Level 1:colcon.colcon_core.package_identification:_identify(src) by extension 'ignore_ament_install'
[0.371s] Level 1:colcon.colcon_core.package_identification:_identify(src) by extensions ['colcon_pkg']
[0.371s] Level 1:colcon.colcon_core.package_identification:_identify(src) by extension 'colcon_pkg'
[0.371s] Level 1:colcon.colcon_core.package_identification:_identify(src) by extensions ['colcon_meta']
[0.371s] Level 1:colcon.colcon_core.package_identification:_identify(src) by extension 'colcon_meta'
[0.371s] Level 1:colcon.colcon_core.package_identification:_identify(src) by extensions ['ros']
[0.371s] Level 1:colcon.colcon_core.package_identification:_identify(src) by extension 'ros'
[0.372s] Level 1:colcon.colcon_core.package_identification:_identify(src) by extensions ['cmake', 'python']
[0.372s] Level 1:colcon.colcon_core.package_identification:_identify(src) by extension 'cmake'
[0.372s] Level 1:colcon.colcon_core.package_identification:_identify(src) by extension 'python'
[0.372s] Level 1:colcon.colcon_core.package_identification:_identify(src) by extensions ['python_setup_py']
[0.372s] Level 1:colcon.colcon_core.package_identification:_identify(src) by extension 'python_setup_py'
[0.372s] Level 1:colcon.colcon_core.package_identification:_identify(src/crimp_cpp) by extensions ['ignore', 'ignore_ament_install']
[0.372s] Level 1:colcon.colcon_core.package_identification:_identify(src/crimp_cpp) by extension 'ignore'
[0.372s] Level 1:colcon.colcon_core.package_identification:_identify(src/crimp_cpp) by extension 'ignore_ament_install'
[0.372s] Level 1:colcon.colcon_core.package_identification:_identify(src/crimp_cpp) by extensions ['colcon_pkg']
[0.372s] Level 1:colcon.colcon_core.package_identification:_identify(src/crimp_cpp) by extension 'colcon_pkg'
[0.372s] Level 1:colcon.colcon_core.package_identification:_identify(src/crimp_cpp) by extensions ['colcon_meta']
[0.372s] Level 1:colcon.colcon_core.package_identification:_identify(src/crimp_cpp) by extension 'colcon_meta'
[0.372s] Level 1:colcon.colcon_core.package_identification:_identify(src/crimp_cpp) by extensions ['ros']
[0.372s] Level 1:colcon.colcon_core.package_identification:_identify(src/crimp_cpp) by extension 'ros'
[0.377s] DEBUG:colcon.colcon_core.package_identification:Package 'src/crimp_cpp' with type 'ros.ament_cmake' and name 'crimp_cpp'
[0.377s] Level 1:colcon.colcon_core.package_identification:_identify(src/crimp_python) by extensions ['ignore', 'ignore_ament_install']
[0.377s] Level 1:colcon.colcon_core.package_identification:_identify(src/crimp_python) by extension 'ignore'
[0.378s] Level 1:colcon.colcon_core.package_identification:_identify(src/crimp_python) by extension 'ignore_ament_install'
[0.378s] Level 1:colcon.colcon_core.package_identification:_identify(src/crimp_python) by extensions ['colcon_pkg']
[0.378s] Level 1:colcon.colcon_core.package_identification:_identify(src/crimp_python) by extension 'colcon_pkg'
[0.378s] Level 1:colcon.colcon_core.package_identification:_identify(src/crimp_python) by extensions ['colcon_meta']
[0.378s] Level 1:colcon.colcon_core.package_identification:_identify(src/crimp_python) by extension 'colcon_meta'
[0.378s] Level 1:colcon.colcon_core.package_identification:_identify(src/crimp_python) by extensions ['ros']
[0.378s] Level 1:colcon.colcon_core.package_identification:_identify(src/crimp_python) by extension 'ros'
[0.379s] DEBUG:colcon.colcon_core.package_identification:Package 'src/crimp_python' with type 'ros.ament_python' and name 'crimp_python'
[0.379s] Level 1:colcon.colcon_core.package_identification:_identify(src/custom_msgs) by extensions ['ignore', 'ignore_ament_install']
[0.379s] Level 1:colcon.colcon_core.package_identification:_identify(src/custom_msgs) by extension 'ignore'
[0.379s] Level 1:colcon.colcon_core.package_identification:_identify(src/custom_msgs) by extension 'ignore_ament_install'
[0.379s] Level 1:colcon.colcon_core.package_identification:_identify(src/custom_msgs) by extensions ['colcon_pkg']
[0.379s] Level 1:colcon.colcon_core.package_identification:_identify(src/custom_msgs) by extension 'colcon_pkg'
[0.379s] Level 1:colcon.colcon_core.package_identification:_identify(src/custom_msgs) by extensions ['colcon_meta']
[0.379s] Level 1:colcon.colcon_core.package_identification:_identify(src/custom_msgs) by extension 'colcon_meta'
[0.379s] Level 1:colcon.colcon_core.package_identification:_identify(src/custom_msgs) by extensions ['ros']
[0.379s] Level 1:colcon.colcon_core.package_identification:_identify(src/custom_msgs) by extension 'ros'
[0.380s] DEBUG:colcon.colcon_core.package_identification:Package 'src/custom_msgs' with type 'ros.ament_cmake' and name 'custom_msgs'
[0.380s] Level 1:colcon.colcon_core.package_identification:_identify(src/examples_cpp) by extensions ['ignore', 'ignore_ament_install']
[0.380s] Level 1:colcon.colcon_core.package_identification:_identify(src/examples_cpp) by extension 'ignore'
[0.380s] Level 1:colcon.colcon_core.package_identification:_identify(src/examples_cpp) ignored
[0.381s] Level 1:colcon.colcon_core.package_identification:_identify(src/examples_python) by extensions ['ignore', 'ignore_ament_install']
[0.381s] Level 1:colcon.colcon_core.package_identification:_identify(src/examples_python) by extension 'ignore'
[0.381s] Level 1:colcon.colcon_core.package_identification:_identify(src/examples_python) ignored
[0.381s] Level 1:colcon.colcon_core.package_discovery:discover_packages(recursive) using defaults
[0.381s] Level 1:colcon.colcon_core.package_discovery:discover_packages(ignore) discover
[0.381s] Level 1:colcon.colcon_core.package_discovery:discover_packages(ignore) using defaults
[0.381s] Level 1:colcon.colcon_core.package_discovery:discover_packages(path) discover
[0.381s] Level 1:colcon.colcon_core.package_discovery:discover_packages(path) using defaults
[0.416s] Level 5:colcon.colcon_core.verb:set package 'crimp_python' build argument 'cmake_args' from command line to 'None'
[0.416s] Level 5:colcon.colcon_core.verb:set package 'crimp_python' build argument 'cmake_target' from command line to 'None'
[0.416s] Level 5:colcon.colcon_core.verb:set package 'crimp_python' build argument 'cmake_target_skip_unavailable' from command line to 'False'
[0.417s] Level 5:colcon.colcon_core.verb:set package 'crimp_python' build argument 'cmake_clean_cache' from command line to 'False'
[0.417s] Level 5:colcon.colcon_core.verb:set package 'crimp_python' build argument 'cmake_clean_first' from command line to 'False'
[0.417s] Level 5:colcon.colcon_core.verb:set package 'crimp_python' build argument 'cmake_force_configure' from command line to 'False'
[0.417s] Level 5:colcon.colcon_core.verb:set package 'crimp_python' build argument 'ament_cmake_args' from command line to 'None'
[0.417s] Level 5:colcon.colcon_core.verb:set package 'crimp_python' build argument 'catkin_cmake_args' from command line to 'None'
[0.417s] Level 5:colcon.colcon_core.verb:set package 'crimp_python' build argument 'catkin_skip_building_tests' from command line to 'False'
[0.417s] DEBUG:colcon.colcon_core.verb:Building package 'crimp_python' with the following arguments: {'ament_cmake_args': None, 'build_base': '/home/andy/CRIMP/build/crimp_python', 'catkin_cmake_args': None, 'catkin_skip_building_tests': False, 'cmake_args': None, 'cmake_clean_cache': False, 'cmake_clean_first': False, 'cmake_force_configure': False, 'cmake_target': None, 'cmake_target_skip_unavailable': False, 'install_base': '/home/andy/CRIMP/install/crimp_python', 'merge_install': False, 'path': '/home/andy/CRIMP/src/crimp_python', 'symlink_install': False, 'test_result_base': None}
[0.417s] Level 5:colcon.colcon_core.verb:set package 'custom_msgs' build argument 'cmake_args' from command line to 'None'
[0.417s] Level 5:colcon.colcon_core.verb:set package 'custom_msgs' build argument 'cmake_target' from command line to 'None'
[0.417s] Level 5:colcon.colcon_core.verb:set package 'custom_msgs' build argument 'cmake_target_skip_unavailable' from command line to 'False'
[0.417s] Level 5:colcon.colcon_core.verb:set package 'custom_msgs' build argument 'cmake_clean_cache' from command line to 'False'
[0.417s] Level 5:colcon.colcon_core.verb:set package 'custom_msgs' build argument 'cmake_clean_first' from command line to 'False'
[0.417s] Level 5:colcon.colcon_core.verb:set package 'custom_msgs' build argument 'cmake_force_configure' from command line to 'False'
[0.417s] Level 5:colcon.colcon_core.verb:set package 'custom_msgs' build argument 'ament_cmake_args' from command line to 'None'
[0.418s] Level 5:colcon.colcon_core.verb:set package 'custom_msgs' build argument 'catkin_cmake_args' from command line to 'None'
[0.418s] Level 5:colcon.colcon_core.verb:set package 'custom_msgs' build argument 'catkin_skip_building_tests' from command line to 'False'
[0.418s] DEBUG:colcon.colcon_core.verb:Building package 'custom_msgs' with the following arguments: {'ament_cmake_args': None, 'build_base': '/home/andy/CRIMP/build/custom_msgs', 'catkin_cmake_args': None, 'catkin_skip_building_tests': False, 'cmake_args': None, 'cmake_clean_cache': False, 'cmake_clean_first': False, 'cmake_force_configure': False, 'cmake_target': None, 'cmake_target_skip_unavailable': False, 'install_base': '/home/andy/CRIMP/install/custom_msgs', 'merge_install': False, 'path': '/home/andy/CRIMP/src/custom_msgs', 'symlink_install': False, 'test_result_base': None}
[0.418s] Level 5:colcon.colcon_core.verb:set package 'crimp_cpp' build argument 'cmake_args' from command line to 'None'
[0.418s] Level 5:colcon.colcon_core.verb:set package 'crimp_cpp' build argument 'cmake_target' from command line to 'None'
[0.418s] Level 5:colcon.colcon_core.verb:set package 'crimp_cpp' build argument 'cmake_target_skip_unavailable' from command line to 'False'
[0.418s] Level 5:colcon.colcon_core.verb:set package 'crimp_cpp' build argument 'cmake_clean_cache' from command line to 'False'
[0.418s] Level 5:colcon.colcon_core.verb:set package 'crimp_cpp' build argument 'cmake_clean_first' from command line to 'False'
[0.418s] Level 5:colcon.colcon_core.verb:set package 'crimp_cpp' build argument 'cmake_force_configure' from command line to 'False'
[0.418s] Level 5:colcon.colcon_core.verb:set package 'crimp_cpp' build argument 'ament_cmake_args' from command line to 'None'
[0.418s] Level 5:colcon.colcon_core.verb:set package 'crimp_cpp' build argument 'catkin_cmake_args' from command line to 'None'
[0.418s] Level 5:colcon.colcon_core.verb:set package 'crimp_cpp' build argument 'catkin_skip_building_tests' from command line to 'False'
[0.418s] DEBUG:colcon.colcon_core.verb:Building package 'crimp_cpp' with the following arguments: {'ament_cmake_args': None, 'build_base': '/home/andy/CRIMP/build/crimp_cpp', 'catkin_cmake_args': None, 'catkin_skip_building_tests': False, 'cmake_args': None, 'cmake_clean_cache': False, 'cmake_clean_first': False, 'cmake_force_configure': False, 'cmake_target': None, 'cmake_target_skip_unavailable': False, 'install_base': '/home/andy/CRIMP/install/crimp_cpp', 'merge_install': False, 'path': '/home/andy/CRIMP/src/crimp_cpp', 'symlink_install': False, 'test_result_base': None}
[0.419s] INFO:colcon.colcon_core.executor:Executing jobs using 'parallel' executor
[0.420s] DEBUG:colcon.colcon_parallel_executor.executor.parallel:run_until_complete
[0.421s] INFO:colcon.colcon_ros.task.ament_cmake.build:Building ROS package in '/home/andy/CRIMP/src/custom_msgs' with build type 'ament_cmake'
[0.421s] INFO:colcon.colcon_cmake.task.cmake.build:Building CMake package in '/home/andy/CRIMP/src/custom_msgs'
[0.425s] INFO:colcon.colcon_core.plugin_system:Skipping extension 'colcon_core.shell.bat': Not used on non-Windows systems
[0.425s] INFO:colcon.colcon_core.shell:Skip shell extension 'powershell' for command environment: Not usable outside of PowerShell
[0.425s] DEBUG:colcon.colcon_core.shell:Skip shell extension 'dsv' for command environment
[0.432s] INFO:colcon.colcon_ros.task.ament_python.build:Building ROS package in '/home/andy/CRIMP/src/crimp_python' with build type 'ament_python'
[0.433s] Level 1:colcon.colcon_core.shell:create_environment_hook('crimp_python', 'ament_prefix_path')
[0.433s] INFO:colcon.colcon_core.shell:Creating environment hook '/home/andy/CRIMP/install/crimp_python/share/crimp_python/hook/ament_prefix_path.ps1'
[0.435s] INFO:colcon.colcon_core.shell:Creating environment descriptor '/home/andy/CRIMP/install/crimp_python/share/crimp_python/hook/ament_prefix_path.dsv'
[0.435s] INFO:colcon.colcon_core.shell:Creating environment hook '/home/andy/CRIMP/install/crimp_python/share/crimp_python/hook/ament_prefix_path.sh'
[0.437s] INFO:colcon.colcon_core.shell:Skip shell extension 'powershell' for command environment: Not usable outside of PowerShell
[0.437s] DEBUG:colcon.colcon_core.shell:Skip shell extension 'dsv' for command environment
[0.449s] DEBUG:colcon.colcon_core.event_handler.log_command:Invoking command in '/home/andy/CRIMP/build/custom_msgs': CMAKE_PREFIX_PATH=${CMAKE_PREFIX_PATH}:/home/andy/CRIMP/install/crimp_python:/opt/ros/jazzy /usr/bin/cmake --build /home/andy/CRIMP/build/custom_msgs -- -j4 -l4
[0.918s] INFO:colcon.colcon_core.task.python.build:Building Python package in '/home/andy/CRIMP/src/crimp_python'
[0.919s] INFO:colcon.colcon_core.shell:Skip shell extension 'powershell' for command environment: Not usable outside of PowerShell
[0.919s] DEBUG:colcon.colcon_core.shell:Skip shell extension 'dsv' for command environment
[1.248s] DEBUG:colcon.colcon_core.event_handler.log_command:Invoked command in '/home/andy/CRIMP/build/custom_msgs' returned '0': CMAKE_PREFIX_PATH=${CMAKE_PREFIX_PATH}:/home/andy/CRIMP/install/crimp_python:/opt/ros/jazzy /usr/bin/cmake --build /home/andy/CRIMP/build/custom_msgs -- -j4 -l4
[1.268s] DEBUG:colcon.colcon_core.event_handler.log_command:Invoking command in '/home/andy/CRIMP/build/custom_msgs': CMAKE_PREFIX_PATH=${CMAKE_PREFIX_PATH}:/home/andy/CRIMP/install/crimp_python:/opt/ros/jazzy /usr/bin/cmake --install /home/andy/CRIMP/build/custom_msgs
[1.392s] Level 1:colcon.colcon_core.environment:create_environment_scripts_only(custom_msgs)
[1.393s] DEBUG:colcon.colcon_core.event_handler.log_command:Invoked command in '/home/andy/CRIMP/build/custom_msgs' returned '0': CMAKE_PREFIX_PATH=${CMAKE_PREFIX_PATH}:/home/andy/CRIMP/install/crimp_python:/opt/ros/jazzy /usr/bin/cmake --install /home/andy/CRIMP/build/custom_msgs
[1.396s] Level 1:colcon.colcon_core.environment:checking '/home/andy/CRIMP/install/custom_msgs' for CMake module files
[1.398s] Level 1:colcon.colcon_core.environment:checking '/home/andy/CRIMP/install/custom_msgs' for CMake config files
[1.398s] Level 1:colcon.colcon_core.shell:create_environment_hook('custom_msgs', 'cmake_prefix_path')
[1.398s] INFO:colcon.colcon_core.shell:Creating environment hook '/home/andy/CRIMP/install/custom_msgs/share/custom_msgs/hook/cmake_prefix_path.ps1'
[1.399s] INFO:colcon.colcon_core.shell:Creating environment descriptor '/home/andy/CRIMP/install/custom_msgs/share/custom_msgs/hook/cmake_prefix_path.dsv'
[1.400s] INFO:colcon.colcon_core.shell:Creating environment hook '/home/andy/CRIMP/install/custom_msgs/share/custom_msgs/hook/cmake_prefix_path.sh'
[1.401s] Level 1:colcon.colcon_core.environment:checking '/home/andy/CRIMP/install/custom_msgs/lib'
[1.402s] Level 1:colcon.colcon_core.shell:create_environment_hook('custom_msgs', 'ld_library_path_lib')
[1.402s] INFO:colcon.colcon_core.shell:Creating environment hook '/home/andy/CRIMP/install/custom_msgs/share/custom_msgs/hook/ld_library_path_lib.ps1'
[1.403s] INFO:colcon.colcon_core.shell:Creating environment descriptor '/home/andy/CRIMP/install/custom_msgs/share/custom_msgs/hook/ld_library_path_lib.dsv'
[1.403s] INFO:colcon.colcon_core.shell:Creating environment hook '/home/andy/CRIMP/install/custom_msgs/share/custom_msgs/hook/ld_library_path_lib.sh'
[1.404s] Level 1:colcon.colcon_core.environment:checking '/home/andy/CRIMP/install/custom_msgs/bin'
[1.404s] Level 1:colcon.colcon_core.environment:checking '/home/andy/CRIMP/install/custom_msgs/lib/pkgconfig/custom_msgs.pc'
[1.405s] Level 1:colcon.colcon_core.environment:checking '/home/andy/CRIMP/install/custom_msgs/lib/python3.12/site-packages'
[1.405s] Level 1:colcon.colcon_core.shell:create_environment_hook('custom_msgs', 'pythonpath')
[1.405s] INFO:colcon.colcon_core.shell:Creating environment hook '/home/andy/CRIMP/install/custom_msgs/share/custom_msgs/hook/pythonpath.ps1'
[1.406s] INFO:colcon.colcon_core.shell:Creating environment descriptor '/home/andy/CRIMP/install/custom_msgs/share/custom_msgs/hook/pythonpath.dsv'
[1.406s] INFO:colcon.colcon_core.shell:Creating environment hook '/home/andy/CRIMP/install/custom_msgs/share/custom_msgs/hook/pythonpath.sh'
[1.407s] Level 1:colcon.colcon_core.environment:checking '/home/andy/CRIMP/install/custom_msgs/bin'
[1.408s] INFO:colcon.colcon_core.shell:Creating package script '/home/andy/CRIMP/install/custom_msgs/share/custom_msgs/package.ps1'
[1.409s] INFO:colcon.colcon_core.shell:Creating package descriptor '/home/andy/CRIMP/install/custom_msgs/share/custom_msgs/package.dsv'
[1.410s] INFO:colcon.colcon_core.shell:Creating package script '/home/andy/CRIMP/install/custom_msgs/share/custom_msgs/package.sh'
[1.411s] INFO:colcon.colcon_core.shell:Creating package script '/home/andy/CRIMP/install/custom_msgs/share/custom_msgs/package.bash'
[1.412s] INFO:colcon.colcon_core.shell:Creating package script '/home/andy/CRIMP/install/custom_msgs/share/custom_msgs/package.zsh'
[1.414s] Level 1:colcon.colcon_core.environment:create_file_with_runtime_dependencies(/home/andy/CRIMP/install/custom_msgs/share/colcon-core/packages/custom_msgs)
[1.415s] Level 1:colcon.colcon_core.environment:create_environment_scripts_only(custom_msgs)
[1.415s] Level 1:colcon.colcon_core.environment:checking '/home/andy/CRIMP/install/custom_msgs' for CMake module files
[1.416s] Level 1:colcon.colcon_core.environment:checking '/home/andy/CRIMP/install/custom_msgs' for CMake config files
[1.416s] Level 1:colcon.colcon_core.shell:create_environment_hook('custom_msgs', 'cmake_prefix_path')
[1.417s] INFO:colcon.colcon_core.shell:Creating environment hook '/home/andy/CRIMP/install/custom_msgs/share/custom_msgs/hook/cmake_prefix_path.ps1'
[1.417s] INFO:colcon.colcon_core.shell:Creating environment descriptor '/home/andy/CRIMP/install/custom_msgs/share/custom_msgs/hook/cmake_prefix_path.dsv'
[1.418s] INFO:colcon.colcon_core.shell:Creating environment hook '/home/andy/CRIMP/install/custom_msgs/share/custom_msgs/hook/cmake_prefix_path.sh'
[1.419s] Level 1:colcon.colcon_core.environment:checking '/home/andy/CRIMP/install/custom_msgs/lib'
[1.419s] Level 1:colcon.colcon_core.shell:create_environment_hook('custom_msgs', 'ld_library_path_lib')
[1.419s] INFO:colcon.colcon_core.shell:Creating environment hook '/home/andy/CRIMP/install/custom_msgs/share/custom_msgs/hook/ld_library_path_lib.ps1'
[1.420s] INFO:colcon.colcon_core.shell:Creating environment descriptor '/home/andy/CRIMP/install/custom_msgs/share/custom_msgs/hook/ld_library_path_lib.dsv'
[1.420s] INFO:colcon.colcon_core.shell:Creating environment hook '/home/andy/CRIMP/install/custom_msgs/share/custom_msgs/hook/ld_library_path_lib.sh'
[1.421s] Level 1:colcon.colcon_core.environment:checking '/home/andy/CRIMP/install/custom_msgs/bin'
[1.421s] Level 1:colcon.colcon_core.environment:checking '/home/andy/CRIMP/install/custom_msgs/lib/pkgconfig/custom_msgs.pc'
[1.422s] Level 1:colcon.colcon_core.environment:checking '/home/andy/CRIMP/install/custom_msgs/lib/python3.12/site-packages'
[1.422s] Level 1:colcon.colcon_core.shell:create_environment_hook('custom_msgs', 'pythonpath')
[1.422s] INFO:colcon.colcon_core.shell:Creating environment hook '/home/andy/CRIMP/install/custom_msgs/share/custom_msgs/hook/pythonpath.ps1'
[1.423s] INFO:colcon.colcon_core.shell:Creating environment descriptor '/home/andy/CRIMP/install/custom_msgs/share/custom_msgs/hook/pythonpath.dsv'
[1.423s] INFO:colcon.colcon_core.shell:Creating environment hook '/home/andy/CRIMP/install/custom_msgs/share/custom_msgs/hook/pythonpath.sh'
[1.424s] Level 1:colcon.colcon_core.environment:checking '/home/andy/CRIMP/install/custom_msgs/bin'
[1.425s] INFO:colcon.colcon_core.shell:Creating package script '/home/andy/CRIMP/install/custom_msgs/share/custom_msgs/package.ps1'
[1.426s] INFO:colcon.colcon_core.shell:Creating package descriptor '/home/andy/CRIMP/install/custom_msgs/share/custom_msgs/package.dsv'
[1.427s] INFO:colcon.colcon_core.shell:Creating package script '/home/andy/CRIMP/install/custom_msgs/share/custom_msgs/package.sh'
[1.428s] INFO:colcon.colcon_core.shell:Creating package script '/home/andy/CRIMP/install/custom_msgs/share/custom_msgs/package.bash'
[1.429s] INFO:colcon.colcon_core.shell:Creating package script '/home/andy/CRIMP/install/custom_msgs/share/custom_msgs/package.zsh'
[1.430s] Level 1:colcon.colcon_core.environment:create_file_with_runtime_dependencies(/home/andy/CRIMP/install/custom_msgs/share/colcon-core/packages/custom_msgs)
[1.430s] INFO:colcon.colcon_ros.task.ament_cmake.build:Building ROS package in '/home/andy/CRIMP/src/crimp_cpp' with build type 'ament_cmake'
[1.430s] INFO:colcon.colcon_cmake.task.cmake.build:Building CMake package in '/home/andy/CRIMP/src/crimp_cpp'
[1.431s] INFO:colcon.colcon_core.shell:Skip shell extension 'powershell' for command environment: Not usable outside of PowerShell
[1.431s] DEBUG:colcon.colcon_core.shell:Skip shell extension 'dsv' for command environment
[1.449s] DEBUG:colcon.colcon_core.event_handler.log_command:Invoking command in '/home/andy/CRIMP/build/crimp_cpp': CMAKE_PREFIX_PATH=/home/andy/CRIMP/install/custom_msgs:/home/andy/CRIMP/install/crimp_cpp:/home/andy/CRIMP/install/crimp_python:/opt/ros/jazzy /usr/bin/cmake --build /home/andy/CRIMP/build/crimp_cpp -- -j4 -l4
[1.882s] DEBUG:colcon.colcon_core.event_handler.log_command:Invoking command in '/home/andy/CRIMP/src/crimp_python': PYTHONPATH=/home/andy/CRIMP/build/crimp_python/prefix_override:/usr/local/lib/python3.12/dist-packages/colcon_core/task/python/colcon_distutils_commands:/home/andy/CRIMP/install/crimp_python/lib/python3.12/site-packages:${PYTHONPATH} /usr/bin/python3 -W ignore:setup.py install is deprecated -W ignore:easy_install command is deprecated setup.py egg_info --egg-base ../../build/crimp_python build --build-base /home/andy/CRIMP/build/crimp_python/build install --record /home/andy/CRIMP/build/crimp_python/install.log --single-version-externally-managed install_data
[2.731s] Level 1:colcon.colcon_core.environment:checking '/home/andy/CRIMP/install/crimp_python' for CMake module files
[2.732s] DEBUG:colcon.colcon_core.event_handler.log_command:Invoked command in '/home/andy/CRIMP/src/crimp_python' returned '0': PYTHONPATH=/home/andy/CRIMP/build/crimp_python/prefix_override:/usr/local/lib/python3.12/dist-packages/colcon_core/task/python/colcon_distutils_commands:/home/andy/CRIMP/install/crimp_python/lib/python3.12/site-packages:${PYTHONPATH} /usr/bin/python3 -W ignore:setup.py install is deprecated -W ignore:easy_install command is deprecated setup.py egg_info --egg-base ../../build/crimp_python build --build-base /home/andy/CRIMP/build/crimp_python/build install --record /home/andy/CRIMP/build/crimp_python/install.log --single-version-externally-managed install_data
[2.733s] Level 1:colcon.colcon_core.environment:checking '/home/andy/CRIMP/install/crimp_python' for CMake config files
[2.734s] Level 1:colcon.colcon_core.environment:checking '/home/andy/CRIMP/install/crimp_python/lib'
[2.734s] Level 1:colcon.colcon_core.environment:checking '/home/andy/CRIMP/install/crimp_python/bin'
[2.734s] Level 1:colcon.colcon_core.environment:checking '/home/andy/CRIMP/install/crimp_python/lib/pkgconfig/crimp_python.pc'
[2.734s] Level 1:colcon.colcon_core.environment:checking '/home/andy/CRIMP/install/crimp_python/lib/python3.12/site-packages'
[2.735s] Level 1:colcon.colcon_core.shell:create_environment_hook('crimp_python', 'pythonpath')
[2.735s] INFO:colcon.colcon_core.shell:Creating environment hook '/home/andy/CRIMP/install/crimp_python/share/crimp_python/hook/pythonpath.ps1'
[2.736s] INFO:colcon.colcon_core.shell:Creating environment descriptor '/home/andy/CRIMP/install/crimp_python/share/crimp_python/hook/pythonpath.dsv'
[2.737s] INFO:colcon.colcon_core.shell:Creating environment hook '/home/andy/CRIMP/install/crimp_python/share/crimp_python/hook/pythonpath.sh'
[2.738s] Level 1:colcon.colcon_core.environment:checking '/home/andy/CRIMP/install/crimp_python/bin'
[2.738s] Level 1:colcon.colcon_core.environment:create_environment_scripts_only(crimp_python)
[2.738s] INFO:colcon.colcon_core.shell:Creating package script '/home/andy/CRIMP/install/crimp_python/share/crimp_python/package.ps1'
[2.739s] INFO:colcon.colcon_core.shell:Creating package descriptor '/home/andy/CRIMP/install/crimp_python/share/crimp_python/package.dsv'
[2.740s] INFO:colcon.colcon_core.shell:Creating package script '/home/andy/CRIMP/install/crimp_python/share/crimp_python/package.sh'
[2.741s] INFO:colcon.colcon_core.shell:Creating package script '/home/andy/CRIMP/install/crimp_python/share/crimp_python/package.bash'
[2.741s] INFO:colcon.colcon_core.shell:Creating package script '/home/andy/CRIMP/install/crimp_python/share/crimp_python/package.zsh'
[2.742s] Level 1:colcon.colcon_core.environment:create_file_with_runtime_dependencies(/home/andy/CRIMP/install/crimp_python/share/colcon-core/packages/crimp_python)
[14.754s] DEBUG:colcon.colcon_core.event_handler.log_command:Invoked command in '/home/andy/CRIMP/build/crimp_cpp' returned '0': CMAKE_PREFIX_PATH=/home/andy/CRIMP/install/custom_msgs:/home/andy/CRIMP/install/crimp_cpp:/home/andy/CRIMP/install/crimp_python:/opt/ros/jazzy /usr/bin/cmake --build /home/andy/CRIMP/build/crimp_cpp -- -j4 -l4
[14.756s] DEBUG:colcon.colcon_core.event_handler.log_command:Invoking command in '/home/andy/CRIMP/build/crimp_cpp': CMAKE_PREFIX_PATH=/home/andy/CRIMP/install/custom_msgs:/home/andy/CRIMP/install/crimp_cpp:/home/andy/CRIMP/install/crimp_python:/opt/ros/jazzy /usr/bin/cmake --install /home/andy/CRIMP/build/crimp_cpp
[14.782s] Level 1:colcon.colcon_core.environment:create_environment_scripts_only(crimp_cpp)
[14.782s] Level 1:colcon.colcon_core.environment:checking '/home/andy/CRIMP/install/crimp_cpp' for CMake module files
[14.782s] DEBUG:colcon.colcon_core.event_handler.log_command:Invoked command in '/home/andy/CRIMP/build/crimp_cpp' returned '0': CMAKE_PREFIX_PATH=/home/andy/CRIMP/install/custom_msgs:/home/andy/CRIMP/install/crimp_cpp:/home/andy/CRIMP/install/crimp_python:/opt/ros/jazzy /usr/bin/cmake --install /home/andy/CRIMP/build/crimp_cpp
[14.783s] Level 1:colcon.colcon_core.environment:checking '/home/andy/CRIMP/install/crimp_cpp' for CMake config files
[14.783s] Level 1:colcon.colcon_core.shell:create_environment_hook('crimp_cpp', 'cmake_prefix_path')
[14.783s] INFO:colcon.colcon_core.shell:Creating environment hook '/home/andy/CRIMP/install/crimp_cpp/share/crimp_cpp/hook/cmake_prefix_path.ps1'
[14.784s] INFO:colcon.colcon_core.shell:Creating environment descriptor '/home/andy/CRIMP/install/crimp_cpp/share/crimp_cpp/hook/cmake_prefix_path.dsv'
[14.784s] INFO:colcon.colcon_core.shell:Creating environment hook '/home/andy/CRIMP/install/crimp_cpp/share/crimp_cpp/hook/cmake_prefix_path.sh'
[14.785s] Level 1:colcon.colcon_core.environment:checking '/home/andy/CRIMP/install/crimp_cpp/lib'
[14.785s] Level 1:colcon.colcon_core.environment:checking '/home/andy/CRIMP/install/crimp_cpp/bin'
[14.785s] Level 1:colcon.colcon_core.environment:checking '/home/andy/CRIMP/install/crimp_cpp/lib/pkgconfig/crimp_cpp.pc'
[14.786s] Level 1:colcon.colcon_core.environment:checking '/home/andy/CRIMP/install/crimp_cpp/lib/python3.12/site-packages'
[14.786s] Level 1:colcon.colcon_core.environment:checking '/home/andy/CRIMP/install/crimp_cpp/bin'
[14.786s] INFO:colcon.colcon_core.shell:Creating package script '/home/andy/CRIMP/install/crimp_cpp/share/crimp_cpp/package.ps1'
[14.787s] INFO:colcon.colcon_core.shell:Creating package descriptor '/home/andy/CRIMP/install/crimp_cpp/share/crimp_cpp/package.dsv'
[14.787s] INFO:colcon.colcon_core.shell:Creating package script '/home/andy/CRIMP/install/crimp_cpp/share/crimp_cpp/package.sh'
[14.788s] INFO:colcon.colcon_core.shell:Creating package script '/home/andy/CRIMP/install/crimp_cpp/share/crimp_cpp/package.bash'
[14.788s] INFO:colcon.colcon_core.shell:Creating package script '/home/andy/CRIMP/install/crimp_cpp/share/crimp_cpp/package.zsh'
[14.788s] Level 1:colcon.colcon_core.environment:create_file_with_runtime_dependencies(/home/andy/CRIMP/install/crimp_cpp/share/colcon-core/packages/crimp_cpp)
[14.789s] Level 1:colcon.colcon_core.environment:create_environment_scripts_only(crimp_cpp)
[14.789s] Level 1:colcon.colcon_core.environment:checking '/home/andy/CRIMP/install/crimp_cpp' for CMake module files
[14.790s] Level 1:colcon.colcon_core.environment:checking '/home/andy/CRIMP/install/crimp_cpp' for CMake config files
[14.790s] Level 1:colcon.colcon_core.shell:create_environment_hook('crimp_cpp', 'cmake_prefix_path')
[14.790s] INFO:colcon.colcon_core.shell:Creating environment hook '/home/andy/CRIMP/install/crimp_cpp/share/crimp_cpp/hook/cmake_prefix_path.ps1'
[14.791s] INFO:colcon.colcon_core.shell:Creating environment descriptor '/home/andy/CRIMP/install/crimp_cpp/share/crimp_cpp/hook/cmake_prefix_path.dsv'
[14.791s] INFO:colcon.colcon_core.shell:Creating environment hook '/home/andy/CRIMP/install/crimp_cpp/share/crimp_cpp/hook/cmake_prefix_path.sh'
[14.792s] Level 1:colcon.colcon_core.environment:checking '/home/andy/CRIMP/install/crimp_cpp/lib'
[14.792s] Level 1:colcon.colcon_core.environment:checking '/home/andy/CRIMP/install/crimp_cpp/bin'
[14.792s] Level 1:colcon.colcon_core.environment:checking '/home/andy/CRIMP/install/crimp_cpp/lib/pkgconfig/crimp_cpp.pc'
[14.792s] Level 1:colcon.colcon_core.environment:checking '/home/andy/CRIMP/install/crimp_cpp/lib/python3.12/site-packages'
[14.792s] Level 1:colcon.colcon_core.environment:checking '/home/andy/CRIMP/install/crimp_cpp/bin'
[14.793s] INFO:colcon.colcon_core.shell:Creating package script '/home/andy/CRIMP/install/crimp_cpp/share/crimp_cpp/package.ps1'
[14.793s] INFO:colcon.colcon_core.shell:Creating package descriptor '/home/andy/CRIMP/install/crimp_cpp/share/crimp_cpp/package.dsv'
[14.794s] INFO:colcon.colcon_core.shell:Creating package script '/home/andy/CRIMP/install/crimp_cpp/share/crimp_cpp/package.sh'
[14.794s] INFO:colcon.colcon_core.shell:Creating package script '/home/andy/CRIMP/install/crimp_cpp/share/crimp_cpp/package.bash'
[14.795s] INFO:colcon.colcon_core.shell:Creating package script '/home/andy/CRIMP/install/crimp_cpp/share/crimp_cpp/package.zsh'
[14.795s] Level 1:colcon.colcon_core.environment:create_file_with_runtime_dependencies(/home/andy/CRIMP/install/crimp_cpp/share/colcon-core/packages/crimp_cpp)
[14.795s] DEBUG:colcon.colcon_parallel_executor.executor.parallel:closing loop
[14.796s] DEBUG:colcon.colcon_parallel_executor.executor.parallel:loop closed
[14.796s] DEBUG:colcon.colcon_parallel_executor.executor.parallel:run_until_complete finished with '0'
[14.796s] DEBUG:colcon.colcon_core.event_reactor:joining thread
[14.799s] INFO:colcon.colcon_core.plugin_system:Skipping extension 'colcon_notification.desktop_notification.notify2': 'notify2' not found
[14.799s] INFO:colcon.colcon_core.plugin_system:Skipping extension 'colcon_notification.desktop_notification.notify_send': Could not find 'notify-send'
[14.799s] INFO:colcon.colcon_core.plugin_system:Skipping extension 'colcon_notification.desktop_notification.terminal_notifier': Not used on non-Darwin systems
[14.799s] INFO:colcon.colcon_core.plugin_system:Skipping extension 'colcon_notification.desktop_notification.win32': Not used on non-Windows systems
[14.799s] DEBUG:colcon.colcon_core.event_reactor:joined thread
[14.799s] INFO:colcon.colcon_core.shell:Creating prefix script '/home/andy/CRIMP/install/local_setup.ps1'
[14.801s] INFO:colcon.colcon_core.shell:Creating prefix util module '/home/andy/CRIMP/install/_local_setup_util_ps1.py'
[14.802s] INFO:colcon.colcon_core.shell:Creating prefix chain script '/home/andy/CRIMP/install/setup.ps1'
[14.803s] INFO:colcon.colcon_core.shell:Creating prefix script '/home/andy/CRIMP/install/local_setup.sh'
[14.804s] INFO:colcon.colcon_core.shell:Creating prefix util module '/home/andy/CRIMP/install/_local_setup_util_sh.py'
[14.805s] INFO:colcon.colcon_core.shell:Creating prefix chain script '/home/andy/CRIMP/install/setup.sh'
[14.806s] INFO:colcon.colcon_core.shell:Creating prefix script '/home/andy/CRIMP/install/local_setup.bash'
[14.806s] INFO:colcon.colcon_core.shell:Creating prefix chain script '/home/andy/CRIMP/install/setup.bash'
[14.807s] INFO:colcon.colcon_core.shell:Creating prefix script '/home/andy/CRIMP/install/local_setup.zsh'
[14.808s] INFO:colcon.colcon_core.shell:Creating prefix chain script '/home/andy/CRIMP/install/setup.zsh'
