[0.015s] Invoking command in '/home/andy/CRIMP/build/crimp_cpp': CMAKE_PREFIX_PATH=/home/andy/CRIMP/install/custom_msgs:/home/andy/CRIMP/install/crimp_cpp:/home/andy/CRIMP/install/crimp_python:/opt/ros/jazzy /usr/bin/cmake --build /home/andy/CRIMP/build/crimp_cpp -- -j4 -l4
[0.131s] [ 53%] Built target servo_lib
[0.146s] [ 69%] Built target motion_planner
[0.193s] [ 84%] Built target suction_cups
[0.202s] [100%] Built target joint_mover
[0.227s] Invoked command in '/home/andy/CRIMP/build/crimp_cpp' returned '0': CMAKE_PREFIX_PATH=/home/andy/CRIMP/install/custom_msgs:/home/andy/CRIMP/install/crimp_cpp:/home/andy/CRIMP/install/crimp_python:/opt/ros/jazzy /usr/bin/cmake --build /home/andy/CRIMP/build/crimp_cpp -- -j4 -l4
[0.229s] Invoking command in '/home/andy/CRIMP/build/crimp_cpp': CMAKE_PREFIX_PATH=/home/andy/CRIMP/install/custom_msgs:/home/andy/CRIMP/install/crimp_cpp:/home/andy/CRIMP/install/crimp_python:/opt/ros/jazzy /usr/bin/cmake --install /home/andy/CRIMP/build/crimp_cpp
[0.246s] -- Install configuration: ""
[0.246s] -- Up-to-date: /home/andy/CRIMP/install/crimp_cpp/lib/crimp_cpp/joint_mover
[0.247s] -- Up-to-date: /home/andy/CRIMP/install/crimp_cpp/lib/crimp_cpp/motion_planner
[0.248s] -- Up-to-date: /home/andy/CRIMP/install/crimp_cpp/lib/crimp_cpp/suction_cups
[0.248s] -- Up-to-date: /home/andy/CRIMP/install/crimp_cpp/share/ament_index/resource_index/package_run_dependencies/crimp_cpp
[0.249s] -- Up-to-date: /home/andy/CRIMP/install/crimp_cpp/share/ament_index/resource_index/parent_prefix_path/crimp_cpp
[0.249s] -- Up-to-date: /home/andy/CRIMP/install/crimp_cpp/share/crimp_cpp/environment/ament_prefix_path.sh
[0.249s] -- Up-to-date: /home/andy/CRIMP/install/crimp_cpp/share/crimp_cpp/environment/ament_prefix_path.dsv
[0.249s] -- Up-to-date: /home/andy/CRIMP/install/crimp_cpp/share/crimp_cpp/environment/path.sh
[0.249s] -- Up-to-date: /home/andy/CRIMP/install/crimp_cpp/share/crimp_cpp/environment/path.dsv
[0.250s] -- Up-to-date: /home/andy/CRIMP/install/crimp_cpp/share/crimp_cpp/local_setup.bash
[0.250s] -- Up-to-date: /home/andy/CRIMP/install/crimp_cpp/share/crimp_cpp/local_setup.sh
[0.250s] -- Up-to-date: /home/andy/CRIMP/install/crimp_cpp/share/crimp_cpp/local_setup.zsh
[0.251s] -- Up-to-date: /home/andy/CRIMP/install/crimp_cpp/share/crimp_cpp/local_setup.dsv
[0.251s] -- Installing: /home/andy/CRIMP/install/crimp_cpp/share/crimp_cpp/package.dsv
[0.251s] -- Up-to-date: /home/andy/CRIMP/install/crimp_cpp/share/ament_index/resource_index/packages/crimp_cpp
[0.251s] -- Up-to-date: /home/andy/CRIMP/install/crimp_cpp/share/crimp_cpp/cmake/crimp_cppConfig.cmake
[0.251s] -- Up-to-date: /home/andy/CRIMP/install/crimp_cpp/share/crimp_cpp/cmake/crimp_cppConfig-version.cmake
[0.251s] -- Up-to-date: /home/andy/CRIMP/install/crimp_cpp/share/crimp_cpp/package.xml
[0.254s] Invoked command in '/home/andy/CRIMP/build/crimp_cpp' returned '0': CMAKE_PREFIX_PATH=/home/andy/CRIMP/install/custom_msgs:/home/andy/CRIMP/install/crimp_cpp:/home/andy/CRIMP/install/crimp_python:/opt/ros/jazzy /usr/bin/cmake --install /home/andy/CRIMP/build/crimp_cpp
