-- Found ament_cmake: 2.5.3 (/opt/ros/jazzy/share/ament_cmake/cmake)
-- Found rclcpp: 28.1.8 (/opt/ros/jazzy/share/rclcpp/cmake)
-- Found rosidl_generator_c: 4.6.5 (/opt/ros/jazzy/share/rosidl_generator_c/cmake)
-- Found rosidl_generator_cpp: 4.6.5 (/opt/ros/jazzy/share/rosidl_generator_cpp/cmake)
-- Using all available rosidl_typesupport_c: rosidl_typesupport_fastrtps_c;rosidl_typesupport_introspection_c
-- Using all available rosidl_typesupport_cpp: rosidl_typesupport_fastrtps_cpp;rosidl_typesupport_introspection_cpp
-- Found rmw_implementation_cmake: 7.3.2 (/opt/ros/jazzy/share/rmw_implementation_cmake/cmake)
-- Found rmw_fastrtps_cpp: 8.4.2 (/opt/ros/jazzy/share/rmw_fastrtps_cpp/cmake)
-- Using RMW implementation 'rmw_fastrtps_cpp' as default
-- Found std_msgs: 5.3.6 (/opt/ros/jazzy/share/std_msgs/cmake)
-- Found sensor_msgs: 5.3.6 (/opt/ros/jazzy/share/sensor_msgs/cmake)
-- Found custom_msgs: 0.0.0 (/home/andy/CRIMP/install/custom_msgs/share/custom_msgs/cmake)
-- Found ament_lint_auto: 0.17.2 (/opt/ros/jazzy/share/ament_lint_auto/cmake)
-- Added test 'cppcheck' to perform static code analysis on C / C++ code
-- Configured cppcheck include dirs: /home/andy/CRIMP/src/crimp_cpp/include
-- Configured cppcheck exclude dirs and/or files: 
-- Added test 'lint_cmake' to check CMake code style
-- Added test 'uncrustify' to check C / C++ code style
-- Configured uncrustify additional arguments: 
-- Added test 'xmllint' to check XML markup files
-- Configuring done (1.4s)
-- Generating done (0.0s)
-- Build files have been written to: /home/andy/CRIMP/build/crimp_cpp
[  7%] [32mBuilding CXX object CMakeFiles/servo_lib.dir/src/lib/SCS.cpp.o[0m
[ 30%] [32mBuilding CXX object CMakeFiles/suction_cups.dir/src/suction_cups.cpp.o[0m
[ 30%] [32mBuilding CXX object CMakeFiles/joint_mover.dir/src/joint_mover.cpp.o[0m
[ 30%] [32mBuilding CXX object CMakeFiles/motion_planner.dir/src/motion_planner.cpp.o[0m
[ 38%] [32mBuilding CXX object CMakeFiles/servo_lib.dir/src/lib/SCSCL.cpp.o[0m
[01m[K/home/andy/CRIMP/src/crimp_cpp/src/lib/SCSCL.cpp:[m[K In member function ‘[01m[Kvirtual void SCSCL::[01;32m[KSyncWritePos[m[K(u8*, u8, u16*, u16*, u16*)[m[K’:
[01m[K/home/andy/CRIMP/src/crimp_cpp/src/lib/SCSCL.cpp:45:8:[m[K [01;35m[Kwarning: [m[KISO C++ forbids variable length array ‘[01m[Koffbuf[m[K’ [[01;35m[K-Wvla[m[K]
   45 |     u8 [01;35m[Koffbuf[m[K[IDN][6];
      |        [01;35m[K^~~~~~[m[K
[ 46%] [32mBuilding CXX object CMakeFiles/servo_lib.dir/src/lib/SCSerial.cpp.o[0m
[ 53%] [32mBuilding CXX object CMakeFiles/servo_lib.dir/src/lib/SMSBL.cpp.o[0m
[01m[K/home/andy/CRIMP/src/crimp_cpp/src/lib/SMSBL.cpp:[m[K In member function ‘[01m[Kvirtual void SMSBL::[01;32m[KSyncWritePosEx[m[K(u8*, u8, s16*, u16*, u8*)[m[K’:
[01m[K/home/andy/CRIMP/src/crimp_cpp/src/lib/SMSBL.cpp:56:8:[m[K [01;35m[Kwarning: [m[KISO C++ forbids variable length array ‘[01m[Koffbuf[m[K’ [[01;35m[K-Wvla[m[K]
   56 |     u8 [01;35m[Koffbuf[m[K[IDN][7];
      |        [01;35m[K^~~~~~[m[K
[ 61%] [32mBuilding CXX object CMakeFiles/servo_lib.dir/src/lib/SMSCL.cpp.o[0m
[01m[K/home/andy/CRIMP/src/crimp_cpp/src/lib/SMSCL.cpp:[m[K In member function ‘[01m[Kvirtual void SMSCL::[01;32m[KSyncWritePosEx[m[K(u8*, u8, s16*, u16*, u8*)[m[K’:
[01m[K/home/andy/CRIMP/src/crimp_cpp/src/lib/SMSCL.cpp:55:8:[m[K [01;35m[Kwarning: [m[KISO C++ forbids variable length array ‘[01m[Koffbuf[m[K’ [[01;35m[K-Wvla[m[K]
   55 |     u8 [01;35m[Koffbuf[m[K[IDN][7];
      |        [01;35m[K^~~~~~[m[K
[ 69%] [32mBuilding CXX object CMakeFiles/servo_lib.dir/src/lib/SMS_STS.cpp.o[0m
[01m[K/home/andy/CRIMP/src/crimp_cpp/src/lib/SMS_STS.cpp:[m[K In member function ‘[01m[Kvirtual void SMS_STS::[01;32m[KSyncWritePosEx[m[K(u8*, u8, s16*, u16*, u8*)[m[K’:
[01m[K/home/andy/CRIMP/src/crimp_cpp/src/lib/SMS_STS.cpp:56:8:[m[K [01;35m[Kwarning: [m[KISO C++ forbids variable length array ‘[01m[Koffbuf[m[K’ [[01;35m[K-Wvla[m[K]
   56 |     u8 [01;35m[Koffbuf[m[K[IDN][7];
      |        [01;35m[K^~~~~~[m[K
[ 76%] [32m[1mLinking CXX static library libservo_lib.a[0m
[ 76%] Built target servo_lib
[01m[K/home/andy/CRIMP/src/crimp_cpp/src/joint_mover.cpp:[m[K In member function ‘[01m[Kvoid JointMover::[01;32m[Ktimer_callback[m[K()[m[K’:
[01m[K/home/andy/CRIMP/src/crimp_cpp/src/joint_mover.cpp:55:27:[m[K [01;35m[Kwarning: [m[Knarrowing conversion of ‘[01m[K(((JointMover*)this)->JointMover::count_ * 10)[m[K’ from ‘[01m[Ksize_t[m[K’ {aka ‘[01m[Klong unsigned int[m[K’} to ‘[01m[Kdouble[m[K’ [[01;35m[K-Wnarrowing[m[K]
   55 |     msg.position = {[01;35m[Kcount_*10[m[K};
      |                     [01;35m[K~~~~~~^~~[m[K
[01m[K/home/andy/CRIMP/src/crimp_cpp/src/joint_mover.cpp:55:27:[m[K [01;35m[Kwarning: [m[Knarrowing conversion of ‘[01m[K(((JointMover*)this)->JointMover::count_ * 10)[m[K’ from ‘[01m[Ksize_t[m[K’ {aka ‘[01m[Klong unsigned int[m[K’} to ‘[01m[Kdouble[m[K’ [[01;35m[K-Wnarrowing[m[K]
[01m[K/home/andy/CRIMP/src/crimp_cpp/src/joint_mover.cpp:[m[K In member function ‘[01m[Kvoid JointMover::[01;32m[Ksub_callback[m[K(const sensor_msgs::msg::JointState&)[m[K’:
[01m[K/home/andy/CRIMP/src/crimp_cpp/src/joint_mover.cpp:61:10:[m[K [01;35m[Kwarning: [m[Kunused variable ‘[01m[Kpos[m[K’ [[01;35m[K-Wunused-variable[m[K]
   61 |     auto [01;35m[Kpos[m[K = to_string(msg.position[0]).c_str();
      |          [01;35m[K^~~[m[K
[01m[K/home/andy/CRIMP/src/crimp_cpp/src/motion_planner.cpp:[m[K In lambda function:
[01m[K/home/andy/CRIMP/src/crimp_cpp/src/motion_planner.cpp:51:14:[m[K [01;35m[Kwarning: [m[Kunused variable ‘[01m[Kcup_1[m[K’ [[01;35m[K-Wunused-variable[m[K]
   51 |         auto [01;35m[Kcup_1[m[K = to_string(request_msg.cup_1).c_str();
      |              [01;35m[K^~~~~[m[K
[01m[K/home/andy/CRIMP/src/crimp_cpp/src/motion_planner.cpp:52:14:[m[K [01;35m[Kwarning: [m[Kunused variable ‘[01m[Kcup_2[m[K’ [[01;35m[K-Wunused-variable[m[K]
   52 |         auto [01;35m[Kcup_2[m[K = to_string(request_msg.cup_2).c_str();
      |              [01;35m[K^~~~~[m[K
[01m[K/home/andy/CRIMP/src/crimp_cpp/src/motion_planner.cpp:[m[K In member function ‘[01m[Kvoid MotionPlanner::[01;32m[Ktimer_callback[m[K()[m[K’:
[01m[K/home/andy/CRIMP/src/crimp_cpp/src/motion_planner.cpp:71:28:[m[K [01;35m[Kwarning: [m[Knarrowing conversion of ‘[01m[K((MotionPlanner*)this)->MotionPlanner::count_[m[K’ from ‘[01m[Ksize_t[m[K’ {aka ‘[01m[Klong unsigned int[m[K’} to ‘[01m[Kdouble[m[K’ [[01;35m[K-Wnarrowing[m[K]
   71 |     target_msg.position = {[01;35m[Kcount_[m[K};
      |                            [01;35m[K^~~~~~[m[K
[01m[K/home/andy/CRIMP/src/crimp_cpp/src/motion_planner.cpp:71:28:[m[K [01;35m[Kwarning: [m[Knarrowing conversion of ‘[01m[K((MotionPlanner*)this)->MotionPlanner::count_[m[K’ from ‘[01m[Ksize_t[m[K’ {aka ‘[01m[Klong unsigned int[m[K’} to ‘[01m[Kdouble[m[K’ [[01;35m[K-Wnarrowing[m[K]
[ 84%] [32m[1mLinking CXX executable joint_mover[0m
[ 84%] Built target joint_mover
[ 92%] [32m[1mLinking CXX executable suction_cups[0m
[ 92%] Built target suction_cups
[100%] [32m[1mLinking CXX executable motion_planner[0m
[100%] Built target motion_planner
-- Install configuration: ""
-- Installing: /home/andy/CRIMP/install/crimp_cpp/lib/crimp_cpp/joint_mover
-- Set non-toolchain portion of runtime path of "/home/andy/CRIMP/install/crimp_cpp/lib/crimp_cpp/joint_mover" to ""
-- Installing: /home/andy/CRIMP/install/crimp_cpp/lib/crimp_cpp/motion_planner
-- Set non-toolchain portion of runtime path of "/home/andy/CRIMP/install/crimp_cpp/lib/crimp_cpp/motion_planner" to ""
-- Installing: /home/andy/CRIMP/install/crimp_cpp/lib/crimp_cpp/suction_cups
-- Set non-toolchain portion of runtime path of "/home/andy/CRIMP/install/crimp_cpp/lib/crimp_cpp/suction_cups" to ""
-- Up-to-date: /home/andy/CRIMP/install/crimp_cpp/share/ament_index/resource_index/package_run_dependencies/crimp_cpp
-- Up-to-date: /home/andy/CRIMP/install/crimp_cpp/share/ament_index/resource_index/parent_prefix_path/crimp_cpp
-- Up-to-date: /home/andy/CRIMP/install/crimp_cpp/share/crimp_cpp/environment/ament_prefix_path.sh
-- Up-to-date: /home/andy/CRIMP/install/crimp_cpp/share/crimp_cpp/environment/ament_prefix_path.dsv
-- Up-to-date: /home/andy/CRIMP/install/crimp_cpp/share/crimp_cpp/environment/path.sh
-- Up-to-date: /home/andy/CRIMP/install/crimp_cpp/share/crimp_cpp/environment/path.dsv
-- Up-to-date: /home/andy/CRIMP/install/crimp_cpp/share/crimp_cpp/local_setup.bash
-- Up-to-date: /home/andy/CRIMP/install/crimp_cpp/share/crimp_cpp/local_setup.sh
-- Up-to-date: /home/andy/CRIMP/install/crimp_cpp/share/crimp_cpp/local_setup.zsh
-- Up-to-date: /home/andy/CRIMP/install/crimp_cpp/share/crimp_cpp/local_setup.dsv
-- Installing: /home/andy/CRIMP/install/crimp_cpp/share/crimp_cpp/package.dsv
-- Up-to-date: /home/andy/CRIMP/install/crimp_cpp/share/ament_index/resource_index/packages/crimp_cpp
-- Up-to-date: /home/andy/CRIMP/install/crimp_cpp/share/crimp_cpp/cmake/crimp_cppConfig.cmake
-- Up-to-date: /home/andy/CRIMP/install/crimp_cpp/share/crimp_cpp/cmake/crimp_cppConfig-version.cmake
-- Installing: /home/andy/CRIMP/install/crimp_cpp/share/crimp_cpp/package.xml
