[0.020s] Invoking command in '/home/andy/CRIMP/build/crimp_cpp': CMAKE_PREFIX_PATH=/home/andy/CRIMP/install/custom_msgs:/home/andy/CRIMP/install/crimp_cpp:/home/andy/CRIMP/install/crimp_python:/opt/ros/jazzy /usr/bin/cmake --build /home/andy/CRIMP/build/crimp_cpp -- -j4 -l4
[0.093s] -- Found ament_cmake: 2.5.3 (/opt/ros/jazzy/share/ament_cmake/cmake)
[0.541s] -- Found rclcpp: 28.1.8 (/opt/ros/jazzy/share/rclcpp/cmake)
[0.603s] -- Found rosidl_generator_c: 4.6.5 (/opt/ros/jazzy/share/rosidl_generator_c/cmake)
[0.627s] -- Found rosidl_generator_cpp: 4.6.5 (/opt/ros/jazzy/share/rosidl_generator_cpp/cmake)
[0.659s] -- Using all available rosidl_typesupport_c: rosidl_typesupport_fastrtps_c;rosidl_typesupport_introspection_c
[0.694s] -- Using all available rosidl_typesupport_cpp: rosidl_typesupport_fastrtps_cpp;rosidl_typesupport_introspection_cpp
[0.842s] -- Found rmw_implementation_cmake: 7.3.2 (/opt/ros/jazzy/share/rmw_implementation_cmake/cmake)
[0.846s] -- Found rmw_fastrtps_cpp: 8.4.2 (/opt/ros/jazzy/share/rmw_fastrtps_cpp/cmake)
[0.986s] -- Using RMW implementation 'rmw_fastrtps_cpp' as default
[1.126s] -- Found std_msgs: 5.3.6 (/opt/ros/jazzy/share/std_msgs/cmake)
[1.158s] -- Found sensor_msgs: 5.3.6 (/opt/ros/jazzy/share/sensor_msgs/cmake)
[1.247s] -- Found custom_msgs: 0.0.0 (/home/andy/CRIMP/install/custom_msgs/share/custom_msgs/cmake)
[1.283s] -- Found ament_lint_auto: 0.17.2 (/opt/ros/jazzy/share/ament_lint_auto/cmake)
[1.494s] -- Added test 'cppcheck' to perform static code analysis on C / C++ code
[1.495s] -- Configured cppcheck include dirs: /home/andy/CRIMP/src/crimp_cpp/include
[1.495s] -- Configured cppcheck exclude dirs and/or files: 
[1.496s] -- Added test 'lint_cmake' to check CMake code style
[1.499s] -- Added test 'uncrustify' to check C / C++ code style
[1.499s] -- Configured uncrustify additional arguments: 
[1.500s] -- Added test 'xmllint' to check XML markup files
[1.502s] -- Configuring done (1.4s)
[1.552s] -- Generating done (0.0s)
[1.567s] -- Build files have been written to: /home/andy/CRIMP/build/crimp_cpp
[1.637s] [  7%] [32mBuilding CXX object CMakeFiles/servo_lib.dir/src/lib/SCS.cpp.o[0m
[1.683s] [ 30%] [32mBuilding CXX object CMakeFiles/suction_cups.dir/src/suction_cups.cpp.o[0m
[1.683s] [ 30%] [32mBuilding CXX object CMakeFiles/joint_mover.dir/src/joint_mover.cpp.o[0m
[1.683s] [ 30%] [32mBuilding CXX object CMakeFiles/motion_planner.dir/src/motion_planner.cpp.o[0m
[1.906s] [ 38%] [32mBuilding CXX object CMakeFiles/servo_lib.dir/src/lib/SCSCL.cpp.o[0m
[1.961s] [01m[K/home/andy/CRIMP/src/crimp_cpp/src/lib/SCSCL.cpp:[m[K In member function ‘[01m[Kvirtual void SCSCL::[01;32m[KSyncWritePos[m[K(u8*, u8, u16*, u16*, u16*)[m[K’:
[1.961s] [01m[K/home/andy/CRIMP/src/crimp_cpp/src/lib/SCSCL.cpp:45:8:[m[K [01;35m[Kwarning: [m[KISO C++ forbids variable length array ‘[01m[Koffbuf[m[K’ [[01;35m[K-Wvla[m[K]
[1.961s]    45 |     u8 [01;35m[Koffbuf[m[K[IDN][6];
[1.961s]       |        [01;35m[K^~~~~~[m[K
[2.020s] [ 46%] [32mBuilding CXX object CMakeFiles/servo_lib.dir/src/lib/SCSerial.cpp.o[0m
[2.124s] [ 53%] [32mBuilding CXX object CMakeFiles/servo_lib.dir/src/lib/SMSBL.cpp.o[0m
[2.170s] [01m[K/home/andy/CRIMP/src/crimp_cpp/src/lib/SMSBL.cpp:[m[K In member function ‘[01m[Kvirtual void SMSBL::[01;32m[KSyncWritePosEx[m[K(u8*, u8, s16*, u16*, u8*)[m[K’:
[2.170s] [01m[K/home/andy/CRIMP/src/crimp_cpp/src/lib/SMSBL.cpp:56:8:[m[K [01;35m[Kwarning: [m[KISO C++ forbids variable length array ‘[01m[Koffbuf[m[K’ [[01;35m[K-Wvla[m[K]
[2.170s]    56 |     u8 [01;35m[Koffbuf[m[K[IDN][7];
[2.172s]       |        [01;35m[K^~~~~~[m[K
[2.236s] [ 61%] [32mBuilding CXX object CMakeFiles/servo_lib.dir/src/lib/SMSCL.cpp.o[0m
[2.300s] [01m[K/home/andy/CRIMP/src/crimp_cpp/src/lib/SMSCL.cpp:[m[K In member function ‘[01m[Kvirtual void SMSCL::[01;32m[KSyncWritePosEx[m[K(u8*, u8, s16*, u16*, u8*)[m[K’:
[2.300s] [01m[K/home/andy/CRIMP/src/crimp_cpp/src/lib/SMSCL.cpp:55:8:[m[K [01;35m[Kwarning: [m[KISO C++ forbids variable length array ‘[01m[Koffbuf[m[K’ [[01;35m[K-Wvla[m[K]
[2.300s]    55 |     u8 [01;35m[Koffbuf[m[K[IDN][7];
[2.300s]       |        [01;35m[K^~~~~~[m[K
[2.366s] [ 69%] [32mBuilding CXX object CMakeFiles/servo_lib.dir/src/lib/SMS_STS.cpp.o[0m
[2.412s] [01m[K/home/andy/CRIMP/src/crimp_cpp/src/lib/SMS_STS.cpp:[m[K In member function ‘[01m[Kvirtual void SMS_STS::[01;32m[KSyncWritePosEx[m[K(u8*, u8, s16*, u16*, u8*)[m[K’:
[2.412s] [01m[K/home/andy/CRIMP/src/crimp_cpp/src/lib/SMS_STS.cpp:56:8:[m[K [01;35m[Kwarning: [m[KISO C++ forbids variable length array ‘[01m[Koffbuf[m[K’ [[01;35m[K-Wvla[m[K]
[2.412s]    56 |     u8 [01;35m[Koffbuf[m[K[IDN][7];
[2.412s]       |        [01;35m[K^~~~~~[m[K
[2.484s] [ 76%] [32m[1mLinking CXX static library libservo_lib.a[0m
[2.569s] [ 76%] Built target servo_lib
[6.421s] [01m[K/home/andy/CRIMP/src/crimp_cpp/src/joint_mover.cpp:[m[K In member function ‘[01m[Kvoid JointMover::[01;32m[Ktimer_callback[m[K()[m[K’:
[6.421s] [01m[K/home/andy/CRIMP/src/crimp_cpp/src/joint_mover.cpp:55:27:[m[K [01;35m[Kwarning: [m[Knarrowing conversion of ‘[01m[K(((JointMover*)this)->JointMover::count_ * 10)[m[K’ from ‘[01m[Ksize_t[m[K’ {aka ‘[01m[Klong unsigned int[m[K’} to ‘[01m[Kdouble[m[K’ [[01;35m[K-Wnarrowing[m[K]
[6.421s]    55 |     msg.position = {[01;35m[Kcount_*10[m[K};
[6.421s]       |                     [01;35m[K~~~~~~^~~[m[K
[6.421s] [01m[K/home/andy/CRIMP/src/crimp_cpp/src/joint_mover.cpp:55:27:[m[K [01;35m[Kwarning: [m[Knarrowing conversion of ‘[01m[K(((JointMover*)this)->JointMover::count_ * 10)[m[K’ from ‘[01m[Ksize_t[m[K’ {aka ‘[01m[Klong unsigned int[m[K’} to ‘[01m[Kdouble[m[K’ [[01;35m[K-Wnarrowing[m[K]
[6.423s] [01m[K/home/andy/CRIMP/src/crimp_cpp/src/joint_mover.cpp:[m[K In member function ‘[01m[Kvoid JointMover::[01;32m[Ksub_callback[m[K(const sensor_msgs::msg::JointState&)[m[K’:
[6.423s] [01m[K/home/andy/CRIMP/src/crimp_cpp/src/joint_mover.cpp:61:10:[m[K [01;35m[Kwarning: [m[Kunused variable ‘[01m[Kpos[m[K’ [[01;35m[K-Wunused-variable[m[K]
[6.423s]    61 |     auto [01;35m[Kpos[m[K = to_string(msg.position[0]).c_str();
[6.423s]       |          [01;35m[K^~~[m[K
[6.512s] [01m[K/home/andy/CRIMP/src/crimp_cpp/src/motion_planner.cpp:[m[K In lambda function:
[6.513s] [01m[K/home/andy/CRIMP/src/crimp_cpp/src/motion_planner.cpp:51:14:[m[K [01;35m[Kwarning: [m[Kunused variable ‘[01m[Kcup_1[m[K’ [[01;35m[K-Wunused-variable[m[K]
[6.513s]    51 |         auto [01;35m[Kcup_1[m[K = to_string(request_msg.cup_1).c_str();
[6.513s]       |              [01;35m[K^~~~~[m[K
[6.513s] [01m[K/home/andy/CRIMP/src/crimp_cpp/src/motion_planner.cpp:52:14:[m[K [01;35m[Kwarning: [m[Kunused variable ‘[01m[Kcup_2[m[K’ [[01;35m[K-Wunused-variable[m[K]
[6.513s]    52 |         auto [01;35m[Kcup_2[m[K = to_string(request_msg.cup_2).c_str();
[6.513s]       |              [01;35m[K^~~~~[m[K
[6.530s] [01m[K/home/andy/CRIMP/src/crimp_cpp/src/motion_planner.cpp:[m[K In member function ‘[01m[Kvoid MotionPlanner::[01;32m[Ktimer_callback[m[K()[m[K’:
[6.530s] [01m[K/home/andy/CRIMP/src/crimp_cpp/src/motion_planner.cpp:71:28:[m[K [01;35m[Kwarning: [m[Knarrowing conversion of ‘[01m[K((MotionPlanner*)this)->MotionPlanner::count_[m[K’ from ‘[01m[Ksize_t[m[K’ {aka ‘[01m[Klong unsigned int[m[K’} to ‘[01m[Kdouble[m[K’ [[01;35m[K-Wnarrowing[m[K]
[6.530s]    71 |     target_msg.position = {[01;35m[Kcount_[m[K};
[6.530s]       |                            [01;35m[K^~~~~~[m[K
[6.531s] [01m[K/home/andy/CRIMP/src/crimp_cpp/src/motion_planner.cpp:71:28:[m[K [01;35m[Kwarning: [m[Knarrowing conversion of ‘[01m[K((MotionPlanner*)this)->MotionPlanner::count_[m[K’ from ‘[01m[Ksize_t[m[K’ {aka ‘[01m[Klong unsigned int[m[K’} to ‘[01m[Kdouble[m[K’ [[01;35m[K-Wnarrowing[m[K]
[15.425s] [ 84%] [32m[1mLinking CXX executable joint_mover[0m
[16.392s] [ 84%] Built target joint_mover
[16.499s] [ 92%] [32m[1mLinking CXX executable suction_cups[0m
[17.207s] [ 92%] Built target suction_cups
[21.850s] [100%] [32m[1mLinking CXX executable motion_planner[0m
[22.844s] [100%] Built target motion_planner
[22.861s] Invoked command in '/home/andy/CRIMP/build/crimp_cpp' returned '0': CMAKE_PREFIX_PATH=/home/andy/CRIMP/install/custom_msgs:/home/andy/CRIMP/install/crimp_cpp:/home/andy/CRIMP/install/crimp_python:/opt/ros/jazzy /usr/bin/cmake --build /home/andy/CRIMP/build/crimp_cpp -- -j4 -l4
[22.863s] Invoking command in '/home/andy/CRIMP/build/crimp_cpp': CMAKE_PREFIX_PATH=/home/andy/CRIMP/install/custom_msgs:/home/andy/CRIMP/install/crimp_cpp:/home/andy/CRIMP/install/crimp_python:/opt/ros/jazzy /usr/bin/cmake --install /home/andy/CRIMP/build/crimp_cpp
[22.874s] -- Install configuration: ""
[22.875s] -- Installing: /home/andy/CRIMP/install/crimp_cpp/lib/crimp_cpp/joint_mover
[22.884s] -- Set non-toolchain portion of runtime path of "/home/andy/CRIMP/install/crimp_cpp/lib/crimp_cpp/joint_mover" to ""
[22.885s] -- Installing: /home/andy/CRIMP/install/crimp_cpp/lib/crimp_cpp/motion_planner
[22.899s] -- Set non-toolchain portion of runtime path of "/home/andy/CRIMP/install/crimp_cpp/lib/crimp_cpp/motion_planner" to ""
[22.900s] -- Installing: /home/andy/CRIMP/install/crimp_cpp/lib/crimp_cpp/suction_cups
[22.909s] -- Set non-toolchain portion of runtime path of "/home/andy/CRIMP/install/crimp_cpp/lib/crimp_cpp/suction_cups" to ""
[22.909s] -- Up-to-date: /home/andy/CRIMP/install/crimp_cpp/share/ament_index/resource_index/package_run_dependencies/crimp_cpp
[22.909s] -- Up-to-date: /home/andy/CRIMP/install/crimp_cpp/share/ament_index/resource_index/parent_prefix_path/crimp_cpp
[22.909s] -- Up-to-date: /home/andy/CRIMP/install/crimp_cpp/share/crimp_cpp/environment/ament_prefix_path.sh
[22.909s] -- Up-to-date: /home/andy/CRIMP/install/crimp_cpp/share/crimp_cpp/environment/ament_prefix_path.dsv
[22.910s] -- Up-to-date: /home/andy/CRIMP/install/crimp_cpp/share/crimp_cpp/environment/path.sh
[22.910s] -- Up-to-date: /home/andy/CRIMP/install/crimp_cpp/share/crimp_cpp/environment/path.dsv
[22.910s] -- Up-to-date: /home/andy/CRIMP/install/crimp_cpp/share/crimp_cpp/local_setup.bash
[22.910s] -- Up-to-date: /home/andy/CRIMP/install/crimp_cpp/share/crimp_cpp/local_setup.sh
[22.910s] -- Up-to-date: /home/andy/CRIMP/install/crimp_cpp/share/crimp_cpp/local_setup.zsh
[22.910s] -- Up-to-date: /home/andy/CRIMP/install/crimp_cpp/share/crimp_cpp/local_setup.dsv
[22.910s] -- Installing: /home/andy/CRIMP/install/crimp_cpp/share/crimp_cpp/package.dsv
[22.910s] -- Up-to-date: /home/andy/CRIMP/install/crimp_cpp/share/ament_index/resource_index/packages/crimp_cpp
[22.910s] -- Up-to-date: /home/andy/CRIMP/install/crimp_cpp/share/crimp_cpp/cmake/crimp_cppConfig.cmake
[22.910s] -- Up-to-date: /home/andy/CRIMP/install/crimp_cpp/share/crimp_cpp/cmake/crimp_cppConfig-version.cmake
[22.910s] -- Installing: /home/andy/CRIMP/install/crimp_cpp/share/crimp_cpp/package.xml
[22.914s] Invoked command in '/home/andy/CRIMP/build/crimp_cpp' returned '0': CMAKE_PREFIX_PATH=/home/andy/CRIMP/install/custom_msgs:/home/andy/CRIMP/install/crimp_cpp:/home/andy/CRIMP/install/crimp_python:/opt/ros/jazzy /usr/bin/cmake --install /home/andy/CRIMP/build/crimp_cpp
