running egg_info
writing ../../build/examples_python/examples_python.egg-info/PKG-INFO
writing dependency_links to ../../build/examples_python/examples_python.egg-info/dependency_links.txt
writing entry points to ../../build/examples_python/examples_python.egg-info/entry_points.txt
writing requirements to ../../build/examples_python/examples_python.egg-info/requires.txt
writing top-level names to ../../build/examples_python/examples_python.egg-info/top_level.txt
reading manifest file '../../build/examples_python/examples_python.egg-info/SOURCES.txt'
adding license file 'LICENSE'
writing manifest file '../../build/examples_python/examples_python.egg-info/SOURCES.txt'
running build
running build_py
running install
running install_lib
running install_data
running install_egg_info
removing '/home/ethan/crimp_ws/install/examples_python/lib/python3.12/site-packages/examples_python-0.0.0-py3.12.egg-info' (and everything under it)
Copying ../../build/examples_python/examples_python.egg-info to /home/ethan/crimp_ws/install/examples_python/lib/python3.12/site-packages/examples_python-0.0.0-py3.12.egg-info
running install_scripts
Installing listener script to /home/ethan/crimp_ws/install/examples_python/lib/examples_python
Installing pubsub script to /home/ethan/crimp_ws/install/examples_python/lib/examples_python
Installing talker script to /home/ethan/crimp_ws/install/examples_python/lib/examples_python
writing list of installed files to '/home/ethan/crimp_ws/build/examples_python/install.log'
