[1.108s] Invoking command in '/home/ethan/crimp_ws/src/examples_python': DEBUGINFOD_URLS=https://debuginfod.ubuntu.com PYTHONPATH=/home/ethan/crimp_ws/build/examples_python/prefix_override:/usr/lib/python3/dist-packages/colcon_core/task/python/colcon_distutils_commands:/home/ethan/crimp_ws/install/examples_python/lib/python3.12/site-packages:${PYTHONPATH} /usr/bin/python3 -W ignore:setup.py install is deprecated -W ignore:easy_install command is deprecated setup.py egg_info --egg-base ../../build/examples_python build --build-base /home/ethan/crimp_ws/build/examples_python/build install --record /home/ethan/crimp_ws/build/examples_python/install.log --single-version-externally-managed install_data
[1.474s] running egg_info
[1.501s] writing ../../build/examples_python/examples_python.egg-info/PKG-INFO
[1.501s] writing dependency_links to ../../build/examples_python/examples_python.egg-info/dependency_links.txt
[1.502s] writing entry points to ../../build/examples_python/examples_python.egg-info/entry_points.txt
[1.502s] writing requirements to ../../build/examples_python/examples_python.egg-info/requires.txt
[1.502s] writing top-level names to ../../build/examples_python/examples_python.egg-info/top_level.txt
[1.559s] reading manifest file '../../build/examples_python/examples_python.egg-info/SOURCES.txt'
[1.560s] adding license file 'LICENSE'
[1.560s] writing manifest file '../../build/examples_python/examples_python.egg-info/SOURCES.txt'
[1.561s] running build
[1.561s] running build_py
[1.561s] running install
[1.569s] running install_lib
[1.597s] running install_data
[1.597s] running install_egg_info
[1.626s] removing '/home/ethan/crimp_ws/install/examples_python/lib/python3.12/site-packages/examples_python-0.0.0-py3.12.egg-info' (and everything under it)
[1.627s] Copying ../../build/examples_python/examples_python.egg-info to /home/ethan/crimp_ws/install/examples_python/lib/python3.12/site-packages/examples_python-0.0.0-py3.12.egg-info
[1.628s] running install_scripts
[1.808s] Installing listener script to /home/ethan/crimp_ws/install/examples_python/lib/examples_python
[1.809s] Installing pubsub script to /home/ethan/crimp_ws/install/examples_python/lib/examples_python
[1.810s] Installing talker script to /home/ethan/crimp_ws/install/examples_python/lib/examples_python
[1.810s] writing list of installed files to '/home/ethan/crimp_ws/build/examples_python/install.log'
[1.857s] Invoked command in '/home/ethan/crimp_ws/src/examples_python' returned '0': DEBUGINFOD_URLS=https://debuginfod.ubuntu.com PYTHONPATH=/home/ethan/crimp_ws/build/examples_python/prefix_override:/usr/lib/python3/dist-packages/colcon_core/task/python/colcon_distutils_commands:/home/ethan/crimp_ws/install/examples_python/lib/python3.12/site-packages:${PYTHONPATH} /usr/bin/python3 -W ignore:setup.py install is deprecated -W ignore:easy_install command is deprecated setup.py egg_info --egg-base ../../build/examples_python build --build-base /home/ethan/crimp_ws/build/examples_python/build install --record /home/ethan/crimp_ws/build/examples_python/install.log --single-version-externally-managed install_data
